2021-06-24 00:09:30,440 - root - WARNING - MIN_DF:30
2021-06-24 00:09:30,447 - root - WARNING - params:batch_size:4000
2021-06-24 00:09:30,447 - root - WARNING - params:n_components:6
2021-06-24 00:09:30,448 - root - WARNING - params:topic_word_prior:0.6
2021-06-24 00:09:30,449 - root - WARNING - params:doc_topic_prior:0.6
2021-06-24 00:09:30,450 - root - WARNING - params:max_iter:50
2021-06-24 00:09:30,450 - root - WARNING - done n_iter:50
2021-06-24 00:09:30,451 - root - WARNING - perplexity:1483.4512517034686
2021-06-24 00:09:30,452 - root - WARNING - coherance:[0.7823436599840374, 0.80045428140632, 0.7879115126886436, 0.7888373759856038, 0.7725001975186974, 0.7869924949360227]
2021-06-24 00:09:30,453 - root - WARNING - check all params:{'batch_size': 4000, 'doc_topic_prior': 0.6, 'evaluate_every': 1, 'learning_decay': 0.7, 'learning_method': 'online', 'learning_offset': 50, 'max_doc_update_iter': 100, 'max_iter': 50, 'mean_change_tol': 0.0001, 'n_components': 6, 'n_jobs': None, 'perp_tol': 0.1, 'random_state': 1, 'topic_word_prior': 0.6, 'total_samples': 1000000.0, 'verbose': 1}
2021-06-24 00:26:57,620 - root - WARNING - MIN_DF:30
2021-06-24 00:26:57,627 - root - WARNING - params:batch_size:4000
2021-06-24 00:26:57,628 - root - WARNING - params:n_components:6
2021-06-24 00:26:57,629 - root - WARNING - params:topic_word_prior:0.6
2021-06-24 00:26:57,629 - root - WARNING - params:doc_topic_prior:0.8
2021-06-24 00:26:57,630 - root - WARNING - params:max_iter:50
2021-06-24 00:26:57,630 - root - WARNING - done n_iter:50
2021-06-24 00:26:57,631 - root - WARNING - perplexity:1489.537860929767
2021-06-24 00:26:57,631 - root - WARNING - coherance:[0.7777865834131914, 0.8006056056381367, 0.7832394957644222, 0.7932175759745546, 0.7726936994002367, 0.7870233721493508]
2021-06-24 00:26:57,632 - root - WARNING - check all params:{'batch_size': 4000, 'doc_topic_prior': 0.8, 'evaluate_every': 1, 'learning_decay': 0.7, 'learning_method': 'online', 'learning_offset': 50, 'max_doc_update_iter': 100, 'max_iter': 50, 'mean_change_tol': 0.0001, 'n_components': 6, 'n_jobs': None, 'perp_tol': 0.1, 'random_state': 1, 'topic_word_prior': 0.6, 'total_samples': 1000000.0, 'verbose': 1}
2021-06-24 00:44:55,220 - root - WARNING - MIN_DF:30
2021-06-24 00:44:55,226 - root - WARNING - params:batch_size:4000
2021-06-24 00:44:55,227 - root - WARNING - params:n_components:6
2021-06-24 00:44:55,227 - root - WARNING - params:topic_word_prior:0.8
2021-06-24 00:44:55,228 - root - WARNING - params:doc_topic_prior:0.05
2021-06-24 00:44:55,228 - root - WARNING - params:max_iter:50
2021-06-24 00:44:55,229 - root - WARNING - done n_iter:38
2021-06-24 00:44:55,229 - root - WARNING - perplexity:1426.3360861151423
2021-06-24 00:44:55,230 - root - WARNING - coherance:[0.729500271499288, 0.8123502744290105, 0.7811730884369525, 0.8068142213800457, 0.7503027036507548, 0.7738654215102606]
2021-06-24 00:44:55,231 - root - WARNING - check all params:{'batch_size': 4000, 'doc_topic_prior': 0.05, 'evaluate_every': 1, 'learning_decay': 0.7, 'learning_method': 'online', 'learning_offset': 50, 'max_doc_update_iter': 100, 'max_iter': 50, 'mean_change_tol': 0.0001, 'n_components': 6, 'n_jobs': None, 'perp_tol': 0.1, 'random_state': 1, 'topic_word_prior': 0.8, 'total_samples': 1000000.0, 'verbose': 1}
2021-06-24 01:08:20,915 - root - WARNING - MIN_DF:30
2021-06-24 01:08:20,923 - root - WARNING - params:batch_size:4000
2021-06-24 01:08:20,924 - root - WARNING - params:n_components:6
2021-06-24 01:08:20,924 - root - WARNING - params:topic_word_prior:0.8
2021-06-24 01:08:20,925 - root - WARNING - params:doc_topic_prior:0.15
2021-06-24 01:08:20,925 - root - WARNING - params:max_iter:50
2021-06-24 01:08:20,926 - root - WARNING - done n_iter:50
2021-06-24 01:08:20,926 - root - WARNING - perplexity:1440.9288049312652
2021-06-24 01:08:20,927 - root - WARNING - coherance:[0.7476919137301514, 0.8122723226123576, 0.7860279403722813, 0.805416446379839, 0.7540459690892135, 0.7851840833535725]
2021-06-24 01:08:20,928 - root - WARNING - check all params:{'batch_size': 4000, 'doc_topic_prior': 0.15, 'evaluate_every': 1, 'learning_decay': 0.7, 'learning_method': 'online', 'learning_offset': 50, 'max_doc_update_iter': 100, 'max_iter': 50, 'mean_change_tol': 0.0001, 'n_components': 6, 'n_jobs': None, 'perp_tol': 0.1, 'random_state': 1, 'topic_word_prior': 0.8, 'total_samples': 1000000.0, 'verbose': 1}
2021-06-24 01:36:02,963 - root - WARNING - MIN_DF:30
2021-06-24 01:36:02,970 - root - WARNING - params:batch_size:4000
2021-06-24 01:36:02,971 - root - WARNING - params:n_components:6
2021-06-24 01:36:02,972 - root - WARNING - params:topic_word_prior:0.8
2021-06-24 01:36:02,973 - root - WARNING - params:doc_topic_prior:0.3
2021-06-24 01:36:02,974 - root - WARNING - params:max_iter:50
2021-06-24 01:36:02,974 - root - WARNING - done n_iter:50
2021-06-24 01:36:02,975 - root - WARNING - perplexity:1500.9746316329579
2021-06-24 01:36:02,976 - root - WARNING - coherance:[0.7704997895944936, 0.8109751651421389, 0.7796059313318312, 0.7665009493363543, 0.7660287582922597, 0.7919929137598559]
2021-06-24 01:36:02,978 - root - WARNING - check all params:{'batch_size': 4000, 'doc_topic_prior': 0.3, 'evaluate_every': 1, 'learning_decay': 0.7, 'learning_method': 'online', 'learning_offset': 50, 'max_doc_update_iter': 100, 'max_iter': 50, 'mean_change_tol': 0.0001, 'n_components': 6, 'n_jobs': None, 'perp_tol': 0.1, 'random_state': 1, 'topic_word_prior': 0.8, 'total_samples': 1000000.0, 'verbose': 1}
2021-06-24 02:00:46,651 - root - WARNING - MIN_DF:30
2021-06-24 02:00:46,660 - root - WARNING - params:batch_size:4000
2021-06-24 02:00:46,662 - root - WARNING - params:n_components:6
2021-06-24 02:00:46,664 - root - WARNING - params:topic_word_prior:0.8
2021-06-24 02:00:46,666 - root - WARNING - params:doc_topic_prior:0.4
2021-06-24 02:00:46,668 - root - WARNING - params:max_iter:50
2021-06-24 02:00:46,668 - root - WARNING - done n_iter:50
2021-06-24 02:00:46,669 - root - WARNING - perplexity:1503.091968598701
2021-06-24 02:00:46,670 - root - WARNING - coherance:[0.7783764245957205, 0.807021387310637, 0.7829783789953952, 0.7574133733740787, 0.7746077087663945, 0.8017157488139958]
2021-06-24 02:00:46,672 - root - WARNING - check all params:{'batch_size': 4000, 'doc_topic_prior': 0.4, 'evaluate_every': 1, 'learning_decay': 0.7, 'learning_method': 'online', 'learning_offset': 50, 'max_doc_update_iter': 100, 'max_iter': 50, 'mean_change_tol': 0.0001, 'n_components': 6, 'n_jobs': None, 'perp_tol': 0.1, 'random_state': 1, 'topic_word_prior': 0.8, 'total_samples': 1000000.0, 'verbose': 1}
2021-06-24 02:23:51,864 - root - WARNING - MIN_DF:30
2021-06-24 02:23:51,871 - root - WARNING - params:batch_size:4000
2021-06-24 02:23:51,872 - root - WARNING - params:n_components:6
2021-06-24 02:23:51,873 - root - WARNING - params:topic_word_prior:0.8
2021-06-24 02:23:51,874 - root - WARNING - params:doc_topic_prior:0.5
2021-06-24 02:23:51,875 - root - WARNING - params:max_iter:50
2021-06-24 02:23:51,876 - root - WARNING - done n_iter:50
2021-06-24 02:23:51,876 - root - WARNING - perplexity:1512.260951833042
2021-06-24 02:23:51,877 - root - WARNING - coherance:[0.7790306628867917, 0.8099960391746039, 0.7898673191791066, 0.7503289621220903, 0.7797959555862317, 0.80388338950492]
2021-06-24 02:23:51,879 - root - WARNING - check all params:{'batch_size': 4000, 'doc_topic_prior': 0.5, 'evaluate_every': 1, 'learning_decay': 0.7, 'learning_method': 'online', 'learning_offset': 50, 'max_doc_update_iter': 100, 'max_iter': 50, 'mean_change_tol': 0.0001, 'n_components': 6, 'n_jobs': None, 'perp_tol': 0.1, 'random_state': 1, 'topic_word_prior': 0.8, 'total_samples': 1000000.0, 'verbose': 1}
2021-06-24 02:43:32,944 - root - WARNING - MIN_DF:30
2021-06-24 02:43:32,953 - root - WARNING - params:batch_size:4000
2021-06-24 02:43:32,954 - root - WARNING - params:n_components:6
2021-06-24 02:43:32,954 - root - WARNING - params:topic_word_prior:0.8
2021-06-24 02:43:32,955 - root - WARNING - params:doc_topic_prior:0.6
2021-06-24 02:43:32,956 - root - WARNING - params:max_iter:50
2021-06-24 02:43:32,957 - root - WARNING - done n_iter:50
2021-06-24 02:43:32,958 - root - WARNING - perplexity:1502.5574785779381
2021-06-24 02:43:32,959 - root - WARNING - coherance:[0.7823436599840374, 0.80045428140632, 0.7879115126886436, 0.7888373759856038, 0.7725001975186973, 0.7869924949360227]
2021-06-24 02:43:32,960 - root - WARNING - check all params:{'batch_size': 4000, 'doc_topic_prior': 0.6, 'evaluate_every': 1, 'learning_decay': 0.7, 'learning_method': 'online', 'learning_offset': 50, 'max_doc_update_iter': 100, 'max_iter': 50, 'mean_change_tol': 0.0001, 'n_components': 6, 'n_jobs': None, 'perp_tol': 0.1, 'random_state': 1, 'topic_word_prior': 0.8, 'total_samples': 1000000.0, 'verbose': 1}
2021-06-24 03:01:23,282 - root - WARNING - MIN_DF:30
2021-06-24 03:01:23,293 - root - WARNING - params:batch_size:4000
2021-06-24 03:01:23,296 - root - WARNING - params:n_components:6
2021-06-24 03:01:23,298 - root - WARNING - params:topic_word_prior:0.8
2021-06-24 03:01:23,300 - root - WARNING - params:doc_topic_prior:0.8
2021-06-24 03:01:23,301 - root - WARNING - params:max_iter:50
2021-06-24 03:01:23,301 - root - WARNING - done n_iter:50
2021-06-24 03:01:23,302 - root - WARNING - perplexity:1509.0063422990133
2021-06-24 03:01:23,303 - root - WARNING - coherance:[0.7777865834131914, 0.8006056056381367, 0.7832394957644222, 0.7932175759745546, 0.7726936994002367, 0.7870233721493508]
2021-06-24 03:01:23,305 - root - WARNING - check all params:{'batch_size': 4000, 'doc_topic_prior': 0.8, 'evaluate_every': 1, 'learning_decay': 0.7, 'learning_method': 'online', 'learning_offset': 50, 'max_doc_update_iter': 100, 'max_iter': 50, 'mean_change_tol': 0.0001, 'n_components': 6, 'n_jobs': None, 'perp_tol': 0.1, 'random_state': 1, 'topic_word_prior': 0.8, 'total_samples': 1000000.0, 'verbose': 1}
2021-06-24 03:20:06,143 - root - WARNING - MIN_DF:30
2021-06-24 03:20:06,151 - root - WARNING - params:batch_size:4000
2021-06-24 03:20:06,152 - root - WARNING - params:n_components:7
2021-06-24 03:20:06,153 - root - WARNING - params:topic_word_prior:0.05
2021-06-24 03:20:06,154 - root - WARNING - params:doc_topic_prior:0.05
2021-06-24 03:20:06,155 - root - WARNING - params:max_iter:50
2021-06-24 03:20:06,156 - root - WARNING - done n_iter:42
2021-06-24 03:20:06,157 - root - WARNING - perplexity:1442.2841108457412
2021-06-24 03:20:06,158 - root - WARNING - coherance:[0.7990776089888472, 0.7962839679233175, 0.7694000245458119, 0.7774152746075702, 0.7304640137509297, 0.7091477437420729, 0.769311629560949]
2021-06-24 03:20:06,159 - root - WARNING - check all params:{'batch_size': 4000, 'doc_topic_prior': 0.05, 'evaluate_every': 1, 'learning_decay': 0.7, 'learning_method': 'online', 'learning_offset': 50, 'max_doc_update_iter': 100, 'max_iter': 50, 'mean_change_tol': 0.0001, 'n_components': 7, 'n_jobs': None, 'perp_tol': 0.1, 'random_state': 1, 'topic_word_prior': 0.05, 'total_samples': 1000000.0, 'verbose': 1}
