2021-07-04 02:23:55,218 - root - WARNING - MIN_DF:30
2021-07-04 02:23:55,243 - root - WARNING - params:batch_size:1500
2021-07-04 02:23:55,246 - root - WARNING - params:n_components:8
2021-07-04 02:23:55,249 - root - WARNING - params:topic_word_prior:0.6
2021-07-04 02:23:55,252 - root - WARNING - params:doc_topic_prior:0.05
2021-07-04 02:23:55,255 - root - WARNING - params:max_iter:50
2021-07-04 02:23:55,257 - root - WARNING - done n_iter:50
2021-07-04 02:23:55,260 - root - WARNING - perplexity:1580.0723159581642
2021-07-04 02:23:55,262 - root - WARNING - coherance:[0.7769992924453833, 0.7707517130049883, 0.7227149448551665, 0.7409292797053981, 0.7550225046866845, 0.6117507894112545, 0.7106252813898319, 0.5591308696056031]
2021-07-04 02:23:55,265 - root - WARNING - check all params:{'batch_size': 1500, 'doc_topic_prior': 0.05, 'evaluate_every': 1, 'learning_decay': 1.3, 'learning_method': 'online', 'learning_offset': 50, 'max_doc_update_iter': 100, 'max_iter': 50, 'mean_change_tol': 0.0001, 'n_components': 8, 'n_jobs': None, 'perp_tol': 0.1, 'random_state': 1, 'topic_word_prior': 0.6, 'total_samples': 1000000.0, 'verbose': 1}
2021-07-04 03:14:59,461 - root - WARNING - MIN_DF:30
2021-07-04 03:14:59,622 - root - WARNING - params:batch_size:1500
2021-07-04 03:14:59,626 - root - WARNING - params:n_components:8
2021-07-04 03:14:59,629 - root - WARNING - params:topic_word_prior:0.6
2021-07-04 03:14:59,632 - root - WARNING - params:doc_topic_prior:0.15
2021-07-04 03:14:59,635 - root - WARNING - params:max_iter:50
2021-07-04 03:14:59,637 - root - WARNING - done n_iter:50
2021-07-04 03:14:59,640 - root - WARNING - perplexity:1700.4567894469199
2021-07-04 03:14:59,643 - root - WARNING - coherance:[0.7710150136089189, 0.7622692981566872, 0.7370158608786302, 0.7395938731055501, 0.7289081748788553, 0.5677720377329868, 0.6947862195203938, 0.5011913836508961]
2021-07-04 03:14:59,645 - root - WARNING - check all params:{'batch_size': 1500, 'doc_topic_prior': 0.15, 'evaluate_every': 1, 'learning_decay': 1.3, 'learning_method': 'online', 'learning_offset': 50, 'max_doc_update_iter': 100, 'max_iter': 50, 'mean_change_tol': 0.0001, 'n_components': 8, 'n_jobs': None, 'perp_tol': 0.1, 'random_state': 1, 'topic_word_prior': 0.6, 'total_samples': 1000000.0, 'verbose': 1}
2021-07-04 04:14:27,229 - root - WARNING - MIN_DF:30
2021-07-04 04:14:27,379 - root - WARNING - params:batch_size:1500
2021-07-04 04:14:27,383 - root - WARNING - params:n_components:8
2021-07-04 04:14:27,386 - root - WARNING - params:topic_word_prior:0.6
2021-07-04 04:14:27,403 - root - WARNING - params:doc_topic_prior:0.3
2021-07-04 04:14:27,406 - root - WARNING - params:max_iter:50
2021-07-04 04:14:27,408 - root - WARNING - done n_iter:50
2021-07-04 04:14:27,410 - root - WARNING - perplexity:1802.5518075513144
2021-07-04 04:14:27,413 - root - WARNING - coherance:[0.7950876231155891, 0.7808671033622282, 0.7578201851369173, 0.7631744513389834, 0.7694142268194174, nan, 0.7355737509508306, 0.6838784706496298]
2021-07-04 04:14:27,416 - root - WARNING - check all params:{'batch_size': 1500, 'doc_topic_prior': 0.3, 'evaluate_every': 1, 'learning_decay': 1.3, 'learning_method': 'online', 'learning_offset': 50, 'max_doc_update_iter': 100, 'max_iter': 50, 'mean_change_tol': 0.0001, 'n_components': 8, 'n_jobs': None, 'perp_tol': 0.1, 'random_state': 1, 'topic_word_prior': 0.6, 'total_samples': 1000000.0, 'verbose': 1}
2021-07-04 05:12:24,463 - root - WARNING - MIN_DF:30
2021-07-04 05:12:24,487 - root - WARNING - params:batch_size:1500
2021-07-04 05:12:24,491 - root - WARNING - params:n_components:8
2021-07-04 05:12:24,494 - root - WARNING - params:topic_word_prior:0.6
2021-07-04 05:12:24,497 - root - WARNING - params:doc_topic_prior:0.4
2021-07-04 05:12:24,500 - root - WARNING - params:max_iter:50
2021-07-04 05:12:24,502 - root - WARNING - done n_iter:50
2021-07-04 05:12:24,505 - root - WARNING - perplexity:1792.3646755075229
2021-07-04 05:12:24,508 - root - WARNING - coherance:[0.7969521404695603, 0.7718507927032867, 0.7604620304538515, 0.774720170707456, 0.794527984926895, 0.697423074265828, 0.7542236505501037, 0.6979098788816211]
2021-07-04 05:12:24,510 - root - WARNING - check all params:{'batch_size': 1500, 'doc_topic_prior': 0.4, 'evaluate_every': 1, 'learning_decay': 1.3, 'learning_method': 'online', 'learning_offset': 50, 'max_doc_update_iter': 100, 'max_iter': 50, 'mean_change_tol': 0.0001, 'n_components': 8, 'n_jobs': None, 'perp_tol': 0.1, 'random_state': 1, 'topic_word_prior': 0.6, 'total_samples': 1000000.0, 'verbose': 1}
2021-07-04 06:05:20,478 - root - WARNING - MIN_DF:30
2021-07-04 06:05:20,643 - root - WARNING - params:batch_size:1500
2021-07-04 06:05:20,651 - root - WARNING - params:n_components:8
2021-07-04 06:05:20,653 - root - WARNING - params:topic_word_prior:0.6
2021-07-04 06:05:20,656 - root - WARNING - params:doc_topic_prior:0.5
2021-07-04 06:05:20,658 - root - WARNING - params:max_iter:50
2021-07-04 06:05:20,661 - root - WARNING - done n_iter:50
2021-07-04 06:05:20,663 - root - WARNING - perplexity:1822.3558906404357
2021-07-04 06:05:20,666 - root - WARNING - coherance:[0.7950674388197444, 0.7875441256905271, 0.7742052343818222, 0.7719316090622158, 0.807965585049083, 0.6934824471279988, 0.7597667023142028, 0.73039422352132]
2021-07-04 06:05:20,668 - root - WARNING - check all params:{'batch_size': 1500, 'doc_topic_prior': 0.5, 'evaluate_every': 1, 'learning_decay': 1.3, 'learning_method': 'online', 'learning_offset': 50, 'max_doc_update_iter': 100, 'max_iter': 50, 'mean_change_tol': 0.0001, 'n_components': 8, 'n_jobs': None, 'perp_tol': 0.1, 'random_state': 1, 'topic_word_prior': 0.6, 'total_samples': 1000000.0, 'verbose': 1}
2021-07-04 06:56:08,457 - root - WARNING - MIN_DF:30
2021-07-04 06:56:08,688 - root - WARNING - params:batch_size:1500
2021-07-04 06:56:08,692 - root - WARNING - params:n_components:8
2021-07-04 06:56:08,695 - root - WARNING - params:topic_word_prior:0.6
2021-07-04 06:56:08,698 - root - WARNING - params:doc_topic_prior:0.6
2021-07-04 06:56:08,701 - root - WARNING - params:max_iter:50
2021-07-04 06:56:08,703 - root - WARNING - done n_iter:50
2021-07-04 06:56:08,706 - root - WARNING - perplexity:1787.9895055613713
2021-07-04 06:56:08,709 - root - WARNING - coherance:[0.8010965854202483, 0.7908601364160376, nan, 0.7402694155322498, 0.7981359552808763, 0.6946334396348746, 0.7544482791514364, 0.7679840191360217]
2021-07-04 06:56:08,711 - root - WARNING - check all params:{'batch_size': 1500, 'doc_topic_prior': 0.6, 'evaluate_every': 1, 'learning_decay': 1.3, 'learning_method': 'online', 'learning_offset': 50, 'max_doc_update_iter': 100, 'max_iter': 50, 'mean_change_tol': 0.0001, 'n_components': 8, 'n_jobs': None, 'perp_tol': 0.1, 'random_state': 1, 'topic_word_prior': 0.6, 'total_samples': 1000000.0, 'verbose': 1}
