2021-06-30 11:41:32,764 - root - WARNING - MIN_DF:30
2021-06-30 11:41:32,768 - root - WARNING - params:batch_size:4000
2021-06-30 11:41:32,769 - root - WARNING - params:n_components:6
2021-06-30 11:41:32,769 - root - WARNING - params:topic_word_prior:0.4
2021-06-30 11:41:32,770 - root - WARNING - params:doc_topic_prior:0.4
2021-06-30 11:41:32,770 - root - WARNING - params:max_iter:50
2021-06-30 11:41:32,770 - root - WARNING - done n_iter:50
2021-06-30 11:41:32,771 - root - WARNING - perplexity:1467.7233891730443
2021-06-30 11:41:32,771 - root - WARNING - coherance:[0.7782614576052151, 0.806932492216758, 0.7828691645206849, 0.7572659519685567, 0.7744856568746408, 0.8028362477483902]
2021-06-30 11:41:32,772 - root - WARNING - check all params:{'batch_size': 4000, 'doc_topic_prior': 0.4, 'evaluate_every': 1, 'learning_decay': 0.7, 'learning_method': 'online', 'learning_offset': 50, 'max_doc_update_iter': 100, 'max_iter': 50, 'mean_change_tol': 0.0001, 'n_components': 6, 'n_jobs': None, 'perp_tol': 0.1, 'random_state': 1, 'topic_word_prior': 0.4, 'total_samples': 1000000.0, 'verbose': 1}
2021-06-30 12:02:16,779 - root - WARNING - MIN_DF:30
2021-06-30 12:02:16,783 - root - WARNING - params:batch_size:4000
2021-06-30 12:02:16,784 - root - WARNING - params:n_components:6
2021-06-30 12:02:16,785 - root - WARNING - params:topic_word_prior:0.4
2021-06-30 12:02:16,785 - root - WARNING - params:doc_topic_prior:0.5
2021-06-30 12:02:16,785 - root - WARNING - params:max_iter:50
2021-06-30 12:02:16,786 - root - WARNING - done n_iter:50
2021-06-30 12:02:16,786 - root - WARNING - perplexity:1475.1246564782634
2021-06-30 12:02:16,787 - root - WARNING - coherance:[0.7783059282505794, 0.8094504085238471, 0.7892079264248424, 0.756104314004065, 0.77906653101267, 0.8016667787947643]
2021-06-30 12:02:16,788 - root - WARNING - check all params:{'batch_size': 4000, 'doc_topic_prior': 0.5, 'evaluate_every': 1, 'learning_decay': 0.7, 'learning_method': 'online', 'learning_offset': 50, 'max_doc_update_iter': 100, 'max_iter': 50, 'mean_change_tol': 0.0001, 'n_components': 6, 'n_jobs': None, 'perp_tol': 0.1, 'random_state': 1, 'topic_word_prior': 0.4, 'total_samples': 1000000.0, 'verbose': 1}
2021-06-30 12:21:52,202 - root - WARNING - MIN_DF:30
2021-06-30 12:21:52,208 - root - WARNING - params:batch_size:4000
2021-06-30 12:21:52,210 - root - WARNING - params:n_components:6
2021-06-30 12:21:52,211 - root - WARNING - params:topic_word_prior:0.4
2021-06-30 12:21:52,212 - root - WARNING - params:doc_topic_prior:0.6
2021-06-30 12:21:52,214 - root - WARNING - params:max_iter:50
2021-06-30 12:21:52,215 - root - WARNING - done n_iter:50
2021-06-30 12:21:52,216 - root - WARNING - perplexity:1462.6534286468186
2021-06-30 12:21:52,216 - root - WARNING - coherance:[0.782303155352527, 0.8004203871597341, 0.7878738947533526, 0.7938655366704481, 0.7724568614404057, 0.7869552486270903]
2021-06-30 12:21:52,217 - root - WARNING - check all params:{'batch_size': 4000, 'doc_topic_prior': 0.6, 'evaluate_every': 1, 'learning_decay': 0.7, 'learning_method': 'online', 'learning_offset': 50, 'max_doc_update_iter': 100, 'max_iter': 50, 'mean_change_tol': 0.0001, 'n_components': 6, 'n_jobs': None, 'perp_tol': 0.1, 'random_state': 1, 'topic_word_prior': 0.4, 'total_samples': 1000000.0, 'verbose': 1}
