2021-06-18 09:13:17,566 - gensim.topic_coherence.probability_estimation - INFO - using ParallelWordOccurrenceAccumulator(processes=23, batch_size=64) to estimate probabilities from sliding windows
2021-06-18 09:13:18,960 - gensim.topic_coherence.text_analysis - INFO - serializing accumulator to return to master...
2021-06-18 09:13:18,960 - gensim.topic_coherence.text_analysis - INFO - serializing accumulator to return to master...
2021-06-18 09:13:18,960 - gensim.topic_coherence.text_analysis - INFO - serializing accumulator to return to master...
2021-06-18 09:13:18,960 - gensim.topic_coherence.text_analysis - INFO - serializing accumulator to return to master...
2021-06-18 09:13:18,961 - gensim.topic_coherence.text_analysis - INFO - serializing accumulator to return to master...
2021-06-18 09:13:18,960 - gensim.topic_coherence.text_analysis - INFO - serializing accumulator to return to master...
2021-06-18 09:13:18,961 - gensim.topic_coherence.text_analysis - INFO - serializing accumulator to return to master...
2021-06-18 09:13:18,961 - gensim.topic_coherence.text_analysis - INFO - serializing accumulator to return to master...
2021-06-18 09:13:18,962 - gensim.topic_coherence.text_analysis - INFO - serializing accumulator to return to master...
2021-06-18 09:13:18,962 - gensim.topic_coherence.text_analysis - INFO - accumulator serialized
2021-06-18 09:13:18,962 - gensim.topic_coherence.text_analysis - INFO - serializing accumulator to return to master...
2021-06-18 09:13:18,962 - gensim.topic_coherence.text_analysis - INFO - serializing accumulator to return to master...
2021-06-18 09:13:18,962 - gensim.topic_coherence.text_analysis - INFO - serializing accumulator to return to master...
2021-06-18 09:13:18,962 - gensim.topic_coherence.text_analysis - INFO - serializing accumulator to return to master...
2021-06-18 09:13:18,962 - gensim.topic_coherence.text_analysis - INFO - serializing accumulator to return to master...
2021-06-18 09:13:18,963 - gensim.topic_coherence.text_analysis - INFO - serializing accumulator to return to master...
2021-06-18 09:13:18,963 - gensim.topic_coherence.text_analysis - INFO - accumulator serialized
2021-06-18 09:13:18,962 - gensim.topic_coherence.text_analysis - INFO - serializing accumulator to return to master...
2021-06-18 09:13:18,962 - gensim.topic_coherence.text_analysis - INFO - serializing accumulator to return to master...
2021-06-18 09:13:18,963 - gensim.topic_coherence.text_analysis - INFO - serializing accumulator to return to master...
2021-06-18 09:13:18,963 - gensim.topic_coherence.text_analysis - INFO - serializing accumulator to return to master...
2021-06-18 09:13:18,963 - gensim.topic_coherence.text_analysis - INFO - serializing accumulator to return to master...
2021-06-18 09:13:18,963 - gensim.topic_coherence.text_analysis - INFO - serializing accumulator to return to master...
2021-06-18 09:13:18,964 - gensim.topic_coherence.text_analysis - INFO - serializing accumulator to return to master...
2021-06-18 09:13:18,964 - gensim.topic_coherence.text_analysis - INFO - accumulator serialized
2021-06-18 09:13:18,964 - gensim.topic_coherence.text_analysis - INFO - accumulator serialized
2021-06-18 09:13:18,965 - gensim.topic_coherence.text_analysis - INFO - serializing accumulator to return to master...
2021-06-18 09:13:18,964 - gensim.topic_coherence.text_analysis - INFO - accumulator serialized
2021-06-18 09:13:18,963 - gensim.topic_coherence.text_analysis - INFO - accumulator serialized
2021-06-18 09:13:18,964 - gensim.topic_coherence.text_analysis - INFO - accumulator serialized
2021-06-18 09:13:18,964 - gensim.topic_coherence.text_analysis - INFO - accumulator serialized
2021-06-18 09:13:18,965 - gensim.topic_coherence.text_analysis - INFO - accumulator serialized
2021-06-18 09:13:18,969 - gensim.topic_coherence.text_analysis - INFO - accumulator serialized
2021-06-18 09:13:18,963 - gensim.topic_coherence.text_analysis - INFO - accumulator serialized
2021-06-18 09:13:18,966 - gensim.topic_coherence.text_analysis - INFO - accumulator serialized
2021-06-18 09:13:18,966 - gensim.topic_coherence.text_analysis - INFO - accumulator serialized
2021-06-18 09:13:18,964 - gensim.topic_coherence.text_analysis - INFO - accumulator serialized
2021-06-18 09:13:18,963 - gensim.topic_coherence.text_analysis - INFO - accumulator serialized
2021-06-18 09:13:18,963 - gensim.topic_coherence.text_analysis - INFO - accumulator serialized
2021-06-18 09:13:18,964 - gensim.topic_coherence.text_analysis - INFO - accumulator serialized
2021-06-18 09:13:18,965 - gensim.topic_coherence.text_analysis - INFO - accumulator serialized
2021-06-18 09:13:18,965 - gensim.topic_coherence.text_analysis - INFO - accumulator serialized
2021-06-18 09:13:18,963 - gensim.topic_coherence.text_analysis - INFO - accumulator serialized
2021-06-18 09:13:18,969 - gensim.topic_coherence.text_analysis - INFO - accumulator serialized
2021-06-18 09:13:18,969 - gensim.topic_coherence.text_analysis - INFO - accumulator serialized
2021-06-18 09:13:18,964 - gensim.topic_coherence.text_analysis - INFO - accumulator serialized
2021-06-18 09:13:19,287 - gensim.topic_coherence.text_analysis - INFO - 23 accumulators retrieved from output queue
2021-06-18 09:13:19,324 - gensim.topic_coherence.text_analysis - INFO - accumulated word occurrence stats for 18382 virtual documents
2021-06-18 09:13:40,980 - root - INFO - perplexity:1675.1924400138482
2021-06-18 09:13:40,981 - root - INFO - perplexity:[0.7845788096603232, 0.7667928375409753, 0.7728259140603563, 0.7837618505156465, 0.6802186263545023, 0.7656973242415142, 0.7780999695724095, 0.6691039058680359]
2021-06-18 09:26:54,450 - root - WARNING - perplexity:1675.1924400138482
2021-06-18 09:26:54,451 - root - WARNING - perplexity:[0.7845788096603232, 0.7667928375409753, 0.7728259140603563, 0.7837618505156465, 0.6802186263545023, 0.7656973242415142, 0.7780999695724095, 0.6691039058680359]
