2021-06-19 08:39:01,071 - root - WARNING - MIN_DF:30
2021-06-19 08:39:01,090 - root - WARNING - params:n_components:9
2021-06-19 08:39:01,092 - root - WARNING - params:topic_word_prior:0.02
2021-06-19 08:39:01,094 - root - WARNING - params:batch_size:1000
2021-06-19 08:39:01,096 - root - WARNING - params:max_iter:30
2021-06-19 08:39:01,098 - root - WARNING - perplexity:1555.4281802521962
2021-06-19 08:39:01,100 - root - WARNING - coherance:[0.80114295979122, 0.7860636847274834, 0.7762837182701932, 0.7775018184851926, 0.7858776260739122, 0.783739764726078, 0.7802497264539563, 0.6565081199148955, 0.7068866225940724]
2021-06-19 09:00:12,648 - root - WARNING - MIN_DF:30
2021-06-19 09:00:12,669 - root - WARNING - params:n_components:9
2021-06-19 09:00:12,672 - root - WARNING - params:topic_word_prior:0.02
2021-06-19 09:00:12,674 - root - WARNING - params:batch_size:2000
2021-06-19 09:00:12,676 - root - WARNING - params:max_iter:30
2021-06-19 09:00:12,679 - root - WARNING - perplexity:1435.474952230921
2021-06-19 09:00:12,680 - root - WARNING - coherance:[0.7001321879860477, 0.7678040202354224, 0.7709577931137253, 0.7795947297805057, 0.7659069136839186, 0.7777416685204879, 0.763314683218564, 0.7586600980105799, 0.530723375764821]
2021-06-19 09:16:04,867 - root - WARNING - MIN_DF:30
2021-06-19 09:16:04,887 - root - WARNING - params:n_components:9
2021-06-19 09:16:04,889 - root - WARNING - params:topic_word_prior:0.05
2021-06-19 09:16:04,891 - root - WARNING - params:batch_size:500
2021-06-19 09:16:04,893 - root - WARNING - params:max_iter:30
2021-06-19 09:16:04,895 - root - WARNING - perplexity:1683.5910628879933
2021-06-19 09:16:04,897 - root - WARNING - coherance:[0.7624892221222767, 0.7898159307011238, 0.7827123089579695, 0.7832733363817358, 0.797726500424315, 0.8013428918301315, 0.7798693410682362, 0.7627941976061965, 0.715577958044243]
2021-06-19 09:36:24,147 - root - WARNING - MIN_DF:30
2021-06-19 09:36:24,164 - root - WARNING - params:n_components:9
2021-06-19 09:36:24,166 - root - WARNING - params:topic_word_prior:0.05
2021-06-19 09:36:24,168 - root - WARNING - params:batch_size:1000
2021-06-19 09:36:24,169 - root - WARNING - params:max_iter:30
2021-06-19 09:36:24,171 - root - WARNING - perplexity:1544.2588118747694
2021-06-19 09:36:24,173 - root - WARNING - coherance:[0.8010477732022739, 0.7731239765154632, 0.7673881280017362, 0.7773850319309272, 0.7911511571684852, 0.7836326872781532, 0.7801305034133692, 0.6562463976490858, 0.7066804782766261]
2021-06-19 09:57:41,609 - root - WARNING - MIN_DF:30
2021-06-19 09:57:41,634 - root - WARNING - params:n_components:9
2021-06-19 09:57:41,637 - root - WARNING - params:topic_word_prior:0.05
2021-06-19 09:57:41,640 - root - WARNING - params:batch_size:2000
2021-06-19 09:57:41,642 - root - WARNING - params:max_iter:30
2021-06-19 09:57:41,644 - root - WARNING - perplexity:1425.3121736684866
2021-06-19 09:57:41,646 - root - WARNING - coherance:[0.7022084565991903, 0.7691660502683798, 0.7723161358095917, 0.7808526669356495, 0.7672197996515772, 0.7791125411464945, 0.7696931924976583, 0.7528157724366399, 0.5486736823599172]
2021-06-19 10:13:04,283 - root - WARNING - MIN_DF:30
2021-06-19 10:13:04,308 - root - WARNING - params:n_components:9
2021-06-19 10:13:04,310 - root - WARNING - params:topic_word_prior:0.1
2021-06-19 10:13:04,312 - root - WARNING - params:batch_size:500
2021-06-19 10:13:04,313 - root - WARNING - params:max_iter:30
2021-06-19 10:13:04,315 - root - WARNING - perplexity:1669.7972231418435
2021-06-19 10:13:04,317 - root - WARNING - coherance:[0.74964642602453, 0.7828450772783445, 0.7878562534641711, 0.806015444127232, 0.795057291341214, 0.7978624812474134, 0.7741198540489796, 0.7631680136668362, 0.7141940071182612]
2021-06-19 10:33:34,149 - root - WARNING - MIN_DF:30
2021-06-19 10:33:34,167 - root - WARNING - params:n_components:9
2021-06-19 10:33:34,169 - root - WARNING - params:topic_word_prior:0.1
2021-06-19 10:33:34,171 - root - WARNING - params:batch_size:1000
2021-06-19 10:33:34,173 - root - WARNING - params:max_iter:30
2021-06-19 10:33:34,175 - root - WARNING - perplexity:1533.7813432181158
2021-06-19 10:33:34,176 - root - WARNING - coherance:[0.7943185381543142, 0.7853147227647963, 0.7754841724925214, 0.7701139901767917, 0.7851780501130312, 0.7912961102874655, 0.7794565875047241, 0.6547684567077559, 0.6939465579114719]
2021-06-19 10:55:04,339 - root - WARNING - MIN_DF:30
2021-06-19 10:55:04,357 - root - WARNING - params:n_components:9
2021-06-19 10:55:04,359 - root - WARNING - params:topic_word_prior:0.1
2021-06-19 10:55:04,361 - root - WARNING - params:batch_size:2000
2021-06-19 10:55:04,363 - root - WARNING - params:max_iter:30
2021-06-19 10:55:04,365 - root - WARNING - perplexity:1422.3050870239383
2021-06-19 10:55:04,367 - root - WARNING - coherance:[0.7020761966165538, 0.7690793727796055, 0.7722297171312945, 0.7807726860603414, 0.7662460922764937, 0.7790329924431079, 0.7696082477500001, 0.7600188580321328, 0.5483977955544377]
2021-06-19 11:09:33,632 - root - WARNING - MIN_DF:30
2021-06-19 11:09:33,651 - root - WARNING - params:n_components:9
2021-06-19 11:09:33,654 - root - WARNING - params:topic_word_prior:0.15
2021-06-19 11:09:33,656 - root - WARNING - params:batch_size:500
2021-06-19 11:09:33,657 - root - WARNING - params:max_iter:30
2021-06-19 11:09:33,659 - root - WARNING - perplexity:1648.091685420709
2021-06-19 11:09:33,661 - root - WARNING - coherance:[0.750252097760228, 0.781371197337152, 0.7882967662375273, 0.789105058705236, 0.7930370849924573, 0.8026932901968535, 0.7806715155840193, 0.7818783397604083, 0.716374306244344]
2021-06-19 11:30:32,026 - root - WARNING - MIN_DF:30
2021-06-19 11:30:32,046 - root - WARNING - params:n_components:9
2021-06-19 11:30:32,048 - root - WARNING - params:topic_word_prior:0.15
2021-06-19 11:30:32,050 - root - WARNING - params:batch_size:1000
2021-06-19 11:30:32,052 - root - WARNING - params:max_iter:30
2021-06-19 11:30:32,054 - root - WARNING - perplexity:1525.7185461223169
2021-06-19 11:30:32,056 - root - WARNING - coherance:[0.791355926386386, 0.7820411401548868, 0.7800618607835647, 0.766520325171612, 0.7828226511605664, 0.7828918337331517, 0.7759910336509022, 0.6472078964972, 0.6764353404006436]
2021-06-19 11:52:33,753 - root - WARNING - MIN_DF:30
2021-06-19 11:52:33,770 - root - WARNING - params:n_components:9
2021-06-19 11:52:33,772 - root - WARNING - params:topic_word_prior:0.15
2021-06-19 11:52:33,774 - root - WARNING - params:batch_size:2000
2021-06-19 11:52:33,776 - root - WARNING - params:max_iter:30
2021-06-19 11:52:33,778 - root - WARNING - perplexity:1420.1163268128828
2021-06-19 11:52:33,780 - root - WARNING - coherance:[0.7020761966165538, 0.7690793727796054, 0.7722297171312945, 0.7807726860603414, 0.7662460922764937, 0.7790329924431079, 0.7696082477500003, 0.7600188580321328, 0.5483977955544376]
2021-06-19 12:11:32,159 - root - WARNING - MIN_DF:30
2021-06-19 12:11:32,177 - root - WARNING - params:n_components:9
2021-06-19 12:11:32,180 - root - WARNING - params:topic_word_prior:0.2
2021-06-19 12:11:32,182 - root - WARNING - params:batch_size:500
2021-06-19 12:11:32,184 - root - WARNING - params:max_iter:30
2021-06-19 12:11:32,186 - root - WARNING - perplexity:1613.2060295977024
2021-06-19 12:11:32,187 - root - WARNING - coherance:[0.7688654717795649, 0.7842668666666317, 0.8051105700728064, 0.7896881250465227, 0.8014658927554134, 0.8003789717114339, 0.7812897720963817, 0.78249230710758, 0.713881936135352]
2021-06-19 12:32:28,673 - root - WARNING - MIN_DF:30
2021-06-19 12:32:28,689 - root - WARNING - params:n_components:9
2021-06-19 12:32:28,692 - root - WARNING - params:topic_word_prior:0.2
2021-06-19 12:32:28,694 - root - WARNING - params:batch_size:1000
2021-06-19 12:32:28,696 - root - WARNING - params:max_iter:30
2021-06-19 12:32:28,698 - root - WARNING - perplexity:1514.6106935612545
2021-06-19 12:32:28,700 - root - WARNING - coherance:[0.7889158355930372, 0.7890617997691428, 0.7755333536335424, 0.770164622630174, 0.788028716771245, 0.7861692751483308, 0.7795053723602048, 0.6548753615169314, 0.6812141212702036]
2021-06-19 12:54:34,419 - root - WARNING - MIN_DF:30
2021-06-19 12:54:34,435 - root - WARNING - params:n_components:9
2021-06-19 12:54:34,444 - root - WARNING - params:topic_word_prior:0.2
2021-06-19 12:54:34,445 - root - WARNING - params:batch_size:2000
2021-06-19 12:54:34,447 - root - WARNING - params:max_iter:30
2021-06-19 12:54:34,449 - root - WARNING - perplexity:1418.2627404049379
2021-06-19 12:54:34,450 - root - WARNING - coherance:[0.702156468496948, 0.7691319808819251, 0.772282168543313, 0.780821230888902, 0.7795758247419381, 0.7726323857665921, 0.7696598047714909, 0.7600749233341646, 0.5485652275956957]
2021-06-19 13:14:14,827 - root - WARNING - MIN_DF:30
2021-06-19 13:14:14,849 - root - WARNING - params:n_components:9
2021-06-19 13:14:14,851 - root - WARNING - params:topic_word_prior:0.25
2021-06-19 13:14:14,853 - root - WARNING - params:batch_size:500
2021-06-19 13:14:14,855 - root - WARNING - params:max_iter:30
2021-06-19 13:14:14,857 - root - WARNING - perplexity:1573.2418180719299
2021-06-19 13:14:14,859 - root - WARNING - coherance:[0.7680687261135568, 0.7835687627206681, 0.7984959857446225, 0.7917159998522745, 0.7944549869208327, 0.7997886191931085, 0.7805757940071391, 0.7817832946183908, 0.7141375720951688]
2021-06-19 13:35:44,497 - root - WARNING - MIN_DF:30
2021-06-19 13:35:44,525 - root - WARNING - params:n_components:9
2021-06-19 13:35:44,528 - root - WARNING - params:topic_word_prior:0.25
2021-06-19 13:35:44,530 - root - WARNING - params:batch_size:1000
2021-06-19 13:35:44,531 - root - WARNING - params:max_iter:30
2021-06-19 13:35:44,533 - root - WARNING - perplexity:1495.8787390462626
2021-06-19 13:35:44,535 - root - WARNING - coherance:[0.7845322749967973, 0.7889198052426912, 0.7806664794553888, 0.7747104424425579, 0.7890431090074749, 0.783626250824151, 0.7766238450871898, 0.6485834657878058, 0.6623757134942572]
2021-06-19 13:58:15,516 - root - WARNING - MIN_DF:30
2021-06-19 13:58:15,536 - root - WARNING - params:n_components:9
2021-06-19 13:58:15,539 - root - WARNING - params:topic_word_prior:0.25
2021-06-19 13:58:15,541 - root - WARNING - params:batch_size:2000
2021-06-19 13:58:15,543 - root - WARNING - params:max_iter:30
2021-06-19 13:58:15,544 - root - WARNING - perplexity:1413.8923488216085
2021-06-19 13:58:15,546 - root - WARNING - coherance:[0.6988490313110816, 0.7678191084779774, 0.7709728449418505, 0.7796086781811982, 0.7743652924001736, 0.7675394208042272, 0.7683726182857593, 0.7586761684917477, 0.5307739233212327]
2021-06-19 14:18:42,589 - root - WARNING - MIN_DF:30
2021-06-19 14:18:42,610 - root - WARNING - params:n_components:9
2021-06-19 14:18:42,612 - root - WARNING - params:topic_word_prior:0.3
2021-06-19 14:18:42,614 - root - WARNING - params:batch_size:500
2021-06-19 14:18:42,617 - root - WARNING - params:max_iter:30
2021-06-19 14:18:42,619 - root - WARNING - perplexity:1533.2625943090916
2021-06-19 14:18:42,621 - root - WARNING - coherance:[0.7582631728983211, 0.7749515208245924, 0.7967673606530341, 0.7764119144433054, 0.7812001863475322, 0.7877168682541806, 0.771739493132032, 0.7482753198749692, 0.7235319398455942]
2021-06-19 14:40:56,995 - root - WARNING - MIN_DF:30
2021-06-19 14:40:57,020 - root - WARNING - params:n_components:9
2021-06-19 14:40:57,023 - root - WARNING - params:topic_word_prior:0.3
2021-06-19 14:40:57,025 - root - WARNING - params:batch_size:1000
2021-06-19 14:40:57,027 - root - WARNING - params:max_iter:30
2021-06-19 14:40:57,029 - root - WARNING - perplexity:1474.7121613158815
2021-06-19 14:40:57,031 - root - WARNING - coherance:[0.7876454455872561, 0.7746022398628558, 0.7687141705643923, 0.7750824281614186, 0.7880528905231169, 0.7839714667234416, 0.7770149583479882, 0.6630009263420497, 0.6698009666873277]
