2021-06-19 09:16:04,867 - root - WARNING - MIN_DF:30
2021-06-19 09:16:04,887 - root - WARNING - params:n_components:9
2021-06-19 09:16:04,889 - root - WARNING - params:topic_word_prior:0.05
2021-06-19 09:16:04,891 - root - WARNING - params:batch_size:500
2021-06-19 09:16:04,893 - root - WARNING - params:max_iter:30
2021-06-19 09:16:04,895 - root - WARNING - perplexity:1683.5910628879933
2021-06-19 09:16:04,897 - root - WARNING - coherance:[0.7624892221222767, 0.7898159307011238, 0.7827123089579695, 0.7832733363817358, 0.797726500424315, 0.8013428918301315, 0.7798693410682362, 0.7627941976061965, 0.715577958044243]
2021-06-19 09:36:24,147 - root - WARNING - MIN_DF:30
2021-06-19 09:36:24,164 - root - WARNING - params:n_components:9
2021-06-19 09:36:24,166 - root - WARNING - params:topic_word_prior:0.05
2021-06-19 09:36:24,168 - root - WARNING - params:batch_size:1000
2021-06-19 09:36:24,169 - root - WARNING - params:max_iter:30
2021-06-19 09:36:24,171 - root - WARNING - perplexity:1544.2588118747694
2021-06-19 09:36:24,173 - root - WARNING - coherance:[0.8010477732022739, 0.7731239765154632, 0.7673881280017362, 0.7773850319309272, 0.7911511571684852, 0.7836326872781532, 0.7801305034133692, 0.6562463976490858, 0.7066804782766261]
2021-06-19 09:57:41,609 - root - WARNING - MIN_DF:30
2021-06-19 09:57:41,634 - root - WARNING - params:n_components:9
2021-06-19 09:57:41,637 - root - WARNING - params:topic_word_prior:0.05
2021-06-19 09:57:41,640 - root - WARNING - params:batch_size:2000
2021-06-19 09:57:41,642 - root - WARNING - params:max_iter:30
2021-06-19 09:57:41,644 - root - WARNING - perplexity:1425.3121736684866
2021-06-19 09:57:41,646 - root - WARNING - coherance:[0.7022084565991903, 0.7691660502683798, 0.7723161358095917, 0.7808526669356495, 0.7672197996515772, 0.7791125411464945, 0.7696931924976583, 0.7528157724366399, 0.5486736823599172]
2021-06-19 10:13:04,283 - root - WARNING - MIN_DF:30
2021-06-19 10:13:04,308 - root - WARNING - params:n_components:9
2021-06-19 10:13:04,310 - root - WARNING - params:topic_word_prior:0.1
2021-06-19 10:13:04,312 - root - WARNING - params:batch_size:500
2021-06-19 10:13:04,313 - root - WARNING - params:max_iter:30
2021-06-19 10:13:04,315 - root - WARNING - perplexity:1669.7972231418435
2021-06-19 10:13:04,317 - root - WARNING - coherance:[0.74964642602453, 0.7828450772783445, 0.7878562534641711, 0.806015444127232, 0.795057291341214, 0.7978624812474134, 0.7741198540489796, 0.7631680136668362, 0.7141940071182612]
2021-06-19 10:33:34,149 - root - WARNING - MIN_DF:30
2021-06-19 10:33:34,167 - root - WARNING - params:n_components:9
2021-06-19 10:33:34,169 - root - WARNING - params:topic_word_prior:0.1
2021-06-19 10:33:34,171 - root - WARNING - params:batch_size:1000
2021-06-19 10:33:34,173 - root - WARNING - params:max_iter:30
2021-06-19 10:33:34,175 - root - WARNING - perplexity:1533.7813432181158
2021-06-19 10:33:34,176 - root - WARNING - coherance:[0.7943185381543142, 0.7853147227647963, 0.7754841724925214, 0.7701139901767917, 0.7851780501130312, 0.7912961102874655, 0.7794565875047241, 0.6547684567077559, 0.6939465579114719]
2021-06-19 10:55:04,339 - root - WARNING - MIN_DF:30
2021-06-19 10:55:04,357 - root - WARNING - params:n_components:9
2021-06-19 10:55:04,359 - root - WARNING - params:topic_word_prior:0.1
2021-06-19 10:55:04,361 - root - WARNING - params:batch_size:2000
2021-06-19 10:55:04,363 - root - WARNING - params:max_iter:30
2021-06-19 10:55:04,365 - root - WARNING - perplexity:1422.3050870239383
2021-06-19 10:55:04,367 - root - WARNING - coherance:[0.7020761966165538, 0.7690793727796055, 0.7722297171312945, 0.7807726860603414, 0.7662460922764937, 0.7790329924431079, 0.7696082477500001, 0.7600188580321328, 0.5483977955544377]
2021-06-19 11:09:33,632 - root - WARNING - MIN_DF:30
2021-06-19 11:09:33,651 - root - WARNING - params:n_components:9
2021-06-19 11:09:33,654 - root - WARNING - params:topic_word_prior:0.15
2021-06-19 11:09:33,656 - root - WARNING - params:batch_size:500
2021-06-19 11:09:33,657 - root - WARNING - params:max_iter:30
2021-06-19 11:09:33,659 - root - WARNING - perplexity:1648.091685420709
2021-06-19 11:09:33,661 - root - WARNING - coherance:[0.750252097760228, 0.781371197337152, 0.7882967662375273, 0.789105058705236, 0.7930370849924573, 0.8026932901968535, 0.7806715155840193, 0.7818783397604083, 0.716374306244344]
2021-06-19 11:30:32,026 - root - WARNING - MIN_DF:30
2021-06-19 11:30:32,046 - root - WARNING - params:n_components:9
2021-06-19 11:30:32,048 - root - WARNING - params:topic_word_prior:0.15
2021-06-19 11:30:32,050 - root - WARNING - params:batch_size:1000
2021-06-19 11:30:32,052 - root - WARNING - params:max_iter:30
2021-06-19 11:30:32,054 - root - WARNING - perplexity:1525.7185461223169
2021-06-19 11:30:32,056 - root - WARNING - coherance:[0.791355926386386, 0.7820411401548868, 0.7800618607835647, 0.766520325171612, 0.7828226511605664, 0.7828918337331517, 0.7759910336509022, 0.6472078964972, 0.6764353404006436]
2021-06-19 11:52:33,753 - root - WARNING - MIN_DF:30
2021-06-19 11:52:33,770 - root - WARNING - params:n_components:9
2021-06-19 11:52:33,772 - root - WARNING - params:topic_word_prior:0.15
2021-06-19 11:52:33,774 - root - WARNING - params:batch_size:2000
2021-06-19 11:52:33,776 - root - WARNING - params:max_iter:30
2021-06-19 11:52:33,778 - root - WARNING - perplexity:1420.1163268128828
2021-06-19 11:52:33,780 - root - WARNING - coherance:[0.7020761966165538, 0.7690793727796054, 0.7722297171312945, 0.7807726860603414, 0.7662460922764937, 0.7790329924431079, 0.7696082477500003, 0.7600188580321328, 0.5483977955544376]
2021-06-19 12:11:32,159 - root - WARNING - MIN_DF:30
2021-06-19 12:11:32,177 - root - WARNING - params:n_components:9
2021-06-19 12:11:32,180 - root - WARNING - params:topic_word_prior:0.2
2021-06-19 12:11:32,182 - root - WARNING - params:batch_size:500
2021-06-19 12:11:32,184 - root - WARNING - params:max_iter:30
2021-06-19 12:11:32,186 - root - WARNING - perplexity:1613.2060295977024
2021-06-19 12:11:32,187 - root - WARNING - coherance:[0.7688654717795649, 0.7842668666666317, 0.8051105700728064, 0.7896881250465227, 0.8014658927554134, 0.8003789717114339, 0.7812897720963817, 0.78249230710758, 0.713881936135352]
2021-06-19 12:32:28,673 - root - WARNING - MIN_DF:30
2021-06-19 12:32:28,689 - root - WARNING - params:n_components:9
2021-06-19 12:32:28,692 - root - WARNING - params:topic_word_prior:0.2
2021-06-19 12:32:28,694 - root - WARNING - params:batch_size:1000
2021-06-19 12:32:28,696 - root - WARNING - params:max_iter:30
2021-06-19 12:32:28,698 - root - WARNING - perplexity:1514.6106935612545
2021-06-19 12:32:28,700 - root - WARNING - coherance:[0.7889158355930372, 0.7890617997691428, 0.7755333536335424, 0.770164622630174, 0.788028716771245, 0.7861692751483308, 0.7795053723602048, 0.6548753615169314, 0.6812141212702036]
2021-06-19 12:54:34,419 - root - WARNING - MIN_DF:30
2021-06-19 12:54:34,435 - root - WARNING - params:n_components:9
2021-06-19 12:54:34,444 - root - WARNING - params:topic_word_prior:0.2
2021-06-19 12:54:34,445 - root - WARNING - params:batch_size:2000
2021-06-19 12:54:34,447 - root - WARNING - params:max_iter:30
2021-06-19 12:54:34,449 - root - WARNING - perplexity:1418.2627404049379
2021-06-19 12:54:34,450 - root - WARNING - coherance:[0.702156468496948, 0.7691319808819251, 0.772282168543313, 0.780821230888902, 0.7795758247419381, 0.7726323857665921, 0.7696598047714909, 0.7600749233341646, 0.5485652275956957]
2021-06-19 13:14:14,827 - root - WARNING - MIN_DF:30
2021-06-19 13:14:14,849 - root - WARNING - params:n_components:9
2021-06-19 13:14:14,851 - root - WARNING - params:topic_word_prior:0.25
2021-06-19 13:14:14,853 - root - WARNING - params:batch_size:500
2021-06-19 13:14:14,855 - root - WARNING - params:max_iter:30
2021-06-19 13:14:14,857 - root - WARNING - perplexity:1573.2418180719299
2021-06-19 13:14:14,859 - root - WARNING - coherance:[0.7680687261135568, 0.7835687627206681, 0.7984959857446225, 0.7917159998522745, 0.7944549869208327, 0.7997886191931085, 0.7805757940071391, 0.7817832946183908, 0.7141375720951688]
2021-06-19 13:35:44,497 - root - WARNING - MIN_DF:30
2021-06-19 13:35:44,525 - root - WARNING - params:n_components:9
2021-06-19 13:35:44,528 - root - WARNING - params:topic_word_prior:0.25
2021-06-19 13:35:44,530 - root - WARNING - params:batch_size:1000
2021-06-19 13:35:44,531 - root - WARNING - params:max_iter:30
2021-06-19 13:35:44,533 - root - WARNING - perplexity:1495.8787390462626
2021-06-19 13:35:44,535 - root - WARNING - coherance:[0.7845322749967973, 0.7889198052426912, 0.7806664794553888, 0.7747104424425579, 0.7890431090074749, 0.783626250824151, 0.7766238450871898, 0.6485834657878058, 0.6623757134942572]
2021-06-19 13:58:15,516 - root - WARNING - MIN_DF:30
2021-06-19 13:58:15,536 - root - WARNING - params:n_components:9
2021-06-19 13:58:15,539 - root - WARNING - params:topic_word_prior:0.25
2021-06-19 13:58:15,541 - root - WARNING - params:batch_size:2000
2021-06-19 13:58:15,543 - root - WARNING - params:max_iter:30
2021-06-19 13:58:15,544 - root - WARNING - perplexity:1413.8923488216085
2021-06-19 13:58:15,546 - root - WARNING - coherance:[0.6988490313110816, 0.7678191084779774, 0.7709728449418505, 0.7796086781811982, 0.7743652924001736, 0.7675394208042272, 0.7683726182857593, 0.7586761684917477, 0.5307739233212327]
2021-06-19 14:18:42,589 - root - WARNING - MIN_DF:30
2021-06-19 14:18:42,610 - root - WARNING - params:n_components:9
2021-06-19 14:18:42,612 - root - WARNING - params:topic_word_prior:0.3
2021-06-19 14:18:42,614 - root - WARNING - params:batch_size:500
2021-06-19 14:18:42,617 - root - WARNING - params:max_iter:30
2021-06-19 14:18:42,619 - root - WARNING - perplexity:1533.2625943090916
2021-06-19 14:18:42,621 - root - WARNING - coherance:[0.7582631728983211, 0.7749515208245924, 0.7967673606530341, 0.7764119144433054, 0.7812001863475322, 0.7877168682541806, 0.771739493132032, 0.7482753198749692, 0.7235319398455942]
2021-06-19 14:40:56,995 - root - WARNING - MIN_DF:30
2021-06-19 14:40:57,020 - root - WARNING - params:n_components:9
2021-06-19 14:40:57,023 - root - WARNING - params:topic_word_prior:0.3
2021-06-19 14:40:57,025 - root - WARNING - params:batch_size:1000
2021-06-19 14:40:57,027 - root - WARNING - params:max_iter:30
2021-06-19 14:40:57,029 - root - WARNING - perplexity:1474.7121613158815
2021-06-19 14:40:57,031 - root - WARNING - coherance:[0.7876454455872561, 0.7746022398628558, 0.7687141705643923, 0.7750824281614186, 0.7880528905231169, 0.7839714667234416, 0.7770149583479882, 0.6630009263420497, 0.6698009666873277]
2021-06-19 15:03:51,526 - root - WARNING - MIN_DF:30
2021-06-19 15:03:51,547 - root - WARNING - params:n_components:9
2021-06-19 15:03:51,549 - root - WARNING - params:topic_word_prior:0.3
2021-06-19 15:03:51,552 - root - WARNING - params:batch_size:2000
2021-06-19 15:03:51,554 - root - WARNING - params:max_iter:30
2021-06-19 15:03:51,556 - root - WARNING - perplexity:1411.6400830009788
2021-06-19 15:03:51,558 - root - WARNING - coherance:[0.6741189919757373, 0.7668074395081542, 0.7699633983481398, 0.7786727789816844, 0.7734450750146735, 0.7665156287836539, 0.7673799694888636, 0.7575988795586126, 0.5273959137772558]
2021-06-19 15:25:10,017 - root - WARNING - MIN_DF:30
2021-06-19 15:25:10,038 - root - WARNING - params:n_components:9
2021-06-19 15:25:10,041 - root - WARNING - params:topic_word_prior:0.4
2021-06-19 15:25:10,043 - root - WARNING - params:batch_size:500
2021-06-19 15:25:10,045 - root - WARNING - params:max_iter:30
2021-06-19 15:25:10,047 - root - WARNING - perplexity:1478.1778515658457
2021-06-19 15:25:10,049 - root - WARNING - coherance:[0.7734153917696174, 0.7824634799960808, 0.8018732084976458, 0.7922172336201815, 0.7874386197133278, 0.7854261540850158, 0.7776230584450478, 0.7756996914832085, 0.719455848823796]
2021-06-19 15:47:38,695 - root - WARNING - MIN_DF:30
2021-06-19 15:47:38,722 - root - WARNING - params:n_components:9
2021-06-19 15:47:38,724 - root - WARNING - params:topic_word_prior:0.4
2021-06-19 15:47:38,726 - root - WARNING - params:batch_size:1000
2021-06-19 15:47:38,729 - root - WARNING - params:max_iter:30
2021-06-19 15:47:38,731 - root - WARNING - perplexity:1455.6955341381667
2021-06-19 15:47:38,733 - root - WARNING - coherance:[0.7926242898761814, 0.7812932374551314, 0.7670901937686595, 0.7812668086415518, 0.7977957037295782, 0.7938277255164264, 0.7785616447782264, 0.6924638932312227, 0.7034441023737927]
2021-06-19 16:11:00,832 - root - WARNING - MIN_DF:30
2021-06-19 16:11:00,855 - root - WARNING - params:n_components:9
2021-06-19 16:11:00,858 - root - WARNING - params:topic_word_prior:0.4
2021-06-19 16:11:00,861 - root - WARNING - params:batch_size:2000
2021-06-19 16:11:00,863 - root - WARNING - params:max_iter:30
2021-06-19 16:11:00,866 - root - WARNING - perplexity:1411.2932241885196
2021-06-19 16:11:00,868 - root - WARNING - coherance:[0.6763021251097686, 0.7680368697843291, 0.7711900696529708, 0.7798099556238929, 0.7745633280684967, 0.7677596665163384, 0.7685861975949203, 0.7589081180253804, 0.5450894716831653]
2021-06-19 16:29:43,754 - root - WARNING - MIN_DF:30
2021-06-19 16:29:43,787 - root - WARNING - params:n_components:10
2021-06-19 16:29:43,790 - root - WARNING - params:topic_word_prior:0.01
2021-06-19 16:29:43,793 - root - WARNING - params:batch_size:500
2021-06-19 16:29:43,795 - root - WARNING - params:max_iter:30
2021-06-19 16:29:43,797 - root - WARNING - perplexity:1708.8819735448296
2021-06-19 16:29:43,800 - root - WARNING - coherance:[0.7204656468393716, 0.7705851175221794, 0.787132376033173, 0.7907313775331256, 0.7882740797475316, 0.6409648971101601, 0.7689909613194406, 0.7875924940924935, 0.774288022929065, 0.7805087002821424]
2021-06-19 16:50:19,531 - root - WARNING - MIN_DF:30
2021-06-19 16:50:19,557 - root - WARNING - params:n_components:10
2021-06-19 16:50:19,560 - root - WARNING - params:topic_word_prior:0.01
2021-06-19 16:50:19,562 - root - WARNING - params:batch_size:1000
2021-06-19 16:50:19,564 - root - WARNING - params:max_iter:30
2021-06-19 16:50:19,566 - root - WARNING - perplexity:1509.824808891029
2021-06-19 16:50:19,568 - root - WARNING - coherance:[0.7350968599099543, 0.7845753091726001, 0.7725527557313623, 0.7699715480204795, 0.8080870269923792, 0.6992359754563251, 0.7859111346420293, 0.7683162227002579, 0.7931302909000545, 0.7795316937888966]
2021-06-19 17:12:02,370 - root - WARNING - MIN_DF:30
2021-06-19 17:12:02,393 - root - WARNING - params:n_components:10
2021-06-19 17:12:02,396 - root - WARNING - params:topic_word_prior:0.01
2021-06-19 17:12:02,399 - root - WARNING - params:batch_size:2000
2021-06-19 17:12:02,401 - root - WARNING - params:max_iter:30
2021-06-19 17:12:02,404 - root - WARNING - perplexity:1403.0275704996725
2021-06-19 17:12:02,406 - root - WARNING - coherance:[0.688110084539649, 0.7686155074814676, 0.7354675692878866, 0.7642972712657515, 0.7780712169503837, 0.5911980429521052, 0.7684530102627998, 0.7691490754527319, 0.7702857741977749, 0.7682566589004868]
2021-06-19 17:30:49,611 - root - WARNING - MIN_DF:30
2021-06-19 17:30:49,638 - root - WARNING - params:n_components:10
2021-06-19 17:30:49,641 - root - WARNING - params:topic_word_prior:0.02
2021-06-19 17:30:49,644 - root - WARNING - params:batch_size:500
2021-06-19 17:30:49,646 - root - WARNING - params:max_iter:30
2021-06-19 17:30:49,649 - root - WARNING - perplexity:1697.2877069325843
2021-06-19 17:30:49,651 - root - WARNING - coherance:[0.7216728298287008, 0.7714265767103199, 0.7878701329909374, 0.7933056961724984, 0.7888010617256157, 0.6428680184225505, 0.7717617713301904, 0.776316093780586, 0.7750619308502945, 0.7738374944022249]
2021-06-19 17:51:23,206 - root - WARNING - MIN_DF:30
2021-06-19 17:51:23,231 - root - WARNING - params:n_components:10
2021-06-19 17:51:23,234 - root - WARNING - params:topic_word_prior:0.02
2021-06-19 17:51:23,237 - root - WARNING - params:batch_size:1000
2021-06-19 17:51:23,240 - root - WARNING - params:max_iter:30
2021-06-19 17:51:23,242 - root - WARNING - perplexity:1500.3485721200107
2021-06-19 17:51:23,245 - root - WARNING - coherance:[0.7350968599099543, 0.7845753091726001, 0.7725527557313623, 0.7699715480204794, 0.8080870269923792, 0.6992359754563251, 0.7859111346420293, 0.7683162227002579, 0.7931302909000546, 0.7795316937888966]
2021-06-19 18:13:16,412 - root - WARNING - MIN_DF:30
2021-06-19 18:13:16,440 - root - WARNING - params:n_components:10
2021-06-19 18:13:16,443 - root - WARNING - params:topic_word_prior:0.02
2021-06-19 18:13:16,445 - root - WARNING - params:batch_size:2000
2021-06-19 18:13:16,448 - root - WARNING - params:max_iter:30
2021-06-19 18:13:16,450 - root - WARNING - perplexity:1392.360298373723
2021-06-19 18:13:16,452 - root - WARNING - coherance:[0.6728444373336059, 0.7597680026527047, 0.7402361204989505, 0.756089260079843, 0.770114633886586, 0.5412027788339361, 0.7598341494030638, 0.7602385285291775, 0.7701911130831705, 0.7595371074880839]
2021-06-19 18:29:53,200 - root - WARNING - MIN_DF:30
2021-06-19 18:29:53,228 - root - WARNING - params:n_components:10
2021-06-19 18:29:53,230 - root - WARNING - params:topic_word_prior:0.05
2021-06-19 18:29:53,233 - root - WARNING - params:batch_size:500
2021-06-19 18:29:53,235 - root - WARNING - params:max_iter:30
2021-06-19 18:29:53,237 - root - WARNING - perplexity:1684.8003960358594
2021-06-19 18:29:53,239 - root - WARNING - coherance:[0.7177079742554241, 0.7681565866653232, 0.7916571216798436, 0.7910202344868884, 0.7864516198023146, 0.6316408687417867, 0.76901847167793, 0.7858777716312746, 0.7787837394385423, 0.7601986033975335]
2021-06-19 18:50:53,662 - root - WARNING - MIN_DF:30
2021-06-19 18:50:53,685 - root - WARNING - params:n_components:10
2021-06-19 18:50:53,688 - root - WARNING - params:topic_word_prior:0.05
2021-06-19 18:50:53,691 - root - WARNING - params:batch_size:1000
2021-06-19 18:50:53,694 - root - WARNING - params:max_iter:30
2021-06-19 18:50:53,696 - root - WARNING - perplexity:1491.2880277903325
2021-06-19 18:50:53,699 - root - WARNING - coherance:[0.7354737381374169, 0.7848235014566477, 0.7728314261846454, 0.7760950920067712, 0.7821600777775017, 0.6996640983998482, 0.7861551055200756, 0.7665564373734918, 0.7933542047577841, 0.7797794175706365]
2021-06-19 19:13:22,949 - root - WARNING - MIN_DF:30
2021-06-19 19:13:22,973 - root - WARNING - params:n_components:10
2021-06-19 19:13:22,976 - root - WARNING - params:topic_word_prior:0.05
2021-06-19 19:13:22,978 - root - WARNING - params:batch_size:2000
2021-06-19 19:13:22,981 - root - WARNING - params:max_iter:30
2021-06-19 19:13:22,983 - root - WARNING - perplexity:1383.6192521350142
2021-06-19 19:13:22,985 - root - WARNING - coherance:[0.673133710424077, 0.7599370360729807, 0.740432358721706, 0.756266805776304, 0.7702670707708208, 0.541720552276716, 0.7599991766112243, 0.7604085300967003, 0.7616456664359288, 0.7597038295796559]
2021-06-19 19:29:12,359 - root - WARNING - MIN_DF:30
2021-06-19 19:29:12,379 - root - WARNING - params:n_components:10
2021-06-19 19:29:12,382 - root - WARNING - params:topic_word_prior:0.1
2021-06-19 19:29:12,385 - root - WARNING - params:batch_size:500
2021-06-19 19:29:12,387 - root - WARNING - params:max_iter:30
2021-06-19 19:29:12,390 - root - WARNING - perplexity:1667.566627770202
2021-06-19 19:29:12,393 - root - WARNING - coherance:[0.7168689115201698, 0.7716003025761522, 0.7830678468555011, 0.7885964716575824, 0.7674926126950798, 0.630220248413615, 0.7684368227832714, 0.7730556397755507, 0.7736415211975716, 0.7761639139539003]
2021-06-19 19:49:56,899 - root - WARNING - MIN_DF:30
2021-06-19 19:49:56,918 - root - WARNING - params:n_components:10
2021-06-19 19:49:56,921 - root - WARNING - params:topic_word_prior:0.1
2021-06-19 19:49:56,924 - root - WARNING - params:batch_size:1000
2021-06-19 19:49:56,926 - root - WARNING - params:max_iter:30
2021-06-19 19:49:56,928 - root - WARNING - perplexity:1483.842866062165
2021-06-19 19:49:56,931 - root - WARNING - coherance:[0.735261478980308, 0.7846837334078637, 0.7726744883123893, 0.7807435621215928, 0.7843975954911251, 0.6994229616596686, 0.7860177135880767, 0.7690441815317752, 0.7932281108937456, 0.7796399091318859]
2021-06-19 20:12:00,882 - root - WARNING - MIN_DF:30
2021-06-19 20:12:00,903 - root - WARNING - params:n_components:10
2021-06-19 20:12:00,906 - root - WARNING - params:topic_word_prior:0.1
2021-06-19 20:12:00,909 - root - WARNING - params:batch_size:2000
2021-06-19 20:12:00,911 - root - WARNING - params:max_iter:30
2021-06-19 20:12:00,913 - root - WARNING - perplexity:1380.1430735387228
2021-06-19 20:12:00,916 - root - WARNING - coherance:[0.6710357792097038, 0.759968109158662, 0.7256364100304328, 0.7454222313335281, 0.7702950911574663, 0.5418157778141094, 0.760029511709013, 0.7604397821469565, 0.7614356772204339, 0.759734477207417]
2021-06-19 20:26:21,409 - root - WARNING - MIN_DF:30
2021-06-19 20:26:21,435 - root - WARNING - params:n_components:10
2021-06-19 20:26:21,438 - root - WARNING - params:topic_word_prior:0.15
2021-06-19 20:26:21,441 - root - WARNING - params:batch_size:500
2021-06-19 20:26:21,443 - root - WARNING - params:max_iter:30
2021-06-19 20:26:21,446 - root - WARNING - perplexity:1657.71265301882
2021-06-19 20:26:21,448 - root - WARNING - coherance:[0.7182549599898574, 0.7725448605106222, 0.7839365838915812, 0.7915808811130587, 0.7725009219426333, 0.6325675825097016, 0.7673316105069656, 0.7739972353541668, 0.7742806480902977, 0.7683912417780684]
2021-06-19 20:46:36,479 - root - WARNING - MIN_DF:30
2021-06-19 20:46:36,505 - root - WARNING - params:n_components:10
2021-06-19 20:46:36,508 - root - WARNING - params:topic_word_prior:0.15
2021-06-19 20:46:36,511 - root - WARNING - params:batch_size:1000
2021-06-19 20:46:36,514 - root - WARNING - params:max_iter:30
2021-06-19 20:46:36,516 - root - WARNING - perplexity:1476.671660366171
2021-06-19 20:46:36,518 - root - WARNING - coherance:[0.7320099387403279, 0.7853316858429014, 0.7571254470523814, 0.7813618309536694, 0.7853003384088366, 0.7005417579400438, 0.7934497896065441, 0.7726300572639836, 0.793812629040313, 0.780286750093295]
2021-06-19 21:09:40,120 - root - WARNING - MIN_DF:30
2021-06-19 21:09:40,142 - root - WARNING - params:n_components:10
2021-06-19 21:09:40,145 - root - WARNING - params:topic_word_prior:0.15
2021-06-19 21:09:40,148 - root - WARNING - params:batch_size:2000
2021-06-19 21:09:40,150 - root - WARNING - params:max_iter:30
2021-06-19 21:09:40,153 - root - WARNING - perplexity:1382.3240969240326
2021-06-19 21:09:40,155 - root - WARNING - coherance:[0.6710357792097039, 0.7599681091586619, 0.732592909251726, 0.7454222313335281, 0.7702950911574663, 0.5418157778141094, 0.7600295117090128, 0.7604397821469565, 0.7614356772204338, 0.7597344772074173]
2021-06-19 21:27:05,564 - root - WARNING - MIN_DF:30
2021-06-19 21:27:05,592 - root - WARNING - params:n_components:10
2021-06-19 21:27:05,595 - root - WARNING - params:topic_word_prior:0.2
2021-06-19 21:27:05,597 - root - WARNING - params:batch_size:500
2021-06-19 21:27:05,600 - root - WARNING - params:max_iter:30
2021-06-19 21:27:05,602 - root - WARNING - perplexity:1634.4925308434372
2021-06-19 21:27:05,604 - root - WARNING - coherance:[0.720637247089291, 0.7741654199074032, 0.7918071406701406, 0.7924329690124253, 0.7709567530869876, 0.6691980123244441, 0.7690009082382862, 0.7756139512213507, 0.7738752873689366, 0.7797147170873361]
2021-06-19 21:48:05,182 - root - WARNING - MIN_DF:30
2021-06-19 21:48:05,203 - root - WARNING - params:n_components:10
2021-06-19 21:48:05,206 - root - WARNING - params:topic_word_prior:0.2
2021-06-19 21:48:05,209 - root - WARNING - params:batch_size:1000
2021-06-19 21:48:05,212 - root - WARNING - params:max_iter:30
2021-06-19 21:48:05,214 - root - WARNING - perplexity:1469.1135982232395
2021-06-19 21:48:05,216 - root - WARNING - coherance:[0.7249267835599665, 0.7687791710814217, 0.7637918603677333, 0.7823945457446447, 0.7792186592463721, 0.6878768242977605, 0.7786329122968108, 0.7595426182428251, 0.7892391665614407, 0.7680949535893185]
2021-06-19 22:11:13,935 - root - WARNING - MIN_DF:30
2021-06-19 22:11:13,960 - root - WARNING - params:n_components:10
2021-06-19 22:11:13,963 - root - WARNING - params:topic_word_prior:0.2
2021-06-19 22:11:13,966 - root - WARNING - params:batch_size:2000
2021-06-19 22:11:13,968 - root - WARNING - params:max_iter:30
2021-06-19 22:11:13,970 - root - WARNING - perplexity:1385.8882984876868
2021-06-19 22:11:13,973 - root - WARNING - coherance:[0.6709636362524238, 0.7594522890730031, 0.7325407791260499, 0.7437671376475665, 0.7702572673298624, 0.5416872395804729, 0.7599885633562053, 0.7603975962187436, 0.7613936134400687, 0.7596931070524363]
2021-06-19 22:31:59,069 - root - WARNING - MIN_DF:30
2021-06-19 22:31:59,094 - root - WARNING - params:n_components:10
2021-06-19 22:31:59,097 - root - WARNING - params:topic_word_prior:0.25
2021-06-19 22:31:59,100 - root - WARNING - params:batch_size:500
2021-06-19 22:31:59,102 - root - WARNING - params:max_iter:30
2021-06-19 22:31:59,104 - root - WARNING - perplexity:1590.402780382418
2021-06-19 22:31:59,107 - root - WARNING - coherance:[0.7147285487605946, 0.7720463306508417, 0.7886495294091687, 0.7771480376065977, 0.7716984354823146, 0.6221750883499416, 0.7755558660374907, 0.7562982703436891, 0.7651684827473506, 0.7756888198124436]
2021-06-19 22:53:48,717 - root - WARNING - MIN_DF:30
2021-06-19 22:53:48,746 - root - WARNING - params:n_components:10
2021-06-19 22:53:48,749 - root - WARNING - params:topic_word_prior:0.25
2021-06-19 22:53:48,752 - root - WARNING - params:batch_size:1000
2021-06-19 22:53:48,755 - root - WARNING - params:max_iter:30
2021-06-19 22:53:48,757 - root - WARNING - perplexity:1452.8885848795023
2021-06-19 22:53:48,759 - root - WARNING - coherance:[0.7288111606320158, 0.7693614605971678, 0.7468103823249784, 0.7796856427965622, 0.7773187990733852, 0.6888648512997817, 0.7683840145865776, 0.760186324539227, 0.7897190580712637, 0.7686491769025638]
2021-06-19 23:16:58,681 - root - WARNING - MIN_DF:30
2021-06-19 23:16:58,705 - root - WARNING - params:n_components:10
2021-06-19 23:16:58,708 - root - WARNING - params:topic_word_prior:0.25
2021-06-19 23:16:58,711 - root - WARNING - params:batch_size:2000
2021-06-19 23:16:58,714 - root - WARNING - params:max_iter:30
2021-06-19 23:16:58,717 - root - WARNING - perplexity:1387.8469535765464
2021-06-19 23:16:58,719 - root - WARNING - coherance:[0.6706384295101536, 0.759262630977428, 0.7323057475850746, 0.7465715330942125, 0.7700867139649132, 0.5346278112474684, 0.7598039238743677, 0.7602073944831103, 0.764128084917463, 0.7595065725075263]
2021-06-19 23:38:18,556 - root - WARNING - MIN_DF:30
2021-06-19 23:38:18,582 - root - WARNING - params:n_components:10
2021-06-19 23:38:18,585 - root - WARNING - params:topic_word_prior:0.3
2021-06-19 23:38:18,588 - root - WARNING - params:batch_size:500
2021-06-19 23:38:18,590 - root - WARNING - params:max_iter:30
2021-06-19 23:38:18,593 - root - WARNING - perplexity:1527.9670496792905
2021-06-19 23:38:18,596 - root - WARNING - coherance:[0.7202343377217494, 0.7843916904088123, 0.7927143942485795, 0.7752173391371047, 0.7833367516527424, 0.6237457318474806, 0.7742687913133648, 0.7678560108607632, 0.783884857366874, 0.7759717886453278]
2021-06-20 00:00:27,995 - root - WARNING - MIN_DF:30
2021-06-20 00:00:28,029 - root - WARNING - params:n_components:10
2021-06-20 00:00:28,032 - root - WARNING - params:topic_word_prior:0.3
2021-06-20 00:00:28,035 - root - WARNING - params:batch_size:1000
2021-06-20 00:00:28,037 - root - WARNING - params:max_iter:30
2021-06-20 00:00:28,040 - root - WARNING - perplexity:1436.5498658859412
2021-06-20 00:00:28,041 - root - WARNING - coherance:[0.7241802438239086, 0.7794491216808126, 0.7468586302085856, 0.7829906569987538, 0.7777317483297392, 0.6760856566843083, 0.7684235672655881, 0.7602309054849063, 0.7951694317545658, 0.7680618078938279]
2021-06-20 00:24:04,622 - root - WARNING - MIN_DF:30
2021-06-20 00:24:04,648 - root - WARNING - params:n_components:10
2021-06-20 00:24:04,651 - root - WARNING - params:topic_word_prior:0.3
2021-06-20 00:24:04,653 - root - WARNING - params:batch_size:2000
2021-06-20 00:24:04,656 - root - WARNING - params:max_iter:30
2021-06-20 00:24:04,658 - root - WARNING - perplexity:1389.6538970195718
2021-06-20 00:24:04,661 - root - WARNING - coherance:[0.670603850642109, 0.7592424607513328, 0.7322807532019092, 0.7428185876584592, 0.7695664633107603, 0.5345643607264416, 0.7597842863461184, 0.7601871671157985, 0.7701433535918745, 0.7594867340899694]
2021-06-20 00:46:09,704 - root - WARNING - MIN_DF:30
2021-06-20 00:46:09,731 - root - WARNING - params:n_components:10
2021-06-20 00:46:09,735 - root - WARNING - params:topic_word_prior:0.4
2021-06-20 00:46:09,738 - root - WARNING - params:batch_size:500
2021-06-20 00:46:09,741 - root - WARNING - params:max_iter:30
2021-06-20 00:46:09,744 - root - WARNING - perplexity:1453.9578803760016
2021-06-20 00:46:09,747 - root - WARNING - coherance:[0.7115064375076614, 0.7721552636420361, 0.792948245712219, 0.7604009047669862, 0.7771993812382897, 0.6063632472917986, 0.7682687140201121, 0.7688327422828731, 0.7891595031855018, 0.7746125813756541]
2021-06-20 01:08:51,563 - root - WARNING - MIN_DF:30
2021-06-20 01:08:51,590 - root - WARNING - params:n_components:10
2021-06-20 01:08:51,593 - root - WARNING - params:topic_word_prior:0.4
2021-06-20 01:08:51,596 - root - WARNING - params:batch_size:1000
2021-06-20 01:08:51,598 - root - WARNING - params:max_iter:30
2021-06-20 01:08:51,601 - root - WARNING - perplexity:1419.5674329515464
2021-06-20 01:08:51,603 - root - WARNING - coherance:[0.7233044554471548, 0.7758548395135627, 0.7461108744892048, 0.7811020201194918, 0.7762656546086054, 0.6829570615822074, 0.7718015484938519, 0.7591223552853188, 0.796174734010205, 0.768092722324796]
2021-06-20 01:32:57,124 - root - WARNING - MIN_DF:30
2021-06-20 01:32:57,153 - root - WARNING - params:n_components:10
2021-06-20 01:32:57,156 - root - WARNING - params:topic_word_prior:0.4
2021-06-20 01:32:57,159 - root - WARNING - params:batch_size:2000
2021-06-20 01:32:57,163 - root - WARNING - params:max_iter:30
2021-06-20 01:32:57,165 - root - WARNING - perplexity:1392.8108037177342
2021-06-20 01:32:57,168 - root - WARNING - coherance:[0.6710227481847937, 0.7591061215814481, 0.7321118122038532, 0.7426673606425649, 0.7721022969714392, 0.5341356309069556, 0.7596515426951839, 0.7600504451066337, 0.7700162034270935, 0.7593526358263045]
