2021-07-03 18:08:07,061 - root - WARNING - MIN_DF:30
2021-07-03 18:08:07,518 - root - WARNING - params:batch_size:1500
2021-07-03 18:08:07,520 - root - WARNING - params:n_components:8
2021-07-03 18:08:07,522 - root - WARNING - params:topic_word_prior:0.5
2021-07-03 18:08:07,524 - root - WARNING - params:doc_topic_prior:0.03
2021-07-03 18:08:07,527 - root - WARNING - params:max_iter:50
2021-07-03 18:08:07,529 - root - WARNING - done n_iter:50
2021-07-03 18:08:07,531 - root - WARNING - perplexity:1537.0180829179965
2021-07-03 18:08:07,534 - root - WARNING - coherance:[0.8000221461903587, 0.7910815863003673, 0.7693302976187014, 0.7787918708947466, 0.7718872345258677, 0.6604042685015798, 0.7572544263978795, 0.7706399438101197]
2021-07-03 18:08:07,536 - root - WARNING - check all params:{'batch_size': 1500, 'doc_topic_prior': 0.03, 'evaluate_every': 1, 'learning_decay': 1.3, 'learning_method': 'online', 'learning_offset': 50, 'max_doc_update_iter': 100, 'max_iter': 50, 'mean_change_tol': 0.0001, 'n_components': 8, 'n_jobs': None, 'perp_tol': 0.1, 'random_state': 1, 'topic_word_prior': 0.5, 'total_samples': 1000000.0, 'verbose': 1}
2021-07-03 18:55:42,422 - root - WARNING - MIN_DF:30
2021-07-03 18:55:42,633 - root - WARNING - params:batch_size:1500
2021-07-03 18:55:42,637 - root - WARNING - params:n_components:8
2021-07-03 18:55:42,640 - root - WARNING - params:topic_word_prior:0.5
2021-07-03 18:55:42,642 - root - WARNING - params:doc_topic_prior:0.05
2021-07-03 18:55:42,645 - root - WARNING - params:max_iter:50
2021-07-03 18:55:42,647 - root - WARNING - done n_iter:50
2021-07-03 18:55:42,649 - root - WARNING - perplexity:1577.5415032507167
2021-07-03 18:55:42,651 - root - WARNING - coherance:[0.7769274430415866, 0.7706777529335136, 0.7163011313021113, 0.7408439459455, 0.7549435650726375, 0.6115679353694371, 0.7105190552679099, 0.55890454161666]
2021-07-03 18:55:42,653 - root - WARNING - check all params:{'batch_size': 1500, 'doc_topic_prior': 0.05, 'evaluate_every': 1, 'learning_decay': 1.3, 'learning_method': 'online', 'learning_offset': 50, 'max_doc_update_iter': 100, 'max_iter': 50, 'mean_change_tol': 0.0001, 'n_components': 8, 'n_jobs': None, 'perp_tol': 0.1, 'random_state': 1, 'topic_word_prior': 0.5, 'total_samples': 1000000.0, 'verbose': 1}
2021-07-03 19:46:08,597 - root - WARNING - MIN_DF:30
2021-07-03 19:46:08,620 - root - WARNING - params:batch_size:1500
2021-07-03 19:46:08,624 - root - WARNING - params:n_components:8
2021-07-03 19:46:08,627 - root - WARNING - params:topic_word_prior:0.5
2021-07-03 19:46:08,630 - root - WARNING - params:doc_topic_prior:0.15
2021-07-03 19:46:08,632 - root - WARNING - params:max_iter:50
2021-07-03 19:46:08,635 - root - WARNING - done n_iter:50
2021-07-03 19:46:08,637 - root - WARNING - perplexity:1696.3316468800056
2021-07-03 19:46:08,640 - root - WARNING - coherance:[0.7711111657742228, 0.762368985433042, 0.7371268598434588, 0.7397085893608277, 0.7347610643335687, 0.5680314307000727, 0.6949315456477548, 0.5015220132836602]
2021-07-03 19:46:08,642 - root - WARNING - check all params:{'batch_size': 1500, 'doc_topic_prior': 0.15, 'evaluate_every': 1, 'learning_decay': 1.3, 'learning_method': 'online', 'learning_offset': 50, 'max_doc_update_iter': 100, 'max_iter': 50, 'mean_change_tol': 0.0001, 'n_components': 8, 'n_jobs': None, 'perp_tol': 0.1, 'random_state': 1, 'topic_word_prior': 0.5, 'total_samples': 1000000.0, 'verbose': 1}
2021-07-03 20:46:48,329 - root - WARNING - MIN_DF:30
2021-07-03 20:46:48,356 - root - WARNING - params:batch_size:1500
2021-07-03 20:46:48,360 - root - WARNING - params:n_components:8
2021-07-03 20:46:48,363 - root - WARNING - params:topic_word_prior:0.5
2021-07-03 20:46:48,365 - root - WARNING - params:doc_topic_prior:0.3
2021-07-03 20:46:48,368 - root - WARNING - params:max_iter:50
2021-07-03 20:46:48,371 - root - WARNING - done n_iter:50
2021-07-03 20:46:48,373 - root - WARNING - perplexity:1797.2385042948022
2021-07-03 20:46:48,375 - root - WARNING - coherance:[0.7950876231155891, 0.7808671033622282, 0.7578201851369173, 0.7631744513389834, 0.7694142268194174, nan, 0.7355737509508306, 0.6838784706496298]
2021-07-03 20:46:48,378 - root - WARNING - check all params:{'batch_size': 1500, 'doc_topic_prior': 0.3, 'evaluate_every': 1, 'learning_decay': 1.3, 'learning_method': 'online', 'learning_offset': 50, 'max_doc_update_iter': 100, 'max_iter': 50, 'mean_change_tol': 0.0001, 'n_components': 8, 'n_jobs': None, 'perp_tol': 0.1, 'random_state': 1, 'topic_word_prior': 0.5, 'total_samples': 1000000.0, 'verbose': 1}
2021-07-03 21:44:12,171 - root - WARNING - MIN_DF:30
2021-07-03 21:44:12,459 - root - WARNING - params:batch_size:1500
2021-07-03 21:44:12,462 - root - WARNING - params:n_components:8
2021-07-03 21:44:12,464 - root - WARNING - params:topic_word_prior:0.5
2021-07-03 21:44:12,466 - root - WARNING - params:doc_topic_prior:0.4
2021-07-03 21:44:12,469 - root - WARNING - params:max_iter:50
2021-07-03 21:44:12,472 - root - WARNING - done n_iter:50
2021-07-03 21:44:12,475 - root - WARNING - perplexity:1786.6430651043295
2021-07-03 21:44:12,477 - root - WARNING - coherance:[0.7966351366487222, 0.7714604794346268, 0.7600487990232607, 0.7743304411708588, 0.7798462632887192, 0.6906191720759922, 0.7537574001402223, 0.6967950394410949]
2021-07-03 21:44:12,479 - root - WARNING - check all params:{'batch_size': 1500, 'doc_topic_prior': 0.4, 'evaluate_every': 1, 'learning_decay': 1.3, 'learning_method': 'online', 'learning_offset': 50, 'max_doc_update_iter': 100, 'max_iter': 50, 'mean_change_tol': 0.0001, 'n_components': 8, 'n_jobs': None, 'perp_tol': 0.1, 'random_state': 1, 'topic_word_prior': 0.5, 'total_samples': 1000000.0, 'verbose': 1}
2021-07-03 22:35:42,690 - root - WARNING - MIN_DF:30
2021-07-03 22:35:42,719 - root - WARNING - params:batch_size:1500
2021-07-03 22:35:42,723 - root - WARNING - params:n_components:8
2021-07-03 22:35:42,725 - root - WARNING - params:topic_word_prior:0.5
2021-07-03 22:35:42,728 - root - WARNING - params:doc_topic_prior:0.5
2021-07-03 22:35:42,731 - root - WARNING - params:max_iter:50
2021-07-03 22:35:42,733 - root - WARNING - done n_iter:50
2021-07-03 22:35:42,736 - root - WARNING - perplexity:1816.7127138940807
2021-07-03 22:35:42,738 - root - WARNING - coherance:[0.7950674388197444, 0.7875441256905271, 0.7742052343818222, 0.7719316090622157, 0.8079655850490832, 0.6934824471279989, 0.7597667023142028, 0.7303942235213199]
2021-07-03 22:35:42,741 - root - WARNING - check all params:{'batch_size': 1500, 'doc_topic_prior': 0.5, 'evaluate_every': 1, 'learning_decay': 1.3, 'learning_method': 'online', 'learning_offset': 50, 'max_doc_update_iter': 100, 'max_iter': 50, 'mean_change_tol': 0.0001, 'n_components': 8, 'n_jobs': None, 'perp_tol': 0.1, 'random_state': 1, 'topic_word_prior': 0.5, 'total_samples': 1000000.0, 'verbose': 1}
2021-07-03 23:25:02,633 - root - WARNING - MIN_DF:30
2021-07-03 23:25:02,717 - root - WARNING - params:batch_size:1500
2021-07-03 23:25:02,721 - root - WARNING - params:n_components:8
2021-07-03 23:25:02,723 - root - WARNING - params:topic_word_prior:0.5
2021-07-03 23:25:02,726 - root - WARNING - params:doc_topic_prior:0.6
2021-07-03 23:25:02,729 - root - WARNING - params:max_iter:50
2021-07-03 23:25:02,732 - root - WARNING - done n_iter:50
2021-07-03 23:25:02,734 - root - WARNING - perplexity:1782.387227276681
2021-07-03 23:25:02,736 - root - WARNING - coherance:[0.8010789955347632, 0.7897118845246143, nan, 0.740241543614957, 0.7981185885908945, 0.6945899455965977, 0.7544229445278244, 0.7679606290609524]
2021-07-03 23:25:02,738 - root - WARNING - check all params:{'batch_size': 1500, 'doc_topic_prior': 0.6, 'evaluate_every': 1, 'learning_decay': 1.3, 'learning_method': 'online', 'learning_offset': 50, 'max_doc_update_iter': 100, 'max_iter': 50, 'mean_change_tol': 0.0001, 'n_components': 8, 'n_jobs': None, 'perp_tol': 0.1, 'random_state': 1, 'topic_word_prior': 0.5, 'total_samples': 1000000.0, 'verbose': 1}
2021-07-04 00:09:44,659 - root - WARNING - MIN_DF:30
2021-07-04 00:09:44,845 - root - WARNING - params:batch_size:1500
2021-07-04 00:09:44,848 - root - WARNING - params:n_components:8
2021-07-04 00:09:44,851 - root - WARNING - params:topic_word_prior:0.5
2021-07-04 00:09:44,854 - root - WARNING - params:doc_topic_prior:0.8
2021-07-04 00:09:44,856 - root - WARNING - params:max_iter:50
2021-07-04 00:09:44,859 - root - WARNING - done n_iter:50
2021-07-04 00:09:44,861 - root - WARNING - perplexity:1802.0506350645978
2021-07-04 00:09:44,864 - root - WARNING - coherance:[0.8038129215828201, 0.7897403012428431, 0.771461293067525, 0.7591962843733143, 0.7890602480122187, 0.7124735769749422, 0.7504489499072541, 0.767422128206919]
2021-07-04 00:09:44,867 - root - WARNING - check all params:{'batch_size': 1500, 'doc_topic_prior': 0.8, 'evaluate_every': 1, 'learning_decay': 1.3, 'learning_method': 'online', 'learning_offset': 50, 'max_doc_update_iter': 100, 'max_iter': 50, 'mean_change_tol': 0.0001, 'n_components': 8, 'n_jobs': None, 'perp_tol': 0.1, 'random_state': 1, 'topic_word_prior': 0.5, 'total_samples': 1000000.0, 'verbose': 1}
2021-07-04 00:53:53,063 - root - WARNING - MIN_DF:30
2021-07-04 00:53:53,089 - root - WARNING - params:batch_size:1500
2021-07-04 00:53:53,093 - root - WARNING - params:n_components:8
2021-07-04 00:53:53,095 - root - WARNING - params:topic_word_prior:0.6
2021-07-04 00:53:53,098 - root - WARNING - params:doc_topic_prior:0.01
2021-07-04 00:53:53,101 - root - WARNING - params:max_iter:50
2021-07-04 00:53:53,103 - root - WARNING - done n_iter:50
2021-07-04 00:53:53,106 - root - WARNING - perplexity:1566.5937486068385
2021-07-04 00:53:53,108 - root - WARNING - coherance:[0.7947737521324965, 0.7920555611110667, 0.756565590241945, 0.7832316669387182, 0.7729815242710865, 0.663023869247654, 0.741355853120611, 0.7272267743061194]
2021-07-04 00:53:53,111 - root - WARNING - check all params:{'batch_size': 1500, 'doc_topic_prior': 0.01, 'evaluate_every': 1, 'learning_decay': 1.3, 'learning_method': 'online', 'learning_offset': 50, 'max_doc_update_iter': 100, 'max_iter': 50, 'mean_change_tol': 0.0001, 'n_components': 8, 'n_jobs': None, 'perp_tol': 0.1, 'random_state': 1, 'topic_word_prior': 0.6, 'total_samples': 1000000.0, 'verbose': 1}
2021-07-04 01:40:31,650 - root - WARNING - MIN_DF:30
2021-07-04 01:40:31,678 - root - WARNING - params:batch_size:1500
2021-07-04 01:40:31,681 - root - WARNING - params:n_components:8
2021-07-04 01:40:31,684 - root - WARNING - params:topic_word_prior:0.6
2021-07-04 01:40:31,687 - root - WARNING - params:doc_topic_prior:0.03
2021-07-04 01:40:31,690 - root - WARNING - params:max_iter:50
2021-07-04 01:40:31,692 - root - WARNING - done n_iter:50
2021-07-04 01:40:31,695 - root - WARNING - perplexity:1539.6326376833229
2021-07-04 01:40:31,697 - root - WARNING - coherance:[0.7990597559121883, 0.7900369357350201, 0.7578968202471292, 0.7776557689010872, 0.7707143120151856, 0.6576006809202003, 0.7559003612188913, 0.7693756331443818]
2021-07-04 01:40:31,699 - root - WARNING - check all params:{'batch_size': 1500, 'doc_topic_prior': 0.03, 'evaluate_every': 1, 'learning_decay': 1.3, 'learning_method': 'online', 'learning_offset': 50, 'max_doc_update_iter': 100, 'max_iter': 50, 'mean_change_tol': 0.0001, 'n_components': 8, 'n_jobs': None, 'perp_tol': 0.1, 'random_state': 1, 'topic_word_prior': 0.6, 'total_samples': 1000000.0, 'verbose': 1}
2021-07-04 02:23:55,218 - root - WARNING - MIN_DF:30
2021-07-04 02:23:55,243 - root - WARNING - params:batch_size:1500
2021-07-04 02:23:55,246 - root - WARNING - params:n_components:8
2021-07-04 02:23:55,249 - root - WARNING - params:topic_word_prior:0.6
2021-07-04 02:23:55,252 - root - WARNING - params:doc_topic_prior:0.05
2021-07-04 02:23:55,255 - root - WARNING - params:max_iter:50
2021-07-04 02:23:55,257 - root - WARNING - done n_iter:50
2021-07-04 02:23:55,260 - root - WARNING - perplexity:1580.0723159581642
2021-07-04 02:23:55,262 - root - WARNING - coherance:[0.7769992924453833, 0.7707517130049883, 0.7227149448551665, 0.7409292797053981, 0.7550225046866845, 0.6117507894112545, 0.7106252813898319, 0.5591308696056031]
2021-07-04 02:23:55,265 - root - WARNING - check all params:{'batch_size': 1500, 'doc_topic_prior': 0.05, 'evaluate_every': 1, 'learning_decay': 1.3, 'learning_method': 'online', 'learning_offset': 50, 'max_doc_update_iter': 100, 'max_iter': 50, 'mean_change_tol': 0.0001, 'n_components': 8, 'n_jobs': None, 'perp_tol': 0.1, 'random_state': 1, 'topic_word_prior': 0.6, 'total_samples': 1000000.0, 'verbose': 1}
2021-07-04 03:14:59,461 - root - WARNING - MIN_DF:30
2021-07-04 03:14:59,622 - root - WARNING - params:batch_size:1500
2021-07-04 03:14:59,626 - root - WARNING - params:n_components:8
2021-07-04 03:14:59,629 - root - WARNING - params:topic_word_prior:0.6
2021-07-04 03:14:59,632 - root - WARNING - params:doc_topic_prior:0.15
2021-07-04 03:14:59,635 - root - WARNING - params:max_iter:50
2021-07-04 03:14:59,637 - root - WARNING - done n_iter:50
2021-07-04 03:14:59,640 - root - WARNING - perplexity:1700.4567894469199
2021-07-04 03:14:59,643 - root - WARNING - coherance:[0.7710150136089189, 0.7622692981566872, 0.7370158608786302, 0.7395938731055501, 0.7289081748788553, 0.5677720377329868, 0.6947862195203938, 0.5011913836508961]
2021-07-04 03:14:59,645 - root - WARNING - check all params:{'batch_size': 1500, 'doc_topic_prior': 0.15, 'evaluate_every': 1, 'learning_decay': 1.3, 'learning_method': 'online', 'learning_offset': 50, 'max_doc_update_iter': 100, 'max_iter': 50, 'mean_change_tol': 0.0001, 'n_components': 8, 'n_jobs': None, 'perp_tol': 0.1, 'random_state': 1, 'topic_word_prior': 0.6, 'total_samples': 1000000.0, 'verbose': 1}
2021-07-04 04:14:27,229 - root - WARNING - MIN_DF:30
2021-07-04 04:14:27,379 - root - WARNING - params:batch_size:1500
2021-07-04 04:14:27,383 - root - WARNING - params:n_components:8
2021-07-04 04:14:27,386 - root - WARNING - params:topic_word_prior:0.6
2021-07-04 04:14:27,403 - root - WARNING - params:doc_topic_prior:0.3
2021-07-04 04:14:27,406 - root - WARNING - params:max_iter:50
2021-07-04 04:14:27,408 - root - WARNING - done n_iter:50
2021-07-04 04:14:27,410 - root - WARNING - perplexity:1802.5518075513144
2021-07-04 04:14:27,413 - root - WARNING - coherance:[0.7950876231155891, 0.7808671033622282, 0.7578201851369173, 0.7631744513389834, 0.7694142268194174, nan, 0.7355737509508306, 0.6838784706496298]
2021-07-04 04:14:27,416 - root - WARNING - check all params:{'batch_size': 1500, 'doc_topic_prior': 0.3, 'evaluate_every': 1, 'learning_decay': 1.3, 'learning_method': 'online', 'learning_offset': 50, 'max_doc_update_iter': 100, 'max_iter': 50, 'mean_change_tol': 0.0001, 'n_components': 8, 'n_jobs': None, 'perp_tol': 0.1, 'random_state': 1, 'topic_word_prior': 0.6, 'total_samples': 1000000.0, 'verbose': 1}
2021-07-04 05:12:24,463 - root - WARNING - MIN_DF:30
2021-07-04 05:12:24,487 - root - WARNING - params:batch_size:1500
2021-07-04 05:12:24,491 - root - WARNING - params:n_components:8
2021-07-04 05:12:24,494 - root - WARNING - params:topic_word_prior:0.6
2021-07-04 05:12:24,497 - root - WARNING - params:doc_topic_prior:0.4
2021-07-04 05:12:24,500 - root - WARNING - params:max_iter:50
2021-07-04 05:12:24,502 - root - WARNING - done n_iter:50
2021-07-04 05:12:24,505 - root - WARNING - perplexity:1792.3646755075229
2021-07-04 05:12:24,508 - root - WARNING - coherance:[0.7969521404695603, 0.7718507927032867, 0.7604620304538515, 0.774720170707456, 0.794527984926895, 0.697423074265828, 0.7542236505501037, 0.6979098788816211]
2021-07-04 05:12:24,510 - root - WARNING - check all params:{'batch_size': 1500, 'doc_topic_prior': 0.4, 'evaluate_every': 1, 'learning_decay': 1.3, 'learning_method': 'online', 'learning_offset': 50, 'max_doc_update_iter': 100, 'max_iter': 50, 'mean_change_tol': 0.0001, 'n_components': 8, 'n_jobs': None, 'perp_tol': 0.1, 'random_state': 1, 'topic_word_prior': 0.6, 'total_samples': 1000000.0, 'verbose': 1}
2021-07-04 06:05:20,478 - root - WARNING - MIN_DF:30
2021-07-04 06:05:20,643 - root - WARNING - params:batch_size:1500
2021-07-04 06:05:20,651 - root - WARNING - params:n_components:8
2021-07-04 06:05:20,653 - root - WARNING - params:topic_word_prior:0.6
2021-07-04 06:05:20,656 - root - WARNING - params:doc_topic_prior:0.5
2021-07-04 06:05:20,658 - root - WARNING - params:max_iter:50
2021-07-04 06:05:20,661 - root - WARNING - done n_iter:50
2021-07-04 06:05:20,663 - root - WARNING - perplexity:1822.3558906404357
2021-07-04 06:05:20,666 - root - WARNING - coherance:[0.7950674388197444, 0.7875441256905271, 0.7742052343818222, 0.7719316090622158, 0.807965585049083, 0.6934824471279988, 0.7597667023142028, 0.73039422352132]
2021-07-04 06:05:20,668 - root - WARNING - check all params:{'batch_size': 1500, 'doc_topic_prior': 0.5, 'evaluate_every': 1, 'learning_decay': 1.3, 'learning_method': 'online', 'learning_offset': 50, 'max_doc_update_iter': 100, 'max_iter': 50, 'mean_change_tol': 0.0001, 'n_components': 8, 'n_jobs': None, 'perp_tol': 0.1, 'random_state': 1, 'topic_word_prior': 0.6, 'total_samples': 1000000.0, 'verbose': 1}
2021-07-04 06:56:08,457 - root - WARNING - MIN_DF:30
2021-07-04 06:56:08,688 - root - WARNING - params:batch_size:1500
2021-07-04 06:56:08,692 - root - WARNING - params:n_components:8
2021-07-04 06:56:08,695 - root - WARNING - params:topic_word_prior:0.6
2021-07-04 06:56:08,698 - root - WARNING - params:doc_topic_prior:0.6
2021-07-04 06:56:08,701 - root - WARNING - params:max_iter:50
2021-07-04 06:56:08,703 - root - WARNING - done n_iter:50
2021-07-04 06:56:08,706 - root - WARNING - perplexity:1787.9895055613713
2021-07-04 06:56:08,709 - root - WARNING - coherance:[0.8010965854202483, 0.7908601364160376, nan, 0.7402694155322498, 0.7981359552808763, 0.6946334396348746, 0.7544482791514364, 0.7679840191360217]
2021-07-04 06:56:08,711 - root - WARNING - check all params:{'batch_size': 1500, 'doc_topic_prior': 0.6, 'evaluate_every': 1, 'learning_decay': 1.3, 'learning_method': 'online', 'learning_offset': 50, 'max_doc_update_iter': 100, 'max_iter': 50, 'mean_change_tol': 0.0001, 'n_components': 8, 'n_jobs': None, 'perp_tol': 0.1, 'random_state': 1, 'topic_word_prior': 0.6, 'total_samples': 1000000.0, 'verbose': 1}
2021-07-04 07:43:13,100 - root - WARNING - MIN_DF:30
2021-07-04 07:43:13,366 - root - WARNING - params:batch_size:1500
2021-07-04 07:43:13,370 - root - WARNING - params:n_components:8
2021-07-04 07:43:13,373 - root - WARNING - params:topic_word_prior:0.6
2021-07-04 07:43:13,376 - root - WARNING - params:doc_topic_prior:0.8
2021-07-04 07:43:13,379 - root - WARNING - params:max_iter:50
2021-07-04 07:43:13,381 - root - WARNING - done n_iter:50
2021-07-04 07:43:13,384 - root - WARNING - perplexity:1806.352115343499
2021-07-04 07:43:13,386 - root - WARNING - coherance:[0.8036456144159443, 0.789552627507693, 0.771236322688105, 0.756290901074034, 0.7888778411204032, 0.712084638465085, 0.7501954794166508, 0.7634684254647655]
2021-07-04 07:43:13,389 - root - WARNING - check all params:{'batch_size': 1500, 'doc_topic_prior': 0.8, 'evaluate_every': 1, 'learning_decay': 1.3, 'learning_method': 'online', 'learning_offset': 50, 'max_doc_update_iter': 100, 'max_iter': 50, 'mean_change_tol': 0.0001, 'n_components': 8, 'n_jobs': None, 'perp_tol': 0.1, 'random_state': 1, 'topic_word_prior': 0.6, 'total_samples': 1000000.0, 'verbose': 1}
2021-07-04 08:30:20,512 - root - WARNING - MIN_DF:30
2021-07-04 08:30:20,778 - root - WARNING - params:batch_size:1500
2021-07-04 08:30:20,781 - root - WARNING - params:n_components:8
2021-07-04 08:30:20,784 - root - WARNING - params:topic_word_prior:0.8
2021-07-04 08:30:20,787 - root - WARNING - params:doc_topic_prior:0.01
2021-07-04 08:30:20,790 - root - WARNING - params:max_iter:50
2021-07-04 08:30:20,792 - root - WARNING - done n_iter:50
2021-07-04 08:30:20,795 - root - WARNING - perplexity:1572.7768773601538
2021-07-04 08:30:20,797 - root - WARNING - coherance:[0.793897517075831, 0.7911571595774572, 0.7536329257320363, 0.782291456958503, 0.7719721183805885, 0.6606073360909652, 0.7400631664066939, 0.700847532940835]
2021-07-04 08:30:20,800 - root - WARNING - check all params:{'batch_size': 1500, 'doc_topic_prior': 0.01, 'evaluate_every': 1, 'learning_decay': 1.3, 'learning_method': 'online', 'learning_offset': 50, 'max_doc_update_iter': 100, 'max_iter': 50, 'mean_change_tol': 0.0001, 'n_components': 8, 'n_jobs': None, 'perp_tol': 0.1, 'random_state': 1, 'topic_word_prior': 0.8, 'total_samples': 1000000.0, 'verbose': 1}
2021-07-04 09:16:43,386 - root - WARNING - MIN_DF:30
2021-07-04 09:16:43,414 - root - WARNING - params:batch_size:1500
2021-07-04 09:16:43,417 - root - WARNING - params:n_components:8
2021-07-04 09:16:43,419 - root - WARNING - params:topic_word_prior:0.8
2021-07-04 09:16:43,421 - root - WARNING - params:doc_topic_prior:0.03
2021-07-04 09:16:43,427 - root - WARNING - params:max_iter:50
2021-07-04 09:16:43,430 - root - WARNING - done n_iter:50
2021-07-04 09:16:43,433 - root - WARNING - perplexity:1547.25120019259
2021-07-04 09:16:43,435 - root - WARNING - coherance:[0.7990597559121883, 0.7900369357350201, 0.7578968202471292, 0.7776557689010872, 0.7707143120151857, 0.6576006809202003, 0.7559003612188913, 0.7693756331443817]
2021-07-04 09:16:43,438 - root - WARNING - check all params:{'batch_size': 1500, 'doc_topic_prior': 0.03, 'evaluate_every': 1, 'learning_decay': 1.3, 'learning_method': 'online', 'learning_offset': 50, 'max_doc_update_iter': 100, 'max_iter': 50, 'mean_change_tol': 0.0001, 'n_components': 8, 'n_jobs': None, 'perp_tol': 0.1, 'random_state': 1, 'topic_word_prior': 0.8, 'total_samples': 1000000.0, 'verbose': 1}
2021-07-04 10:03:34,344 - root - WARNING - MIN_DF:30
2021-07-04 10:03:34,379 - root - WARNING - params:batch_size:1500
2021-07-04 10:03:34,382 - root - WARNING - params:n_components:8
2021-07-04 10:03:34,385 - root - WARNING - params:topic_word_prior:0.8
2021-07-04 10:03:34,388 - root - WARNING - params:doc_topic_prior:0.05
2021-07-04 10:03:34,390 - root - WARNING - params:max_iter:50
2021-07-04 10:03:34,393 - root - WARNING - done n_iter:50
2021-07-04 10:03:34,396 - root - WARNING - perplexity:1587.8406719493878
2021-07-04 10:03:34,398 - root - WARNING - coherance:[0.7769191587083534, 0.7706692258261962, 0.7226121311860083, 0.7530487168846223, 0.7549344639997323, 0.6115468562373111, 0.7105068086956674, 0.5588784539165152]
2021-07-04 10:03:34,401 - root - WARNING - check all params:{'batch_size': 1500, 'doc_topic_prior': 0.05, 'evaluate_every': 1, 'learning_decay': 1.3, 'learning_method': 'online', 'learning_offset': 50, 'max_doc_update_iter': 100, 'max_iter': 50, 'mean_change_tol': 0.0001, 'n_components': 8, 'n_jobs': None, 'perp_tol': 0.1, 'random_state': 1, 'topic_word_prior': 0.8, 'total_samples': 1000000.0, 'verbose': 1}
2021-07-04 10:55:22,073 - root - WARNING - MIN_DF:30
2021-07-04 10:55:22,115 - root - WARNING - params:batch_size:1500
2021-07-04 10:55:22,118 - root - WARNING - params:n_components:8
2021-07-04 10:55:22,125 - root - WARNING - params:topic_word_prior:0.8
2021-07-04 10:55:22,128 - root - WARNING - params:doc_topic_prior:0.15
2021-07-04 10:55:22,130 - root - WARNING - params:max_iter:50
2021-07-04 10:55:22,133 - root - WARNING - done n_iter:50
2021-07-04 10:55:22,136 - root - WARNING - perplexity:1711.4834320289322
2021-07-04 10:55:22,138 - root - WARNING - coherance:[0.7718090203930639, 0.7630927940317436, 0.73793305802222, 0.7405414217477099, 0.7298989152130698, 0.569918740006996, 0.6959872873244377, 0.5208695837795866]
2021-07-04 10:55:22,141 - root - WARNING - check all params:{'batch_size': 1500, 'doc_topic_prior': 0.15, 'evaluate_every': 1, 'learning_decay': 1.3, 'learning_method': 'online', 'learning_offset': 50, 'max_doc_update_iter': 100, 'max_iter': 50, 'mean_change_tol': 0.0001, 'n_components': 8, 'n_jobs': None, 'perp_tol': 0.1, 'random_state': 1, 'topic_word_prior': 0.8, 'total_samples': 1000000.0, 'verbose': 1}
2021-07-04 11:58:11,971 - root - WARNING - MIN_DF:30
2021-07-04 11:58:12,319 - root - WARNING - params:batch_size:1500
2021-07-04 11:58:12,322 - root - WARNING - params:n_components:8
2021-07-04 11:58:12,324 - root - WARNING - params:topic_word_prior:0.8
2021-07-04 11:58:12,327 - root - WARNING - params:doc_topic_prior:0.3
2021-07-04 11:58:12,329 - root - WARNING - params:max_iter:50
2021-07-04 11:58:12,331 - root - WARNING - done n_iter:50
2021-07-04 11:58:12,333 - root - WARNING - perplexity:1816.191752535945
2021-07-04 11:58:12,335 - root - WARNING - coherance:[0.7950508692342545, 0.7808263077184737, 0.7577745814000953, 0.763128026588096, 0.7693706694930122, nan, 0.7355160177536615, 0.6837957267434975]
2021-07-04 11:58:12,338 - root - WARNING - check all params:{'batch_size': 1500, 'doc_topic_prior': 0.3, 'evaluate_every': 1, 'learning_decay': 1.3, 'learning_method': 'online', 'learning_offset': 50, 'max_doc_update_iter': 100, 'max_iter': 50, 'mean_change_tol': 0.0001, 'n_components': 8, 'n_jobs': None, 'perp_tol': 0.1, 'random_state': 1, 'topic_word_prior': 0.8, 'total_samples': 1000000.0, 'verbose': 1}
2021-07-04 12:56:56,121 - root - WARNING - MIN_DF:30
2021-07-04 12:56:56,384 - root - WARNING - params:batch_size:1500
2021-07-04 12:56:56,388 - root - WARNING - params:n_components:8
2021-07-04 12:56:56,391 - root - WARNING - params:topic_word_prior:0.8
2021-07-04 12:56:56,394 - root - WARNING - params:doc_topic_prior:0.4
2021-07-04 12:56:56,397 - root - WARNING - params:max_iter:50
2021-07-04 12:56:56,400 - root - WARNING - done n_iter:50
2021-07-04 12:56:56,402 - root - WARNING - perplexity:1806.8064603531564
2021-07-04 12:56:56,405 - root - WARNING - coherance:[0.7996296643079761, 0.771578562883755, 0.7601738069043649, 0.7744483601031152, 0.7942965014846959, 0.6969228598255082, 0.7538984543552378, 0.6974192475976125]
2021-07-04 12:56:56,408 - root - WARNING - check all params:{'batch_size': 1500, 'doc_topic_prior': 0.4, 'evaluate_every': 1, 'learning_decay': 1.3, 'learning_method': 'online', 'learning_offset': 50, 'max_doc_update_iter': 100, 'max_iter': 50, 'mean_change_tol': 0.0001, 'n_components': 8, 'n_jobs': None, 'perp_tol': 0.1, 'random_state': 1, 'topic_word_prior': 0.8, 'total_samples': 1000000.0, 'verbose': 1}
2021-07-04 13:50:16,642 - root - WARNING - MIN_DF:30
2021-07-04 13:50:16,678 - root - WARNING - params:batch_size:1500
2021-07-04 13:50:16,682 - root - WARNING - params:n_components:8
2021-07-04 13:50:16,685 - root - WARNING - params:topic_word_prior:0.8
2021-07-04 13:50:16,689 - root - WARNING - params:doc_topic_prior:0.5
2021-07-04 13:50:16,691 - root - WARNING - params:max_iter:50
2021-07-04 13:50:16,694 - root - WARNING - done n_iter:50
2021-07-04 13:50:16,697 - root - WARNING - perplexity:1836.877601357485
2021-07-04 13:50:16,700 - root - WARNING - coherance:[0.7945030921247709, 0.7869305511697583, 0.7735227874597275, 0.7712379043519022, 0.8074671899443316, 0.6921042769520123, 0.7590087344628986, 0.7265597594709685]
2021-07-04 13:50:16,703 - root - WARNING - check all params:{'batch_size': 1500, 'doc_topic_prior': 0.5, 'evaluate_every': 1, 'learning_decay': 1.3, 'learning_method': 'online', 'learning_offset': 50, 'max_doc_update_iter': 100, 'max_iter': 50, 'mean_change_tol': 0.0001, 'n_components': 8, 'n_jobs': None, 'perp_tol': 0.1, 'random_state': 1, 'topic_word_prior': 0.8, 'total_samples': 1000000.0, 'verbose': 1}
2021-07-04 14:39:15,204 - root - WARNING - MIN_DF:30
2021-07-04 14:39:15,246 - root - WARNING - params:batch_size:1500
2021-07-04 14:39:15,250 - root - WARNING - params:n_components:8
2021-07-04 14:39:15,253 - root - WARNING - params:topic_word_prior:0.8
2021-07-04 14:39:15,256 - root - WARNING - params:doc_topic_prior:0.6
2021-07-04 14:39:15,259 - root - WARNING - params:max_iter:50
2021-07-04 14:39:15,262 - root - WARNING - done n_iter:50
2021-07-04 14:39:15,265 - root - WARNING - perplexity:1802.5400976703338
2021-07-04 14:39:15,267 - root - WARNING - coherance:[0.8043059639864207, 0.7907794321009977, nan, 0.7401518186997623, 0.7980626801812027, 0.6944499365060216, 0.7543413877973213, 0.7678853342505108]
2021-07-04 14:39:15,270 - root - WARNING - check all params:{'batch_size': 1500, 'doc_topic_prior': 0.6, 'evaluate_every': 1, 'learning_decay': 1.3, 'learning_method': 'online', 'learning_offset': 50, 'max_doc_update_iter': 100, 'max_iter': 50, 'mean_change_tol': 0.0001, 'n_components': 8, 'n_jobs': None, 'perp_tol': 0.1, 'random_state': 1, 'topic_word_prior': 0.8, 'total_samples': 1000000.0, 'verbose': 1}
2021-07-04 15:26:14,248 - root - WARNING - MIN_DF:30
2021-07-04 15:26:14,566 - root - WARNING - params:batch_size:1500
2021-07-04 15:26:14,569 - root - WARNING - params:n_components:8
2021-07-04 15:26:14,572 - root - WARNING - params:topic_word_prior:0.8
2021-07-04 15:26:14,574 - root - WARNING - params:doc_topic_prior:0.8
2021-07-04 15:26:14,576 - root - WARNING - params:max_iter:50
2021-07-04 15:26:14,578 - root - WARNING - done n_iter:50
2021-07-04 15:26:14,581 - root - WARNING - perplexity:1818.6532616177244
2021-07-04 15:26:14,599 - root - WARNING - coherance:[0.8036336888379199, 0.7895392527759713, 0.7712202913296471, 0.756273546776653, 0.7891327605569494, 0.7120569242094381, 0.7501774168872453, 0.7634517642433334]
2021-07-04 15:26:14,602 - root - WARNING - check all params:{'batch_size': 1500, 'doc_topic_prior': 0.8, 'evaluate_every': 1, 'learning_decay': 1.3, 'learning_method': 'online', 'learning_offset': 50, 'max_doc_update_iter': 100, 'max_iter': 50, 'mean_change_tol': 0.0001, 'n_components': 8, 'n_jobs': None, 'perp_tol': 0.1, 'random_state': 1, 'topic_word_prior': 0.8, 'total_samples': 1000000.0, 'verbose': 1}
