2021-07-04 05:28:30,486 - root - WARNING - MIN_DF:30
2021-07-04 05:28:30,837 - root - WARNING - params:batch_size:4000
2021-07-04 05:28:30,842 - root - WARNING - params:n_components:10
2021-07-04 05:28:30,846 - root - WARNING - params:topic_word_prior:0.3
2021-07-04 05:28:30,851 - root - WARNING - params:doc_topic_prior:0.05
2021-07-04 05:28:30,853 - root - WARNING - params:max_iter:50
2021-07-04 05:28:30,856 - root - WARNING - done n_iter:33
2021-07-04 05:28:30,859 - root - WARNING - perplexity:1387.8121900695292
2021-07-04 05:28:30,862 - root - WARNING - coherance:[0.694563190710055, 0.775307223068733, 0.7698983454434009, 0.7618179628034805, 0.7910109634460983, 0.7680401970045433, 0.7747556556766025, 0.7739154011025967, 0.7115572837495002, 0.7679097555313177]
2021-07-04 05:28:30,866 - root - WARNING - check all params:{'batch_size': 4000, 'doc_topic_prior': 0.05, 'evaluate_every': 1, 'learning_decay': 0.7, 'learning_method': 'online', 'learning_offset': 50, 'max_doc_update_iter': 100, 'max_iter': 50, 'mean_change_tol': 0.0001, 'n_components': 10, 'n_jobs': None, 'perp_tol': 0.1, 'random_state': 1, 'topic_word_prior': 0.3, 'total_samples': 1000000.0, 'verbose': 1}
2021-07-04 06:02:01,207 - root - WARNING - MIN_DF:30
2021-07-04 06:02:01,822 - root - WARNING - params:batch_size:4000
2021-07-04 06:02:01,827 - root - WARNING - params:n_components:10
2021-07-04 06:02:01,831 - root - WARNING - params:topic_word_prior:0.3
2021-07-04 06:02:01,834 - root - WARNING - params:doc_topic_prior:0.15
2021-07-04 06:02:01,838 - root - WARNING - params:max_iter:50
2021-07-04 06:02:01,842 - root - WARNING - done n_iter:50
2021-07-04 06:02:01,846 - root - WARNING - perplexity:1387.6429599318765
2021-07-04 06:02:01,849 - root - WARNING - coherance:[0.6986425182290235, 0.7775718599259855, 0.7689252528081518, 0.7790084936813244, 0.8009636770362999, 0.6991910100020287, 0.7769582537844082, 0.7759669507136249, 0.7903400219118483, 0.771023720487634]
2021-07-04 06:02:01,853 - root - WARNING - check all params:{'batch_size': 4000, 'doc_topic_prior': 0.15, 'evaluate_every': 1, 'learning_decay': 0.7, 'learning_method': 'online', 'learning_offset': 50, 'max_doc_update_iter': 100, 'max_iter': 50, 'mean_change_tol': 0.0001, 'n_components': 10, 'n_jobs': None, 'perp_tol': 0.1, 'random_state': 1, 'topic_word_prior': 0.3, 'total_samples': 1000000.0, 'verbose': 1}
2021-07-04 06:42:34,030 - root - WARNING - MIN_DF:30
2021-07-04 06:42:34,463 - root - WARNING - params:batch_size:4000
2021-07-04 06:42:34,467 - root - WARNING - params:n_components:10
2021-07-04 06:42:34,470 - root - WARNING - params:topic_word_prior:0.3
2021-07-04 06:42:34,473 - root - WARNING - params:doc_topic_prior:0.3
2021-07-04 06:42:34,476 - root - WARNING - params:max_iter:50
2021-07-04 06:42:34,479 - root - WARNING - done n_iter:50
2021-07-04 06:42:34,482 - root - WARNING - perplexity:1404.2443832666415
2021-07-04 06:42:34,486 - root - WARNING - coherance:[0.799565666937527, 0.7920298187705928, 0.7613597031420805, 0.7696635944195576, 0.7649818861551607, 0.7550500182015659, 0.7791447254126436, 0.7777556310761604, 0.6127781777390062, 0.7596753846751947]
2021-07-04 06:42:34,489 - root - WARNING - check all params:{'batch_size': 4000, 'doc_topic_prior': 0.3, 'evaluate_every': 1, 'learning_decay': 0.7, 'learning_method': 'online', 'learning_offset': 50, 'max_doc_update_iter': 100, 'max_iter': 50, 'mean_change_tol': 0.0001, 'n_components': 10, 'n_jobs': None, 'perp_tol': 0.1, 'random_state': 1, 'topic_word_prior': 0.3, 'total_samples': 1000000.0, 'verbose': 1}
