2021-06-30 10:05:53,685 - root - WARNING - MIN_DF:30
2021-06-30 10:05:53,689 - root - WARNING - params:batch_size:4000
2021-06-30 10:05:53,690 - root - WARNING - params:n_components:6
2021-06-30 10:05:53,690 - root - WARNING - params:topic_word_prior:0.3
2021-06-30 10:05:53,691 - root - WARNING - params:doc_topic_prior:0.8
2021-06-30 10:05:53,691 - root - WARNING - params:max_iter:50
2021-06-30 10:05:53,691 - root - WARNING - done n_iter:50
2021-06-30 10:05:53,691 - root - WARNING - perplexity:1456.369873248616
2021-06-30 10:05:53,692 - root - WARNING - coherance:[0.7778396222522598, 0.8006489438075693, 0.7832892711412548, 0.7903611559542284, 0.7727491240647526, 0.7870710558521499]
2021-06-30 10:05:53,692 - root - WARNING - check all params:{'batch_size': 4000, 'doc_topic_prior': 0.8, 'evaluate_every': 1, 'learning_decay': 0.7, 'learning_method': 'online', 'learning_offset': 50, 'max_doc_update_iter': 100, 'max_iter': 50, 'mean_change_tol': 0.0001, 'n_components': 6, 'n_jobs': None, 'perp_tol': 0.1, 'random_state': 1, 'topic_word_prior': 0.3, 'total_samples': 1000000.0, 'verbose': 1}
2021-06-30 10:28:07,660 - root - WARNING - MIN_DF:30
2021-06-30 10:28:07,666 - root - WARNING - params:batch_size:4000
2021-06-30 10:28:07,667 - root - WARNING - params:n_components:6
2021-06-30 10:28:07,668 - root - WARNING - params:topic_word_prior:0.4
2021-06-30 10:28:07,669 - root - WARNING - params:doc_topic_prior:0.05
2021-06-30 10:28:07,670 - root - WARNING - params:max_iter:50
2021-06-30 10:28:07,671 - root - WARNING - done n_iter:50
2021-06-30 10:28:07,672 - root - WARNING - perplexity:1410.9848410778266
2021-06-30 10:28:07,672 - root - WARNING - coherance:[0.7281056462819542, 0.8154578028359122, 0.7803632843646853, 0.8045932771208442, 0.7492372494259094, 0.7668809792009974]
2021-06-30 10:28:07,673 - root - WARNING - check all params:{'batch_size': 4000, 'doc_topic_prior': 0.05, 'evaluate_every': 1, 'learning_decay': 0.7, 'learning_method': 'online', 'learning_offset': 50, 'max_doc_update_iter': 100, 'max_iter': 50, 'mean_change_tol': 0.0001, 'n_components': 6, 'n_jobs': None, 'perp_tol': 0.1, 'random_state': 1, 'topic_word_prior': 0.4, 'total_samples': 1000000.0, 'verbose': 1}
2021-06-30 10:51:23,174 - root - WARNING - MIN_DF:30
2021-06-30 10:51:23,178 - root - WARNING - params:batch_size:4000
2021-06-30 10:51:23,178 - root - WARNING - params:n_components:6
2021-06-30 10:51:23,178 - root - WARNING - params:topic_word_prior:0.4
2021-06-30 10:51:23,179 - root - WARNING - params:doc_topic_prior:0.15
2021-06-30 10:51:23,179 - root - WARNING - params:max_iter:50
2021-06-30 10:51:23,179 - root - WARNING - done n_iter:50
2021-06-30 10:51:23,179 - root - WARNING - perplexity:1418.2268930438654
2021-06-30 10:51:23,180 - root - WARNING - coherance:[0.7525779451055963, 0.8022687586793781, 0.7860386903531278, 0.8054254073649867, 0.7521964634847094, 0.7851948687981649]
2021-06-30 10:51:23,181 - root - WARNING - check all params:{'batch_size': 4000, 'doc_topic_prior': 0.15, 'evaluate_every': 1, 'learning_decay': 0.7, 'learning_method': 'online', 'learning_offset': 50, 'max_doc_update_iter': 100, 'max_iter': 50, 'mean_change_tol': 0.0001, 'n_components': 6, 'n_jobs': None, 'perp_tol': 0.1, 'random_state': 1, 'topic_word_prior': 0.4, 'total_samples': 1000000.0, 'verbose': 1}
2021-06-30 11:17:53,996 - root - WARNING - MIN_DF:30
2021-06-30 11:17:54,001 - root - WARNING - params:batch_size:4000
2021-06-30 11:17:54,002 - root - WARNING - params:n_components:6
2021-06-30 11:17:54,003 - root - WARNING - params:topic_word_prior:0.4
2021-06-30 11:17:54,004 - root - WARNING - params:doc_topic_prior:0.3
2021-06-30 11:17:54,005 - root - WARNING - params:max_iter:50
2021-06-30 11:17:54,007 - root - WARNING - done n_iter:50
2021-06-30 11:17:54,008 - root - WARNING - perplexity:1469.8238872181782
2021-06-30 11:17:54,009 - root - WARNING - coherance:[0.762646874833439, 0.8114675666372364, 0.7802525800827285, 0.7672782606468372, 0.772111372806558, 0.7925669700703438]
2021-06-30 11:17:54,011 - root - WARNING - check all params:{'batch_size': 4000, 'doc_topic_prior': 0.3, 'evaluate_every': 1, 'learning_decay': 0.7, 'learning_method': 'online', 'learning_offset': 50, 'max_doc_update_iter': 100, 'max_iter': 50, 'mean_change_tol': 0.0001, 'n_components': 6, 'n_jobs': None, 'perp_tol': 0.1, 'random_state': 1, 'topic_word_prior': 0.4, 'total_samples': 1000000.0, 'verbose': 1}
2021-06-30 11:41:32,764 - root - WARNING - MIN_DF:30
2021-06-30 11:41:32,768 - root - WARNING - params:batch_size:4000
2021-06-30 11:41:32,769 - root - WARNING - params:n_components:6
2021-06-30 11:41:32,769 - root - WARNING - params:topic_word_prior:0.4
2021-06-30 11:41:32,770 - root - WARNING - params:doc_topic_prior:0.4
2021-06-30 11:41:32,770 - root - WARNING - params:max_iter:50
2021-06-30 11:41:32,770 - root - WARNING - done n_iter:50
2021-06-30 11:41:32,771 - root - WARNING - perplexity:1467.7233891730443
2021-06-30 11:41:32,771 - root - WARNING - coherance:[0.7782614576052151, 0.806932492216758, 0.7828691645206849, 0.7572659519685567, 0.7744856568746408, 0.8028362477483902]
2021-06-30 11:41:32,772 - root - WARNING - check all params:{'batch_size': 4000, 'doc_topic_prior': 0.4, 'evaluate_every': 1, 'learning_decay': 0.7, 'learning_method': 'online', 'learning_offset': 50, 'max_doc_update_iter': 100, 'max_iter': 50, 'mean_change_tol': 0.0001, 'n_components': 6, 'n_jobs': None, 'perp_tol': 0.1, 'random_state': 1, 'topic_word_prior': 0.4, 'total_samples': 1000000.0, 'verbose': 1}
2021-06-30 12:02:16,779 - root - WARNING - MIN_DF:30
2021-06-30 12:02:16,783 - root - WARNING - params:batch_size:4000
2021-06-30 12:02:16,784 - root - WARNING - params:n_components:6
2021-06-30 12:02:16,785 - root - WARNING - params:topic_word_prior:0.4
2021-06-30 12:02:16,785 - root - WARNING - params:doc_topic_prior:0.5
2021-06-30 12:02:16,785 - root - WARNING - params:max_iter:50
2021-06-30 12:02:16,786 - root - WARNING - done n_iter:50
2021-06-30 12:02:16,786 - root - WARNING - perplexity:1475.1246564782634
2021-06-30 12:02:16,787 - root - WARNING - coherance:[0.7783059282505794, 0.8094504085238471, 0.7892079264248424, 0.756104314004065, 0.77906653101267, 0.8016667787947643]
2021-06-30 12:02:16,788 - root - WARNING - check all params:{'batch_size': 4000, 'doc_topic_prior': 0.5, 'evaluate_every': 1, 'learning_decay': 0.7, 'learning_method': 'online', 'learning_offset': 50, 'max_doc_update_iter': 100, 'max_iter': 50, 'mean_change_tol': 0.0001, 'n_components': 6, 'n_jobs': None, 'perp_tol': 0.1, 'random_state': 1, 'topic_word_prior': 0.4, 'total_samples': 1000000.0, 'verbose': 1}
2021-06-30 12:21:52,202 - root - WARNING - MIN_DF:30
2021-06-30 12:21:52,208 - root - WARNING - params:batch_size:4000
2021-06-30 12:21:52,210 - root - WARNING - params:n_components:6
2021-06-30 12:21:52,211 - root - WARNING - params:topic_word_prior:0.4
2021-06-30 12:21:52,212 - root - WARNING - params:doc_topic_prior:0.6
2021-06-30 12:21:52,214 - root - WARNING - params:max_iter:50
2021-06-30 12:21:52,215 - root - WARNING - done n_iter:50
2021-06-30 12:21:52,216 - root - WARNING - perplexity:1462.6534286468186
2021-06-30 12:21:52,216 - root - WARNING - coherance:[0.782303155352527, 0.8004203871597341, 0.7878738947533526, 0.7938655366704481, 0.7724568614404057, 0.7869552486270903]
2021-06-30 12:21:52,217 - root - WARNING - check all params:{'batch_size': 4000, 'doc_topic_prior': 0.6, 'evaluate_every': 1, 'learning_decay': 0.7, 'learning_method': 'online', 'learning_offset': 50, 'max_doc_update_iter': 100, 'max_iter': 50, 'mean_change_tol': 0.0001, 'n_components': 6, 'n_jobs': None, 'perp_tol': 0.1, 'random_state': 1, 'topic_word_prior': 0.4, 'total_samples': 1000000.0, 'verbose': 1}
