2021-06-19 23:38:18,556 - root - WARNING - MIN_DF:30
2021-06-19 23:38:18,582 - root - WARNING - params:n_components:10
2021-06-19 23:38:18,585 - root - WARNING - params:topic_word_prior:0.3
2021-06-19 23:38:18,588 - root - WARNING - params:batch_size:500
2021-06-19 23:38:18,590 - root - WARNING - params:max_iter:30
2021-06-19 23:38:18,593 - root - WARNING - perplexity:1527.9670496792905
2021-06-19 23:38:18,596 - root - WARNING - coherance:[0.7202343377217494, 0.7843916904088123, 0.7927143942485795, 0.7752173391371047, 0.7833367516527424, 0.6237457318474806, 0.7742687913133648, 0.7678560108607632, 0.783884857366874, 0.7759717886453278]
2021-06-20 00:00:27,995 - root - WARNING - MIN_DF:30
2021-06-20 00:00:28,029 - root - WARNING - params:n_components:10
2021-06-20 00:00:28,032 - root - WARNING - params:topic_word_prior:0.3
2021-06-20 00:00:28,035 - root - WARNING - params:batch_size:1000
2021-06-20 00:00:28,037 - root - WARNING - params:max_iter:30
2021-06-20 00:00:28,040 - root - WARNING - perplexity:1436.5498658859412
2021-06-20 00:00:28,041 - root - WARNING - coherance:[0.7241802438239086, 0.7794491216808126, 0.7468586302085856, 0.7829906569987538, 0.7777317483297392, 0.6760856566843083, 0.7684235672655881, 0.7602309054849063, 0.7951694317545658, 0.7680618078938279]
2021-06-20 00:24:04,622 - root - WARNING - MIN_DF:30
2021-06-20 00:24:04,648 - root - WARNING - params:n_components:10
2021-06-20 00:24:04,651 - root - WARNING - params:topic_word_prior:0.3
2021-06-20 00:24:04,653 - root - WARNING - params:batch_size:2000
2021-06-20 00:24:04,656 - root - WARNING - params:max_iter:30
2021-06-20 00:24:04,658 - root - WARNING - perplexity:1389.6538970195718
2021-06-20 00:24:04,661 - root - WARNING - coherance:[0.670603850642109, 0.7592424607513328, 0.7322807532019092, 0.7428185876584592, 0.7695664633107603, 0.5345643607264416, 0.7597842863461184, 0.7601871671157985, 0.7701433535918745, 0.7594867340899694]
2021-06-20 00:46:09,704 - root - WARNING - MIN_DF:30
2021-06-20 00:46:09,731 - root - WARNING - params:n_components:10
2021-06-20 00:46:09,735 - root - WARNING - params:topic_word_prior:0.4
2021-06-20 00:46:09,738 - root - WARNING - params:batch_size:500
2021-06-20 00:46:09,741 - root - WARNING - params:max_iter:30
2021-06-20 00:46:09,744 - root - WARNING - perplexity:1453.9578803760016
2021-06-20 00:46:09,747 - root - WARNING - coherance:[0.7115064375076614, 0.7721552636420361, 0.792948245712219, 0.7604009047669862, 0.7771993812382897, 0.6063632472917986, 0.7682687140201121, 0.7688327422828731, 0.7891595031855018, 0.7746125813756541]
2021-06-20 01:08:51,563 - root - WARNING - MIN_DF:30
2021-06-20 01:08:51,590 - root - WARNING - params:n_components:10
2021-06-20 01:08:51,593 - root - WARNING - params:topic_word_prior:0.4
2021-06-20 01:08:51,596 - root - WARNING - params:batch_size:1000
2021-06-20 01:08:51,598 - root - WARNING - params:max_iter:30
2021-06-20 01:08:51,601 - root - WARNING - perplexity:1419.5674329515464
2021-06-20 01:08:51,603 - root - WARNING - coherance:[0.7233044554471548, 0.7758548395135627, 0.7461108744892048, 0.7811020201194918, 0.7762656546086054, 0.6829570615822074, 0.7718015484938519, 0.7591223552853188, 0.796174734010205, 0.768092722324796]
2021-06-20 01:32:57,124 - root - WARNING - MIN_DF:30
2021-06-20 01:32:57,153 - root - WARNING - params:n_components:10
2021-06-20 01:32:57,156 - root - WARNING - params:topic_word_prior:0.4
2021-06-20 01:32:57,159 - root - WARNING - params:batch_size:2000
2021-06-20 01:32:57,163 - root - WARNING - params:max_iter:30
2021-06-20 01:32:57,165 - root - WARNING - perplexity:1392.8108037177342
2021-06-20 01:32:57,168 - root - WARNING - coherance:[0.6710227481847937, 0.7591061215814481, 0.7321118122038532, 0.7426673606425649, 0.7721022969714392, 0.5341356309069556, 0.7596515426951839, 0.7600504451066337, 0.7700162034270935, 0.7593526358263045]
