2021-07-04 07:41:39,789 - root - WARNING - MIN_DF:30
2021-07-04 07:41:39,970 - root - WARNING - params:batch_size:3000
2021-07-04 07:41:39,973 - root - WARNING - params:n_components:24
2021-07-04 07:41:39,975 - root - WARNING - params:topic_word_prior:0.03
2021-07-04 07:41:39,977 - root - WARNING - params:doc_topic_prior:0.05
2021-07-04 07:41:39,979 - root - WARNING - params:max_iter:50
2021-07-04 07:41:39,981 - root - WARNING - done n_iter:50
2021-07-04 07:41:39,983 - root - WARNING - perplexity:2678.5250475869316
2021-07-04 07:41:39,985 - root - WARNING - coherance:[0.7013231375616193, nan, 0.7415362711818974, 0.7429753338250012, 0.7149032352373129, 0.6730780736346477, 0.7067087636932845, 0.7491980582801532, 0.6170801638187383, 0.7178310006431463, 0.775056023456792, 0.6781913658619716, 0.7324801342258824, 0.6915121161538723, 0.7533751504725654, 0.7626906274076739, 0.7329500862970499, 0.7266876685370491, 0.7354029033693974, 0.7502396073247065, 0.7595254584869338, 0.7228854232778598, 0.6983472366090001, 0.7483018455292466]
2021-07-04 07:41:39,987 - root - WARNING - check all params:{'batch_size': 3000, 'doc_topic_prior': 0.05, 'evaluate_every': 1, 'learning_decay': 1.3, 'learning_method': 'online', 'learning_offset': 50, 'max_doc_update_iter': 100, 'max_iter': 50, 'mean_change_tol': 0.0001, 'n_components': 24, 'n_jobs': None, 'perp_tol': 0.1, 'random_state': 1, 'topic_word_prior': 0.03, 'total_samples': 1000000.0, 'verbose': 1}
2021-07-04 08:35:15,537 - root - WARNING - MIN_DF:30
2021-07-04 08:35:15,554 - root - WARNING - params:batch_size:3000
2021-07-04 08:35:15,557 - root - WARNING - params:n_components:24
2021-07-04 08:35:15,559 - root - WARNING - params:topic_word_prior:0.03
2021-07-04 08:35:15,561 - root - WARNING - params:doc_topic_prior:0.15
2021-07-04 08:35:15,564 - root - WARNING - params:max_iter:50
2021-07-04 08:35:15,566 - root - WARNING - done n_iter:50
2021-07-04 08:35:15,567 - root - WARNING - perplexity:3337.353160046526
2021-07-04 08:35:15,569 - root - WARNING - coherance:[0.7042132140148417, 0.7296390932793451, 0.7425052614350134, 0.7486644296278512, 0.7159524640674949, 0.7400433253338294, 0.7302406987262348, 0.7625094412708975, 0.6543877778432436, 0.6544838480567524, nan, 0.7400775872200919, 0.7503829199223608, 0.7491533146546347, 0.7441645548903919, 0.7072382027064212, 0.6856890782408036, 0.7087084959396914, 0.7032667811526266, 0.7566443266811838, 0.7189470497540675, 0.759905992914443, nan, 0.7446568934447033]
2021-07-04 08:35:15,572 - root - WARNING - check all params:{'batch_size': 3000, 'doc_topic_prior': 0.15, 'evaluate_every': 1, 'learning_decay': 1.3, 'learning_method': 'online', 'learning_offset': 50, 'max_doc_update_iter': 100, 'max_iter': 50, 'mean_change_tol': 0.0001, 'n_components': 24, 'n_jobs': None, 'perp_tol': 0.1, 'random_state': 1, 'topic_word_prior': 0.03, 'total_samples': 1000000.0, 'verbose': 1}
