2021-06-19 16:50:19,531 - root - WARNING - MIN_DF:30
2021-06-19 16:50:19,557 - root - WARNING - params:n_components:10
2021-06-19 16:50:19,560 - root - WARNING - params:topic_word_prior:0.01
2021-06-19 16:50:19,562 - root - WARNING - params:batch_size:1000
2021-06-19 16:50:19,564 - root - WARNING - params:max_iter:30
2021-06-19 16:50:19,566 - root - WARNING - perplexity:1509.824808891029
2021-06-19 16:50:19,568 - root - WARNING - coherance:[0.7350968599099543, 0.7845753091726001, 0.7725527557313623, 0.7699715480204795, 0.8080870269923792, 0.6992359754563251, 0.7859111346420293, 0.7683162227002579, 0.7931302909000545, 0.7795316937888966]
2021-06-19 17:12:02,370 - root - WARNING - MIN_DF:30
2021-06-19 17:12:02,393 - root - WARNING - params:n_components:10
2021-06-19 17:12:02,396 - root - WARNING - params:topic_word_prior:0.01
2021-06-19 17:12:02,399 - root - WARNING - params:batch_size:2000
2021-06-19 17:12:02,401 - root - WARNING - params:max_iter:30
2021-06-19 17:12:02,404 - root - WARNING - perplexity:1403.0275704996725
2021-06-19 17:12:02,406 - root - WARNING - coherance:[0.688110084539649, 0.7686155074814676, 0.7354675692878866, 0.7642972712657515, 0.7780712169503837, 0.5911980429521052, 0.7684530102627998, 0.7691490754527319, 0.7702857741977749, 0.7682566589004868]
2021-06-19 17:30:49,611 - root - WARNING - MIN_DF:30
2021-06-19 17:30:49,638 - root - WARNING - params:n_components:10
2021-06-19 17:30:49,641 - root - WARNING - params:topic_word_prior:0.02
2021-06-19 17:30:49,644 - root - WARNING - params:batch_size:500
2021-06-19 17:30:49,646 - root - WARNING - params:max_iter:30
2021-06-19 17:30:49,649 - root - WARNING - perplexity:1697.2877069325843
2021-06-19 17:30:49,651 - root - WARNING - coherance:[0.7216728298287008, 0.7714265767103199, 0.7878701329909374, 0.7933056961724984, 0.7888010617256157, 0.6428680184225505, 0.7717617713301904, 0.776316093780586, 0.7750619308502945, 0.7738374944022249]
2021-06-19 17:51:23,206 - root - WARNING - MIN_DF:30
2021-06-19 17:51:23,231 - root - WARNING - params:n_components:10
2021-06-19 17:51:23,234 - root - WARNING - params:topic_word_prior:0.02
2021-06-19 17:51:23,237 - root - WARNING - params:batch_size:1000
2021-06-19 17:51:23,240 - root - WARNING - params:max_iter:30
2021-06-19 17:51:23,242 - root - WARNING - perplexity:1500.3485721200107
2021-06-19 17:51:23,245 - root - WARNING - coherance:[0.7350968599099543, 0.7845753091726001, 0.7725527557313623, 0.7699715480204794, 0.8080870269923792, 0.6992359754563251, 0.7859111346420293, 0.7683162227002579, 0.7931302909000546, 0.7795316937888966]
2021-06-19 18:13:16,412 - root - WARNING - MIN_DF:30
2021-06-19 18:13:16,440 - root - WARNING - params:n_components:10
2021-06-19 18:13:16,443 - root - WARNING - params:topic_word_prior:0.02
2021-06-19 18:13:16,445 - root - WARNING - params:batch_size:2000
2021-06-19 18:13:16,448 - root - WARNING - params:max_iter:30
2021-06-19 18:13:16,450 - root - WARNING - perplexity:1392.360298373723
2021-06-19 18:13:16,452 - root - WARNING - coherance:[0.6728444373336059, 0.7597680026527047, 0.7402361204989505, 0.756089260079843, 0.770114633886586, 0.5412027788339361, 0.7598341494030638, 0.7602385285291775, 0.7701911130831705, 0.7595371074880839]
2021-06-19 18:29:53,200 - root - WARNING - MIN_DF:30
2021-06-19 18:29:53,228 - root - WARNING - params:n_components:10
2021-06-19 18:29:53,230 - root - WARNING - params:topic_word_prior:0.05
2021-06-19 18:29:53,233 - root - WARNING - params:batch_size:500
2021-06-19 18:29:53,235 - root - WARNING - params:max_iter:30
2021-06-19 18:29:53,237 - root - WARNING - perplexity:1684.8003960358594
2021-06-19 18:29:53,239 - root - WARNING - coherance:[0.7177079742554241, 0.7681565866653232, 0.7916571216798436, 0.7910202344868884, 0.7864516198023146, 0.6316408687417867, 0.76901847167793, 0.7858777716312746, 0.7787837394385423, 0.7601986033975335]
2021-06-19 18:50:53,662 - root - WARNING - MIN_DF:30
2021-06-19 18:50:53,685 - root - WARNING - params:n_components:10
2021-06-19 18:50:53,688 - root - WARNING - params:topic_word_prior:0.05
2021-06-19 18:50:53,691 - root - WARNING - params:batch_size:1000
2021-06-19 18:50:53,694 - root - WARNING - params:max_iter:30
2021-06-19 18:50:53,696 - root - WARNING - perplexity:1491.2880277903325
2021-06-19 18:50:53,699 - root - WARNING - coherance:[0.7354737381374169, 0.7848235014566477, 0.7728314261846454, 0.7760950920067712, 0.7821600777775017, 0.6996640983998482, 0.7861551055200756, 0.7665564373734918, 0.7933542047577841, 0.7797794175706365]
2021-06-19 19:13:22,949 - root - WARNING - MIN_DF:30
2021-06-19 19:13:22,973 - root - WARNING - params:n_components:10
2021-06-19 19:13:22,976 - root - WARNING - params:topic_word_prior:0.05
2021-06-19 19:13:22,978 - root - WARNING - params:batch_size:2000
2021-06-19 19:13:22,981 - root - WARNING - params:max_iter:30
2021-06-19 19:13:22,983 - root - WARNING - perplexity:1383.6192521350142
2021-06-19 19:13:22,985 - root - WARNING - coherance:[0.673133710424077, 0.7599370360729807, 0.740432358721706, 0.756266805776304, 0.7702670707708208, 0.541720552276716, 0.7599991766112243, 0.7604085300967003, 0.7616456664359288, 0.7597038295796559]
2021-06-19 19:29:12,359 - root - WARNING - MIN_DF:30
2021-06-19 19:29:12,379 - root - WARNING - params:n_components:10
2021-06-19 19:29:12,382 - root - WARNING - params:topic_word_prior:0.1
2021-06-19 19:29:12,385 - root - WARNING - params:batch_size:500
2021-06-19 19:29:12,387 - root - WARNING - params:max_iter:30
2021-06-19 19:29:12,390 - root - WARNING - perplexity:1667.566627770202
2021-06-19 19:29:12,393 - root - WARNING - coherance:[0.7168689115201698, 0.7716003025761522, 0.7830678468555011, 0.7885964716575824, 0.7674926126950798, 0.630220248413615, 0.7684368227832714, 0.7730556397755507, 0.7736415211975716, 0.7761639139539003]
2021-06-19 19:49:56,899 - root - WARNING - MIN_DF:30
2021-06-19 19:49:56,918 - root - WARNING - params:n_components:10
2021-06-19 19:49:56,921 - root - WARNING - params:topic_word_prior:0.1
2021-06-19 19:49:56,924 - root - WARNING - params:batch_size:1000
2021-06-19 19:49:56,926 - root - WARNING - params:max_iter:30
2021-06-19 19:49:56,928 - root - WARNING - perplexity:1483.842866062165
2021-06-19 19:49:56,931 - root - WARNING - coherance:[0.735261478980308, 0.7846837334078637, 0.7726744883123893, 0.7807435621215928, 0.7843975954911251, 0.6994229616596686, 0.7860177135880767, 0.7690441815317752, 0.7932281108937456, 0.7796399091318859]
2021-06-19 20:12:00,882 - root - WARNING - MIN_DF:30
2021-06-19 20:12:00,903 - root - WARNING - params:n_components:10
2021-06-19 20:12:00,906 - root - WARNING - params:topic_word_prior:0.1
2021-06-19 20:12:00,909 - root - WARNING - params:batch_size:2000
2021-06-19 20:12:00,911 - root - WARNING - params:max_iter:30
2021-06-19 20:12:00,913 - root - WARNING - perplexity:1380.1430735387228
2021-06-19 20:12:00,916 - root - WARNING - coherance:[0.6710357792097038, 0.759968109158662, 0.7256364100304328, 0.7454222313335281, 0.7702950911574663, 0.5418157778141094, 0.760029511709013, 0.7604397821469565, 0.7614356772204339, 0.759734477207417]
2021-06-19 20:26:21,409 - root - WARNING - MIN_DF:30
2021-06-19 20:26:21,435 - root - WARNING - params:n_components:10
2021-06-19 20:26:21,438 - root - WARNING - params:topic_word_prior:0.15
2021-06-19 20:26:21,441 - root - WARNING - params:batch_size:500
2021-06-19 20:26:21,443 - root - WARNING - params:max_iter:30
2021-06-19 20:26:21,446 - root - WARNING - perplexity:1657.71265301882
2021-06-19 20:26:21,448 - root - WARNING - coherance:[0.7182549599898574, 0.7725448605106222, 0.7839365838915812, 0.7915808811130587, 0.7725009219426333, 0.6325675825097016, 0.7673316105069656, 0.7739972353541668, 0.7742806480902977, 0.7683912417780684]
2021-06-19 20:46:36,479 - root - WARNING - MIN_DF:30
2021-06-19 20:46:36,505 - root - WARNING - params:n_components:10
2021-06-19 20:46:36,508 - root - WARNING - params:topic_word_prior:0.15
2021-06-19 20:46:36,511 - root - WARNING - params:batch_size:1000
2021-06-19 20:46:36,514 - root - WARNING - params:max_iter:30
2021-06-19 20:46:36,516 - root - WARNING - perplexity:1476.671660366171
2021-06-19 20:46:36,518 - root - WARNING - coherance:[0.7320099387403279, 0.7853316858429014, 0.7571254470523814, 0.7813618309536694, 0.7853003384088366, 0.7005417579400438, 0.7934497896065441, 0.7726300572639836, 0.793812629040313, 0.780286750093295]
2021-06-19 21:09:40,120 - root - WARNING - MIN_DF:30
2021-06-19 21:09:40,142 - root - WARNING - params:n_components:10
2021-06-19 21:09:40,145 - root - WARNING - params:topic_word_prior:0.15
2021-06-19 21:09:40,148 - root - WARNING - params:batch_size:2000
2021-06-19 21:09:40,150 - root - WARNING - params:max_iter:30
2021-06-19 21:09:40,153 - root - WARNING - perplexity:1382.3240969240326
2021-06-19 21:09:40,155 - root - WARNING - coherance:[0.6710357792097039, 0.7599681091586619, 0.732592909251726, 0.7454222313335281, 0.7702950911574663, 0.5418157778141094, 0.7600295117090128, 0.7604397821469565, 0.7614356772204338, 0.7597344772074173]
2021-06-19 21:27:05,564 - root - WARNING - MIN_DF:30
2021-06-19 21:27:05,592 - root - WARNING - params:n_components:10
2021-06-19 21:27:05,595 - root - WARNING - params:topic_word_prior:0.2
2021-06-19 21:27:05,597 - root - WARNING - params:batch_size:500
2021-06-19 21:27:05,600 - root - WARNING - params:max_iter:30
2021-06-19 21:27:05,602 - root - WARNING - perplexity:1634.4925308434372
2021-06-19 21:27:05,604 - root - WARNING - coherance:[0.720637247089291, 0.7741654199074032, 0.7918071406701406, 0.7924329690124253, 0.7709567530869876, 0.6691980123244441, 0.7690009082382862, 0.7756139512213507, 0.7738752873689366, 0.7797147170873361]
2021-06-19 21:48:05,182 - root - WARNING - MIN_DF:30
2021-06-19 21:48:05,203 - root - WARNING - params:n_components:10
2021-06-19 21:48:05,206 - root - WARNING - params:topic_word_prior:0.2
2021-06-19 21:48:05,209 - root - WARNING - params:batch_size:1000
2021-06-19 21:48:05,212 - root - WARNING - params:max_iter:30
2021-06-19 21:48:05,214 - root - WARNING - perplexity:1469.1135982232395
2021-06-19 21:48:05,216 - root - WARNING - coherance:[0.7249267835599665, 0.7687791710814217, 0.7637918603677333, 0.7823945457446447, 0.7792186592463721, 0.6878768242977605, 0.7786329122968108, 0.7595426182428251, 0.7892391665614407, 0.7680949535893185]
2021-06-19 22:11:13,935 - root - WARNING - MIN_DF:30
2021-06-19 22:11:13,960 - root - WARNING - params:n_components:10
2021-06-19 22:11:13,963 - root - WARNING - params:topic_word_prior:0.2
2021-06-19 22:11:13,966 - root - WARNING - params:batch_size:2000
2021-06-19 22:11:13,968 - root - WARNING - params:max_iter:30
2021-06-19 22:11:13,970 - root - WARNING - perplexity:1385.8882984876868
2021-06-19 22:11:13,973 - root - WARNING - coherance:[0.6709636362524238, 0.7594522890730031, 0.7325407791260499, 0.7437671376475665, 0.7702572673298624, 0.5416872395804729, 0.7599885633562053, 0.7603975962187436, 0.7613936134400687, 0.7596931070524363]
2021-06-19 22:31:59,069 - root - WARNING - MIN_DF:30
2021-06-19 22:31:59,094 - root - WARNING - params:n_components:10
2021-06-19 22:31:59,097 - root - WARNING - params:topic_word_prior:0.25
2021-06-19 22:31:59,100 - root - WARNING - params:batch_size:500
2021-06-19 22:31:59,102 - root - WARNING - params:max_iter:30
2021-06-19 22:31:59,104 - root - WARNING - perplexity:1590.402780382418
2021-06-19 22:31:59,107 - root - WARNING - coherance:[0.7147285487605946, 0.7720463306508417, 0.7886495294091687, 0.7771480376065977, 0.7716984354823146, 0.6221750883499416, 0.7755558660374907, 0.7562982703436891, 0.7651684827473506, 0.7756888198124436]
2021-06-19 22:53:48,717 - root - WARNING - MIN_DF:30
2021-06-19 22:53:48,746 - root - WARNING - params:n_components:10
2021-06-19 22:53:48,749 - root - WARNING - params:topic_word_prior:0.25
2021-06-19 22:53:48,752 - root - WARNING - params:batch_size:1000
2021-06-19 22:53:48,755 - root - WARNING - params:max_iter:30
2021-06-19 22:53:48,757 - root - WARNING - perplexity:1452.8885848795023
2021-06-19 22:53:48,759 - root - WARNING - coherance:[0.7288111606320158, 0.7693614605971678, 0.7468103823249784, 0.7796856427965622, 0.7773187990733852, 0.6888648512997817, 0.7683840145865776, 0.760186324539227, 0.7897190580712637, 0.7686491769025638]
2021-06-19 23:16:58,681 - root - WARNING - MIN_DF:30
2021-06-19 23:16:58,705 - root - WARNING - params:n_components:10
2021-06-19 23:16:58,708 - root - WARNING - params:topic_word_prior:0.25
2021-06-19 23:16:58,711 - root - WARNING - params:batch_size:2000
2021-06-19 23:16:58,714 - root - WARNING - params:max_iter:30
2021-06-19 23:16:58,717 - root - WARNING - perplexity:1387.8469535765464
2021-06-19 23:16:58,719 - root - WARNING - coherance:[0.6706384295101536, 0.759262630977428, 0.7323057475850746, 0.7465715330942125, 0.7700867139649132, 0.5346278112474684, 0.7598039238743677, 0.7602073944831103, 0.764128084917463, 0.7595065725075263]
2021-06-19 23:38:18,556 - root - WARNING - MIN_DF:30
2021-06-19 23:38:18,582 - root - WARNING - params:n_components:10
2021-06-19 23:38:18,585 - root - WARNING - params:topic_word_prior:0.3
2021-06-19 23:38:18,588 - root - WARNING - params:batch_size:500
2021-06-19 23:38:18,590 - root - WARNING - params:max_iter:30
2021-06-19 23:38:18,593 - root - WARNING - perplexity:1527.9670496792905
2021-06-19 23:38:18,596 - root - WARNING - coherance:[0.7202343377217494, 0.7843916904088123, 0.7927143942485795, 0.7752173391371047, 0.7833367516527424, 0.6237457318474806, 0.7742687913133648, 0.7678560108607632, 0.783884857366874, 0.7759717886453278]
2021-06-20 00:00:27,995 - root - WARNING - MIN_DF:30
2021-06-20 00:00:28,029 - root - WARNING - params:n_components:10
2021-06-20 00:00:28,032 - root - WARNING - params:topic_word_prior:0.3
2021-06-20 00:00:28,035 - root - WARNING - params:batch_size:1000
2021-06-20 00:00:28,037 - root - WARNING - params:max_iter:30
2021-06-20 00:00:28,040 - root - WARNING - perplexity:1436.5498658859412
2021-06-20 00:00:28,041 - root - WARNING - coherance:[0.7241802438239086, 0.7794491216808126, 0.7468586302085856, 0.7829906569987538, 0.7777317483297392, 0.6760856566843083, 0.7684235672655881, 0.7602309054849063, 0.7951694317545658, 0.7680618078938279]
2021-06-20 00:24:04,622 - root - WARNING - MIN_DF:30
2021-06-20 00:24:04,648 - root - WARNING - params:n_components:10
2021-06-20 00:24:04,651 - root - WARNING - params:topic_word_prior:0.3
2021-06-20 00:24:04,653 - root - WARNING - params:batch_size:2000
2021-06-20 00:24:04,656 - root - WARNING - params:max_iter:30
2021-06-20 00:24:04,658 - root - WARNING - perplexity:1389.6538970195718
2021-06-20 00:24:04,661 - root - WARNING - coherance:[0.670603850642109, 0.7592424607513328, 0.7322807532019092, 0.7428185876584592, 0.7695664633107603, 0.5345643607264416, 0.7597842863461184, 0.7601871671157985, 0.7701433535918745, 0.7594867340899694]
2021-06-20 00:46:09,704 - root - WARNING - MIN_DF:30
2021-06-20 00:46:09,731 - root - WARNING - params:n_components:10
2021-06-20 00:46:09,735 - root - WARNING - params:topic_word_prior:0.4
2021-06-20 00:46:09,738 - root - WARNING - params:batch_size:500
2021-06-20 00:46:09,741 - root - WARNING - params:max_iter:30
2021-06-20 00:46:09,744 - root - WARNING - perplexity:1453.9578803760016
2021-06-20 00:46:09,747 - root - WARNING - coherance:[0.7115064375076614, 0.7721552636420361, 0.792948245712219, 0.7604009047669862, 0.7771993812382897, 0.6063632472917986, 0.7682687140201121, 0.7688327422828731, 0.7891595031855018, 0.7746125813756541]
2021-06-20 01:08:51,563 - root - WARNING - MIN_DF:30
2021-06-20 01:08:51,590 - root - WARNING - params:n_components:10
2021-06-20 01:08:51,593 - root - WARNING - params:topic_word_prior:0.4
2021-06-20 01:08:51,596 - root - WARNING - params:batch_size:1000
2021-06-20 01:08:51,598 - root - WARNING - params:max_iter:30
2021-06-20 01:08:51,601 - root - WARNING - perplexity:1419.5674329515464
2021-06-20 01:08:51,603 - root - WARNING - coherance:[0.7233044554471548, 0.7758548395135627, 0.7461108744892048, 0.7811020201194918, 0.7762656546086054, 0.6829570615822074, 0.7718015484938519, 0.7591223552853188, 0.796174734010205, 0.768092722324796]
2021-06-20 01:32:57,124 - root - WARNING - MIN_DF:30
2021-06-20 01:32:57,153 - root - WARNING - params:n_components:10
2021-06-20 01:32:57,156 - root - WARNING - params:topic_word_prior:0.4
2021-06-20 01:32:57,159 - root - WARNING - params:batch_size:2000
2021-06-20 01:32:57,163 - root - WARNING - params:max_iter:30
2021-06-20 01:32:57,165 - root - WARNING - perplexity:1392.8108037177342
2021-06-20 01:32:57,168 - root - WARNING - coherance:[0.6710227481847937, 0.7591061215814481, 0.7321118122038532, 0.7426673606425649, 0.7721022969714392, 0.5341356309069556, 0.7596515426951839, 0.7600504451066337, 0.7700162034270935, 0.7593526358263045]
