2021-07-09 17:52:39,751 - root - WARNING - MIN_DF:30
2021-07-09 17:52:39,788 - root - WARNING - params:batch_size:1500
2021-07-09 17:52:39,793 - root - WARNING - params:n_components:15
2021-07-09 17:52:39,797 - root - WARNING - params:topic_word_prior:0.03
2021-07-09 17:52:39,800 - root - WARNING - params:doc_topic_prior:0.6
2021-07-09 17:52:39,803 - root - WARNING - params:max_iter:50
2021-07-09 17:52:39,806 - root - WARNING - done n_iter:50
2021-07-09 17:52:39,809 - root - WARNING - perplexity:2762.122461593756
2021-07-09 17:52:39,811 - root - WARNING - coherance:[0.7583977380935463, nan, 0.7615059820606983, 0.7717018939972691, 0.779351163089516, 0.7206260927889383, 0.7765569359656104, 0.7649815739045469, 0.6876440565116744, 0.7786228144158376, 0.7389570164173993, 0.7752168110749028, 0.7720100315608691, 0.7641046380630951, 0.7780956707616802]
2021-07-09 17:52:39,813 - root - WARNING - check all params:{'batch_size': 1500, 'doc_topic_prior': 0.6, 'evaluate_every': 1, 'learning_decay': 1.3, 'learning_method': 'online', 'learning_offset': 50, 'max_doc_update_iter': 100, 'max_iter': 50, 'mean_change_tol': 0.0001, 'n_components': 15, 'n_jobs': None, 'perp_tol': 0.1, 'random_state': 1, 'topic_word_prior': 0.03, 'total_samples': 1000000.0, 'verbose': 1}
2021-07-09 18:25:56,564 - root - WARNING - MIN_DF:30
2021-07-09 18:25:56,597 - root - WARNING - params:batch_size:1500
2021-07-09 18:25:56,602 - root - WARNING - params:n_components:15
2021-07-09 18:25:56,605 - root - WARNING - params:topic_word_prior:0.03
2021-07-09 18:25:56,609 - root - WARNING - params:doc_topic_prior:0.8
2021-07-09 18:25:56,612 - root - WARNING - params:max_iter:50
2021-07-09 18:25:56,615 - root - WARNING - done n_iter:50
2021-07-09 18:25:56,617 - root - WARNING - perplexity:2825.202558014627
2021-07-09 18:25:56,620 - root - WARNING - coherance:[0.7937786291920331, 0.7648650976524183, 0.7929238344175449, 0.7608222944554619, 0.7848517884943093, 0.7564503192835486, 0.7851942460266638, 0.7627210815881321, 0.7041078902294948, 0.7869819351926021, 0.7767702859832004, 0.7925431511445725, 0.7828260205521016, 0.7715928014479874, 0.774233583188239]
2021-07-09 18:25:56,622 - root - WARNING - check all params:{'batch_size': 1500, 'doc_topic_prior': 0.8, 'evaluate_every': 1, 'learning_decay': 1.3, 'learning_method': 'online', 'learning_offset': 50, 'max_doc_update_iter': 100, 'max_iter': 50, 'mean_change_tol': 0.0001, 'n_components': 15, 'n_jobs': None, 'perp_tol': 0.1, 'random_state': 1, 'topic_word_prior': 0.03, 'total_samples': 1000000.0, 'verbose': 1}
2021-07-09 18:54:59,993 - root - WARNING - MIN_DF:30
2021-07-09 18:55:00,036 - root - WARNING - params:batch_size:1500
2021-07-09 18:55:00,040 - root - WARNING - params:n_components:15
2021-07-09 18:55:00,043 - root - WARNING - params:topic_word_prior:0.05
2021-07-09 18:55:00,047 - root - WARNING - params:doc_topic_prior:0.01
2021-07-09 18:55:00,050 - root - WARNING - params:max_iter:50
2021-07-09 18:55:00,053 - root - WARNING - done n_iter:50
2021-07-09 18:55:00,055 - root - WARNING - perplexity:1914.192309163986
2021-07-09 18:55:00,057 - root - WARNING - coherance:[0.766124566253096, 0.7409080239037811, nan, 0.7749807114666283, nan, 0.7646061029576349, 0.7621809359791979, 0.7688235995903477, 0.7053898399834568, 0.7140191755448411, 0.7512777561963441, 0.7077210246816665, 0.769569103232951, 0.7565622334240317, 0.649576676027671]
2021-07-09 18:55:00,060 - root - WARNING - check all params:{'batch_size': 1500, 'doc_topic_prior': 0.01, 'evaluate_every': 1, 'learning_decay': 1.3, 'learning_method': 'online', 'learning_offset': 50, 'max_doc_update_iter': 100, 'max_iter': 50, 'mean_change_tol': 0.0001, 'n_components': 15, 'n_jobs': None, 'perp_tol': 0.1, 'random_state': 1, 'topic_word_prior': 0.05, 'total_samples': 1000000.0, 'verbose': 1}
2021-07-09 19:24:14,765 - root - WARNING - MIN_DF:30
2021-07-09 19:24:14,802 - root - WARNING - params:batch_size:1500
2021-07-09 19:24:14,806 - root - WARNING - params:n_components:15
2021-07-09 19:24:14,810 - root - WARNING - params:topic_word_prior:0.05
2021-07-09 19:24:14,813 - root - WARNING - params:doc_topic_prior:0.03
2021-07-09 19:24:14,816 - root - WARNING - params:max_iter:50
2021-07-09 19:24:14,819 - root - WARNING - done n_iter:50
2021-07-09 19:24:14,822 - root - WARNING - perplexity:1949.8233277722366
2021-07-09 19:24:14,824 - root - WARNING - coherance:[0.7626275810584485, 0.7373935782511889, nan, 0.7256453670838612, nan, nan, 0.7611811743195489, 0.7669062129159812, 0.7280455277154124, 0.75010054240926, 0.7692455767253029, 0.7240682382941137, 0.769934166931188, 0.7651467758565196, 0.6379366283072758]
2021-07-09 19:24:14,845 - root - WARNING - check all params:{'batch_size': 1500, 'doc_topic_prior': 0.03, 'evaluate_every': 1, 'learning_decay': 1.3, 'learning_method': 'online', 'learning_offset': 50, 'max_doc_update_iter': 100, 'max_iter': 50, 'mean_change_tol': 0.0001, 'n_components': 15, 'n_jobs': None, 'perp_tol': 0.1, 'random_state': 1, 'topic_word_prior': 0.05, 'total_samples': 1000000.0, 'verbose': 1}
2021-07-09 19:54:10,930 - root - WARNING - MIN_DF:30
2021-07-09 19:54:10,966 - root - WARNING - params:batch_size:1500
2021-07-09 19:54:10,970 - root - WARNING - params:n_components:15
2021-07-09 19:54:10,974 - root - WARNING - params:topic_word_prior:0.05
2021-07-09 19:54:10,977 - root - WARNING - params:doc_topic_prior:0.05
2021-07-09 19:54:10,981 - root - WARNING - params:max_iter:50
2021-07-09 19:54:10,984 - root - WARNING - done n_iter:50
2021-07-09 19:54:10,986 - root - WARNING - perplexity:1971.355294019887
2021-07-09 19:54:10,988 - root - WARNING - coherance:[0.7538704025596273, 0.7516015282453083, nan, 0.7786968116425558, nan, nan, 0.7429446097316049, 0.6768592130375809, 0.7159425219420055, 0.7724736605112776, 0.7612604193786857, 0.7165966857639277, 0.7692153445629153, 0.7410584136101369, 0.7046337831478566]
2021-07-09 19:54:10,991 - root - WARNING - check all params:{'batch_size': 1500, 'doc_topic_prior': 0.05, 'evaluate_every': 1, 'learning_decay': 1.3, 'learning_method': 'online', 'learning_offset': 50, 'max_doc_update_iter': 100, 'max_iter': 50, 'mean_change_tol': 0.0001, 'n_components': 15, 'n_jobs': None, 'perp_tol': 0.1, 'random_state': 1, 'topic_word_prior': 0.05, 'total_samples': 1000000.0, 'verbose': 1}
2021-07-09 20:29:34,578 - root - WARNING - MIN_DF:30
2021-07-09 20:29:34,705 - root - WARNING - params:batch_size:1500
2021-07-09 20:29:34,709 - root - WARNING - params:n_components:15
2021-07-09 20:29:34,713 - root - WARNING - params:topic_word_prior:0.05
2021-07-09 20:29:34,716 - root - WARNING - params:doc_topic_prior:0.15
2021-07-09 20:29:34,720 - root - WARNING - params:max_iter:50
2021-07-09 20:29:34,723 - root - WARNING - done n_iter:50
2021-07-09 20:29:34,726 - root - WARNING - perplexity:2216.348762230616
2021-07-09 20:29:34,728 - root - WARNING - coherance:[0.7735303706024383, 0.7076553338340841, nan, 0.7703842654606563, 0.7412673535910648, nan, 0.7492436466114868, 0.6345995341229612, 0.6917435522628204, 0.6676480667328499, 0.7657017643977762, 0.7279144826882232, 0.76308815311162, 0.7109517236189286, 0.7711128516665287]
2021-07-09 20:29:34,731 - root - WARNING - check all params:{'batch_size': 1500, 'doc_topic_prior': 0.15, 'evaluate_every': 1, 'learning_decay': 1.3, 'learning_method': 'online', 'learning_offset': 50, 'max_doc_update_iter': 100, 'max_iter': 50, 'mean_change_tol': 0.0001, 'n_components': 15, 'n_jobs': None, 'perp_tol': 0.1, 'random_state': 1, 'topic_word_prior': 0.05, 'total_samples': 1000000.0, 'verbose': 1}
