response_st 200
2
1236482599943458817
response_st 200
3
1235850530494115841
response_st 200
4
1235584668264796160
response_st 200
5
1230485827660197888
response_st 200
6
1228153556517019648
response_st 200
7
1225657754569723905
response_st 200
8
1223311008992612352
response_st 200
9
1221988292368859136
response_st 200
10
1220496120855650304
response_st 200
11
1219385260380524544
response_st 200
12
1218502860951846912
response_st 200
13
1218071568149970944
response_st 200
14
1217800749775609856
response_st 200
15
1217754921803505664
response_st 200
16
1217596856772902912
response_st 200
17
1217460327886942209
response_st 200
18
1217428248616812544
response_st 200
19
1217394436222570496
response_st 200
20
1217356424856006656
response_st 200
21
1217315378583392257
response_st 200
22
1217290116000931840
response_st 200
23
1217273589927313410
response_st 200
24
1217259083398631424
response_st 200
25
1217252132887228416
response_st 200
26
1217069882195316736
response_st 200
27
1216923459646701568
response_st 200
28
1216631603272642560
response_st 200
29
1216343924509249538
response_st 200
30
1216147325812260864
response_st 200
31
1215938790730031104
response_st 200
32
1215792588168417282
response_st 200
33
1215647472023793666
response_st 200
34
1215611835195387904
response_st 200
35
1215564309192818688
response_st 200
36
1215512466727161856
response_st 200
37
1215476201281617921
response_st 200
38
1215456257898774528
response_st 200
39
1215443209788129281
response_st 200
40
1215438350359777280
response_st 200
41
1215268543345745921
response_st 200
42
1215195117801226241
response_st 200
43
1215111613331587072
response_st 200
44
1215044426222854144
response_st 200
45
1214940209252462592
response_st 200
46
1214911292516945921
response_st 200
47
1214891890136338433
response_st 200
48
1214870364762734592
response_st 200
49
1214847252755173377
response_st 200
50
1214825066862497792
response_st 200
51
1214807038888267777
response_st 200
52
1214787639288586240
response_st 200
53
1214770544987402240
response_st 200
54
1214758572925452289
response_st 200
55
1214751643935227905
response_st 200
56
1214746951696044032
response_st 200
57
1214744014596915200
response_st 200
58
1214507411718856704
response_st 200
59
1214305532913127424
response_st 200
60
1214126990657064960
response_st 200
61
1213995399024803840
response_st 200
62
1213820272672796672
response_st 200
63
1213764443869310977
response_st 200
64
1213665480185004032
response_st 200
65
1213534614972551168
response_st 200
66
1213447220239855618
response_st 200
67
1213380756447223811
response_st 200
68
1213305850384699393
response_st 200
69
1213233353689665538
response_st 200
70
1213111220577828865
response_st 200
71
1213084514580226051
response_st 200
72
1213057199859064833
response_st 200
73
1213022925751668741
response_st 200
74
1212995256917979142
response_st 200
75
1212971097060044805
response_st 200
76
1212950042375413762
response_st 200
77
1212935099219492864
response_st 200
78
1212790364240658432
response_st 200
79
1212670400619929600
response_st 200
80
1212542673820631040
response_st 200
81
1212368195874512896
response_st 200
82
1212251345241001984
response_st 200
83
1212032282560565250
response_st 200
84
1211953278457659392
response_st 200
85
1211879525056839680
response_st 200
86
1211806825747599360
response_st 200
87
1211688739568664580
response_st 200
88
1211646197288574978
response_st 200
89
1211609583162019842
response_st 200
90
1211573326033801216
response_st 200
91
1211537951932506112
response_st 200
92
1211509129526702080
response_st 200
93
1211488765069295616
response_st 200
94
1211463991236550656
response_st 200
95
1211427241168490496
response_st 200
96
1211334687869681669
response_st 200
97
1211298200369319941
response_st 200
98
1211278309499133953
response_st 200
99
1211258714214125569
response_st 200
100
1211240797846159361
response_st 200
101
1211222040755064832
response_st 200
102
1211202698244018176
response_st 200
103
1211185916619804673
response_st 200
104
1211168367496708096
response_st 200
105
1211154500469133313
response_st 200
106
1211142109887000577
response_st 200
107
1211131738845433858
response_st 200
108
1211123009932558336
response_st 200
109
1211116052286803969
response_st 200
110
1211111115746201602
response_st 200
111
1211106865460871168
response_st 200
112
1211083092053520384
response_st 200
113
1210925139115663360
response_st 200
114
1210879015357050881
response_st 200
115
1210778570550693889
response_st 200
116
1210622130980655105
response_st 200
117
1210549562085007363
response_st 200
118
1210501539627819009
response_st 200
119
1210456435026321408
response_st 200
120
1210405416607158278
response_st 200
121
1210332681289887744
response_st 200
122
1210211702224117760
response_st 200
123
1210180860353249280
response_st 200
124
1210148168114946050
response_st 200
125
1210121466257084418
response_st 200
126
1210083066632232960
response_st 200
127
1210048795691503616
response_st 200
128
1210033766317481984
response_st 200
129
1209858441235193863
response_st 200
130
1209773599046815744
response_st 200
131
1209682327883800578
response_st 200
132
1209577732067086337
response_st 200
133
1209457781582880769
response_st 200
134
1209395536685481991
response_st 200
135
1209323418316726273
response_st 200
136
1209268762148397057
response_st 200
137
1209168930557685762
response_st 200
138
1209119017195036673
response_st 200
139
1209097522628554752
response_st 200
140
1209074624912216064
response_st 200
141
1209051027351040000
response_st 200
142
1209030614906626049
response_st 200
143
1209005831313690627
response_st 200
144
1208975856577630209
response_st 200
145
1208955694512099328
response_st 200
146
1208946084283699201
response_st 200
147
1208893446133440512
response_st 200
148
1208798948858589184
response_st 200
149
1208744890420449280
response_st 200
150
1208716793151275008
response_st 200
151
1208685246322860032
response_st 200
152
1208645883631288320
response_st 200
153
1208609142505500674
response_st 200
154
1208577819187433472
response_st 200
155
1208532174380523520
response_st 200
156
1208419047798231040
response_st 200
157
1208387138854633473
response_st 200
158
1208362883362377729
response_st 200
159
1208338904085979137
response_st 200
160
1208311041118986240
response_st 200
161
1208278195872514048
response_st 200
162
1208251423483281408
response_st 200
163
1208226272758784000
response_st 200
164
1208204978436767744
response_st 200
165
1208183973840470016
response_st 200
166
1208162814952493056
response_st 200
167
1208132913499234304
response_st 200
168
1208074108551847936
response_st 200
169
1208054740266807296
response_st 200
170
1208045339040600065
response_st 200
171
1208038707657203712
response_st 200
172
1208033766347685889
response_st 200
173
1208029544281567232
response_st 200
174
1208026530854494209
response_st 200
175
1208024512664522752
response_st 200
176
1208021745203986438
response_st 200
177
1208015029401862145
response_st 200
178
1208005106571997184
response_st 200
179
1207996765938446336
response_st 200
180
1207990023087218688
response_st 200
181
1207982932939296768
response_st 200
182
1207976929812344837
response_st 200
183
1207970061882757121
response_st 200
184
1207960932246097921
response_st 200
185
1207951174017568768
response_st 200
186
1207943025839624192
response_st 200
187
1207934015019180033
response_st 200
188
1207925644757045253
response_st 200
189
1207913845345247232
response_st 200
190
1207903360122097664
response_st 200
191
1207893308359372805
response_st 200
192
1207883820189413376
response_st 200
193
1207874486621487104
response_st 200
194
1207868572745129984
response_st 200
195
1207864298367619072
response_st 200
196
1207860283919613952
response_st 200
197
1207855957746671616
response_st 200
198
1207849797937291265
response_st 200
199
1207845360531427328
response_st 200
200
1207840680136962048
response_st 200
201
1207819565352325120
response_st 200
202
1207803078725922816
response_st 200
203
1207773908708933632
response_st 200
204
1207725967247998976
response_st 200
205
1207682350970286081
response_st 200
