2021-07-03 21:44:12,171 - root - WARNING - MIN_DF:30
2021-07-03 21:44:12,459 - root - WARNING - params:batch_size:1500
2021-07-03 21:44:12,462 - root - WARNING - params:n_components:8
2021-07-03 21:44:12,464 - root - WARNING - params:topic_word_prior:0.5
2021-07-03 21:44:12,466 - root - WARNING - params:doc_topic_prior:0.4
2021-07-03 21:44:12,469 - root - WARNING - params:max_iter:50
2021-07-03 21:44:12,472 - root - WARNING - done n_iter:50
2021-07-03 21:44:12,475 - root - WARNING - perplexity:1786.6430651043295
2021-07-03 21:44:12,477 - root - WARNING - coherance:[0.7966351366487222, 0.7714604794346268, 0.7600487990232607, 0.7743304411708588, 0.7798462632887192, 0.6906191720759922, 0.7537574001402223, 0.6967950394410949]
2021-07-03 21:44:12,479 - root - WARNING - check all params:{'batch_size': 1500, 'doc_topic_prior': 0.4, 'evaluate_every': 1, 'learning_decay': 1.3, 'learning_method': 'online', 'learning_offset': 50, 'max_doc_update_iter': 100, 'max_iter': 50, 'mean_change_tol': 0.0001, 'n_components': 8, 'n_jobs': None, 'perp_tol': 0.1, 'random_state': 1, 'topic_word_prior': 0.5, 'total_samples': 1000000.0, 'verbose': 1}
2021-07-03 22:35:42,690 - root - WARNING - MIN_DF:30
2021-07-03 22:35:42,719 - root - WARNING - params:batch_size:1500
2021-07-03 22:35:42,723 - root - WARNING - params:n_components:8
2021-07-03 22:35:42,725 - root - WARNING - params:topic_word_prior:0.5
2021-07-03 22:35:42,728 - root - WARNING - params:doc_topic_prior:0.5
2021-07-03 22:35:42,731 - root - WARNING - params:max_iter:50
2021-07-03 22:35:42,733 - root - WARNING - done n_iter:50
2021-07-03 22:35:42,736 - root - WARNING - perplexity:1816.7127138940807
2021-07-03 22:35:42,738 - root - WARNING - coherance:[0.7950674388197444, 0.7875441256905271, 0.7742052343818222, 0.7719316090622157, 0.8079655850490832, 0.6934824471279989, 0.7597667023142028, 0.7303942235213199]
2021-07-03 22:35:42,741 - root - WARNING - check all params:{'batch_size': 1500, 'doc_topic_prior': 0.5, 'evaluate_every': 1, 'learning_decay': 1.3, 'learning_method': 'online', 'learning_offset': 50, 'max_doc_update_iter': 100, 'max_iter': 50, 'mean_change_tol': 0.0001, 'n_components': 8, 'n_jobs': None, 'perp_tol': 0.1, 'random_state': 1, 'topic_word_prior': 0.5, 'total_samples': 1000000.0, 'verbose': 1}
2021-07-03 23:25:02,633 - root - WARNING - MIN_DF:30
2021-07-03 23:25:02,717 - root - WARNING - params:batch_size:1500
2021-07-03 23:25:02,721 - root - WARNING - params:n_components:8
2021-07-03 23:25:02,723 - root - WARNING - params:topic_word_prior:0.5
2021-07-03 23:25:02,726 - root - WARNING - params:doc_topic_prior:0.6
2021-07-03 23:25:02,729 - root - WARNING - params:max_iter:50
2021-07-03 23:25:02,732 - root - WARNING - done n_iter:50
2021-07-03 23:25:02,734 - root - WARNING - perplexity:1782.387227276681
2021-07-03 23:25:02,736 - root - WARNING - coherance:[0.8010789955347632, 0.7897118845246143, nan, 0.740241543614957, 0.7981185885908945, 0.6945899455965977, 0.7544229445278244, 0.7679606290609524]
2021-07-03 23:25:02,738 - root - WARNING - check all params:{'batch_size': 1500, 'doc_topic_prior': 0.6, 'evaluate_every': 1, 'learning_decay': 1.3, 'learning_method': 'online', 'learning_offset': 50, 'max_doc_update_iter': 100, 'max_iter': 50, 'mean_change_tol': 0.0001, 'n_components': 8, 'n_jobs': None, 'perp_tol': 0.1, 'random_state': 1, 'topic_word_prior': 0.5, 'total_samples': 1000000.0, 'verbose': 1}
2021-07-04 00:09:44,659 - root - WARNING - MIN_DF:30
2021-07-04 00:09:44,845 - root - WARNING - params:batch_size:1500
2021-07-04 00:09:44,848 - root - WARNING - params:n_components:8
2021-07-04 00:09:44,851 - root - WARNING - params:topic_word_prior:0.5
2021-07-04 00:09:44,854 - root - WARNING - params:doc_topic_prior:0.8
2021-07-04 00:09:44,856 - root - WARNING - params:max_iter:50
2021-07-04 00:09:44,859 - root - WARNING - done n_iter:50
2021-07-04 00:09:44,861 - root - WARNING - perplexity:1802.0506350645978
2021-07-04 00:09:44,864 - root - WARNING - coherance:[0.8038129215828201, 0.7897403012428431, 0.771461293067525, 0.7591962843733143, 0.7890602480122187, 0.7124735769749422, 0.7504489499072541, 0.767422128206919]
2021-07-04 00:09:44,867 - root - WARNING - check all params:{'batch_size': 1500, 'doc_topic_prior': 0.8, 'evaluate_every': 1, 'learning_decay': 1.3, 'learning_method': 'online', 'learning_offset': 50, 'max_doc_update_iter': 100, 'max_iter': 50, 'mean_change_tol': 0.0001, 'n_components': 8, 'n_jobs': None, 'perp_tol': 0.1, 'random_state': 1, 'topic_word_prior': 0.5, 'total_samples': 1000000.0, 'verbose': 1}
2021-07-04 00:53:53,063 - root - WARNING - MIN_DF:30
2021-07-04 00:53:53,089 - root - WARNING - params:batch_size:1500
2021-07-04 00:53:53,093 - root - WARNING - params:n_components:8
2021-07-04 00:53:53,095 - root - WARNING - params:topic_word_prior:0.6
2021-07-04 00:53:53,098 - root - WARNING - params:doc_topic_prior:0.01
2021-07-04 00:53:53,101 - root - WARNING - params:max_iter:50
2021-07-04 00:53:53,103 - root - WARNING - done n_iter:50
2021-07-04 00:53:53,106 - root - WARNING - perplexity:1566.5937486068385
2021-07-04 00:53:53,108 - root - WARNING - coherance:[0.7947737521324965, 0.7920555611110667, 0.756565590241945, 0.7832316669387182, 0.7729815242710865, 0.663023869247654, 0.741355853120611, 0.7272267743061194]
2021-07-04 00:53:53,111 - root - WARNING - check all params:{'batch_size': 1500, 'doc_topic_prior': 0.01, 'evaluate_every': 1, 'learning_decay': 1.3, 'learning_method': 'online', 'learning_offset': 50, 'max_doc_update_iter': 100, 'max_iter': 50, 'mean_change_tol': 0.0001, 'n_components': 8, 'n_jobs': None, 'perp_tol': 0.1, 'random_state': 1, 'topic_word_prior': 0.6, 'total_samples': 1000000.0, 'verbose': 1}
2021-07-04 01:40:31,650 - root - WARNING - MIN_DF:30
2021-07-04 01:40:31,678 - root - WARNING - params:batch_size:1500
2021-07-04 01:40:31,681 - root - WARNING - params:n_components:8
2021-07-04 01:40:31,684 - root - WARNING - params:topic_word_prior:0.6
2021-07-04 01:40:31,687 - root - WARNING - params:doc_topic_prior:0.03
2021-07-04 01:40:31,690 - root - WARNING - params:max_iter:50
2021-07-04 01:40:31,692 - root - WARNING - done n_iter:50
2021-07-04 01:40:31,695 - root - WARNING - perplexity:1539.6326376833229
2021-07-04 01:40:31,697 - root - WARNING - coherance:[0.7990597559121883, 0.7900369357350201, 0.7578968202471292, 0.7776557689010872, 0.7707143120151856, 0.6576006809202003, 0.7559003612188913, 0.7693756331443818]
2021-07-04 01:40:31,699 - root - WARNING - check all params:{'batch_size': 1500, 'doc_topic_prior': 0.03, 'evaluate_every': 1, 'learning_decay': 1.3, 'learning_method': 'online', 'learning_offset': 50, 'max_doc_update_iter': 100, 'max_iter': 50, 'mean_change_tol': 0.0001, 'n_components': 8, 'n_jobs': None, 'perp_tol': 0.1, 'random_state': 1, 'topic_word_prior': 0.6, 'total_samples': 1000000.0, 'verbose': 1}
2021-07-04 02:23:55,218 - root - WARNING - MIN_DF:30
2021-07-04 02:23:55,243 - root - WARNING - params:batch_size:1500
2021-07-04 02:23:55,246 - root - WARNING - params:n_components:8
2021-07-04 02:23:55,249 - root - WARNING - params:topic_word_prior:0.6
2021-07-04 02:23:55,252 - root - WARNING - params:doc_topic_prior:0.05
2021-07-04 02:23:55,255 - root - WARNING - params:max_iter:50
2021-07-04 02:23:55,257 - root - WARNING - done n_iter:50
2021-07-04 02:23:55,260 - root - WARNING - perplexity:1580.0723159581642
2021-07-04 02:23:55,262 - root - WARNING - coherance:[0.7769992924453833, 0.7707517130049883, 0.7227149448551665, 0.7409292797053981, 0.7550225046866845, 0.6117507894112545, 0.7106252813898319, 0.5591308696056031]
2021-07-04 02:23:55,265 - root - WARNING - check all params:{'batch_size': 1500, 'doc_topic_prior': 0.05, 'evaluate_every': 1, 'learning_decay': 1.3, 'learning_method': 'online', 'learning_offset': 50, 'max_doc_update_iter': 100, 'max_iter': 50, 'mean_change_tol': 0.0001, 'n_components': 8, 'n_jobs': None, 'perp_tol': 0.1, 'random_state': 1, 'topic_word_prior': 0.6, 'total_samples': 1000000.0, 'verbose': 1}
2021-07-04 03:14:59,461 - root - WARNING - MIN_DF:30
2021-07-04 03:14:59,622 - root - WARNING - params:batch_size:1500
2021-07-04 03:14:59,626 - root - WARNING - params:n_components:8
2021-07-04 03:14:59,629 - root - WARNING - params:topic_word_prior:0.6
2021-07-04 03:14:59,632 - root - WARNING - params:doc_topic_prior:0.15
2021-07-04 03:14:59,635 - root - WARNING - params:max_iter:50
2021-07-04 03:14:59,637 - root - WARNING - done n_iter:50
2021-07-04 03:14:59,640 - root - WARNING - perplexity:1700.4567894469199
2021-07-04 03:14:59,643 - root - WARNING - coherance:[0.7710150136089189, 0.7622692981566872, 0.7370158608786302, 0.7395938731055501, 0.7289081748788553, 0.5677720377329868, 0.6947862195203938, 0.5011913836508961]
2021-07-04 03:14:59,645 - root - WARNING - check all params:{'batch_size': 1500, 'doc_topic_prior': 0.15, 'evaluate_every': 1, 'learning_decay': 1.3, 'learning_method': 'online', 'learning_offset': 50, 'max_doc_update_iter': 100, 'max_iter': 50, 'mean_change_tol': 0.0001, 'n_components': 8, 'n_jobs': None, 'perp_tol': 0.1, 'random_state': 1, 'topic_word_prior': 0.6, 'total_samples': 1000000.0, 'verbose': 1}
2021-07-04 04:14:27,229 - root - WARNING - MIN_DF:30
2021-07-04 04:14:27,379 - root - WARNING - params:batch_size:1500
2021-07-04 04:14:27,383 - root - WARNING - params:n_components:8
2021-07-04 04:14:27,386 - root - WARNING - params:topic_word_prior:0.6
2021-07-04 04:14:27,403 - root - WARNING - params:doc_topic_prior:0.3
2021-07-04 04:14:27,406 - root - WARNING - params:max_iter:50
2021-07-04 04:14:27,408 - root - WARNING - done n_iter:50
2021-07-04 04:14:27,410 - root - WARNING - perplexity:1802.5518075513144
2021-07-04 04:14:27,413 - root - WARNING - coherance:[0.7950876231155891, 0.7808671033622282, 0.7578201851369173, 0.7631744513389834, 0.7694142268194174, nan, 0.7355737509508306, 0.6838784706496298]
2021-07-04 04:14:27,416 - root - WARNING - check all params:{'batch_size': 1500, 'doc_topic_prior': 0.3, 'evaluate_every': 1, 'learning_decay': 1.3, 'learning_method': 'online', 'learning_offset': 50, 'max_doc_update_iter': 100, 'max_iter': 50, 'mean_change_tol': 0.0001, 'n_components': 8, 'n_jobs': None, 'perp_tol': 0.1, 'random_state': 1, 'topic_word_prior': 0.6, 'total_samples': 1000000.0, 'verbose': 1}
2021-07-04 05:12:24,463 - root - WARNING - MIN_DF:30
2021-07-04 05:12:24,487 - root - WARNING - params:batch_size:1500
2021-07-04 05:12:24,491 - root - WARNING - params:n_components:8
2021-07-04 05:12:24,494 - root - WARNING - params:topic_word_prior:0.6
2021-07-04 05:12:24,497 - root - WARNING - params:doc_topic_prior:0.4
2021-07-04 05:12:24,500 - root - WARNING - params:max_iter:50
2021-07-04 05:12:24,502 - root - WARNING - done n_iter:50
2021-07-04 05:12:24,505 - root - WARNING - perplexity:1792.3646755075229
2021-07-04 05:12:24,508 - root - WARNING - coherance:[0.7969521404695603, 0.7718507927032867, 0.7604620304538515, 0.774720170707456, 0.794527984926895, 0.697423074265828, 0.7542236505501037, 0.6979098788816211]
2021-07-04 05:12:24,510 - root - WARNING - check all params:{'batch_size': 1500, 'doc_topic_prior': 0.4, 'evaluate_every': 1, 'learning_decay': 1.3, 'learning_method': 'online', 'learning_offset': 50, 'max_doc_update_iter': 100, 'max_iter': 50, 'mean_change_tol': 0.0001, 'n_components': 8, 'n_jobs': None, 'perp_tol': 0.1, 'random_state': 1, 'topic_word_prior': 0.6, 'total_samples': 1000000.0, 'verbose': 1}
2021-07-04 06:05:20,478 - root - WARNING - MIN_DF:30
2021-07-04 06:05:20,643 - root - WARNING - params:batch_size:1500
2021-07-04 06:05:20,651 - root - WARNING - params:n_components:8
2021-07-04 06:05:20,653 - root - WARNING - params:topic_word_prior:0.6
2021-07-04 06:05:20,656 - root - WARNING - params:doc_topic_prior:0.5
2021-07-04 06:05:20,658 - root - WARNING - params:max_iter:50
2021-07-04 06:05:20,661 - root - WARNING - done n_iter:50
2021-07-04 06:05:20,663 - root - WARNING - perplexity:1822.3558906404357
2021-07-04 06:05:20,666 - root - WARNING - coherance:[0.7950674388197444, 0.7875441256905271, 0.7742052343818222, 0.7719316090622158, 0.807965585049083, 0.6934824471279988, 0.7597667023142028, 0.73039422352132]
2021-07-04 06:05:20,668 - root - WARNING - check all params:{'batch_size': 1500, 'doc_topic_prior': 0.5, 'evaluate_every': 1, 'learning_decay': 1.3, 'learning_method': 'online', 'learning_offset': 50, 'max_doc_update_iter': 100, 'max_iter': 50, 'mean_change_tol': 0.0001, 'n_components': 8, 'n_jobs': None, 'perp_tol': 0.1, 'random_state': 1, 'topic_word_prior': 0.6, 'total_samples': 1000000.0, 'verbose': 1}
2021-07-04 06:56:08,457 - root - WARNING - MIN_DF:30
2021-07-04 06:56:08,688 - root - WARNING - params:batch_size:1500
2021-07-04 06:56:08,692 - root - WARNING - params:n_components:8
2021-07-04 06:56:08,695 - root - WARNING - params:topic_word_prior:0.6
2021-07-04 06:56:08,698 - root - WARNING - params:doc_topic_prior:0.6
2021-07-04 06:56:08,701 - root - WARNING - params:max_iter:50
2021-07-04 06:56:08,703 - root - WARNING - done n_iter:50
2021-07-04 06:56:08,706 - root - WARNING - perplexity:1787.9895055613713
2021-07-04 06:56:08,709 - root - WARNING - coherance:[0.8010965854202483, 0.7908601364160376, nan, 0.7402694155322498, 0.7981359552808763, 0.6946334396348746, 0.7544482791514364, 0.7679840191360217]
2021-07-04 06:56:08,711 - root - WARNING - check all params:{'batch_size': 1500, 'doc_topic_prior': 0.6, 'evaluate_every': 1, 'learning_decay': 1.3, 'learning_method': 'online', 'learning_offset': 50, 'max_doc_update_iter': 100, 'max_iter': 50, 'mean_change_tol': 0.0001, 'n_components': 8, 'n_jobs': None, 'perp_tol': 0.1, 'random_state': 1, 'topic_word_prior': 0.6, 'total_samples': 1000000.0, 'verbose': 1}
