2021-06-19 12:11:32,159 - root - WARNING - MIN_DF:30
2021-06-19 12:11:32,177 - root - WARNING - params:n_components:9
2021-06-19 12:11:32,180 - root - WARNING - params:topic_word_prior:0.2
2021-06-19 12:11:32,182 - root - WARNING - params:batch_size:500
2021-06-19 12:11:32,184 - root - WARNING - params:max_iter:30
2021-06-19 12:11:32,186 - root - WARNING - perplexity:1613.2060295977024
2021-06-19 12:11:32,187 - root - WARNING - coherance:[0.7688654717795649, 0.7842668666666317, 0.8051105700728064, 0.7896881250465227, 0.8014658927554134, 0.8003789717114339, 0.7812897720963817, 0.78249230710758, 0.713881936135352]
2021-06-19 12:32:28,673 - root - WARNING - MIN_DF:30
2021-06-19 12:32:28,689 - root - WARNING - params:n_components:9
2021-06-19 12:32:28,692 - root - WARNING - params:topic_word_prior:0.2
2021-06-19 12:32:28,694 - root - WARNING - params:batch_size:1000
2021-06-19 12:32:28,696 - root - WARNING - params:max_iter:30
2021-06-19 12:32:28,698 - root - WARNING - perplexity:1514.6106935612545
2021-06-19 12:32:28,700 - root - WARNING - coherance:[0.7889158355930372, 0.7890617997691428, 0.7755333536335424, 0.770164622630174, 0.788028716771245, 0.7861692751483308, 0.7795053723602048, 0.6548753615169314, 0.6812141212702036]
2021-06-19 12:54:34,419 - root - WARNING - MIN_DF:30
2021-06-19 12:54:34,435 - root - WARNING - params:n_components:9
2021-06-19 12:54:34,444 - root - WARNING - params:topic_word_prior:0.2
2021-06-19 12:54:34,445 - root - WARNING - params:batch_size:2000
2021-06-19 12:54:34,447 - root - WARNING - params:max_iter:30
2021-06-19 12:54:34,449 - root - WARNING - perplexity:1418.2627404049379
2021-06-19 12:54:34,450 - root - WARNING - coherance:[0.702156468496948, 0.7691319808819251, 0.772282168543313, 0.780821230888902, 0.7795758247419381, 0.7726323857665921, 0.7696598047714909, 0.7600749233341646, 0.5485652275956957]
2021-06-19 13:14:14,827 - root - WARNING - MIN_DF:30
2021-06-19 13:14:14,849 - root - WARNING - params:n_components:9
2021-06-19 13:14:14,851 - root - WARNING - params:topic_word_prior:0.25
2021-06-19 13:14:14,853 - root - WARNING - params:batch_size:500
2021-06-19 13:14:14,855 - root - WARNING - params:max_iter:30
2021-06-19 13:14:14,857 - root - WARNING - perplexity:1573.2418180719299
2021-06-19 13:14:14,859 - root - WARNING - coherance:[0.7680687261135568, 0.7835687627206681, 0.7984959857446225, 0.7917159998522745, 0.7944549869208327, 0.7997886191931085, 0.7805757940071391, 0.7817832946183908, 0.7141375720951688]
2021-06-19 13:35:44,497 - root - WARNING - MIN_DF:30
2021-06-19 13:35:44,525 - root - WARNING - params:n_components:9
2021-06-19 13:35:44,528 - root - WARNING - params:topic_word_prior:0.25
2021-06-19 13:35:44,530 - root - WARNING - params:batch_size:1000
2021-06-19 13:35:44,531 - root - WARNING - params:max_iter:30
2021-06-19 13:35:44,533 - root - WARNING - perplexity:1495.8787390462626
2021-06-19 13:35:44,535 - root - WARNING - coherance:[0.7845322749967973, 0.7889198052426912, 0.7806664794553888, 0.7747104424425579, 0.7890431090074749, 0.783626250824151, 0.7766238450871898, 0.6485834657878058, 0.6623757134942572]
2021-06-19 13:58:15,516 - root - WARNING - MIN_DF:30
2021-06-19 13:58:15,536 - root - WARNING - params:n_components:9
2021-06-19 13:58:15,539 - root - WARNING - params:topic_word_prior:0.25
2021-06-19 13:58:15,541 - root - WARNING - params:batch_size:2000
2021-06-19 13:58:15,543 - root - WARNING - params:max_iter:30
2021-06-19 13:58:15,544 - root - WARNING - perplexity:1413.8923488216085
2021-06-19 13:58:15,546 - root - WARNING - coherance:[0.6988490313110816, 0.7678191084779774, 0.7709728449418505, 0.7796086781811982, 0.7743652924001736, 0.7675394208042272, 0.7683726182857593, 0.7586761684917477, 0.5307739233212327]
2021-06-19 14:18:42,589 - root - WARNING - MIN_DF:30
2021-06-19 14:18:42,610 - root - WARNING - params:n_components:9
2021-06-19 14:18:42,612 - root - WARNING - params:topic_word_prior:0.3
2021-06-19 14:18:42,614 - root - WARNING - params:batch_size:500
2021-06-19 14:18:42,617 - root - WARNING - params:max_iter:30
2021-06-19 14:18:42,619 - root - WARNING - perplexity:1533.2625943090916
2021-06-19 14:18:42,621 - root - WARNING - coherance:[0.7582631728983211, 0.7749515208245924, 0.7967673606530341, 0.7764119144433054, 0.7812001863475322, 0.7877168682541806, 0.771739493132032, 0.7482753198749692, 0.7235319398455942]
2021-06-19 14:40:56,995 - root - WARNING - MIN_DF:30
2021-06-19 14:40:57,020 - root - WARNING - params:n_components:9
2021-06-19 14:40:57,023 - root - WARNING - params:topic_word_prior:0.3
2021-06-19 14:40:57,025 - root - WARNING - params:batch_size:1000
2021-06-19 14:40:57,027 - root - WARNING - params:max_iter:30
2021-06-19 14:40:57,029 - root - WARNING - perplexity:1474.7121613158815
2021-06-19 14:40:57,031 - root - WARNING - coherance:[0.7876454455872561, 0.7746022398628558, 0.7687141705643923, 0.7750824281614186, 0.7880528905231169, 0.7839714667234416, 0.7770149583479882, 0.6630009263420497, 0.6698009666873277]
