2021-06-28 10:28:27,361 - root - WARNING - MIN_DF:30
2021-06-28 10:28:27,463 - root - WARNING - params:batch_size:2500
2021-06-28 10:28:27,475 - root - WARNING - params:n_components:10
2021-06-28 10:28:27,482 - root - WARNING - params:topic_word_prior:0.4
2021-06-28 10:28:27,488 - root - WARNING - params:doc_topic_prior:0.4
2021-06-28 10:28:27,494 - root - WARNING - params:max_iter:50
2021-06-28 10:28:27,500 - root - WARNING - done n_iter:50
2021-06-28 10:28:27,505 - root - WARNING - perplexity:1438.3573620270513
2021-06-28 10:28:27,511 - root - WARNING - coherance:[0.7986667222894036, 0.7932584647200857, 0.7633820580706728, 0.7790627805137573, nan, 0.7249088776498588, 0.7818654051506971, 0.7909008540793582, 0.7054935522095248, 0.761068827410953]
2021-06-28 10:28:27,518 - root - WARNING - check all params:{'batch_size': 2500, 'doc_topic_prior': 0.4, 'evaluate_every': 1, 'learning_decay': 0.7, 'learning_method': 'online', 'learning_offset': 50, 'max_doc_update_iter': 100, 'max_iter': 50, 'mean_change_tol': 0.0001, 'n_components': 10, 'n_jobs': None, 'perp_tol': 0.1, 'random_state': 1, 'topic_word_prior': 0.4, 'total_samples': 1000000.0, 'verbose': 1}
2021-06-28 10:55:12,366 - root - WARNING - MIN_DF:30
2021-06-28 10:55:12,455 - root - WARNING - params:batch_size:2500
2021-06-28 10:55:12,468 - root - WARNING - params:n_components:10
2021-06-28 10:55:12,475 - root - WARNING - params:topic_word_prior:0.4
2021-06-28 10:55:12,481 - root - WARNING - params:doc_topic_prior:0.5
2021-06-28 10:55:12,488 - root - WARNING - params:max_iter:50
2021-06-28 10:55:12,494 - root - WARNING - done n_iter:50
2021-06-28 10:55:12,500 - root - WARNING - perplexity:1445.8602625904587
2021-06-28 10:55:12,506 - root - WARNING - coherance:[0.7831386282949413, 0.7808082452516112, 0.7452596294997881, 0.7540579869105831, nan, 0.6948352509122504, 0.7702234270518397, 0.7789570073246584, 0.6193333790918771, 0.7514099465156217]
2021-06-28 10:55:12,512 - root - WARNING - check all params:{'batch_size': 2500, 'doc_topic_prior': 0.5, 'evaluate_every': 1, 'learning_decay': 0.7, 'learning_method': 'online', 'learning_offset': 50, 'max_doc_update_iter': 100, 'max_iter': 50, 'mean_change_tol': 0.0001, 'n_components': 10, 'n_jobs': None, 'perp_tol': 0.1, 'random_state': 1, 'topic_word_prior': 0.4, 'total_samples': 1000000.0, 'verbose': 1}
2021-06-28 11:20:19,535 - root - WARNING - MIN_DF:30
2021-06-28 11:20:19,635 - root - WARNING - params:batch_size:2500
2021-06-28 11:20:19,647 - root - WARNING - params:n_components:10
2021-06-28 11:20:19,655 - root - WARNING - params:topic_word_prior:0.4
2021-06-28 11:20:19,661 - root - WARNING - params:doc_topic_prior:0.6
2021-06-28 11:20:19,667 - root - WARNING - params:max_iter:50
2021-06-28 11:20:19,672 - root - WARNING - done n_iter:50
2021-06-28 11:20:19,678 - root - WARNING - perplexity:1451.1935848159171
2021-06-28 11:20:19,684 - root - WARNING - coherance:[0.7774534217099895, nan, 0.7545844973125844, 0.7512978061226527, 0.7574306689543264, 0.6966376962628746, 0.762363191900467, 0.7801831180092134, 0.6385296514883347, 0.7400506245315281]
2021-06-28 11:20:19,691 - root - WARNING - check all params:{'batch_size': 2500, 'doc_topic_prior': 0.6, 'evaluate_every': 1, 'learning_decay': 0.7, 'learning_method': 'online', 'learning_offset': 50, 'max_doc_update_iter': 100, 'max_iter': 50, 'mean_change_tol': 0.0001, 'n_components': 10, 'n_jobs': None, 'perp_tol': 0.1, 'random_state': 1, 'topic_word_prior': 0.4, 'total_samples': 1000000.0, 'verbose': 1}
2021-06-28 11:43:23,366 - root - WARNING - MIN_DF:30
2021-06-28 11:43:23,469 - root - WARNING - params:batch_size:2500
2021-06-28 11:43:23,481 - root - WARNING - params:n_components:10
2021-06-28 11:43:23,489 - root - WARNING - params:topic_word_prior:0.4
2021-06-28 11:43:23,496 - root - WARNING - params:doc_topic_prior:0.8
2021-06-28 11:43:23,513 - root - WARNING - params:max_iter:50
2021-06-28 11:43:23,519 - root - WARNING - done n_iter:50
2021-06-28 11:43:23,525 - root - WARNING - perplexity:1442.8634573227748
2021-06-28 11:43:23,531 - root - WARNING - coherance:[0.7988811730864634, nan, 0.77557146408468, 0.7779878773471619, 0.7848874508049144, 0.742762790103921, 0.769980912089258, 0.7635560189256447, 0.5892951220967787, 0.760211930840618]
2021-06-28 11:43:23,538 - root - WARNING - check all params:{'batch_size': 2500, 'doc_topic_prior': 0.8, 'evaluate_every': 1, 'learning_decay': 0.7, 'learning_method': 'online', 'learning_offset': 50, 'max_doc_update_iter': 100, 'max_iter': 50, 'mean_change_tol': 0.0001, 'n_components': 10, 'n_jobs': None, 'perp_tol': 0.1, 'random_state': 1, 'topic_word_prior': 0.4, 'total_samples': 1000000.0, 'verbose': 1}
2021-06-28 12:10:03,882 - root - WARNING - MIN_DF:30
2021-06-28 12:10:03,983 - root - WARNING - params:batch_size:2500
2021-06-28 12:10:03,994 - root - WARNING - params:n_components:10
2021-06-28 12:10:04,002 - root - WARNING - params:topic_word_prior:0.5
2021-06-28 12:10:04,008 - root - WARNING - params:doc_topic_prior:0.05
2021-06-28 12:10:04,014 - root - WARNING - params:max_iter:50
2021-06-28 12:10:04,020 - root - WARNING - done n_iter:42
2021-06-28 12:10:04,025 - root - WARNING - perplexity:1399.377260001757
2021-06-28 12:10:04,031 - root - WARNING - coherance:[0.6714575745965025, 0.7657728951822957, 0.7324250837624555, 0.7607906410114921, 0.781273401130037, 0.5773280932864343, 0.7595368485613773, 0.7603039693853944, 0.7725287928925036, 0.7623893723182166]
2021-06-28 12:10:04,038 - root - WARNING - check all params:{'batch_size': 2500, 'doc_topic_prior': 0.05, 'evaluate_every': 1, 'learning_decay': 0.7, 'learning_method': 'online', 'learning_offset': 50, 'max_doc_update_iter': 100, 'max_iter': 50, 'mean_change_tol': 0.0001, 'n_components': 10, 'n_jobs': None, 'perp_tol': 0.1, 'random_state': 1, 'topic_word_prior': 0.5, 'total_samples': 1000000.0, 'verbose': 1}
2021-06-28 12:40:45,383 - root - WARNING - MIN_DF:30
2021-06-28 12:40:45,483 - root - WARNING - params:batch_size:2500
2021-06-28 12:40:45,495 - root - WARNING - params:n_components:10
2021-06-28 12:40:45,502 - root - WARNING - params:topic_word_prior:0.5
2021-06-28 12:40:45,508 - root - WARNING - params:doc_topic_prior:0.15
2021-06-28 12:40:45,514 - root - WARNING - params:max_iter:50
2021-06-28 12:40:45,520 - root - WARNING - done n_iter:50
2021-06-28 12:40:45,526 - root - WARNING - perplexity:1415.1038294186894
2021-06-28 12:40:45,532 - root - WARNING - coherance:[0.688355064373815, 0.7887101937481533, 0.7515756014285482, 0.7626193097960072, 0.773673775547593, 0.6794992195618224, 0.7686238115059693, 0.7700806578302537, 0.7592123087138052, 0.7609195152292588]
2021-06-28 12:40:45,538 - root - WARNING - check all params:{'batch_size': 2500, 'doc_topic_prior': 0.15, 'evaluate_every': 1, 'learning_decay': 0.7, 'learning_method': 'online', 'learning_offset': 50, 'max_doc_update_iter': 100, 'max_iter': 50, 'mean_change_tol': 0.0001, 'n_components': 10, 'n_jobs': None, 'perp_tol': 0.1, 'random_state': 1, 'topic_word_prior': 0.5, 'total_samples': 1000000.0, 'verbose': 1}
2021-06-28 13:14:58,475 - root - WARNING - MIN_DF:30
2021-06-28 13:14:58,562 - root - WARNING - params:batch_size:2500
2021-06-28 13:14:58,574 - root - WARNING - params:n_components:10
2021-06-28 13:14:58,582 - root - WARNING - params:topic_word_prior:0.5
2021-06-28 13:14:58,589 - root - WARNING - params:doc_topic_prior:0.3
2021-06-28 13:14:58,595 - root - WARNING - params:max_iter:50
2021-06-28 13:14:58,601 - root - WARNING - done n_iter:50
2021-06-28 13:14:58,607 - root - WARNING - perplexity:1452.2343790722857
2021-06-28 13:14:58,612 - root - WARNING - coherance:[0.7934646879230649, 0.7867775081804609, 0.7576283875939815, 0.7749960954778558, 0.7677746441699977, 0.7708695908197498, 0.7717945343705481, 0.7905696833828844, 0.5568110136830889, 0.7549133494314167]
2021-06-28 13:14:58,619 - root - WARNING - check all params:{'batch_size': 2500, 'doc_topic_prior': 0.3, 'evaluate_every': 1, 'learning_decay': 0.7, 'learning_method': 'online', 'learning_offset': 50, 'max_doc_update_iter': 100, 'max_iter': 50, 'mean_change_tol': 0.0001, 'n_components': 10, 'n_jobs': None, 'perp_tol': 0.1, 'random_state': 1, 'topic_word_prior': 0.5, 'total_samples': 1000000.0, 'verbose': 1}
2021-06-28 13:44:50,692 - root - WARNING - MIN_DF:30
2021-06-28 13:44:50,777 - root - WARNING - params:batch_size:2500
2021-06-28 13:44:50,806 - root - WARNING - params:n_components:10
2021-06-28 13:44:50,813 - root - WARNING - params:topic_word_prior:0.5
2021-06-28 13:44:50,819 - root - WARNING - params:doc_topic_prior:0.4
2021-06-28 13:44:50,825 - root - WARNING - params:max_iter:50
2021-06-28 13:44:50,831 - root - WARNING - done n_iter:50
2021-06-28 13:44:50,836 - root - WARNING - perplexity:1455.2269178292518
2021-06-28 13:44:50,842 - root - WARNING - coherance:[0.7972666189012745, 0.7921524192211741, 0.7615604640486862, 0.777387044737621, nan, 0.6947790122420134, 0.7803235979498842, 0.7894048524085573, 0.7026753721638752, 0.7592765387045921]
2021-06-28 13:44:50,848 - root - WARNING - check all params:{'batch_size': 2500, 'doc_topic_prior': 0.4, 'evaluate_every': 1, 'learning_decay': 0.7, 'learning_method': 'online', 'learning_offset': 50, 'max_doc_update_iter': 100, 'max_iter': 50, 'mean_change_tol': 0.0001, 'n_components': 10, 'n_jobs': None, 'perp_tol': 0.1, 'random_state': 1, 'topic_word_prior': 0.5, 'total_samples': 1000000.0, 'verbose': 1}
2021-06-28 14:11:06,801 - root - WARNING - MIN_DF:30
2021-06-28 14:11:06,900 - root - WARNING - params:batch_size:2500
2021-06-28 14:11:06,912 - root - WARNING - params:n_components:10
2021-06-28 14:11:06,919 - root - WARNING - params:topic_word_prior:0.5
2021-06-28 14:11:06,925 - root - WARNING - params:doc_topic_prior:0.5
2021-06-28 14:11:06,931 - root - WARNING - params:max_iter:50
2021-06-28 14:11:06,936 - root - WARNING - done n_iter:50
2021-06-28 14:11:06,942 - root - WARNING - perplexity:1464.3070891127613
2021-06-28 14:11:06,948 - root - WARNING - coherance:[0.7821124524816819, 0.779763640875068, 0.7439562931700502, 0.7566583986066365, nan, 0.6718836098957396, 0.7691473338229611, 0.7779110718444172, 0.6165487783494271, 0.7501839435376243]
2021-06-28 14:11:06,954 - root - WARNING - check all params:{'batch_size': 2500, 'doc_topic_prior': 0.5, 'evaluate_every': 1, 'learning_decay': 0.7, 'learning_method': 'online', 'learning_offset': 50, 'max_doc_update_iter': 100, 'max_iter': 50, 'mean_change_tol': 0.0001, 'n_components': 10, 'n_jobs': None, 'perp_tol': 0.1, 'random_state': 1, 'topic_word_prior': 0.5, 'total_samples': 1000000.0, 'verbose': 1}
2021-06-28 14:36:04,068 - root - WARNING - MIN_DF:30
2021-06-28 14:36:04,154 - root - WARNING - params:batch_size:2500
2021-06-28 14:36:04,166 - root - WARNING - params:n_components:10
2021-06-28 14:36:04,173 - root - WARNING - params:topic_word_prior:0.5
2021-06-28 14:36:04,178 - root - WARNING - params:doc_topic_prior:0.6
2021-06-28 14:36:04,184 - root - WARNING - params:max_iter:50
2021-06-28 14:36:04,190 - root - WARNING - done n_iter:50
2021-06-28 14:36:04,196 - root - WARNING - perplexity:1471.1569566412973
2021-06-28 14:36:04,201 - root - WARNING - coherance:[0.7747553037300066, nan, 0.7514563441578194, 0.7480104654982457, 0.7544705594502973, 0.6916571907565029, 0.7595295401187129, 0.7766018912157711, 0.610992429043501, 0.7367911771531197]
2021-06-28 14:36:04,208 - root - WARNING - check all params:{'batch_size': 2500, 'doc_topic_prior': 0.6, 'evaluate_every': 1, 'learning_decay': 0.7, 'learning_method': 'online', 'learning_offset': 50, 'max_doc_update_iter': 100, 'max_iter': 50, 'mean_change_tol': 0.0001, 'n_components': 10, 'n_jobs': None, 'perp_tol': 0.1, 'random_state': 1, 'topic_word_prior': 0.5, 'total_samples': 1000000.0, 'verbose': 1}
2021-06-28 14:58:50,890 - root - WARNING - MIN_DF:30
2021-06-28 14:58:50,982 - root - WARNING - params:batch_size:2500
2021-06-28 14:58:50,995 - root - WARNING - params:n_components:10
2021-06-28 14:58:51,002 - root - WARNING - params:topic_word_prior:0.5
2021-06-28 14:58:51,009 - root - WARNING - params:doc_topic_prior:0.8
2021-06-28 14:58:51,015 - root - WARNING - params:max_iter:50
2021-06-28 14:58:51,021 - root - WARNING - done n_iter:50
2021-06-28 14:58:51,027 - root - WARNING - perplexity:1463.389111089091
2021-06-28 14:58:51,034 - root - WARNING - coherance:[0.7988644767273508, nan, 0.7791656219048493, 0.7779680329826628, 0.7848692409801348, 0.7427351250067293, 0.7699611502619635, 0.7635343033789768, 0.5892390635227615, 0.7601904703812623]
2021-06-28 14:58:51,040 - root - WARNING - check all params:{'batch_size': 2500, 'doc_topic_prior': 0.8, 'evaluate_every': 1, 'learning_decay': 0.7, 'learning_method': 'online', 'learning_offset': 50, 'max_doc_update_iter': 100, 'max_iter': 50, 'mean_change_tol': 0.0001, 'n_components': 10, 'n_jobs': None, 'perp_tol': 0.1, 'random_state': 1, 'topic_word_prior': 0.5, 'total_samples': 1000000.0, 'verbose': 1}
2021-06-28 15:23:12,760 - root - WARNING - MIN_DF:30
2021-06-28 15:23:12,833 - root - WARNING - params:batch_size:2500
2021-06-28 15:23:12,846 - root - WARNING - params:n_components:10
2021-06-28 15:23:12,854 - root - WARNING - params:topic_word_prior:0.6
2021-06-28 15:23:12,861 - root - WARNING - params:doc_topic_prior:0.05
2021-06-28 15:23:12,867 - root - WARNING - params:max_iter:50
2021-06-28 15:23:12,873 - root - WARNING - done n_iter:38
2021-06-28 15:23:12,879 - root - WARNING - perplexity:1405.5933081400392
2021-06-28 15:23:12,885 - root - WARNING - coherance:[0.6713533317586913, 0.7657132937608226, 0.748298367832543, 0.761785743775709, 0.7812218182750713, 0.5771608318792395, 0.7648439890958931, 0.760243200207584, 0.7774372222461925, 0.7623314507606103]
2021-06-28 15:23:12,892 - root - WARNING - check all params:{'batch_size': 2500, 'doc_topic_prior': 0.05, 'evaluate_every': 1, 'learning_decay': 0.7, 'learning_method': 'online', 'learning_offset': 50, 'max_doc_update_iter': 100, 'max_iter': 50, 'mean_change_tol': 0.0001, 'n_components': 10, 'n_jobs': None, 'perp_tol': 0.1, 'random_state': 1, 'topic_word_prior': 0.6, 'total_samples': 1000000.0, 'verbose': 1}
2021-06-28 15:54:17,741 - root - WARNING - MIN_DF:30
2021-06-28 15:54:17,845 - root - WARNING - params:batch_size:2500
2021-06-28 15:54:17,858 - root - WARNING - params:n_components:10
2021-06-28 15:54:17,866 - root - WARNING - params:topic_word_prior:0.6
2021-06-28 15:54:17,872 - root - WARNING - params:doc_topic_prior:0.15
2021-06-28 15:54:17,878 - root - WARNING - params:max_iter:50
2021-06-28 15:54:17,884 - root - WARNING - done n_iter:50
2021-06-28 15:54:17,890 - root - WARNING - perplexity:1425.0658163444505
2021-06-28 15:54:17,895 - root - WARNING - coherance:[0.677423206543638, 0.783187096377985, 0.7443123435785916, 0.7559308892888617, 0.7675662577596252, 0.6655509086528492, 0.7624595674297946, 0.7637720741071398, 0.7518030997016543, 0.7545026014188654]
2021-06-28 15:54:17,902 - root - WARNING - check all params:{'batch_size': 2500, 'doc_topic_prior': 0.15, 'evaluate_every': 1, 'learning_decay': 0.7, 'learning_method': 'online', 'learning_offset': 50, 'max_doc_update_iter': 100, 'max_iter': 50, 'mean_change_tol': 0.0001, 'n_components': 10, 'n_jobs': None, 'perp_tol': 0.1, 'random_state': 1, 'topic_word_prior': 0.6, 'total_samples': 1000000.0, 'verbose': 1}
2021-06-28 16:27:53,483 - root - WARNING - MIN_DF:30
2021-06-28 16:27:53,573 - root - WARNING - params:batch_size:2500
2021-06-28 16:27:53,585 - root - WARNING - params:n_components:10
2021-06-28 16:27:53,592 - root - WARNING - params:topic_word_prior:0.6
2021-06-28 16:27:53,598 - root - WARNING - params:doc_topic_prior:0.3
2021-06-28 16:27:53,603 - root - WARNING - params:max_iter:50
2021-06-28 16:27:53,609 - root - WARNING - done n_iter:50
2021-06-28 16:27:53,615 - root - WARNING - perplexity:1467.0095396993047
2021-06-28 16:27:53,621 - root - WARNING - coherance:[0.7934785618402669, 0.7908406878437824, 0.7576469073882338, 0.775012506093159, 0.7677906416608066, 0.7708862772288974, 0.7764646159350199, 0.7905840704456997, 0.5568625491663219, 0.7549311718535886]
2021-06-28 16:27:53,628 - root - WARNING - check all params:{'batch_size': 2500, 'doc_topic_prior': 0.3, 'evaluate_every': 1, 'learning_decay': 0.7, 'learning_method': 'online', 'learning_offset': 50, 'max_doc_update_iter': 100, 'max_iter': 50, 'mean_change_tol': 0.0001, 'n_components': 10, 'n_jobs': None, 'perp_tol': 0.1, 'random_state': 1, 'topic_word_prior': 0.6, 'total_samples': 1000000.0, 'verbose': 1}
2021-06-28 16:58:14,681 - root - WARNING - MIN_DF:30
2021-06-28 16:58:14,781 - root - WARNING - params:batch_size:2500
2021-06-28 16:58:14,793 - root - WARNING - params:n_components:10
2021-06-28 16:58:14,801 - root - WARNING - params:topic_word_prior:0.6
2021-06-28 16:58:14,807 - root - WARNING - params:doc_topic_prior:0.4
2021-06-28 16:58:14,813 - root - WARNING - params:max_iter:50
2021-06-28 16:58:14,819 - root - WARNING - done n_iter:50
2021-06-28 16:58:14,825 - root - WARNING - perplexity:1471.5312559148986
2021-06-28 16:58:14,831 - root - WARNING - coherance:[0.7972386940605989, 0.7921231703255749, 0.7615241734807131, 0.7773536621535485, nan, 0.6947190665478971, 0.7802928815938572, 0.7893750641142864, 0.7026193257065084, 0.7592408468418836]
2021-06-28 16:58:14,838 - root - WARNING - check all params:{'batch_size': 2500, 'doc_topic_prior': 0.4, 'evaluate_every': 1, 'learning_decay': 0.7, 'learning_method': 'online', 'learning_offset': 50, 'max_doc_update_iter': 100, 'max_iter': 50, 'mean_change_tol': 0.0001, 'n_components': 10, 'n_jobs': None, 'perp_tol': 0.1, 'random_state': 1, 'topic_word_prior': 0.6, 'total_samples': 1000000.0, 'verbose': 1}
2021-06-28 17:25:19,415 - root - WARNING - MIN_DF:30
2021-06-28 17:25:19,502 - root - WARNING - params:batch_size:2500
2021-06-28 17:25:19,515 - root - WARNING - params:n_components:10
2021-06-28 17:25:19,521 - root - WARNING - params:topic_word_prior:0.6
2021-06-28 17:25:19,527 - root - WARNING - params:doc_topic_prior:0.5
2021-06-28 17:25:19,533 - root - WARNING - params:max_iter:50
2021-06-28 17:25:19,539 - root - WARNING - done n_iter:50
2021-06-28 17:25:19,545 - root - WARNING - perplexity:1481.9379396973884
2021-06-28 17:25:19,551 - root - WARNING - coherance:[0.7833082351596136, 0.7809810361700388, 0.7454752487847487, 0.7526107812152332, nan, 0.7010720418079256, 0.7704014398521601, 0.7791300985514407, 0.6197951681943974, 0.7516127866756563]
2021-06-28 17:25:19,557 - root - WARNING - check all params:{'batch_size': 2500, 'doc_topic_prior': 0.5, 'evaluate_every': 1, 'learning_decay': 0.7, 'learning_method': 'online', 'learning_offset': 50, 'max_doc_update_iter': 100, 'max_iter': 50, 'mean_change_tol': 0.0001, 'n_components': 10, 'n_jobs': None, 'perp_tol': 0.1, 'random_state': 1, 'topic_word_prior': 0.6, 'total_samples': 1000000.0, 'verbose': 1}
2021-06-28 17:50:27,013 - root - WARNING - MIN_DF:30
2021-06-28 17:50:27,117 - root - WARNING - params:batch_size:2500
2021-06-28 17:50:27,129 - root - WARNING - params:n_components:10
2021-06-28 17:50:27,137 - root - WARNING - params:topic_word_prior:0.6
2021-06-28 17:50:27,144 - root - WARNING - params:doc_topic_prior:0.6
2021-06-28 17:50:27,150 - root - WARNING - params:max_iter:50
2021-06-28 17:50:27,156 - root - WARNING - done n_iter:50
2021-06-28 17:50:27,163 - root - WARNING - perplexity:1489.6945420381364
2021-06-28 17:50:27,169 - root - WARNING - coherance:[0.7746545079204273, nan, 0.7513396813477958, 0.7478879623615962, 0.7543602251089919, 0.6914719467772443, 0.7594238850432319, 0.7814847732975067, 0.6137043724999003, 0.7366696807315958]
2021-06-28 17:50:27,176 - root - WARNING - check all params:{'batch_size': 2500, 'doc_topic_prior': 0.6, 'evaluate_every': 1, 'learning_decay': 0.7, 'learning_method': 'online', 'learning_offset': 50, 'max_doc_update_iter': 100, 'max_iter': 50, 'mean_change_tol': 0.0001, 'n_components': 10, 'n_jobs': None, 'perp_tol': 0.1, 'random_state': 1, 'topic_word_prior': 0.6, 'total_samples': 1000000.0, 'verbose': 1}
2021-06-28 18:13:26,688 - root - WARNING - MIN_DF:30
2021-06-28 18:13:26,779 - root - WARNING - params:batch_size:2500
2021-06-28 18:13:26,791 - root - WARNING - params:n_components:10
2021-06-28 18:13:26,799 - root - WARNING - params:topic_word_prior:0.6
2021-06-28 18:13:26,805 - root - WARNING - params:doc_topic_prior:0.8
2021-06-28 18:13:26,811 - root - WARNING - params:max_iter:50
2021-06-28 18:13:26,816 - root - WARNING - done n_iter:50
2021-06-28 18:13:26,822 - root - WARNING - perplexity:1482.4770028653054
2021-06-28 18:13:26,828 - root - WARNING - coherance:[0.7988644767273508, nan, 0.7791656219048493, 0.7779680329826628, 0.7848692409801348, 0.7427351250067293, 0.7699611502619637, 0.7635343033789768, 0.5892390635227615, 0.7601904703812623]
2021-06-28 18:13:26,835 - root - WARNING - check all params:{'batch_size': 2500, 'doc_topic_prior': 0.8, 'evaluate_every': 1, 'learning_decay': 0.7, 'learning_method': 'online', 'learning_offset': 50, 'max_doc_update_iter': 100, 'max_iter': 50, 'mean_change_tol': 0.0001, 'n_components': 10, 'n_jobs': None, 'perp_tol': 0.1, 'random_state': 1, 'topic_word_prior': 0.6, 'total_samples': 1000000.0, 'verbose': 1}
2021-06-28 18:35:00,394 - root - WARNING - MIN_DF:30
2021-06-28 18:35:00,484 - root - WARNING - params:batch_size:2500
2021-06-28 18:35:00,502 - root - WARNING - params:n_components:10
2021-06-28 18:35:00,509 - root - WARNING - params:topic_word_prior:0.8
2021-06-28 18:35:00,516 - root - WARNING - params:doc_topic_prior:0.05
2021-06-28 18:35:00,522 - root - WARNING - params:max_iter:50
2021-06-28 18:35:00,528 - root - WARNING - done n_iter:32
2021-06-28 18:35:00,534 - root - WARNING - perplexity:1420.7396810981284
2021-06-28 18:35:00,540 - root - WARNING - coherance:[0.6715860510182751, 0.7533128945853859, 0.7410830119823574, 0.7619210923368367, 0.7813369626908913, 0.577534272592757, 0.7649717756255225, 0.7603788576584215, 0.777558744707369, 0.7624607490064566]
2021-06-28 18:35:00,546 - root - WARNING - check all params:{'batch_size': 2500, 'doc_topic_prior': 0.05, 'evaluate_every': 1, 'learning_decay': 0.7, 'learning_method': 'online', 'learning_offset': 50, 'max_doc_update_iter': 100, 'max_iter': 50, 'mean_change_tol': 0.0001, 'n_components': 10, 'n_jobs': None, 'perp_tol': 0.1, 'random_state': 1, 'topic_word_prior': 0.8, 'total_samples': 1000000.0, 'verbose': 1}
2021-06-28 19:06:56,886 - root - WARNING - MIN_DF:30
2021-06-28 19:06:56,988 - root - WARNING - params:batch_size:2500
2021-06-28 19:06:57,001 - root - WARNING - params:n_components:10
2021-06-28 19:06:57,008 - root - WARNING - params:topic_word_prior:0.8
2021-06-28 19:06:57,014 - root - WARNING - params:doc_topic_prior:0.15
2021-06-28 19:06:57,023 - root - WARNING - params:max_iter:50
2021-06-28 19:06:57,029 - root - WARNING - done n_iter:50
2021-06-28 19:06:57,035 - root - WARNING - perplexity:1448.8366494136617
2021-06-28 19:06:57,041 - root - WARNING - coherance:[0.6858899278643642, 0.7806499730723924, 0.7499451447252287, 0.7620873723989119, 0.7721304507715807, 0.6747984160018106, 0.767241729931324, 0.768663105420013, 0.7792706381538614, 0.7594794937039944]
2021-06-28 19:06:57,047 - root - WARNING - check all params:{'batch_size': 2500, 'doc_topic_prior': 0.15, 'evaluate_every': 1, 'learning_decay': 0.7, 'learning_method': 'online', 'learning_offset': 50, 'max_doc_update_iter': 100, 'max_iter': 50, 'mean_change_tol': 0.0001, 'n_components': 10, 'n_jobs': None, 'perp_tol': 0.1, 'random_state': 1, 'topic_word_prior': 0.8, 'total_samples': 1000000.0, 'verbose': 1}
2021-06-28 19:41:26,214 - root - WARNING - MIN_DF:30
2021-06-28 19:41:26,316 - root - WARNING - params:batch_size:2500
2021-06-28 19:41:26,329 - root - WARNING - params:n_components:10
2021-06-28 19:41:26,335 - root - WARNING - params:topic_word_prior:0.8
2021-06-28 19:41:26,342 - root - WARNING - params:doc_topic_prior:0.3
2021-06-28 19:41:26,348 - root - WARNING - params:max_iter:50
2021-06-28 19:41:26,354 - root - WARNING - done n_iter:50
2021-06-28 19:41:26,363 - root - WARNING - perplexity:1494.6517772057496
2021-06-28 19:41:26,370 - root - WARNING - coherance:[0.7939880527165823, 0.790878797920476, 0.7576955507652827, 0.7750556091897722, 0.7678326598601561, 0.7733659532643121, 0.7765053477092004, 0.7906218591971721, 0.5569979240328928, 0.7549779839474636]
2021-06-28 19:41:26,377 - root - WARNING - check all params:{'batch_size': 2500, 'doc_topic_prior': 0.3, 'evaluate_every': 1, 'learning_decay': 0.7, 'learning_method': 'online', 'learning_offset': 50, 'max_doc_update_iter': 100, 'max_iter': 50, 'mean_change_tol': 0.0001, 'n_components': 10, 'n_jobs': None, 'perp_tol': 0.1, 'random_state': 1, 'topic_word_prior': 0.8, 'total_samples': 1000000.0, 'verbose': 1}
2021-06-28 20:12:58,385 - root - WARNING - MIN_DF:30
2021-06-28 20:12:58,474 - root - WARNING - params:batch_size:2500
2021-06-28 20:12:58,487 - root - WARNING - params:n_components:10
2021-06-28 20:12:58,495 - root - WARNING - params:topic_word_prior:0.8
2021-06-28 20:12:58,501 - root - WARNING - params:doc_topic_prior:0.4
2021-06-28 20:12:58,508 - root - WARNING - params:max_iter:50
2021-06-28 20:12:58,514 - root - WARNING - done n_iter:50
2021-06-28 20:12:58,520 - root - WARNING - perplexity:1502.4253579207927
2021-06-28 20:12:58,526 - root - WARNING - coherance:[0.7972731919525258, 0.7932069123402201, 0.7615690064865416, 0.7787738165054853, nan, 0.6947931234796789, 0.7803308282747412, 0.7894118643649122, 0.7026885655034547, 0.7592849402973287]
2021-06-28 20:12:58,532 - root - WARNING - check all params:{'batch_size': 2500, 'doc_topic_prior': 0.4, 'evaluate_every': 1, 'learning_decay': 0.7, 'learning_method': 'online', 'learning_offset': 50, 'max_doc_update_iter': 100, 'max_iter': 50, 'mean_change_tol': 0.0001, 'n_components': 10, 'n_jobs': None, 'perp_tol': 0.1, 'random_state': 1, 'topic_word_prior': 0.8, 'total_samples': 1000000.0, 'verbose': 1}
2021-06-28 20:40:49,275 - root - WARNING - MIN_DF:30
2021-06-28 20:40:49,364 - root - WARNING - params:batch_size:2500
2021-06-28 20:40:49,377 - root - WARNING - params:n_components:10
2021-06-28 20:40:49,384 - root - WARNING - params:topic_word_prior:0.8
2021-06-28 20:40:49,390 - root - WARNING - params:doc_topic_prior:0.5
2021-06-28 20:40:49,396 - root - WARNING - params:max_iter:50
2021-06-28 20:40:49,402 - root - WARNING - done n_iter:50
2021-06-28 20:40:49,408 - root - WARNING - perplexity:1514.9043314035962
2021-06-28 20:40:49,413 - root - WARNING - coherance:[0.7784559378689834, 0.7810061694871694, 0.745506612435627, 0.7526413641184552, nan, 0.7011145800919605, 0.7704273330338408, 0.7791552774494639, 0.619862365518083, 0.7516422918428195]
2021-06-28 20:40:49,420 - root - WARNING - check all params:{'batch_size': 2500, 'doc_topic_prior': 0.5, 'evaluate_every': 1, 'learning_decay': 0.7, 'learning_method': 'online', 'learning_offset': 50, 'max_doc_update_iter': 100, 'max_iter': 50, 'mean_change_tol': 0.0001, 'n_components': 10, 'n_jobs': None, 'perp_tol': 0.1, 'random_state': 1, 'topic_word_prior': 0.8, 'total_samples': 1000000.0, 'verbose': 1}
2021-06-28 21:05:08,610 - root - WARNING - MIN_DF:30
2021-06-28 21:05:08,717 - root - WARNING - params:batch_size:2500
2021-06-28 21:05:08,729 - root - WARNING - params:n_components:10
2021-06-28 21:05:08,738 - root - WARNING - params:topic_word_prior:0.8
2021-06-28 21:05:08,744 - root - WARNING - params:doc_topic_prior:0.6
2021-06-28 21:05:08,750 - root - WARNING - params:max_iter:50
2021-06-28 21:05:08,756 - root - WARNING - done n_iter:50
2021-06-28 21:05:08,762 - root - WARNING - perplexity:1523.6429012760725
2021-06-28 21:05:08,768 - root - WARNING - coherance:[0.774512271583686, nan, 0.7511750786317088, 0.7397944407534937, 0.7534769743121534, 0.6912106433766564, 0.7615682600996941, 0.7813505004968887, 0.6128057981753988, 0.7364982657883942]
2021-06-28 21:05:08,775 - root - WARNING - check all params:{'batch_size': 2500, 'doc_topic_prior': 0.6, 'evaluate_every': 1, 'learning_decay': 0.7, 'learning_method': 'online', 'learning_offset': 50, 'max_doc_update_iter': 100, 'max_iter': 50, 'mean_change_tol': 0.0001, 'n_components': 10, 'n_jobs': None, 'perp_tol': 0.1, 'random_state': 1, 'topic_word_prior': 0.8, 'total_samples': 1000000.0, 'verbose': 1}
2021-06-28 21:28:47,553 - root - WARNING - MIN_DF:30
2021-06-28 21:28:47,669 - root - WARNING - params:batch_size:2500
2021-06-28 21:28:47,682 - root - WARNING - params:n_components:10
2021-06-28 21:28:47,690 - root - WARNING - params:topic_word_prior:0.8
2021-06-28 21:28:47,697 - root - WARNING - params:doc_topic_prior:0.8
2021-06-28 21:28:47,703 - root - WARNING - params:max_iter:50
2021-06-28 21:28:47,710 - root - WARNING - done n_iter:50
2021-06-28 21:28:47,716 - root - WARNING - perplexity:1517.4133869301747
2021-06-28 21:28:47,723 - root - WARNING - coherance:[0.7988644767273508, nan, 0.7791656219048493, 0.7779680329826628, 0.7848692409801348, 0.7427351250067293, 0.7699611502619637, 0.7635343033789768, 0.5892390635227615, 0.7601904703812623]
2021-06-28 21:28:47,730 - root - WARNING - check all params:{'batch_size': 2500, 'doc_topic_prior': 0.8, 'evaluate_every': 1, 'learning_decay': 0.7, 'learning_method': 'online', 'learning_offset': 50, 'max_doc_update_iter': 100, 'max_iter': 50, 'mean_change_tol': 0.0001, 'n_components': 10, 'n_jobs': None, 'perp_tol': 0.1, 'random_state': 1, 'topic_word_prior': 0.8, 'total_samples': 1000000.0, 'verbose': 1}
2021-06-28 21:49:19,966 - root - WARNING - MIN_DF:30
2021-06-28 21:49:20,055 - root - WARNING - params:batch_size:4000
2021-06-28 21:49:20,068 - root - WARNING - params:n_components:6
2021-06-28 21:49:20,076 - root - WARNING - params:topic_word_prior:0.05
2021-06-28 21:49:20,082 - root - WARNING - params:doc_topic_prior:0.05
2021-06-28 21:49:20,091 - root - WARNING - params:max_iter:50
2021-06-28 21:49:20,097 - root - WARNING - done n_iter:44
2021-06-28 21:49:20,103 - root - WARNING - perplexity:1439.813261823234
2021-06-28 21:49:20,109 - root - WARNING - coherance:[0.7556631410614332, 0.8183296924578064, 0.784405896981773, 0.8031546094930363, 0.7613601770989818, 0.7713483342453966]
2021-06-28 21:49:20,115 - root - WARNING - check all params:{'batch_size': 4000, 'doc_topic_prior': 0.05, 'evaluate_every': 1, 'learning_decay': 0.7, 'learning_method': 'online', 'learning_offset': 50, 'max_doc_update_iter': 100, 'max_iter': 50, 'mean_change_tol': 0.0001, 'n_components': 6, 'n_jobs': None, 'perp_tol': 0.1, 'random_state': 1, 'topic_word_prior': 0.05, 'total_samples': 1000000.0, 'verbose': 1}
2021-06-28 22:12:43,751 - root - WARNING - MIN_DF:30
2021-06-28 22:12:43,856 - root - WARNING - params:batch_size:4000
2021-06-28 22:12:43,868 - root - WARNING - params:n_components:6
2021-06-28 22:12:43,876 - root - WARNING - params:topic_word_prior:0.05
2021-06-28 22:12:43,882 - root - WARNING - params:doc_topic_prior:0.15
2021-06-28 22:12:43,888 - root - WARNING - params:max_iter:50
2021-06-28 22:12:43,894 - root - WARNING - done n_iter:50
2021-06-28 22:12:43,900 - root - WARNING - perplexity:1424.2900041122523
2021-06-28 22:12:43,906 - root - WARNING - coherance:[0.7572923738067538, 0.8025688028069933, 0.7811019569371352, 0.8057192604780143, 0.7545393666538306, 0.7855486305561072]
2021-06-28 22:12:43,912 - root - WARNING - check all params:{'batch_size': 4000, 'doc_topic_prior': 0.15, 'evaluate_every': 1, 'learning_decay': 0.7, 'learning_method': 'online', 'learning_offset': 50, 'max_doc_update_iter': 100, 'max_iter': 50, 'mean_change_tol': 0.0001, 'n_components': 6, 'n_jobs': None, 'perp_tol': 0.1, 'random_state': 1, 'topic_word_prior': 0.05, 'total_samples': 1000000.0, 'verbose': 1}
2021-06-28 22:39:01,226 - root - WARNING - MIN_DF:30
2021-06-28 22:39:01,338 - root - WARNING - params:batch_size:4000
2021-06-28 22:39:01,351 - root - WARNING - params:n_components:6
2021-06-28 22:39:01,359 - root - WARNING - params:topic_word_prior:0.05
2021-06-28 22:39:01,365 - root - WARNING - params:doc_topic_prior:0.3
2021-06-28 22:39:01,371 - root - WARNING - params:max_iter:50
2021-06-28 22:39:01,377 - root - WARNING - done n_iter:50
2021-06-28 22:39:01,383 - root - WARNING - perplexity:1452.8858108917339
2021-06-28 22:39:01,389 - root - WARNING - coherance:[0.7630056490562936, 0.8101541637147708, 0.7765172046956638, 0.7549048583796162, 0.7601353055129849, 0.7850725887781064]
2021-06-28 22:39:01,396 - root - WARNING - check all params:{'batch_size': 4000, 'doc_topic_prior': 0.3, 'evaluate_every': 1, 'learning_decay': 0.7, 'learning_method': 'online', 'learning_offset': 50, 'max_doc_update_iter': 100, 'max_iter': 50, 'mean_change_tol': 0.0001, 'n_components': 6, 'n_jobs': None, 'perp_tol': 0.1, 'random_state': 1, 'topic_word_prior': 0.05, 'total_samples': 1000000.0, 'verbose': 1}
2021-06-28 23:02:30,812 - root - WARNING - MIN_DF:30
2021-06-28 23:02:30,916 - root - WARNING - params:batch_size:4000
2021-06-28 23:02:30,928 - root - WARNING - params:n_components:6
2021-06-28 23:02:30,936 - root - WARNING - params:topic_word_prior:0.05
2021-06-28 23:02:30,942 - root - WARNING - params:doc_topic_prior:0.4
2021-06-28 23:02:30,948 - root - WARNING - params:max_iter:50
2021-06-28 23:02:30,954 - root - WARNING - done n_iter:50
2021-06-28 23:02:30,960 - root - WARNING - perplexity:1441.568548547856
2021-06-28 23:02:30,966 - root - WARNING - coherance:[0.7776870577547706, 0.8064882148194726, 0.7803522421427956, 0.7569985088797265, 0.7684792638756288, 0.8023977243306222]
2021-06-28 23:02:30,973 - root - WARNING - check all params:{'batch_size': 4000, 'doc_topic_prior': 0.4, 'evaluate_every': 1, 'learning_decay': 0.7, 'learning_method': 'online', 'learning_offset': 50, 'max_doc_update_iter': 100, 'max_iter': 50, 'mean_change_tol': 0.0001, 'n_components': 6, 'n_jobs': None, 'perp_tol': 0.1, 'random_state': 1, 'topic_word_prior': 0.05, 'total_samples': 1000000.0, 'verbose': 1}
2021-06-28 23:23:27,436 - root - WARNING - MIN_DF:30
2021-06-28 23:23:27,527 - root - WARNING - params:batch_size:4000
2021-06-28 23:23:27,539 - root - WARNING - params:n_components:6
2021-06-28 23:23:27,548 - root - WARNING - params:topic_word_prior:0.05
2021-06-28 23:23:27,554 - root - WARNING - params:doc_topic_prior:0.5
2021-06-28 23:23:27,560 - root - WARNING - params:max_iter:50
2021-06-28 23:23:27,566 - root - WARNING - done n_iter:50
2021-06-28 23:23:27,573 - root - WARNING - perplexity:1444.2835644639977
2021-06-28 23:23:27,578 - root - WARNING - coherance:[0.7788503217764433, 0.8098603033818554, 0.7897032664436756, 0.7671962059019941, 0.7796144368937817, 0.801833454272019]
2021-06-28 23:23:27,585 - root - WARNING - check all params:{'batch_size': 4000, 'doc_topic_prior': 0.5, 'evaluate_every': 1, 'learning_decay': 0.7, 'learning_method': 'online', 'learning_offset': 50, 'max_doc_update_iter': 100, 'max_iter': 50, 'mean_change_tol': 0.0001, 'n_components': 6, 'n_jobs': None, 'perp_tol': 0.1, 'random_state': 1, 'topic_word_prior': 0.05, 'total_samples': 1000000.0, 'verbose': 1}
2021-06-28 23:43:15,822 - root - WARNING - MIN_DF:30
2021-06-28 23:43:15,915 - root - WARNING - params:batch_size:4000
2021-06-28 23:43:15,928 - root - WARNING - params:n_components:6
2021-06-28 23:43:15,935 - root - WARNING - params:topic_word_prior:0.05
2021-06-28 23:43:15,941 - root - WARNING - params:doc_topic_prior:0.6
2021-06-28 23:43:15,947 - root - WARNING - params:max_iter:50
2021-06-28 23:43:15,953 - root - WARNING - done n_iter:50
2021-06-28 23:43:15,960 - root - WARNING - perplexity:1427.621663964223
2021-06-28 23:43:15,966 - root - WARNING - coherance:[0.782303155352527, 0.8004203871597338, 0.7878738947533526, 0.7938655366704481, 0.7724568614404056, 0.7869552486270903]
2021-06-28 23:43:15,972 - root - WARNING - check all params:{'batch_size': 4000, 'doc_topic_prior': 0.6, 'evaluate_every': 1, 'learning_decay': 0.7, 'learning_method': 'online', 'learning_offset': 50, 'max_doc_update_iter': 100, 'max_iter': 50, 'mean_change_tol': 0.0001, 'n_components': 6, 'n_jobs': None, 'perp_tol': 0.1, 'random_state': 1, 'topic_word_prior': 0.05, 'total_samples': 1000000.0, 'verbose': 1}
2021-06-29 00:01:21,253 - root - WARNING - MIN_DF:30
2021-06-29 00:01:21,361 - root - WARNING - params:batch_size:4000
2021-06-29 00:01:21,374 - root - WARNING - params:n_components:6
2021-06-29 00:01:21,381 - root - WARNING - params:topic_word_prior:0.05
2021-06-29 00:01:21,387 - root - WARNING - params:doc_topic_prior:0.8
2021-06-29 00:01:21,393 - root - WARNING - params:max_iter:50
2021-06-29 00:01:21,399 - root - WARNING - done n_iter:50
2021-06-29 00:01:21,405 - root - WARNING - perplexity:1431.0845683623118
2021-06-29 00:01:21,412 - root - WARNING - coherance:[0.7778396222522598, 0.8006489438075693, 0.7832892711412548, 0.7903611559542286, 0.7727491240647526, 0.7870710558521499]
2021-06-29 00:01:21,418 - root - WARNING - check all params:{'batch_size': 4000, 'doc_topic_prior': 0.8, 'evaluate_every': 1, 'learning_decay': 0.7, 'learning_method': 'online', 'learning_offset': 50, 'max_doc_update_iter': 100, 'max_iter': 50, 'mean_change_tol': 0.0001, 'n_components': 6, 'n_jobs': None, 'perp_tol': 0.1, 'random_state': 1, 'topic_word_prior': 0.05, 'total_samples': 1000000.0, 'verbose': 1}
2021-06-29 00:21:27,199 - root - WARNING - MIN_DF:30
2021-06-29 00:21:27,297 - root - WARNING - params:batch_size:4000
2021-06-29 00:21:27,310 - root - WARNING - params:n_components:6
2021-06-29 00:21:27,318 - root - WARNING - params:topic_word_prior:0.15
2021-06-29 00:21:27,325 - root - WARNING - params:doc_topic_prior:0.05
2021-06-29 00:21:27,332 - root - WARNING - params:max_iter:50
2021-06-29 00:21:27,338 - root - WARNING - done n_iter:43
2021-06-29 00:21:27,344 - root - WARNING - perplexity:1426.4143479161467
2021-06-29 00:21:27,350 - root - WARNING - coherance:[0.7556373752659636, 0.8183163770190498, 0.7842985092050474, 0.8040478820292337, 0.7544256361348325, 0.7713275737650036]
2021-06-29 00:21:27,357 - root - WARNING - check all params:{'batch_size': 4000, 'doc_topic_prior': 0.05, 'evaluate_every': 1, 'learning_decay': 0.7, 'learning_method': 'online', 'learning_offset': 50, 'max_doc_update_iter': 100, 'max_iter': 50, 'mean_change_tol': 0.0001, 'n_components': 6, 'n_jobs': None, 'perp_tol': 0.1, 'random_state': 1, 'topic_word_prior': 0.15, 'total_samples': 1000000.0, 'verbose': 1}
2021-06-29 00:44:55,617 - root - WARNING - MIN_DF:30
2021-06-29 00:44:55,715 - root - WARNING - params:batch_size:4000
2021-06-29 00:44:55,729 - root - WARNING - params:n_components:6
2021-06-29 00:44:55,736 - root - WARNING - params:topic_word_prior:0.15
2021-06-29 00:44:55,743 - root - WARNING - params:doc_topic_prior:0.15
2021-06-29 00:44:55,753 - root - WARNING - params:max_iter:50
2021-06-29 00:44:55,759 - root - WARNING - done n_iter:50
2021-06-29 00:44:55,765 - root - WARNING - perplexity:1416.128854501996
2021-06-29 00:44:55,771 - root - WARNING - coherance:[0.7509787887618291, 0.8025657292844368, 0.7810981846510353, 0.8057162508594565, 0.7545344609006106, 0.7855450065702525]
2021-06-29 00:44:55,777 - root - WARNING - check all params:{'batch_size': 4000, 'doc_topic_prior': 0.15, 'evaluate_every': 1, 'learning_decay': 0.7, 'learning_method': 'online', 'learning_offset': 50, 'max_doc_update_iter': 100, 'max_iter': 50, 'mean_change_tol': 0.0001, 'n_components': 6, 'n_jobs': None, 'perp_tol': 0.1, 'random_state': 1, 'topic_word_prior': 0.15, 'total_samples': 1000000.0, 'verbose': 1}
2021-06-29 01:11:37,652 - root - WARNING - MIN_DF:30
2021-06-29 01:11:37,780 - root - WARNING - params:batch_size:4000
2021-06-29 01:11:37,792 - root - WARNING - params:n_components:6
2021-06-29 01:11:37,801 - root - WARNING - params:topic_word_prior:0.15
2021-06-29 01:11:37,807 - root - WARNING - params:doc_topic_prior:0.3
2021-06-29 01:11:37,813 - root - WARNING - params:max_iter:50
2021-06-29 01:11:37,819 - root - WARNING - done n_iter:50
2021-06-29 01:11:37,825 - root - WARNING - perplexity:1452.7638193740124
2021-06-29 01:11:37,831 - root - WARNING - coherance:[0.763222896438554, 0.8102966069115851, 0.778714944325213, 0.7551465206324567, 0.7603609485076958, 0.7852470218941321]
2021-06-29 01:11:37,838 - root - WARNING - check all params:{'batch_size': 4000, 'doc_topic_prior': 0.3, 'evaluate_every': 1, 'learning_decay': 0.7, 'learning_method': 'online', 'learning_offset': 50, 'max_doc_update_iter': 100, 'max_iter': 50, 'mean_change_tol': 0.0001, 'n_components': 6, 'n_jobs': None, 'perp_tol': 0.1, 'random_state': 1, 'topic_word_prior': 0.15, 'total_samples': 1000000.0, 'verbose': 1}
2021-06-29 01:35:23,650 - root - WARNING - MIN_DF:30
2021-06-29 01:35:23,747 - root - WARNING - params:batch_size:4000
2021-06-29 01:35:23,760 - root - WARNING - params:n_components:6
2021-06-29 01:35:23,767 - root - WARNING - params:topic_word_prior:0.15
2021-06-29 01:35:23,773 - root - WARNING - params:doc_topic_prior:0.4
2021-06-29 01:35:23,780 - root - WARNING - params:max_iter:50
2021-06-29 01:35:23,786 - root - WARNING - done n_iter:50
2021-06-29 01:35:23,793 - root - WARNING - perplexity:1445.1975292676184
2021-06-29 01:35:23,799 - root - WARNING - coherance:[0.7780766058226615, 0.8067895412482102, 0.780233199143274, 0.7574966492164795, 0.7742894228012673, 0.8026951461560425]
2021-06-29 01:35:23,806 - root - WARNING - check all params:{'batch_size': 4000, 'doc_topic_prior': 0.4, 'evaluate_every': 1, 'learning_decay': 0.7, 'learning_method': 'online', 'learning_offset': 50, 'max_doc_update_iter': 100, 'max_iter': 50, 'mean_change_tol': 0.0001, 'n_components': 6, 'n_jobs': None, 'perp_tol': 0.1, 'random_state': 1, 'topic_word_prior': 0.15, 'total_samples': 1000000.0, 'verbose': 1}
2021-06-29 01:56:31,276 - root - WARNING - MIN_DF:30
2021-06-29 01:56:31,388 - root - WARNING - params:batch_size:4000
2021-06-29 01:56:31,400 - root - WARNING - params:n_components:6
2021-06-29 01:56:31,408 - root - WARNING - params:topic_word_prior:0.15
2021-06-29 01:56:31,414 - root - WARNING - params:doc_topic_prior:0.5
2021-06-29 01:56:31,420 - root - WARNING - params:max_iter:50
2021-06-29 01:56:31,426 - root - WARNING - done n_iter:50
2021-06-29 01:56:31,432 - root - WARNING - perplexity:1448.9119868524865
2021-06-29 01:56:31,438 - root - WARNING - coherance:[0.7788015963338827, 0.8098236253545485, 0.7896589385934858, 0.761653782689267, 0.7795653944823722, 0.8037916042392019]
2021-06-29 01:56:31,445 - root - WARNING - check all params:{'batch_size': 4000, 'doc_topic_prior': 0.5, 'evaluate_every': 1, 'learning_decay': 0.7, 'learning_method': 'online', 'learning_offset': 50, 'max_doc_update_iter': 100, 'max_iter': 50, 'mean_change_tol': 0.0001, 'n_components': 6, 'n_jobs': None, 'perp_tol': 0.1, 'random_state': 1, 'topic_word_prior': 0.15, 'total_samples': 1000000.0, 'verbose': 1}
2021-06-29 02:16:25,957 - root - WARNING - MIN_DF:30
2021-06-29 02:16:26,053 - root - WARNING - params:batch_size:4000
2021-06-29 02:16:26,065 - root - WARNING - params:n_components:6
2021-06-29 02:16:26,072 - root - WARNING - params:topic_word_prior:0.15
2021-06-29 02:16:26,079 - root - WARNING - params:doc_topic_prior:0.6
2021-06-29 02:16:26,085 - root - WARNING - params:max_iter:50
2021-06-29 02:16:26,092 - root - WARNING - done n_iter:50
2021-06-29 02:16:26,098 - root - WARNING - perplexity:1434.1534806873933
2021-06-29 02:16:26,104 - root - WARNING - coherance:[0.782303155352527, 0.8004203871597338, 0.7878738947533526, 0.7938655366704481, 0.7724568614404056, 0.7869552486270903]
2021-06-29 02:16:26,111 - root - WARNING - check all params:{'batch_size': 4000, 'doc_topic_prior': 0.6, 'evaluate_every': 1, 'learning_decay': 0.7, 'learning_method': 'online', 'learning_offset': 50, 'max_doc_update_iter': 100, 'max_iter': 50, 'mean_change_tol': 0.0001, 'n_components': 6, 'n_jobs': None, 'perp_tol': 0.1, 'random_state': 1, 'topic_word_prior': 0.15, 'total_samples': 1000000.0, 'verbose': 1}
2021-06-29 02:34:39,146 - root - WARNING - MIN_DF:30
2021-06-29 02:34:39,251 - root - WARNING - params:batch_size:4000
2021-06-29 02:34:39,263 - root - WARNING - params:n_components:6
2021-06-29 02:34:39,272 - root - WARNING - params:topic_word_prior:0.15
2021-06-29 02:34:39,278 - root - WARNING - params:doc_topic_prior:0.8
2021-06-29 02:34:39,285 - root - WARNING - params:max_iter:50
2021-06-29 02:34:39,291 - root - WARNING - done n_iter:50
2021-06-29 02:34:39,297 - root - WARNING - perplexity:1438.1982317173474
2021-06-29 02:34:39,303 - root - WARNING - coherance:[0.7778396222522598, 0.8006489438075693, 0.7832892711412548, 0.7903611559542284, 0.7727491240647526, 0.7870710558521499]
2021-06-29 02:34:39,310 - root - WARNING - check all params:{'batch_size': 4000, 'doc_topic_prior': 0.8, 'evaluate_every': 1, 'learning_decay': 0.7, 'learning_method': 'online', 'learning_offset': 50, 'max_doc_update_iter': 100, 'max_iter': 50, 'mean_change_tol': 0.0001, 'n_components': 6, 'n_jobs': None, 'perp_tol': 0.1, 'random_state': 1, 'topic_word_prior': 0.15, 'total_samples': 1000000.0, 'verbose': 1}
2021-06-29 02:57:12,401 - root - WARNING - MIN_DF:30
2021-06-29 02:57:12,512 - root - WARNING - params:batch_size:4000
2021-06-29 02:57:12,525 - root - WARNING - params:n_components:6
2021-06-29 02:57:12,533 - root - WARNING - params:topic_word_prior:0.3
2021-06-29 02:57:12,540 - root - WARNING - params:doc_topic_prior:0.05
2021-06-29 02:57:12,546 - root - WARNING - params:max_iter:50
2021-06-29 02:57:12,552 - root - WARNING - done n_iter:50
2021-06-29 02:57:12,558 - root - WARNING - perplexity:1413.2133233499196
2021-06-29 02:57:12,565 - root - WARNING - coherance:[0.7186472164903714, 0.8153867280021088, 0.7802655502416453, 0.8006976484918271, 0.7562533059453358, 0.7667706802927888]
2021-06-29 02:57:12,571 - root - WARNING - check all params:{'batch_size': 4000, 'doc_topic_prior': 0.05, 'evaluate_every': 1, 'learning_decay': 0.7, 'learning_method': 'online', 'learning_offset': 50, 'max_doc_update_iter': 100, 'max_iter': 50, 'mean_change_tol': 0.0001, 'n_components': 6, 'n_jobs': None, 'perp_tol': 0.1, 'random_state': 1, 'topic_word_prior': 0.3, 'total_samples': 1000000.0, 'verbose': 1}
2021-06-29 03:20:56,432 - root - WARNING - MIN_DF:30
2021-06-29 03:20:56,531 - root - WARNING - params:batch_size:4000
2021-06-29 03:20:56,544 - root - WARNING - params:n_components:6
2021-06-29 03:20:56,550 - root - WARNING - params:topic_word_prior:0.3
2021-06-29 03:20:56,556 - root - WARNING - params:doc_topic_prior:0.15
2021-06-29 03:20:56,563 - root - WARNING - params:max_iter:50
2021-06-29 03:20:56,569 - root - WARNING - done n_iter:50
2021-06-29 03:20:56,575 - root - WARNING - perplexity:1415.426050201394
2021-06-29 03:20:56,581 - root - WARNING - coherance:[0.7528729929740178, 0.8024429893982706, 0.786243424578214, 0.8055960547298262, 0.7543385703385694, 0.7854002875886691]
2021-06-29 03:20:56,587 - root - WARNING - check all params:{'batch_size': 4000, 'doc_topic_prior': 0.15, 'evaluate_every': 1, 'learning_decay': 0.7, 'learning_method': 'online', 'learning_offset': 50, 'max_doc_update_iter': 100, 'max_iter': 50, 'mean_change_tol': 0.0001, 'n_components': 6, 'n_jobs': None, 'perp_tol': 0.1, 'random_state': 1, 'topic_word_prior': 0.3, 'total_samples': 1000000.0, 'verbose': 1}
2021-06-29 03:47:49,846 - root - WARNING - MIN_DF:30
2021-06-29 03:47:49,955 - root - WARNING - params:batch_size:4000
2021-06-29 03:47:49,980 - root - WARNING - params:n_components:6
2021-06-29 03:47:49,988 - root - WARNING - params:topic_word_prior:0.3
2021-06-29 03:47:49,994 - root - WARNING - params:doc_topic_prior:0.3
2021-06-29 03:47:50,000 - root - WARNING - params:max_iter:50
2021-06-29 03:47:50,006 - root - WARNING - done n_iter:50
2021-06-29 03:47:50,012 - root - WARNING - perplexity:1462.4989797788717
2021-06-29 03:47:50,018 - root - WARNING - coherance:[0.7646739095512075, 0.8112472857555366, 0.7799632850195991, 0.76693044125223, 0.7618684347994277, 0.7923101398326213]
2021-06-29 03:47:50,025 - root - WARNING - check all params:{'batch_size': 4000, 'doc_topic_prior': 0.3, 'evaluate_every': 1, 'learning_decay': 0.7, 'learning_method': 'online', 'learning_offset': 50, 'max_doc_update_iter': 100, 'max_iter': 50, 'mean_change_tol': 0.0001, 'n_components': 6, 'n_jobs': None, 'perp_tol': 0.1, 'random_state': 1, 'topic_word_prior': 0.3, 'total_samples': 1000000.0, 'verbose': 1}
2021-06-29 04:11:51,869 - root - WARNING - MIN_DF:30
2021-06-29 04:11:51,990 - root - WARNING - params:batch_size:4000
2021-06-29 04:11:52,002 - root - WARNING - params:n_components:6
2021-06-29 04:11:52,012 - root - WARNING - params:topic_word_prior:0.3
2021-06-29 04:11:52,018 - root - WARNING - params:doc_topic_prior:0.4
2021-06-29 04:11:52,024 - root - WARNING - params:max_iter:50
2021-06-29 04:11:52,030 - root - WARNING - done n_iter:50
2021-06-29 04:11:52,036 - root - WARNING - perplexity:1458.3207708110422
2021-06-29 04:11:52,042 - root - WARNING - coherance:[0.7781837330806913, 0.8068723886130016, 0.7808335105840942, 0.7576336520182283, 0.7744031450457582, 0.8027769214779046]
2021-06-29 04:11:52,049 - root - WARNING - check all params:{'batch_size': 4000, 'doc_topic_prior': 0.4, 'evaluate_every': 1, 'learning_decay': 0.7, 'learning_method': 'online', 'learning_offset': 50, 'max_doc_update_iter': 100, 'max_iter': 50, 'mean_change_tol': 0.0001, 'n_components': 6, 'n_jobs': None, 'perp_tol': 0.1, 'random_state': 1, 'topic_word_prior': 0.3, 'total_samples': 1000000.0, 'verbose': 1}
2021-06-29 04:33:13,738 - root - WARNING - MIN_DF:30
2021-06-29 04:33:13,854 - root - WARNING - params:batch_size:4000
2021-06-29 04:33:13,867 - root - WARNING - params:n_components:6
2021-06-29 04:33:13,876 - root - WARNING - params:topic_word_prior:0.3
2021-06-29 04:33:13,883 - root - WARNING - params:doc_topic_prior:0.5
2021-06-29 04:33:13,889 - root - WARNING - params:max_iter:50
2021-06-29 04:33:13,895 - root - WARNING - done n_iter:50
2021-06-29 04:33:13,901 - root - WARNING - perplexity:1464.740497923984
2021-06-29 04:33:13,907 - root - WARNING - coherance:[0.7777529852910399, 0.8090338443963805, 0.7887046286976436, 0.7557174058109954, 0.7785100862110896, 0.8012387355470242]
2021-06-29 04:33:13,914 - root - WARNING - check all params:{'batch_size': 4000, 'doc_topic_prior': 0.5, 'evaluate_every': 1, 'learning_decay': 0.7, 'learning_method': 'online', 'learning_offset': 50, 'max_doc_update_iter': 100, 'max_iter': 50, 'mean_change_tol': 0.0001, 'n_components': 6, 'n_jobs': None, 'perp_tol': 0.1, 'random_state': 1, 'topic_word_prior': 0.3, 'total_samples': 1000000.0, 'verbose': 1}
2021-06-29 04:53:26,541 - root - WARNING - MIN_DF:30
2021-06-29 04:53:26,634 - root - WARNING - params:batch_size:4000
2021-06-29 04:53:26,647 - root - WARNING - params:n_components:6
2021-06-29 04:53:26,656 - root - WARNING - params:topic_word_prior:0.3
2021-06-29 04:53:26,662 - root - WARNING - params:doc_topic_prior:0.6
2021-06-29 04:53:26,690 - root - WARNING - params:max_iter:50
2021-06-29 04:53:26,696 - root - WARNING - done n_iter:50
2021-06-29 04:53:26,702 - root - WARNING - perplexity:1451.4980931315029
2021-06-29 04:53:26,708 - root - WARNING - coherance:[0.782303155352527, 0.8004203871597341, 0.7878738947533526, 0.7938655366704481, 0.7724568614404057, 0.7869552486270903]
2021-06-29 04:53:26,715 - root - WARNING - check all params:{'batch_size': 4000, 'doc_topic_prior': 0.6, 'evaluate_every': 1, 'learning_decay': 0.7, 'learning_method': 'online', 'learning_offset': 50, 'max_doc_update_iter': 100, 'max_iter': 50, 'mean_change_tol': 0.0001, 'n_components': 6, 'n_jobs': None, 'perp_tol': 0.1, 'random_state': 1, 'topic_word_prior': 0.3, 'total_samples': 1000000.0, 'verbose': 1}
2021-06-29 05:11:47,819 - root - WARNING - MIN_DF:30
2021-06-29 05:11:47,914 - root - WARNING - params:batch_size:4000
2021-06-29 05:11:47,927 - root - WARNING - params:n_components:6
2021-06-29 05:11:47,936 - root - WARNING - params:topic_word_prior:0.3
2021-06-29 05:11:47,943 - root - WARNING - params:doc_topic_prior:0.8
2021-06-29 05:11:47,950 - root - WARNING - params:max_iter:50
2021-06-29 05:11:47,956 - root - WARNING - done n_iter:50
2021-06-29 05:11:47,963 - root - WARNING - perplexity:1456.369873248616
2021-06-29 05:11:47,969 - root - WARNING - coherance:[0.7778396222522598, 0.8006489438075693, 0.7832892711412548, 0.7903611559542284, 0.7727491240647526, 0.7870710558521499]
2021-06-29 05:11:47,976 - root - WARNING - check all params:{'batch_size': 4000, 'doc_topic_prior': 0.8, 'evaluate_every': 1, 'learning_decay': 0.7, 'learning_method': 'online', 'learning_offset': 50, 'max_doc_update_iter': 100, 'max_iter': 50, 'mean_change_tol': 0.0001, 'n_components': 6, 'n_jobs': None, 'perp_tol': 0.1, 'random_state': 1, 'topic_word_prior': 0.3, 'total_samples': 1000000.0, 'verbose': 1}
2021-06-29 05:34:41,753 - root - WARNING - MIN_DF:30
2021-06-29 05:34:41,863 - root - WARNING - params:batch_size:4000
2021-06-29 05:34:41,876 - root - WARNING - params:n_components:6
2021-06-29 05:34:41,884 - root - WARNING - params:topic_word_prior:0.4
2021-06-29 05:34:41,890 - root - WARNING - params:doc_topic_prior:0.05
2021-06-29 05:34:41,896 - root - WARNING - params:max_iter:50
2021-06-29 05:34:41,903 - root - WARNING - done n_iter:50
2021-06-29 05:34:41,909 - root - WARNING - perplexity:1410.9848410778266
2021-06-29 05:34:41,915 - root - WARNING - coherance:[0.7281056462819542, 0.8154578028359122, 0.7803632843646853, 0.8045932771208442, 0.7492372494259094, 0.7668809792009974]
2021-06-29 05:34:41,922 - root - WARNING - check all params:{'batch_size': 4000, 'doc_topic_prior': 0.05, 'evaluate_every': 1, 'learning_decay': 0.7, 'learning_method': 'online', 'learning_offset': 50, 'max_doc_update_iter': 100, 'max_iter': 50, 'mean_change_tol': 0.0001, 'n_components': 6, 'n_jobs': None, 'perp_tol': 0.1, 'random_state': 1, 'topic_word_prior': 0.4, 'total_samples': 1000000.0, 'verbose': 1}
2021-06-29 05:58:55,221 - root - WARNING - MIN_DF:30
2021-06-29 05:58:55,335 - root - WARNING - params:batch_size:4000
2021-06-29 05:58:55,348 - root - WARNING - params:n_components:6
2021-06-29 05:58:55,355 - root - WARNING - params:topic_word_prior:0.4
2021-06-29 05:58:55,362 - root - WARNING - params:doc_topic_prior:0.15
2021-06-29 05:58:55,368 - root - WARNING - params:max_iter:50
2021-06-29 05:58:55,375 - root - WARNING - done n_iter:50
2021-06-29 05:58:55,381 - root - WARNING - perplexity:1418.2268930438654
2021-06-29 05:58:55,387 - root - WARNING - coherance:[0.7525779451055963, 0.8022687586793781, 0.7860386903531278, 0.8054254073649867, 0.7521964634847094, 0.7851948687981649]
2021-06-29 05:58:55,394 - root - WARNING - check all params:{'batch_size': 4000, 'doc_topic_prior': 0.15, 'evaluate_every': 1, 'learning_decay': 0.7, 'learning_method': 'online', 'learning_offset': 50, 'max_doc_update_iter': 100, 'max_iter': 50, 'mean_change_tol': 0.0001, 'n_components': 6, 'n_jobs': None, 'perp_tol': 0.1, 'random_state': 1, 'topic_word_prior': 0.4, 'total_samples': 1000000.0, 'verbose': 1}
2021-06-29 06:26:06,683 - root - WARNING - MIN_DF:30
2021-06-29 06:26:06,793 - root - WARNING - params:batch_size:4000
2021-06-29 06:26:06,806 - root - WARNING - params:n_components:6
2021-06-29 06:26:06,814 - root - WARNING - params:topic_word_prior:0.4
2021-06-29 06:26:06,821 - root - WARNING - params:doc_topic_prior:0.3
2021-06-29 06:26:06,827 - root - WARNING - params:max_iter:50
2021-06-29 06:26:06,833 - root - WARNING - done n_iter:50
2021-06-29 06:26:06,840 - root - WARNING - perplexity:1469.8238872181782
2021-06-29 06:26:06,846 - root - WARNING - coherance:[0.762646874833439, 0.8114675666372364, 0.7802525800827285, 0.7672782606468372, 0.772111372806558, 0.7925669700703438]
2021-06-29 06:26:06,853 - root - WARNING - check all params:{'batch_size': 4000, 'doc_topic_prior': 0.3, 'evaluate_every': 1, 'learning_decay': 0.7, 'learning_method': 'online', 'learning_offset': 50, 'max_doc_update_iter': 100, 'max_iter': 50, 'mean_change_tol': 0.0001, 'n_components': 6, 'n_jobs': None, 'perp_tol': 0.1, 'random_state': 1, 'topic_word_prior': 0.4, 'total_samples': 1000000.0, 'verbose': 1}
2021-06-29 06:50:21,803 - root - WARNING - MIN_DF:30
2021-06-29 06:50:21,928 - root - WARNING - params:batch_size:4000
2021-06-29 06:50:21,941 - root - WARNING - params:n_components:6
2021-06-29 06:50:21,949 - root - WARNING - params:topic_word_prior:0.4
2021-06-29 06:50:21,956 - root - WARNING - params:doc_topic_prior:0.4
2021-06-29 06:50:21,962 - root - WARNING - params:max_iter:50
2021-06-29 06:50:21,968 - root - WARNING - done n_iter:50
2021-06-29 06:50:21,975 - root - WARNING - perplexity:1467.7233891730443
2021-06-29 06:50:21,981 - root - WARNING - coherance:[0.7782614576052151, 0.806932492216758, 0.7828691645206849, 0.7572659519685567, 0.7744856568746408, 0.8028362477483902]
2021-06-29 06:50:21,996 - root - WARNING - check all params:{'batch_size': 4000, 'doc_topic_prior': 0.4, 'evaluate_every': 1, 'learning_decay': 0.7, 'learning_method': 'online', 'learning_offset': 50, 'max_doc_update_iter': 100, 'max_iter': 50, 'mean_change_tol': 0.0001, 'n_components': 6, 'n_jobs': None, 'perp_tol': 0.1, 'random_state': 1, 'topic_word_prior': 0.4, 'total_samples': 1000000.0, 'verbose': 1}
2021-06-29 07:11:49,992 - root - WARNING - MIN_DF:30
2021-06-29 07:11:50,107 - root - WARNING - params:batch_size:4000
2021-06-29 07:11:50,121 - root - WARNING - params:n_components:6
2021-06-29 07:11:50,128 - root - WARNING - params:topic_word_prior:0.4
2021-06-29 07:11:50,135 - root - WARNING - params:doc_topic_prior:0.5
2021-06-29 07:11:50,141 - root - WARNING - params:max_iter:50
2021-06-29 07:11:50,147 - root - WARNING - done n_iter:50
2021-06-29 07:11:50,154 - root - WARNING - perplexity:1475.1246564782634
2021-06-29 07:11:50,160 - root - WARNING - coherance:[0.7783059282505794, 0.8094504085238471, 0.7892079264248424, 0.756104314004065, 0.77906653101267, 0.8016667787947643]
2021-06-29 07:11:50,167 - root - WARNING - check all params:{'batch_size': 4000, 'doc_topic_prior': 0.5, 'evaluate_every': 1, 'learning_decay': 0.7, 'learning_method': 'online', 'learning_offset': 50, 'max_doc_update_iter': 100, 'max_iter': 50, 'mean_change_tol': 0.0001, 'n_components': 6, 'n_jobs': None, 'perp_tol': 0.1, 'random_state': 1, 'topic_word_prior': 0.4, 'total_samples': 1000000.0, 'verbose': 1}
2021-06-29 07:32:10,312 - root - WARNING - MIN_DF:30
2021-06-29 07:32:10,421 - root - WARNING - params:batch_size:4000
2021-06-29 07:32:10,433 - root - WARNING - params:n_components:6
2021-06-29 07:32:10,441 - root - WARNING - params:topic_word_prior:0.4
2021-06-29 07:32:10,447 - root - WARNING - params:doc_topic_prior:0.6
2021-06-29 07:32:10,453 - root - WARNING - params:max_iter:50
2021-06-29 07:32:10,460 - root - WARNING - done n_iter:50
2021-06-29 07:32:10,466 - root - WARNING - perplexity:1462.6534286468186
2021-06-29 07:32:10,472 - root - WARNING - coherance:[0.782303155352527, 0.8004203871597341, 0.7878738947533526, 0.7938655366704481, 0.7724568614404057, 0.7869552486270903]
2021-06-29 07:32:10,479 - root - WARNING - check all params:{'batch_size': 4000, 'doc_topic_prior': 0.6, 'evaluate_every': 1, 'learning_decay': 0.7, 'learning_method': 'online', 'learning_offset': 50, 'max_doc_update_iter': 100, 'max_iter': 50, 'mean_change_tol': 0.0001, 'n_components': 6, 'n_jobs': None, 'perp_tol': 0.1, 'random_state': 1, 'topic_word_prior': 0.4, 'total_samples': 1000000.0, 'verbose': 1}
2021-06-29 07:50:46,037 - root - WARNING - MIN_DF:30
2021-06-29 07:50:46,155 - root - WARNING - params:batch_size:4000
2021-06-29 07:50:46,167 - root - WARNING - params:n_components:6
2021-06-29 07:50:46,175 - root - WARNING - params:topic_word_prior:0.4
2021-06-29 07:50:46,182 - root - WARNING - params:doc_topic_prior:0.8
2021-06-29 07:50:46,188 - root - WARNING - params:max_iter:50
2021-06-29 07:50:46,195 - root - WARNING - done n_iter:50
2021-06-29 07:50:46,201 - root - WARNING - perplexity:1468.1070673894924
2021-06-29 07:50:46,208 - root - WARNING - coherance:[0.7778396222522598, 0.8006489438075693, 0.7832892711412548, 0.7903611559542285, 0.7727491240647526, 0.7870710558521499]
2021-06-29 07:50:46,215 - root - WARNING - check all params:{'batch_size': 4000, 'doc_topic_prior': 0.8, 'evaluate_every': 1, 'learning_decay': 0.7, 'learning_method': 'online', 'learning_offset': 50, 'max_doc_update_iter': 100, 'max_iter': 50, 'mean_change_tol': 0.0001, 'n_components': 6, 'n_jobs': None, 'perp_tol': 0.1, 'random_state': 1, 'topic_word_prior': 0.4, 'total_samples': 1000000.0, 'verbose': 1}
2021-06-29 08:13:02,523 - root - WARNING - MIN_DF:30
2021-06-29 08:13:02,634 - root - WARNING - params:batch_size:4000
2021-06-29 08:13:02,646 - root - WARNING - params:n_components:6
2021-06-29 08:13:02,654 - root - WARNING - params:topic_word_prior:0.5
2021-06-29 08:13:02,661 - root - WARNING - params:doc_topic_prior:0.05
2021-06-29 08:13:02,667 - root - WARNING - params:max_iter:50
2021-06-29 08:13:02,673 - root - WARNING - done n_iter:47
2021-06-29 08:13:02,679 - root - WARNING - perplexity:1413.2009566535626
2021-06-29 08:13:02,685 - root - WARNING - coherance:[0.7291934014351888, 0.8142993596708873, 0.7809949688286781, 0.8066749427961911, 0.7500682529182103, 0.7736673272247898]
2021-06-29 08:13:02,692 - root - WARNING - check all params:{'batch_size': 4000, 'doc_topic_prior': 0.05, 'evaluate_every': 1, 'learning_decay': 0.7, 'learning_method': 'online', 'learning_offset': 50, 'max_doc_update_iter': 100, 'max_iter': 50, 'mean_change_tol': 0.0001, 'n_components': 6, 'n_jobs': None, 'perp_tol': 0.1, 'random_state': 1, 'topic_word_prior': 0.5, 'total_samples': 1000000.0, 'verbose': 1}
2021-06-29 08:37:35,549 - root - WARNING - MIN_DF:30
2021-06-29 08:37:35,655 - root - WARNING - params:batch_size:4000
2021-06-29 08:37:35,668 - root - WARNING - params:n_components:6
2021-06-29 08:37:35,676 - root - WARNING - params:topic_word_prior:0.5
2021-06-29 08:37:35,682 - root - WARNING - params:doc_topic_prior:0.15
2021-06-29 08:37:35,688 - root - WARNING - params:max_iter:50
2021-06-29 08:37:35,694 - root - WARNING - done n_iter:50
2021-06-29 08:37:35,700 - root - WARNING - perplexity:1422.6071228097785
2021-06-29 08:37:35,707 - root - WARNING - coherance:[0.7525779451055963, 0.8022687586793781, 0.7860386903531276, 0.8054254073649865, 0.7521964634847095, 0.7851948687981649]
2021-06-29 08:37:35,716 - root - WARNING - check all params:{'batch_size': 4000, 'doc_topic_prior': 0.15, 'evaluate_every': 1, 'learning_decay': 0.7, 'learning_method': 'online', 'learning_offset': 50, 'max_doc_update_iter': 100, 'max_iter': 50, 'mean_change_tol': 0.0001, 'n_components': 6, 'n_jobs': None, 'perp_tol': 0.1, 'random_state': 1, 'topic_word_prior': 0.5, 'total_samples': 1000000.0, 'verbose': 1}
2021-06-29 09:05:22,664 - root - WARNING - MIN_DF:30
2021-06-29 09:05:22,767 - root - WARNING - params:batch_size:4000
2021-06-29 09:05:22,782 - root - WARNING - params:n_components:6
2021-06-29 09:05:22,792 - root - WARNING - params:topic_word_prior:0.5
2021-06-29 09:05:22,799 - root - WARNING - params:doc_topic_prior:0.3
2021-06-29 09:05:22,807 - root - WARNING - params:max_iter:50
2021-06-29 09:05:22,814 - root - WARNING - done n_iter:50
2021-06-29 09:05:22,821 - root - WARNING - perplexity:1477.452291143065
2021-06-29 09:05:22,829 - root - WARNING - coherance:[0.7626468748334388, 0.8114675666372364, 0.7802525800827285, 0.7672782606468372, 0.7721113728065577, 0.7925669700703439]
2021-06-29 09:05:22,836 - root - WARNING - check all params:{'batch_size': 4000, 'doc_topic_prior': 0.3, 'evaluate_every': 1, 'learning_decay': 0.7, 'learning_method': 'online', 'learning_offset': 50, 'max_doc_update_iter': 100, 'max_iter': 50, 'mean_change_tol': 0.0001, 'n_components': 6, 'n_jobs': None, 'perp_tol': 0.1, 'random_state': 1, 'topic_word_prior': 0.5, 'total_samples': 1000000.0, 'verbose': 1}
2021-06-29 09:30:17,433 - root - WARNING - MIN_DF:30
2021-06-29 09:30:17,527 - root - WARNING - params:batch_size:4000
2021-06-29 09:30:17,540 - root - WARNING - params:n_components:6
2021-06-29 09:30:17,548 - root - WARNING - params:topic_word_prior:0.5
2021-06-29 09:30:17,554 - root - WARNING - params:doc_topic_prior:0.4
2021-06-29 09:30:17,561 - root - WARNING - params:max_iter:50
2021-06-29 09:30:17,567 - root - WARNING - done n_iter:50
2021-06-29 09:30:17,573 - root - WARNING - perplexity:1476.9861742805326
2021-06-29 09:30:17,580 - root - WARNING - coherance:[0.7783764245957205, 0.807021387310637, 0.7829783789953952, 0.7574133733740787, 0.7746077087663946, 0.8017157488139958]
2021-06-29 09:30:17,586 - root - WARNING - check all params:{'batch_size': 4000, 'doc_topic_prior': 0.4, 'evaluate_every': 1, 'learning_decay': 0.7, 'learning_method': 'online', 'learning_offset': 50, 'max_doc_update_iter': 100, 'max_iter': 50, 'mean_change_tol': 0.0001, 'n_components': 6, 'n_jobs': None, 'perp_tol': 0.1, 'random_state': 1, 'topic_word_prior': 0.5, 'total_samples': 1000000.0, 'verbose': 1}
2021-06-29 09:52:17,640 - root - WARNING - MIN_DF:30
2021-06-29 09:52:17,749 - root - WARNING - params:batch_size:4000
2021-06-29 09:52:17,762 - root - WARNING - params:n_components:6
2021-06-29 09:52:17,771 - root - WARNING - params:topic_word_prior:0.5
2021-06-29 09:52:17,777 - root - WARNING - params:doc_topic_prior:0.5
2021-06-29 09:52:17,784 - root - WARNING - params:max_iter:50
2021-06-29 09:52:17,790 - root - WARNING - done n_iter:50
2021-06-29 09:52:17,796 - root - WARNING - perplexity:1484.9450920067309
2021-06-29 09:52:17,802 - root - WARNING - coherance:[0.7790193715901496, 0.8099875413812327, 0.7898570482711189, 0.7569761228200595, 0.7797845903559721, 0.8038747915718419]
2021-06-29 09:52:17,809 - root - WARNING - check all params:{'batch_size': 4000, 'doc_topic_prior': 0.5, 'evaluate_every': 1, 'learning_decay': 0.7, 'learning_method': 'online', 'learning_offset': 50, 'max_doc_update_iter': 100, 'max_iter': 50, 'mean_change_tol': 0.0001, 'n_components': 6, 'n_jobs': None, 'perp_tol': 0.1, 'random_state': 1, 'topic_word_prior': 0.5, 'total_samples': 1000000.0, 'verbose': 1}
2021-06-29 10:13:04,467 - root - WARNING - MIN_DF:30
2021-06-29 10:13:04,560 - root - WARNING - params:batch_size:4000
2021-06-29 10:13:04,573 - root - WARNING - params:n_components:6
2021-06-29 10:13:04,580 - root - WARNING - params:topic_word_prior:0.5
2021-06-29 10:13:04,586 - root - WARNING - params:doc_topic_prior:0.6
2021-06-29 10:13:04,593 - root - WARNING - params:max_iter:50
2021-06-29 10:13:04,599 - root - WARNING - done n_iter:50
2021-06-29 10:13:04,605 - root - WARNING - perplexity:1473.3087998258995
2021-06-29 10:13:04,611 - root - WARNING - coherance:[0.782303155352527, 0.8004203871597341, 0.7878738947533526, 0.7938655366704481, 0.7724568614404057, 0.7869552486270903]
2021-06-29 10:13:04,618 - root - WARNING - check all params:{'batch_size': 4000, 'doc_topic_prior': 0.6, 'evaluate_every': 1, 'learning_decay': 0.7, 'learning_method': 'online', 'learning_offset': 50, 'max_doc_update_iter': 100, 'max_iter': 50, 'mean_change_tol': 0.0001, 'n_components': 6, 'n_jobs': None, 'perp_tol': 0.1, 'random_state': 1, 'topic_word_prior': 0.5, 'total_samples': 1000000.0, 'verbose': 1}
2021-06-29 10:31:57,392 - root - WARNING - MIN_DF:30
2021-06-29 10:31:57,499 - root - WARNING - params:batch_size:4000
2021-06-29 10:31:57,512 - root - WARNING - params:n_components:6
2021-06-29 10:31:57,522 - root - WARNING - params:topic_word_prior:0.5
2021-06-29 10:31:57,530 - root - WARNING - params:doc_topic_prior:0.8
2021-06-29 10:31:57,536 - root - WARNING - params:max_iter:50
2021-06-29 10:31:57,542 - root - WARNING - done n_iter:50
2021-06-29 10:31:57,548 - root - WARNING - perplexity:1479.127383075049
2021-06-29 10:31:57,555 - root - WARNING - coherance:[0.7778396222522598, 0.8006489438075693, 0.7832892711412548, 0.7903611559542285, 0.7727491240647526, 0.7870710558521499]
2021-06-29 10:31:57,561 - root - WARNING - check all params:{'batch_size': 4000, 'doc_topic_prior': 0.8, 'evaluate_every': 1, 'learning_decay': 0.7, 'learning_method': 'online', 'learning_offset': 50, 'max_doc_update_iter': 100, 'max_iter': 50, 'mean_change_tol': 0.0001, 'n_components': 6, 'n_jobs': None, 'perp_tol': 0.1, 'random_state': 1, 'topic_word_prior': 0.5, 'total_samples': 1000000.0, 'verbose': 1}
2021-06-29 10:55:34,763 - root - WARNING - MIN_DF:30
2021-06-29 10:55:34,857 - root - WARNING - params:batch_size:4000
2021-06-29 10:55:34,870 - root - WARNING - params:n_components:6
2021-06-29 10:55:34,877 - root - WARNING - params:topic_word_prior:0.6
2021-06-29 10:55:34,883 - root - WARNING - params:doc_topic_prior:0.05
2021-06-29 10:55:34,889 - root - WARNING - params:max_iter:50
2021-06-29 10:55:34,896 - root - WARNING - done n_iter:49
2021-06-29 10:55:34,902 - root - WARNING - perplexity:1416.3992372153498
2021-06-29 10:55:34,908 - root - WARNING - coherance:[0.7115264824185656, 0.8066253474517346, 0.7706684076899606, 0.798552905826363, 0.7365739503941817, 0.7500586871921329]
2021-06-29 10:55:34,915 - root - WARNING - check all params:{'batch_size': 4000, 'doc_topic_prior': 0.05, 'evaluate_every': 1, 'learning_decay': 0.7, 'learning_method': 'online', 'learning_offset': 50, 'max_doc_update_iter': 100, 'max_iter': 50, 'mean_change_tol': 0.0001, 'n_components': 6, 'n_jobs': None, 'perp_tol': 0.1, 'random_state': 1, 'topic_word_prior': 0.6, 'total_samples': 1000000.0, 'verbose': 1}
2021-06-29 11:20:23,137 - root - WARNING - MIN_DF:30
2021-06-29 11:20:23,259 - root - WARNING - params:batch_size:4000
2021-06-29 11:20:23,271 - root - WARNING - params:n_components:6
2021-06-29 11:20:23,280 - root - WARNING - params:topic_word_prior:0.6
2021-06-29 11:20:23,287 - root - WARNING - params:doc_topic_prior:0.15
2021-06-29 11:20:23,294 - root - WARNING - params:max_iter:50
2021-06-29 11:20:23,300 - root - WARNING - done n_iter:50
2021-06-29 11:20:23,306 - root - WARNING - perplexity:1428.3500081964191
2021-06-29 11:20:23,313 - root - WARNING - coherance:[0.7530496466248238, 0.8125393187124835, 0.7863659876774743, 0.8056981979884024, 0.7545050350958349, 0.7855232688260274]
2021-06-29 11:20:23,319 - root - WARNING - check all params:{'batch_size': 4000, 'doc_topic_prior': 0.15, 'evaluate_every': 1, 'learning_decay': 0.7, 'learning_method': 'online', 'learning_offset': 50, 'max_doc_update_iter': 100, 'max_iter': 50, 'mean_change_tol': 0.0001, 'n_components': 6, 'n_jobs': None, 'perp_tol': 0.1, 'random_state': 1, 'topic_word_prior': 0.6, 'total_samples': 1000000.0, 'verbose': 1}
2021-06-29 11:48:25,428 - root - WARNING - MIN_DF:30
2021-06-29 11:48:25,574 - root - WARNING - params:batch_size:4000
2021-06-29 11:48:25,587 - root - WARNING - params:n_components:6
2021-06-29 11:48:25,597 - root - WARNING - params:topic_word_prior:0.6
2021-06-29 11:48:25,603 - root - WARNING - params:doc_topic_prior:0.3
2021-06-29 11:48:25,610 - root - WARNING - params:max_iter:50
2021-06-29 11:48:25,616 - root - WARNING - done n_iter:50
2021-06-29 11:48:25,623 - root - WARNING - perplexity:1485.1726016060302
2021-06-29 11:48:25,629 - root - WARNING - coherance:[0.7725862026807502, 0.8114024752753763, 0.7801670938409612, 0.7671754689297989, 0.7720158113297833, 0.7924910752337888]
2021-06-29 11:48:25,636 - root - WARNING - check all params:{'batch_size': 4000, 'doc_topic_prior': 0.3, 'evaluate_every': 1, 'learning_decay': 0.7, 'learning_method': 'online', 'learning_offset': 50, 'max_doc_update_iter': 100, 'max_iter': 50, 'mean_change_tol': 0.0001, 'n_components': 6, 'n_jobs': None, 'perp_tol': 0.1, 'random_state': 1, 'topic_word_prior': 0.6, 'total_samples': 1000000.0, 'verbose': 1}
