2021-06-18 19:19:33,908 - root - WARNING - MIN_DF:30
2021-06-18 19:19:33,914 - root - WARNING - params:n_components:7
2021-06-18 19:19:33,915 - root - WARNING - params:topic_word_prior:0.15
2021-06-18 19:19:33,915 - root - WARNING - params:batch_size:500
2021-06-18 19:19:33,916 - root - WARNING - params:max_iter:30
2021-06-18 19:19:33,917 - root - WARNING - perplexity:1610.1374329029568
2021-06-18 19:19:33,918 - root - WARNING - coherance:[nan, 0.8019851399262293, 0.8138420974061168, 0.8031280542489176, 0.8020440061830356, 0.7506566803241722, 0.7706635283488396]
2021-06-18 19:33:24,882 - root - WARNING - MIN_DF:30
2021-06-18 19:33:24,888 - root - WARNING - params:n_components:7
2021-06-18 19:33:24,888 - root - WARNING - params:topic_word_prior:0.15
2021-06-18 19:33:24,889 - root - WARNING - params:batch_size:1000
2021-06-18 19:33:24,889 - root - WARNING - params:max_iter:30
2021-06-18 19:33:24,890 - root - WARNING - perplexity:1500.685958642596
2021-06-18 19:33:24,890 - root - WARNING - coherance:[0.8096526246402693, 0.8046444859340178, 0.8038198520080714, 0.7895071787158252, 0.7745157874506504, 0.752713983593911, 0.7842561727845933]
2021-06-18 19:48:59,236 - root - WARNING - MIN_DF:30
2021-06-18 19:48:59,243 - root - WARNING - params:n_components:7
2021-06-18 19:48:59,244 - root - WARNING - params:topic_word_prior:0.15
2021-06-18 19:48:59,245 - root - WARNING - params:batch_size:2000
2021-06-18 19:48:59,246 - root - WARNING - params:max_iter:30
2021-06-18 19:48:59,247 - root - WARNING - perplexity:1461.5129180659585
2021-06-18 19:48:59,248 - root - WARNING - coherance:[0.7642457363117169, 0.807134317438701, 0.7938587125359056, 0.7902244291713039, 0.7430356941925683, 0.7768343011328925, 0.7758318150315496]
2021-06-18 20:01:04,531 - root - WARNING - MIN_DF:30
2021-06-18 20:01:04,538 - root - WARNING - params:n_components:7
2021-06-18 20:01:04,538 - root - WARNING - params:topic_word_prior:0.2
2021-06-18 20:01:04,539 - root - WARNING - params:batch_size:500
2021-06-18 20:01:04,539 - root - WARNING - params:max_iter:30
2021-06-18 20:01:04,540 - root - WARNING - perplexity:1593.2774578586666
2021-06-18 20:01:04,540 - root - WARNING - coherance:[0.8149561049345555, 0.80534730627657, 0.8097337588109055, 0.795736892233341, 0.7989261606643, 0.7504311996624325, 0.7704830220819335]
2021-06-18 20:15:17,240 - root - WARNING - MIN_DF:30
2021-06-18 20:15:17,246 - root - WARNING - params:n_components:7
2021-06-18 20:15:17,247 - root - WARNING - params:topic_word_prior:0.2
2021-06-18 20:15:17,247 - root - WARNING - params:batch_size:1000
2021-06-18 20:15:17,248 - root - WARNING - params:max_iter:30
2021-06-18 20:15:17,248 - root - WARNING - perplexity:1484.487228323662
2021-06-18 20:15:17,249 - root - WARNING - coherance:[0.8111220121396494, 0.8062577072310073, 0.8054591416860308, 0.7913706226560583, 0.7659035536847123, 0.7602967348059432, 0.7861777415089277]
2021-06-18 20:30:39,382 - root - WARNING - MIN_DF:30
2021-06-18 20:30:39,392 - root - WARNING - params:n_components:7
2021-06-18 20:30:39,393 - root - WARNING - params:topic_word_prior:0.2
2021-06-18 20:30:39,394 - root - WARNING - params:batch_size:2000
2021-06-18 20:30:39,394 - root - WARNING - params:max_iter:30
2021-06-18 20:30:39,395 - root - WARNING - perplexity:1458.1940046196817
2021-06-18 20:30:39,396 - root - WARNING - coherance:[0.764164462706056, 0.8070797361124304, 0.7937951288807729, 0.7877855344735412, 0.742943427061961, 0.7767574121523597, 0.7698581403694493]
2021-06-18 20:44:32,805 - root - WARNING - MIN_DF:30
2021-06-18 20:44:32,812 - root - WARNING - params:n_components:7
2021-06-18 20:44:32,813 - root - WARNING - params:topic_word_prior:0.25
2021-06-18 20:44:32,813 - root - WARNING - params:batch_size:500
2021-06-18 20:44:32,814 - root - WARNING - params:max_iter:30
2021-06-18 20:44:32,815 - root - WARNING - perplexity:1559.110427633146
2021-06-18 20:44:32,815 - root - WARNING - coherance:[0.8066866133197401, 0.7909566228074452, 0.8044191000995677, 0.793883850535179, 0.7986472234072327, 0.7194749818777358, 0.743569827258247]
2021-06-18 20:58:50,645 - root - WARNING - MIN_DF:30
2021-06-18 20:58:50,652 - root - WARNING - params:n_components:7
2021-06-18 20:58:50,653 - root - WARNING - params:topic_word_prior:0.25
2021-06-18 20:58:50,654 - root - WARNING - params:batch_size:1000
2021-06-18 20:58:50,655 - root - WARNING - params:max_iter:30
2021-06-18 20:58:50,656 - root - WARNING - perplexity:1465.5326767674035
2021-06-18 20:58:50,657 - root - WARNING - coherance:[0.8094669026683754, 0.8077219942565395, 0.8036129964912035, 0.7853569697557063, 0.7497618197788218, 0.7576048787958423, 0.7840138477035574]
2021-06-18 21:14:27,648 - root - WARNING - MIN_DF:30
2021-06-18 21:14:27,657 - root - WARNING - params:n_components:7
2021-06-18 21:14:27,657 - root - WARNING - params:topic_word_prior:0.25
2021-06-18 21:14:27,658 - root - WARNING - params:batch_size:2000
2021-06-18 21:14:27,659 - root - WARNING - params:max_iter:30
2021-06-18 21:14:27,659 - root - WARNING - perplexity:1453.0128456541372
2021-06-18 21:14:27,660 - root - WARNING - coherance:[0.7465485913965614, 0.8057045269609702, 0.7874851495720064, 0.7872130567489137, 0.7420949730991874, 0.7807570296272217, 0.7664636116495955]
2021-06-18 21:29:48,602 - root - WARNING - MIN_DF:30
2021-06-18 21:29:48,609 - root - WARNING - params:n_components:7
2021-06-18 21:29:48,610 - root - WARNING - params:topic_word_prior:0.3
2021-06-18 21:29:48,611 - root - WARNING - params:batch_size:500
2021-06-18 21:29:48,611 - root - WARNING - params:max_iter:30
2021-06-18 21:29:48,612 - root - WARNING - perplexity:1526.3391331985354
2021-06-18 21:29:48,613 - root - WARNING - coherance:[0.806903849990731, 0.791217961885093, 0.8001947874744942, 0.7886112300628558, 0.7993926134269368, 0.719694104173464, 0.746181580496376]
2021-06-18 21:44:23,219 - root - WARNING - MIN_DF:30
2021-06-18 21:44:23,226 - root - WARNING - params:n_components:7
2021-06-18 21:44:23,227 - root - WARNING - params:topic_word_prior:0.3
2021-06-18 21:44:23,228 - root - WARNING - params:batch_size:1000
2021-06-18 21:44:23,229 - root - WARNING - params:max_iter:30
2021-06-18 21:44:23,230 - root - WARNING - perplexity:1451.6436358483916
2021-06-18 21:44:23,231 - root - WARNING - coherance:[0.8099209832065638, 0.8082044792978482, 0.8041188821508787, 0.7859506777693717, 0.750549474014158, 0.7602584643238907, 0.7794486533016369]
2021-06-18 22:00:08,686 - root - WARNING - MIN_DF:30
2021-06-18 22:00:08,694 - root - WARNING - params:n_components:7
2021-06-18 22:00:08,695 - root - WARNING - params:topic_word_prior:0.3
2021-06-18 22:00:08,696 - root - WARNING - params:batch_size:2000
2021-06-18 22:00:08,697 - root - WARNING - params:max_iter:30
2021-06-18 22:00:08,698 - root - WARNING - perplexity:1448.6653480875134
2021-06-18 22:00:08,699 - root - WARNING - coherance:[0.7552562051069784, 0.8062556790972281, 0.7938464776259375, 0.7878357821620248, 0.7430179393030079, 0.7814962295795251, 0.7672414136040914]
2021-06-18 22:14:49,772 - root - WARNING - MIN_DF:30
2021-06-18 22:14:49,783 - root - WARNING - params:n_components:7
2021-06-18 22:14:49,784 - root - WARNING - params:topic_word_prior:0.4
2021-06-18 22:14:49,785 - root - WARNING - params:batch_size:500
2021-06-18 22:14:49,786 - root - WARNING - params:max_iter:30
2021-06-18 22:14:49,787 - root - WARNING - perplexity:1497.3112650758305
2021-06-18 22:14:49,788 - root - WARNING - coherance:[0.8057436593094065, 0.7917079825588328, 0.7968475242803682, 0.7691333720688663, 0.7800392832022266, 0.71928880125964, 0.7523088179669517]
2021-06-18 22:30:21,933 - root - WARNING - MIN_DF:30
2021-06-18 22:30:21,941 - root - WARNING - params:n_components:7
2021-06-18 22:30:21,942 - root - WARNING - params:topic_word_prior:0.4
2021-06-18 22:30:21,943 - root - WARNING - params:batch_size:1000
2021-06-18 22:30:21,943 - root - WARNING - params:max_iter:30
2021-06-18 22:30:21,944 - root - WARNING - perplexity:1437.9298537059935
2021-06-18 22:30:21,945 - root - WARNING - coherance:[0.8103190007550672, 0.8086277274953428, 0.8045626844112373, 0.7864716809370527, 0.7675798794084226, 0.760896549019755, 0.7747494057114792]
2021-06-18 22:47:47,414 - root - WARNING - MIN_DF:30
2021-06-18 22:47:47,425 - root - WARNING - params:n_components:7
2021-06-18 22:47:47,426 - root - WARNING - params:topic_word_prior:0.4
2021-06-18 22:47:47,427 - root - WARNING - params:batch_size:2000
2021-06-18 22:47:47,428 - root - WARNING - params:max_iter:30
2021-06-18 22:47:47,429 - root - WARNING - perplexity:1443.3318192649376
2021-06-18 22:47:47,430 - root - WARNING - coherance:[0.7449204516791399, 0.8056273037422285, 0.7931210599034124, 0.787125837237347, 0.7419657837485503, 0.7806535004889998, 0.7663547004933474]
2021-06-18 23:04:36,722 - root - WARNING - MIN_DF:30
2021-06-18 23:04:36,732 - root - WARNING - params:n_components:8
2021-06-18 23:04:36,734 - root - WARNING - params:topic_word_prior:0.01
2021-06-18 23:04:36,736 - root - WARNING - params:batch_size:500
2021-06-18 23:04:36,737 - root - WARNING - params:max_iter:30
2021-06-18 23:04:36,739 - root - WARNING - perplexity:1680.2000747395884
2021-06-18 23:04:36,740 - root - WARNING - coherance:[0.7936688741632081, 0.77209702014456, 0.8003440159481959, 0.7914900376802088, 0.7897672867970758, 0.7956738652650952, 0.7831882274669365, 0.6832533863866503]
2021-06-18 23:21:47,881 - root - WARNING - MIN_DF:30
2021-06-18 23:21:47,890 - root - WARNING - params:n_components:8
2021-06-18 23:21:47,891 - root - WARNING - params:topic_word_prior:0.01
2021-06-18 23:21:47,892 - root - WARNING - params:batch_size:1000
2021-06-18 23:21:47,892 - root - WARNING - params:max_iter:30
2021-06-18 23:21:47,893 - root - WARNING - perplexity:1555.0768853839643
2021-06-18 23:21:47,894 - root - WARNING - coherance:[0.7967259462997067, 0.7875012831209893, 0.7697250802486131, 0.7716106019344962, 0.6965942126123453, 0.7806647745376163, 0.7700272173817019, 0.6567737867104649]
2021-06-18 23:40:31,114 - root - WARNING - MIN_DF:30
2021-06-18 23:40:31,125 - root - WARNING - params:n_components:8
2021-06-18 23:40:31,126 - root - WARNING - params:topic_word_prior:0.01
2021-06-18 23:40:31,127 - root - WARNING - params:batch_size:2000
2021-06-18 23:40:31,128 - root - WARNING - params:max_iter:30
2021-06-18 23:40:31,129 - root - WARNING - perplexity:1452.601365185984
2021-06-18 23:40:31,130 - root - WARNING - coherance:[0.7971470973932308, 0.7863238359351822, 0.7957093838751902, 0.7922493562362157, 0.7289792453879582, 0.7521666646761797, 0.7880798689785486, 0.6853400492733457]
2021-06-18 23:57:33,277 - root - WARNING - MIN_DF:30
2021-06-18 23:57:33,288 - root - WARNING - params:n_components:8
2021-06-18 23:57:33,289 - root - WARNING - params:topic_word_prior:0.02
2021-06-18 23:57:33,290 - root - WARNING - params:batch_size:500
2021-06-18 23:57:33,291 - root - WARNING - params:max_iter:30
2021-06-18 23:57:33,292 - root - WARNING - perplexity:1671.2382052634757
2021-06-18 23:57:33,293 - root - WARNING - coherance:[0.7935627645007125, 0.7822745072933299, 0.7866172876328072, 0.8003311866531391, 0.7896623498454886, 0.79557323063907, 0.7830733065533546, 0.6830047637244199]
2021-06-19 00:15:20,613 - root - WARNING - MIN_DF:30
2021-06-19 00:15:20,623 - root - WARNING - params:n_components:8
2021-06-19 00:15:20,624 - root - WARNING - params:topic_word_prior:0.02
2021-06-19 00:15:20,626 - root - WARNING - params:batch_size:1000
2021-06-19 00:15:20,627 - root - WARNING - params:max_iter:30
2021-06-19 00:15:20,628 - root - WARNING - perplexity:1543.6103478187363
2021-06-19 00:15:20,629 - root - WARNING - coherance:[0.7967259462997067, 0.7875012831209893, 0.7697250802486131, 0.7716106019344962, 0.6965942126123453, 0.780664774537616, 0.7700272173817019, 0.6567737867104649]
2021-06-19 00:34:17,479 - root - WARNING - MIN_DF:30
2021-06-19 00:34:17,489 - root - WARNING - params:n_components:8
2021-06-19 00:34:17,490 - root - WARNING - params:topic_word_prior:0.02
2021-06-19 00:34:17,491 - root - WARNING - params:batch_size:2000
2021-06-19 00:34:17,492 - root - WARNING - params:max_iter:30
2021-06-19 00:34:17,493 - root - WARNING - perplexity:1441.0547222303867
2021-06-19 00:34:17,494 - root - WARNING - coherance:[0.7971470973932308, 0.7863238359351822, 0.7957093838751902, 0.7922493562362158, 0.7289792453879582, 0.7521666646761795, 0.7880798689785486, 0.6853400492733457]
2021-06-19 00:51:30,865 - root - WARNING - MIN_DF:30
2021-06-19 00:51:30,874 - root - WARNING - params:n_components:8
2021-06-19 00:51:30,875 - root - WARNING - params:topic_word_prior:0.05
2021-06-19 00:51:30,876 - root - WARNING - params:batch_size:500
2021-06-19 00:51:30,876 - root - WARNING - params:max_iter:30
2021-06-19 00:51:30,877 - root - WARNING - perplexity:1657.925557453635
2021-06-19 00:51:30,878 - root - WARNING - coherance:[0.7937444258251769, 0.7861932076927667, 0.7890118949003202, 0.8004938033590829, 0.7877579368224751, 0.7957455184427337, 0.7832700536471692, 0.6834304485509344]
2021-06-19 01:09:09,846 - root - WARNING - MIN_DF:30
2021-06-19 01:09:09,856 - root - WARNING - params:n_components:8
2021-06-19 01:09:09,857 - root - WARNING - params:topic_word_prior:0.05
2021-06-19 01:09:09,858 - root - WARNING - params:batch_size:1000
2021-06-19 01:09:09,859 - root - WARNING - params:max_iter:30
2021-06-19 01:09:09,860 - root - WARNING - perplexity:1529.8095734149517
2021-06-19 01:09:09,861 - root - WARNING - coherance:[0.7968028456206371, 0.7875876939746902, 0.7698250858220075, 0.7789652850715276, 0.7020226827329564, 0.7807521673022626, 0.7701267973305652, 0.6569808881473227]
2021-06-19 01:28:13,495 - root - WARNING - MIN_DF:30
2021-06-19 01:28:13,505 - root - WARNING - params:n_components:8
2021-06-19 01:28:13,506 - root - WARNING - params:topic_word_prior:0.05
2021-06-19 01:28:13,507 - root - WARNING - params:batch_size:2000
2021-06-19 01:28:13,508 - root - WARNING - params:max_iter:30
2021-06-19 01:28:13,510 - root - WARNING - perplexity:1430.0159286104697
2021-06-19 01:28:13,511 - root - WARNING - coherance:[0.7961319593840552, 0.7851930153029477, 0.7946485303749785, 0.7835160653606821, 0.7273000622463285, 0.7505111633210771, 0.7793178223625823, 0.6829809488157861]
2021-06-19 01:43:03,823 - root - WARNING - MIN_DF:30
2021-06-19 01:43:03,838 - root - WARNING - params:n_components:8
2021-06-19 01:43:03,840 - root - WARNING - params:topic_word_prior:0.1
2021-06-19 01:43:03,842 - root - WARNING - params:batch_size:500
2021-06-19 01:43:03,843 - root - WARNING - params:max_iter:30
2021-06-19 01:43:03,845 - root - WARNING - perplexity:1643.1408095469596
2021-06-19 01:43:03,846 - root - WARNING - coherance:[0.79368285529007, 0.7861275967954974, 0.7858358685324753, 0.8002596018216227, 0.7924335340647837, 0.7974530383866055, 0.7832033696689116, 0.6832861499721362]
2021-06-19 02:01:09,340 - root - WARNING - MIN_DF:30
2021-06-19 02:01:09,350 - root - WARNING - params:n_components:8
2021-06-19 02:01:09,352 - root - WARNING - params:topic_word_prior:0.1
2021-06-19 02:01:09,353 - root - WARNING - params:batch_size:1000
2021-06-19 02:01:09,354 - root - WARNING - params:max_iter:30
2021-06-19 02:01:09,356 - root - WARNING - perplexity:1519.174764660778
2021-06-19 02:01:09,357 - root - WARNING - coherance:[0.7969005754783852, 0.7876975264032523, 0.7664209493777477, 0.7655755360026401, 0.6769252037653866, 0.7808632482656189, 0.7751367857087877, 0.6679904812503683]
2021-06-19 02:20:04,529 - root - WARNING - MIN_DF:30
2021-06-19 02:20:04,540 - root - WARNING - params:n_components:8
2021-06-19 02:20:04,542 - root - WARNING - params:topic_word_prior:0.1
2021-06-19 02:20:04,543 - root - WARNING - params:batch_size:2000
2021-06-19 02:20:04,544 - root - WARNING - params:max_iter:30
2021-06-19 02:20:04,546 - root - WARNING - perplexity:1425.5134687038294
2021-06-19 02:20:04,547 - root - WARNING - coherance:[0.7999717850169035, 0.7863483003435544, 0.7957323303951327, 0.7968063744389547, 0.7290156083948804, 0.7522024693734994, 0.7805126939224755, 0.6853911434686077]
2021-06-19 02:33:54,925 - root - WARNING - MIN_DF:30
2021-06-19 02:33:54,935 - root - WARNING - params:n_components:8
2021-06-19 02:33:54,936 - root - WARNING - params:topic_word_prior:0.15
2021-06-19 02:33:54,937 - root - WARNING - params:batch_size:500
2021-06-19 02:33:54,938 - root - WARNING - params:max_iter:30
2021-06-19 02:33:54,939 - root - WARNING - perplexity:1627.9453734677918
2021-06-19 02:33:54,940 - root - WARNING - coherance:[0.7971388890503172, 0.7862589147628528, 0.7882868428064691, 0.8003701418838522, 0.8009459933489664, 0.8016767347931447, 0.7833368328510217, 0.6591388647662901]
2021-06-19 02:50:27,392 - root - WARNING - MIN_DF:30
2021-06-19 02:50:27,408 - root - WARNING - params:n_components:8
2021-06-19 02:50:27,410 - root - WARNING - params:topic_word_prior:0.15
2021-06-19 02:50:27,411 - root - WARNING - params:batch_size:1000
2021-06-19 02:50:27,412 - root - WARNING - params:max_iter:30
2021-06-19 02:50:27,414 - root - WARNING - perplexity:1509.4553736259963
2021-06-19 02:50:27,415 - root - WARNING - coherance:[0.7971610234680508, 0.7881014343112964, 0.7667626514768423, 0.7678919167542558, 0.6775490090419695, 0.784058561662123, 0.7754661318182563, 0.6686603038679549]
2021-06-19 03:10:32,645 - root - WARNING - MIN_DF:30
2021-06-19 03:10:32,656 - root - WARNING - params:n_components:8
2021-06-19 03:10:32,658 - root - WARNING - params:topic_word_prior:0.15
2021-06-19 03:10:32,659 - root - WARNING - params:batch_size:2000
2021-06-19 03:10:32,661 - root - WARNING - params:max_iter:30
2021-06-19 03:10:32,662 - root - WARNING - perplexity:1423.2272183788637
2021-06-19 03:10:32,663 - root - WARNING - coherance:[0.7962909052838127, 0.7865735506338001, 0.7917991652545783, 0.797007957602659, 0.7293504822874187, 0.7525321103729461, 0.7807455611884159, 0.6712646084089815]
2021-06-19 03:28:01,185 - root - WARNING - MIN_DF:30
2021-06-19 03:28:01,195 - root - WARNING - params:n_components:8
2021-06-19 03:28:01,196 - root - WARNING - params:topic_word_prior:0.2
2021-06-19 03:28:01,197 - root - WARNING - params:batch_size:500
2021-06-19 03:28:01,198 - root - WARNING - params:max_iter:30
2021-06-19 03:28:01,199 - root - WARNING - perplexity:1604.1575863635646
2021-06-19 03:28:01,200 - root - WARNING - coherance:[0.792265010243509, 0.7819422835539409, 0.7802176235366444, 0.8080091125473585, 0.788692143816849, 0.8042542419730042, 0.7647594605582964, 0.6597166314718752]
2021-06-19 03:46:26,374 - root - WARNING - MIN_DF:30
2021-06-19 03:46:26,386 - root - WARNING - params:n_components:8
2021-06-19 03:46:26,387 - root - WARNING - params:topic_word_prior:0.2
2021-06-19 03:46:26,389 - root - WARNING - params:batch_size:1000
2021-06-19 03:46:26,390 - root - WARNING - params:max_iter:30
2021-06-19 03:46:26,391 - root - WARNING - perplexity:1500.0609881131
2021-06-19 03:46:26,393 - root - WARNING - coherance:[0.7973926056755849, 0.7883616390753406, 0.7694907059295508, 0.7684116186897807, 0.6781041888235824, 0.7843149156189749, 0.7757590900374297, 0.6593432485749001]
2021-06-19 04:07:09,788 - root - WARNING - MIN_DF:30
2021-06-19 04:07:09,803 - root - WARNING - params:n_components:8
2021-06-19 04:07:09,804 - root - WARNING - params:topic_word_prior:0.2
2021-06-19 04:07:09,806 - root - WARNING - params:batch_size:2000
2021-06-19 04:07:09,807 - root - WARNING - params:max_iter:30
2021-06-19 04:07:09,808 - root - WARNING - perplexity:1422.1404684844551
2021-06-19 04:07:09,810 - root - WARNING - coherance:[0.7986285155872508, 0.7864685911680543, 0.7958451552073535, 0.7969140336774405, 0.7291944259885227, 0.7523785131944714, 0.7806370565710504, 0.6710319571453448]
2021-06-19 04:25:17,059 - root - WARNING - MIN_DF:30
2021-06-19 04:25:17,072 - root - WARNING - params:n_components:8
2021-06-19 04:25:17,074 - root - WARNING - params:topic_word_prior:0.25
2021-06-19 04:25:17,075 - root - WARNING - params:batch_size:500
2021-06-19 04:25:17,077 - root - WARNING - params:max_iter:30
2021-06-19 04:25:17,078 - root - WARNING - perplexity:1567.4875902936642
2021-06-19 04:25:17,080 - root - WARNING - coherance:[0.7974037446998756, 0.7829007446886855, 0.7847846266572407, 0.7999061320577451, 0.7842584720479008, 0.8033543967748245, 0.7636173810581235, 0.667380225125341]
2021-06-19 04:44:06,938 - root - WARNING - MIN_DF:30
2021-06-19 04:44:06,953 - root - WARNING - params:n_components:8
2021-06-19 04:44:06,954 - root - WARNING - params:topic_word_prior:0.25
2021-06-19 04:44:06,956 - root - WARNING - params:batch_size:1000
2021-06-19 04:44:06,957 - root - WARNING - params:max_iter:30
2021-06-19 04:44:06,958 - root - WARNING - perplexity:1477.5773600280825
2021-06-19 04:44:06,960 - root - WARNING - coherance:[0.808098931634268, 0.7967533839235545, 0.7791330221233773, 0.7842550467180054, 0.7349031791376145, 0.7925764610876891, 0.7852104018204781, 0.6795277332732491]
2021-06-19 05:04:33,428 - root - WARNING - MIN_DF:30
2021-06-19 05:04:33,441 - root - WARNING - params:n_components:8
2021-06-19 05:04:33,443 - root - WARNING - params:topic_word_prior:0.25
2021-06-19 05:04:33,445 - root - WARNING - params:batch_size:2000
2021-06-19 05:04:33,446 - root - WARNING - params:max_iter:30
2021-06-19 05:04:33,448 - root - WARNING - perplexity:1420.8745375097985
2021-06-19 05:04:33,450 - root - WARNING - coherance:[0.7971369606396534, 0.7950748861745074, 0.7764919970038789, 0.7978504493839741, 0.7307524891102324, 0.7574757388689632, 0.7817191889162938, 0.6733552288500284]
2021-06-19 05:23:25,142 - root - WARNING - MIN_DF:30
2021-06-19 05:23:25,154 - root - WARNING - params:n_components:8
2021-06-19 05:23:25,157 - root - WARNING - params:topic_word_prior:0.3
2021-06-19 05:23:25,160 - root - WARNING - params:batch_size:500
2021-06-19 05:23:25,162 - root - WARNING - params:max_iter:30
2021-06-19 05:23:25,164 - root - WARNING - perplexity:1525.9246788595985
2021-06-19 05:23:25,166 - root - WARNING - coherance:[0.7950488722277094, 0.7749119528354917, 0.7661744760045432, 0.7903739863141589, 0.7733587127402144, 0.7969155034031365, 0.7678129874816263, 0.6033266146602309]
2021-06-19 05:42:48,494 - root - WARNING - MIN_DF:30
2021-06-19 05:42:48,509 - root - WARNING - params:n_components:8
2021-06-19 05:42:48,510 - root - WARNING - params:topic_word_prior:0.3
2021-06-19 05:42:48,512 - root - WARNING - params:batch_size:1000
2021-06-19 05:42:48,513 - root - WARNING - params:max_iter:30
2021-06-19 05:42:48,515 - root - WARNING - perplexity:1458.0087809738147
2021-06-19 05:42:48,516 - root - WARNING - coherance:[0.8084014988233019, 0.796574792351647, 0.7789278442446703, 0.7871099054258729, 0.7207901813753728, 0.7947031479603289, 0.7850091981571856, 0.6900296955561145]
2021-06-19 06:03:32,709 - root - WARNING - MIN_DF:30
2021-06-19 06:03:32,723 - root - WARNING - params:n_components:8
2021-06-19 06:03:32,725 - root - WARNING - params:topic_word_prior:0.3
2021-06-19 06:03:32,727 - root - WARNING - params:batch_size:2000
2021-06-19 06:03:32,729 - root - WARNING - params:max_iter:30
2021-06-19 06:03:32,730 - root - WARNING - perplexity:1417.7819712586281
2021-06-19 06:03:32,732 - root - WARNING - coherance:[0.7974639232719923, 0.7954105292077648, 0.7769053837072409, 0.7877604004312417, 0.7455075921481098, 0.7579935862126648, 0.7820957321549188, 0.6741652065870987]
2021-06-19 06:22:26,304 - root - WARNING - MIN_DF:30
2021-06-19 06:22:26,322 - root - WARNING - params:n_components:8
2021-06-19 06:22:26,324 - root - WARNING - params:topic_word_prior:0.4
2021-06-19 06:22:26,325 - root - WARNING - params:batch_size:500
2021-06-19 06:22:26,327 - root - WARNING - params:max_iter:30
2021-06-19 06:22:26,329 - root - WARNING - perplexity:1481.8688369064666
2021-06-19 06:22:26,330 - root - WARNING - coherance:[0.7909016533943553, 0.7876441103609573, 0.774851468003903, 0.7916103699816569, 0.7889116923682379, 0.7882177920299942, 0.7558659320363652, 0.618982847953602]
2021-06-19 06:42:25,199 - root - WARNING - MIN_DF:30
2021-06-19 06:42:25,214 - root - WARNING - params:n_components:8
2021-06-19 06:42:25,216 - root - WARNING - params:topic_word_prior:0.4
2021-06-19 06:42:25,218 - root - WARNING - params:batch_size:1000
2021-06-19 06:42:25,219 - root - WARNING - params:max_iter:30
2021-06-19 06:42:25,221 - root - WARNING - perplexity:1433.3573297040516
2021-06-19 06:42:25,223 - root - WARNING - coherance:[0.8111161272435737, nan, 0.7817182194260198, 0.7708523966772295, 0.7446490893549201, 0.7934039912745652, 0.7860506602799353, 0.6920779695323059]
2021-06-19 07:03:35,492 - root - WARNING - MIN_DF:30
2021-06-19 07:03:35,509 - root - WARNING - params:n_components:8
2021-06-19 07:03:35,511 - root - WARNING - params:topic_word_prior:0.4
2021-06-19 07:03:35,513 - root - WARNING - params:batch_size:2000
2021-06-19 07:03:35,514 - root - WARNING - params:max_iter:30
2021-06-19 07:03:35,516 - root - WARNING - perplexity:1416.5803900221376
2021-06-19 07:03:35,518 - root - WARNING - coherance:[0.7998267883931915, 0.7953681620749424, 0.7768531966498207, 0.7877157417757107, 0.7454445198833073, 0.7579282234125732, 0.7820482037007563, 0.6740629243518945]
2021-06-19 07:21:09,138 - root - WARNING - MIN_DF:30
2021-06-19 07:21:09,155 - root - WARNING - params:n_components:9
2021-06-19 07:21:09,157 - root - WARNING - params:topic_word_prior:0.01
2021-06-19 07:21:09,158 - root - WARNING - params:batch_size:500
2021-06-19 07:21:09,160 - root - WARNING - params:max_iter:30
2021-06-19 07:21:09,162 - root - WARNING - perplexity:1708.9784768557504
2021-06-19 07:21:09,163 - root - WARNING - coherance:[0.7630833653895134, 0.7888394930940852, 0.783203753298471, 0.785694907287119, 0.8000274103529408, 0.8017470030427887, 0.7803681055055569, 0.7815770851748296, 0.7128985158199711]
2021-06-19 07:41:16,165 - root - WARNING - MIN_DF:30
2021-06-19 07:41:16,217 - root - WARNING - params:n_components:9
2021-06-19 07:41:16,219 - root - WARNING - params:topic_word_prior:0.01
2021-06-19 07:41:16,221 - root - WARNING - params:batch_size:1000
2021-06-19 07:41:16,223 - root - WARNING - params:max_iter:30
2021-06-19 07:41:16,225 - root - WARNING - perplexity:1562.968594779143
2021-06-19 07:41:16,226 - root - WARNING - coherance:[0.8012599955738497, 0.7862021200771785, 0.7764315054953501, 0.777645438357262, 0.7878216751424478, 0.7867712294152484, 0.7803963377469636, 0.6568300720298396, 0.707140194954712]
2021-06-19 08:02:13,758 - root - WARNING - MIN_DF:30
2021-06-19 08:02:13,776 - root - WARNING - params:n_components:9
2021-06-19 08:02:13,778 - root - WARNING - params:topic_word_prior:0.01
2021-06-19 08:02:13,780 - root - WARNING - params:batch_size:2000
2021-06-19 08:02:13,782 - root - WARNING - params:max_iter:30
2021-06-19 08:02:13,784 - root - WARNING - perplexity:1446.535496204812
2021-06-19 08:02:13,786 - root - WARNING - coherance:[0.6992689425528987, 0.7672368901564608, 0.7703919599276563, 0.7613109539762493, 0.7716412057377775, 0.7820236797926424, 0.7627445263846916, 0.7506666666136971, 0.5288270769964533]
2021-06-19 08:18:38,550 - root - WARNING - MIN_DF:30
2021-06-19 08:18:38,571 - root - WARNING - params:n_components:9
2021-06-19 08:18:38,573 - root - WARNING - params:topic_word_prior:0.02
2021-06-19 08:18:38,575 - root - WARNING - params:batch_size:500
2021-06-19 08:18:38,577 - root - WARNING - params:max_iter:30
2021-06-19 08:18:38,579 - root - WARNING - perplexity:1702.5741074655439
2021-06-19 08:18:38,581 - root - WARNING - coherance:[0.7699175063128887, 0.7890602850489317, 0.7834389973716277, 0.7859502820053295, 0.794224496984976, 0.7999675299347622, 0.7806067422010003, 0.7787265320523954, 0.7133037416287822]
2021-06-19 08:39:01,071 - root - WARNING - MIN_DF:30
2021-06-19 08:39:01,090 - root - WARNING - params:n_components:9
2021-06-19 08:39:01,092 - root - WARNING - params:topic_word_prior:0.02
2021-06-19 08:39:01,094 - root - WARNING - params:batch_size:1000
2021-06-19 08:39:01,096 - root - WARNING - params:max_iter:30
2021-06-19 08:39:01,098 - root - WARNING - perplexity:1555.4281802521962
2021-06-19 08:39:01,100 - root - WARNING - coherance:[0.80114295979122, 0.7860636847274834, 0.7762837182701932, 0.7775018184851926, 0.7858776260739122, 0.783739764726078, 0.7802497264539563, 0.6565081199148955, 0.7068866225940724]
2021-06-19 09:00:12,648 - root - WARNING - MIN_DF:30
2021-06-19 09:00:12,669 - root - WARNING - params:n_components:9
2021-06-19 09:00:12,672 - root - WARNING - params:topic_word_prior:0.02
2021-06-19 09:00:12,674 - root - WARNING - params:batch_size:2000
2021-06-19 09:00:12,676 - root - WARNING - params:max_iter:30
2021-06-19 09:00:12,679 - root - WARNING - perplexity:1435.474952230921
2021-06-19 09:00:12,680 - root - WARNING - coherance:[0.7001321879860477, 0.7678040202354224, 0.7709577931137253, 0.7795947297805057, 0.7659069136839186, 0.7777416685204879, 0.763314683218564, 0.7586600980105799, 0.530723375764821]
2021-06-19 09:16:04,867 - root - WARNING - MIN_DF:30
2021-06-19 09:16:04,887 - root - WARNING - params:n_components:9
2021-06-19 09:16:04,889 - root - WARNING - params:topic_word_prior:0.05
2021-06-19 09:16:04,891 - root - WARNING - params:batch_size:500
2021-06-19 09:16:04,893 - root - WARNING - params:max_iter:30
2021-06-19 09:16:04,895 - root - WARNING - perplexity:1683.5910628879933
2021-06-19 09:16:04,897 - root - WARNING - coherance:[0.7624892221222767, 0.7898159307011238, 0.7827123089579695, 0.7832733363817358, 0.797726500424315, 0.8013428918301315, 0.7798693410682362, 0.7627941976061965, 0.715577958044243]
2021-06-19 09:36:24,147 - root - WARNING - MIN_DF:30
2021-06-19 09:36:24,164 - root - WARNING - params:n_components:9
2021-06-19 09:36:24,166 - root - WARNING - params:topic_word_prior:0.05
2021-06-19 09:36:24,168 - root - WARNING - params:batch_size:1000
2021-06-19 09:36:24,169 - root - WARNING - params:max_iter:30
2021-06-19 09:36:24,171 - root - WARNING - perplexity:1544.2588118747694
2021-06-19 09:36:24,173 - root - WARNING - coherance:[0.8010477732022739, 0.7731239765154632, 0.7673881280017362, 0.7773850319309272, 0.7911511571684852, 0.7836326872781532, 0.7801305034133692, 0.6562463976490858, 0.7066804782766261]
2021-06-19 09:57:41,609 - root - WARNING - MIN_DF:30
2021-06-19 09:57:41,634 - root - WARNING - params:n_components:9
2021-06-19 09:57:41,637 - root - WARNING - params:topic_word_prior:0.05
2021-06-19 09:57:41,640 - root - WARNING - params:batch_size:2000
2021-06-19 09:57:41,642 - root - WARNING - params:max_iter:30
2021-06-19 09:57:41,644 - root - WARNING - perplexity:1425.3121736684866
2021-06-19 09:57:41,646 - root - WARNING - coherance:[0.7022084565991903, 0.7691660502683798, 0.7723161358095917, 0.7808526669356495, 0.7672197996515772, 0.7791125411464945, 0.7696931924976583, 0.7528157724366399, 0.5486736823599172]
2021-06-19 10:13:04,283 - root - WARNING - MIN_DF:30
2021-06-19 10:13:04,308 - root - WARNING - params:n_components:9
2021-06-19 10:13:04,310 - root - WARNING - params:topic_word_prior:0.1
2021-06-19 10:13:04,312 - root - WARNING - params:batch_size:500
2021-06-19 10:13:04,313 - root - WARNING - params:max_iter:30
2021-06-19 10:13:04,315 - root - WARNING - perplexity:1669.7972231418435
2021-06-19 10:13:04,317 - root - WARNING - coherance:[0.74964642602453, 0.7828450772783445, 0.7878562534641711, 0.806015444127232, 0.795057291341214, 0.7978624812474134, 0.7741198540489796, 0.7631680136668362, 0.7141940071182612]
2021-06-19 10:33:34,149 - root - WARNING - MIN_DF:30
2021-06-19 10:33:34,167 - root - WARNING - params:n_components:9
2021-06-19 10:33:34,169 - root - WARNING - params:topic_word_prior:0.1
2021-06-19 10:33:34,171 - root - WARNING - params:batch_size:1000
2021-06-19 10:33:34,173 - root - WARNING - params:max_iter:30
2021-06-19 10:33:34,175 - root - WARNING - perplexity:1533.7813432181158
2021-06-19 10:33:34,176 - root - WARNING - coherance:[0.7943185381543142, 0.7853147227647963, 0.7754841724925214, 0.7701139901767917, 0.7851780501130312, 0.7912961102874655, 0.7794565875047241, 0.6547684567077559, 0.6939465579114719]
2021-06-19 10:55:04,339 - root - WARNING - MIN_DF:30
2021-06-19 10:55:04,357 - root - WARNING - params:n_components:9
2021-06-19 10:55:04,359 - root - WARNING - params:topic_word_prior:0.1
2021-06-19 10:55:04,361 - root - WARNING - params:batch_size:2000
2021-06-19 10:55:04,363 - root - WARNING - params:max_iter:30
2021-06-19 10:55:04,365 - root - WARNING - perplexity:1422.3050870239383
2021-06-19 10:55:04,367 - root - WARNING - coherance:[0.7020761966165538, 0.7690793727796055, 0.7722297171312945, 0.7807726860603414, 0.7662460922764937, 0.7790329924431079, 0.7696082477500001, 0.7600188580321328, 0.5483977955544377]
2021-06-19 11:09:33,632 - root - WARNING - MIN_DF:30
2021-06-19 11:09:33,651 - root - WARNING - params:n_components:9
2021-06-19 11:09:33,654 - root - WARNING - params:topic_word_prior:0.15
2021-06-19 11:09:33,656 - root - WARNING - params:batch_size:500
2021-06-19 11:09:33,657 - root - WARNING - params:max_iter:30
2021-06-19 11:09:33,659 - root - WARNING - perplexity:1648.091685420709
2021-06-19 11:09:33,661 - root - WARNING - coherance:[0.750252097760228, 0.781371197337152, 0.7882967662375273, 0.789105058705236, 0.7930370849924573, 0.8026932901968535, 0.7806715155840193, 0.7818783397604083, 0.716374306244344]
2021-06-19 11:30:32,026 - root - WARNING - MIN_DF:30
2021-06-19 11:30:32,046 - root - WARNING - params:n_components:9
2021-06-19 11:30:32,048 - root - WARNING - params:topic_word_prior:0.15
2021-06-19 11:30:32,050 - root - WARNING - params:batch_size:1000
2021-06-19 11:30:32,052 - root - WARNING - params:max_iter:30
2021-06-19 11:30:32,054 - root - WARNING - perplexity:1525.7185461223169
2021-06-19 11:30:32,056 - root - WARNING - coherance:[0.791355926386386, 0.7820411401548868, 0.7800618607835647, 0.766520325171612, 0.7828226511605664, 0.7828918337331517, 0.7759910336509022, 0.6472078964972, 0.6764353404006436]
2021-06-19 11:52:33,753 - root - WARNING - MIN_DF:30
2021-06-19 11:52:33,770 - root - WARNING - params:n_components:9
2021-06-19 11:52:33,772 - root - WARNING - params:topic_word_prior:0.15
2021-06-19 11:52:33,774 - root - WARNING - params:batch_size:2000
2021-06-19 11:52:33,776 - root - WARNING - params:max_iter:30
2021-06-19 11:52:33,778 - root - WARNING - perplexity:1420.1163268128828
2021-06-19 11:52:33,780 - root - WARNING - coherance:[0.7020761966165538, 0.7690793727796054, 0.7722297171312945, 0.7807726860603414, 0.7662460922764937, 0.7790329924431079, 0.7696082477500003, 0.7600188580321328, 0.5483977955544376]
2021-06-19 12:11:32,159 - root - WARNING - MIN_DF:30
2021-06-19 12:11:32,177 - root - WARNING - params:n_components:9
2021-06-19 12:11:32,180 - root - WARNING - params:topic_word_prior:0.2
2021-06-19 12:11:32,182 - root - WARNING - params:batch_size:500
2021-06-19 12:11:32,184 - root - WARNING - params:max_iter:30
2021-06-19 12:11:32,186 - root - WARNING - perplexity:1613.2060295977024
2021-06-19 12:11:32,187 - root - WARNING - coherance:[0.7688654717795649, 0.7842668666666317, 0.8051105700728064, 0.7896881250465227, 0.8014658927554134, 0.8003789717114339, 0.7812897720963817, 0.78249230710758, 0.713881936135352]
2021-06-19 12:32:28,673 - root - WARNING - MIN_DF:30
2021-06-19 12:32:28,689 - root - WARNING - params:n_components:9
2021-06-19 12:32:28,692 - root - WARNING - params:topic_word_prior:0.2
2021-06-19 12:32:28,694 - root - WARNING - params:batch_size:1000
2021-06-19 12:32:28,696 - root - WARNING - params:max_iter:30
2021-06-19 12:32:28,698 - root - WARNING - perplexity:1514.6106935612545
2021-06-19 12:32:28,700 - root - WARNING - coherance:[0.7889158355930372, 0.7890617997691428, 0.7755333536335424, 0.770164622630174, 0.788028716771245, 0.7861692751483308, 0.7795053723602048, 0.6548753615169314, 0.6812141212702036]
2021-06-19 12:54:34,419 - root - WARNING - MIN_DF:30
2021-06-19 12:54:34,435 - root - WARNING - params:n_components:9
2021-06-19 12:54:34,444 - root - WARNING - params:topic_word_prior:0.2
2021-06-19 12:54:34,445 - root - WARNING - params:batch_size:2000
2021-06-19 12:54:34,447 - root - WARNING - params:max_iter:30
2021-06-19 12:54:34,449 - root - WARNING - perplexity:1418.2627404049379
2021-06-19 12:54:34,450 - root - WARNING - coherance:[0.702156468496948, 0.7691319808819251, 0.772282168543313, 0.780821230888902, 0.7795758247419381, 0.7726323857665921, 0.7696598047714909, 0.7600749233341646, 0.5485652275956957]
2021-06-19 13:14:14,827 - root - WARNING - MIN_DF:30
2021-06-19 13:14:14,849 - root - WARNING - params:n_components:9
2021-06-19 13:14:14,851 - root - WARNING - params:topic_word_prior:0.25
2021-06-19 13:14:14,853 - root - WARNING - params:batch_size:500
2021-06-19 13:14:14,855 - root - WARNING - params:max_iter:30
2021-06-19 13:14:14,857 - root - WARNING - perplexity:1573.2418180719299
2021-06-19 13:14:14,859 - root - WARNING - coherance:[0.7680687261135568, 0.7835687627206681, 0.7984959857446225, 0.7917159998522745, 0.7944549869208327, 0.7997886191931085, 0.7805757940071391, 0.7817832946183908, 0.7141375720951688]
2021-06-19 13:35:44,497 - root - WARNING - MIN_DF:30
2021-06-19 13:35:44,525 - root - WARNING - params:n_components:9
2021-06-19 13:35:44,528 - root - WARNING - params:topic_word_prior:0.25
2021-06-19 13:35:44,530 - root - WARNING - params:batch_size:1000
2021-06-19 13:35:44,531 - root - WARNING - params:max_iter:30
2021-06-19 13:35:44,533 - root - WARNING - perplexity:1495.8787390462626
2021-06-19 13:35:44,535 - root - WARNING - coherance:[0.7845322749967973, 0.7889198052426912, 0.7806664794553888, 0.7747104424425579, 0.7890431090074749, 0.783626250824151, 0.7766238450871898, 0.6485834657878058, 0.6623757134942572]
2021-06-19 13:58:15,516 - root - WARNING - MIN_DF:30
2021-06-19 13:58:15,536 - root - WARNING - params:n_components:9
2021-06-19 13:58:15,539 - root - WARNING - params:topic_word_prior:0.25
2021-06-19 13:58:15,541 - root - WARNING - params:batch_size:2000
2021-06-19 13:58:15,543 - root - WARNING - params:max_iter:30
2021-06-19 13:58:15,544 - root - WARNING - perplexity:1413.8923488216085
2021-06-19 13:58:15,546 - root - WARNING - coherance:[0.6988490313110816, 0.7678191084779774, 0.7709728449418505, 0.7796086781811982, 0.7743652924001736, 0.7675394208042272, 0.7683726182857593, 0.7586761684917477, 0.5307739233212327]
2021-06-19 14:18:42,589 - root - WARNING - MIN_DF:30
2021-06-19 14:18:42,610 - root - WARNING - params:n_components:9
2021-06-19 14:18:42,612 - root - WARNING - params:topic_word_prior:0.3
2021-06-19 14:18:42,614 - root - WARNING - params:batch_size:500
2021-06-19 14:18:42,617 - root - WARNING - params:max_iter:30
2021-06-19 14:18:42,619 - root - WARNING - perplexity:1533.2625943090916
2021-06-19 14:18:42,621 - root - WARNING - coherance:[0.7582631728983211, 0.7749515208245924, 0.7967673606530341, 0.7764119144433054, 0.7812001863475322, 0.7877168682541806, 0.771739493132032, 0.7482753198749692, 0.7235319398455942]
2021-06-19 14:40:56,995 - root - WARNING - MIN_DF:30
2021-06-19 14:40:57,020 - root - WARNING - params:n_components:9
2021-06-19 14:40:57,023 - root - WARNING - params:topic_word_prior:0.3
2021-06-19 14:40:57,025 - root - WARNING - params:batch_size:1000
2021-06-19 14:40:57,027 - root - WARNING - params:max_iter:30
2021-06-19 14:40:57,029 - root - WARNING - perplexity:1474.7121613158815
2021-06-19 14:40:57,031 - root - WARNING - coherance:[0.7876454455872561, 0.7746022398628558, 0.7687141705643923, 0.7750824281614186, 0.7880528905231169, 0.7839714667234416, 0.7770149583479882, 0.6630009263420497, 0.6698009666873277]
