2021-06-24 02:23:51,864 - root - WARNING - MIN_DF:30
2021-06-24 02:23:51,871 - root - WARNING - params:batch_size:4000
2021-06-24 02:23:51,872 - root - WARNING - params:n_components:6
2021-06-24 02:23:51,873 - root - WARNING - params:topic_word_prior:0.8
2021-06-24 02:23:51,874 - root - WARNING - params:doc_topic_prior:0.5
2021-06-24 02:23:51,875 - root - WARNING - params:max_iter:50
2021-06-24 02:23:51,876 - root - WARNING - done n_iter:50
2021-06-24 02:23:51,876 - root - WARNING - perplexity:1512.260951833042
2021-06-24 02:23:51,877 - root - WARNING - coherance:[0.7790306628867917, 0.8099960391746039, 0.7898673191791066, 0.7503289621220903, 0.7797959555862317, 0.80388338950492]
2021-06-24 02:23:51,879 - root - WARNING - check all params:{'batch_size': 4000, 'doc_topic_prior': 0.5, 'evaluate_every': 1, 'learning_decay': 0.7, 'learning_method': 'online', 'learning_offset': 50, 'max_doc_update_iter': 100, 'max_iter': 50, 'mean_change_tol': 0.0001, 'n_components': 6, 'n_jobs': None, 'perp_tol': 0.1, 'random_state': 1, 'topic_word_prior': 0.8, 'total_samples': 1000000.0, 'verbose': 1}
2021-06-24 02:43:32,944 - root - WARNING - MIN_DF:30
2021-06-24 02:43:32,953 - root - WARNING - params:batch_size:4000
2021-06-24 02:43:32,954 - root - WARNING - params:n_components:6
2021-06-24 02:43:32,954 - root - WARNING - params:topic_word_prior:0.8
2021-06-24 02:43:32,955 - root - WARNING - params:doc_topic_prior:0.6
2021-06-24 02:43:32,956 - root - WARNING - params:max_iter:50
2021-06-24 02:43:32,957 - root - WARNING - done n_iter:50
2021-06-24 02:43:32,958 - root - WARNING - perplexity:1502.5574785779381
2021-06-24 02:43:32,959 - root - WARNING - coherance:[0.7823436599840374, 0.80045428140632, 0.7879115126886436, 0.7888373759856038, 0.7725001975186973, 0.7869924949360227]
2021-06-24 02:43:32,960 - root - WARNING - check all params:{'batch_size': 4000, 'doc_topic_prior': 0.6, 'evaluate_every': 1, 'learning_decay': 0.7, 'learning_method': 'online', 'learning_offset': 50, 'max_doc_update_iter': 100, 'max_iter': 50, 'mean_change_tol': 0.0001, 'n_components': 6, 'n_jobs': None, 'perp_tol': 0.1, 'random_state': 1, 'topic_word_prior': 0.8, 'total_samples': 1000000.0, 'verbose': 1}
2021-06-24 03:01:23,282 - root - WARNING - MIN_DF:30
2021-06-24 03:01:23,293 - root - WARNING - params:batch_size:4000
2021-06-24 03:01:23,296 - root - WARNING - params:n_components:6
2021-06-24 03:01:23,298 - root - WARNING - params:topic_word_prior:0.8
2021-06-24 03:01:23,300 - root - WARNING - params:doc_topic_prior:0.8
2021-06-24 03:01:23,301 - root - WARNING - params:max_iter:50
2021-06-24 03:01:23,301 - root - WARNING - done n_iter:50
2021-06-24 03:01:23,302 - root - WARNING - perplexity:1509.0063422990133
2021-06-24 03:01:23,303 - root - WARNING - coherance:[0.7777865834131914, 0.8006056056381367, 0.7832394957644222, 0.7932175759745546, 0.7726936994002367, 0.7870233721493508]
2021-06-24 03:01:23,305 - root - WARNING - check all params:{'batch_size': 4000, 'doc_topic_prior': 0.8, 'evaluate_every': 1, 'learning_decay': 0.7, 'learning_method': 'online', 'learning_offset': 50, 'max_doc_update_iter': 100, 'max_iter': 50, 'mean_change_tol': 0.0001, 'n_components': 6, 'n_jobs': None, 'perp_tol': 0.1, 'random_state': 1, 'topic_word_prior': 0.8, 'total_samples': 1000000.0, 'verbose': 1}
2021-06-24 03:20:06,143 - root - WARNING - MIN_DF:30
2021-06-24 03:20:06,151 - root - WARNING - params:batch_size:4000
2021-06-24 03:20:06,152 - root - WARNING - params:n_components:7
2021-06-24 03:20:06,153 - root - WARNING - params:topic_word_prior:0.05
2021-06-24 03:20:06,154 - root - WARNING - params:doc_topic_prior:0.05
2021-06-24 03:20:06,155 - root - WARNING - params:max_iter:50
2021-06-24 03:20:06,156 - root - WARNING - done n_iter:42
2021-06-24 03:20:06,157 - root - WARNING - perplexity:1442.2841108457412
2021-06-24 03:20:06,158 - root - WARNING - coherance:[0.7990776089888472, 0.7962839679233175, 0.7694000245458119, 0.7774152746075702, 0.7304640137509297, 0.7091477437420729, 0.769311629560949]
2021-06-24 03:20:06,159 - root - WARNING - check all params:{'batch_size': 4000, 'doc_topic_prior': 0.05, 'evaluate_every': 1, 'learning_decay': 0.7, 'learning_method': 'online', 'learning_offset': 50, 'max_doc_update_iter': 100, 'max_iter': 50, 'mean_change_tol': 0.0001, 'n_components': 7, 'n_jobs': None, 'perp_tol': 0.1, 'random_state': 1, 'topic_word_prior': 0.05, 'total_samples': 1000000.0, 'verbose': 1}
