2021-07-04 06:05:20,478 - root - WARNING - MIN_DF:30
2021-07-04 06:05:20,643 - root - WARNING - params:batch_size:1500
2021-07-04 06:05:20,651 - root - WARNING - params:n_components:8
2021-07-04 06:05:20,653 - root - WARNING - params:topic_word_prior:0.6
2021-07-04 06:05:20,656 - root - WARNING - params:doc_topic_prior:0.5
2021-07-04 06:05:20,658 - root - WARNING - params:max_iter:50
2021-07-04 06:05:20,661 - root - WARNING - done n_iter:50
2021-07-04 06:05:20,663 - root - WARNING - perplexity:1822.3558906404357
2021-07-04 06:05:20,666 - root - WARNING - coherance:[0.7950674388197444, 0.7875441256905271, 0.7742052343818222, 0.7719316090622158, 0.807965585049083, 0.6934824471279988, 0.7597667023142028, 0.73039422352132]
2021-07-04 06:05:20,668 - root - WARNING - check all params:{'batch_size': 1500, 'doc_topic_prior': 0.5, 'evaluate_every': 1, 'learning_decay': 1.3, 'learning_method': 'online', 'learning_offset': 50, 'max_doc_update_iter': 100, 'max_iter': 50, 'mean_change_tol': 0.0001, 'n_components': 8, 'n_jobs': None, 'perp_tol': 0.1, 'random_state': 1, 'topic_word_prior': 0.6, 'total_samples': 1000000.0, 'verbose': 1}
2021-07-04 06:56:08,457 - root - WARNING - MIN_DF:30
2021-07-04 06:56:08,688 - root - WARNING - params:batch_size:1500
2021-07-04 06:56:08,692 - root - WARNING - params:n_components:8
2021-07-04 06:56:08,695 - root - WARNING - params:topic_word_prior:0.6
2021-07-04 06:56:08,698 - root - WARNING - params:doc_topic_prior:0.6
2021-07-04 06:56:08,701 - root - WARNING - params:max_iter:50
2021-07-04 06:56:08,703 - root - WARNING - done n_iter:50
2021-07-04 06:56:08,706 - root - WARNING - perplexity:1787.9895055613713
2021-07-04 06:56:08,709 - root - WARNING - coherance:[0.8010965854202483, 0.7908601364160376, nan, 0.7402694155322498, 0.7981359552808763, 0.6946334396348746, 0.7544482791514364, 0.7679840191360217]
2021-07-04 06:56:08,711 - root - WARNING - check all params:{'batch_size': 1500, 'doc_topic_prior': 0.6, 'evaluate_every': 1, 'learning_decay': 1.3, 'learning_method': 'online', 'learning_offset': 50, 'max_doc_update_iter': 100, 'max_iter': 50, 'mean_change_tol': 0.0001, 'n_components': 8, 'n_jobs': None, 'perp_tol': 0.1, 'random_state': 1, 'topic_word_prior': 0.6, 'total_samples': 1000000.0, 'verbose': 1}
