2021-07-04 04:38:47,186 - root - WARNING - MIN_DF:30
2021-07-04 04:38:47,683 - root - WARNING - params:batch_size:4000
2021-07-04 04:38:47,689 - root - WARNING - params:n_components:10
2021-07-04 04:38:47,694 - root - WARNING - params:topic_word_prior:0.15
2021-07-04 04:38:47,699 - root - WARNING - params:doc_topic_prior:0.6
2021-07-04 04:38:47,703 - root - WARNING - params:max_iter:50
2021-07-04 04:38:47,706 - root - WARNING - done n_iter:50
2021-07-04 04:38:47,710 - root - WARNING - perplexity:1380.0197056993616
2021-07-04 04:38:47,714 - root - WARNING - coherance:[0.7970967011751474, nan, 0.7701974139807555, 0.7717726628398512, 0.7844693486094928, 0.7630358704627052, 0.7748400534389714, 0.7816736245350827, 0.5732726001810604, 0.7705281734636589]
2021-07-04 04:38:47,718 - root - WARNING - check all params:{'batch_size': 4000, 'doc_topic_prior': 0.6, 'evaluate_every': 1, 'learning_decay': 0.7, 'learning_method': 'online', 'learning_offset': 50, 'max_doc_update_iter': 100, 'max_iter': 50, 'mean_change_tol': 0.0001, 'n_components': 10, 'n_jobs': None, 'perp_tol': 0.1, 'random_state': 1, 'topic_word_prior': 0.15, 'total_samples': 1000000.0, 'verbose': 1}
2021-07-04 05:04:52,104 - root - WARNING - MIN_DF:30
2021-07-04 05:04:52,427 - root - WARNING - params:batch_size:4000
2021-07-04 05:04:52,433 - root - WARNING - params:n_components:10
2021-07-04 05:04:52,438 - root - WARNING - params:topic_word_prior:0.15
2021-07-04 05:04:52,443 - root - WARNING - params:doc_topic_prior:0.8
2021-07-04 05:04:52,447 - root - WARNING - params:max_iter:50
2021-07-04 05:04:52,451 - root - WARNING - done n_iter:50
2021-07-04 05:04:52,454 - root - WARNING - perplexity:1394.1683788693601
2021-07-04 05:04:52,458 - root - WARNING - coherance:[0.7966605469353314, nan, 0.7698643436512084, 0.7761902108667139, 0.7781468626481496, 0.7522990275081052, 0.7713128737367366, 0.7572585988980596, 0.5890766465812762, 0.7778855678515504]
2021-07-04 05:04:52,463 - root - WARNING - check all params:{'batch_size': 4000, 'doc_topic_prior': 0.8, 'evaluate_every': 1, 'learning_decay': 0.7, 'learning_method': 'online', 'learning_offset': 50, 'max_doc_update_iter': 100, 'max_iter': 50, 'mean_change_tol': 0.0001, 'n_components': 10, 'n_jobs': None, 'perp_tol': 0.1, 'random_state': 1, 'topic_word_prior': 0.15, 'total_samples': 1000000.0, 'verbose': 1}
2021-07-04 05:28:30,486 - root - WARNING - MIN_DF:30
2021-07-04 05:28:30,837 - root - WARNING - params:batch_size:4000
2021-07-04 05:28:30,842 - root - WARNING - params:n_components:10
2021-07-04 05:28:30,846 - root - WARNING - params:topic_word_prior:0.3
2021-07-04 05:28:30,851 - root - WARNING - params:doc_topic_prior:0.05
2021-07-04 05:28:30,853 - root - WARNING - params:max_iter:50
2021-07-04 05:28:30,856 - root - WARNING - done n_iter:33
2021-07-04 05:28:30,859 - root - WARNING - perplexity:1387.8121900695292
2021-07-04 05:28:30,862 - root - WARNING - coherance:[0.694563190710055, 0.775307223068733, 0.7698983454434009, 0.7618179628034805, 0.7910109634460983, 0.7680401970045433, 0.7747556556766025, 0.7739154011025967, 0.7115572837495002, 0.7679097555313177]
2021-07-04 05:28:30,866 - root - WARNING - check all params:{'batch_size': 4000, 'doc_topic_prior': 0.05, 'evaluate_every': 1, 'learning_decay': 0.7, 'learning_method': 'online', 'learning_offset': 50, 'max_doc_update_iter': 100, 'max_iter': 50, 'mean_change_tol': 0.0001, 'n_components': 10, 'n_jobs': None, 'perp_tol': 0.1, 'random_state': 1, 'topic_word_prior': 0.3, 'total_samples': 1000000.0, 'verbose': 1}
2021-07-04 06:02:01,207 - root - WARNING - MIN_DF:30
2021-07-04 06:02:01,822 - root - WARNING - params:batch_size:4000
2021-07-04 06:02:01,827 - root - WARNING - params:n_components:10
2021-07-04 06:02:01,831 - root - WARNING - params:topic_word_prior:0.3
2021-07-04 06:02:01,834 - root - WARNING - params:doc_topic_prior:0.15
2021-07-04 06:02:01,838 - root - WARNING - params:max_iter:50
2021-07-04 06:02:01,842 - root - WARNING - done n_iter:50
2021-07-04 06:02:01,846 - root - WARNING - perplexity:1387.6429599318765
2021-07-04 06:02:01,849 - root - WARNING - coherance:[0.6986425182290235, 0.7775718599259855, 0.7689252528081518, 0.7790084936813244, 0.8009636770362999, 0.6991910100020287, 0.7769582537844082, 0.7759669507136249, 0.7903400219118483, 0.771023720487634]
2021-07-04 06:02:01,853 - root - WARNING - check all params:{'batch_size': 4000, 'doc_topic_prior': 0.15, 'evaluate_every': 1, 'learning_decay': 0.7, 'learning_method': 'online', 'learning_offset': 50, 'max_doc_update_iter': 100, 'max_iter': 50, 'mean_change_tol': 0.0001, 'n_components': 10, 'n_jobs': None, 'perp_tol': 0.1, 'random_state': 1, 'topic_word_prior': 0.3, 'total_samples': 1000000.0, 'verbose': 1}
2021-07-04 06:42:34,030 - root - WARNING - MIN_DF:30
2021-07-04 06:42:34,463 - root - WARNING - params:batch_size:4000
2021-07-04 06:42:34,467 - root - WARNING - params:n_components:10
2021-07-04 06:42:34,470 - root - WARNING - params:topic_word_prior:0.3
2021-07-04 06:42:34,473 - root - WARNING - params:doc_topic_prior:0.3
2021-07-04 06:42:34,476 - root - WARNING - params:max_iter:50
2021-07-04 06:42:34,479 - root - WARNING - done n_iter:50
2021-07-04 06:42:34,482 - root - WARNING - perplexity:1404.2443832666415
2021-07-04 06:42:34,486 - root - WARNING - coherance:[0.799565666937527, 0.7920298187705928, 0.7613597031420805, 0.7696635944195576, 0.7649818861551607, 0.7550500182015659, 0.7791447254126436, 0.7777556310761604, 0.6127781777390062, 0.7596753846751947]
2021-07-04 06:42:34,489 - root - WARNING - check all params:{'batch_size': 4000, 'doc_topic_prior': 0.3, 'evaluate_every': 1, 'learning_decay': 0.7, 'learning_method': 'online', 'learning_offset': 50, 'max_doc_update_iter': 100, 'max_iter': 50, 'mean_change_tol': 0.0001, 'n_components': 10, 'n_jobs': None, 'perp_tol': 0.1, 'random_state': 1, 'topic_word_prior': 0.3, 'total_samples': 1000000.0, 'verbose': 1}
2021-07-04 07:17:13,547 - root - WARNING - MIN_DF:30
2021-07-04 07:17:13,970 - root - WARNING - params:batch_size:4000
2021-07-04 07:17:13,976 - root - WARNING - params:n_components:10
2021-07-04 07:17:13,980 - root - WARNING - params:topic_word_prior:0.3
2021-07-04 07:17:13,984 - root - WARNING - params:doc_topic_prior:0.4
2021-07-04 07:17:13,988 - root - WARNING - params:max_iter:50
2021-07-04 07:17:13,991 - root - WARNING - done n_iter:50
2021-07-04 07:17:13,994 - root - WARNING - perplexity:1411.3240285983277
2021-07-04 07:17:14,004 - root - WARNING - coherance:[0.7988457870033426, 0.7930053057538909, 0.7591661649862321, 0.7709845851554151, 0.7738877767369858, 0.7417889389853759, 0.7712245218264482, 0.7909135548004985, 0.5744230133901878, 0.7741215243764465]
2021-07-04 07:17:14,008 - root - WARNING - check all params:{'batch_size': 4000, 'doc_topic_prior': 0.4, 'evaluate_every': 1, 'learning_decay': 0.7, 'learning_method': 'online', 'learning_offset': 50, 'max_doc_update_iter': 100, 'max_iter': 50, 'mean_change_tol': 0.0001, 'n_components': 10, 'n_jobs': None, 'perp_tol': 0.1, 'random_state': 1, 'topic_word_prior': 0.3, 'total_samples': 1000000.0, 'verbose': 1}
2021-07-04 07:46:55,561 - root - WARNING - MIN_DF:30
2021-07-04 07:46:55,598 - root - WARNING - params:batch_size:4000
2021-07-04 07:46:55,603 - root - WARNING - params:n_components:10
2021-07-04 07:46:55,607 - root - WARNING - params:topic_word_prior:0.3
2021-07-04 07:46:55,611 - root - WARNING - params:doc_topic_prior:0.5
2021-07-04 07:46:55,616 - root - WARNING - params:max_iter:50
2021-07-04 07:46:55,619 - root - WARNING - done n_iter:50
2021-07-04 07:46:55,622 - root - WARNING - perplexity:1414.858658102421
2021-07-04 07:46:55,625 - root - WARNING - coherance:[0.7973332544925054, nan, 0.7695204905207865, 0.7766934163995036, 0.7901299608883974, 0.7582505453418069, 0.7786887327744686, 0.7841166029686382, 0.5740845779350299, 0.7822242511883528]
2021-07-04 07:46:55,629 - root - WARNING - check all params:{'batch_size': 4000, 'doc_topic_prior': 0.5, 'evaluate_every': 1, 'learning_decay': 0.7, 'learning_method': 'online', 'learning_offset': 50, 'max_doc_update_iter': 100, 'max_iter': 50, 'mean_change_tol': 0.0001, 'n_components': 10, 'n_jobs': None, 'perp_tol': 0.1, 'random_state': 1, 'topic_word_prior': 0.3, 'total_samples': 1000000.0, 'verbose': 1}
2021-07-04 08:15:35,632 - root - WARNING - MIN_DF:30
2021-07-04 08:15:35,903 - root - WARNING - params:batch_size:4000
2021-07-04 08:15:35,909 - root - WARNING - params:n_components:10
2021-07-04 08:15:35,913 - root - WARNING - params:topic_word_prior:0.3
2021-07-04 08:15:35,917 - root - WARNING - params:doc_topic_prior:0.6
2021-07-04 08:15:35,920 - root - WARNING - params:max_iter:50
2021-07-04 08:15:35,923 - root - WARNING - done n_iter:50
2021-07-04 08:15:35,926 - root - WARNING - perplexity:1415.483314641589
2021-07-04 08:15:35,930 - root - WARNING - coherance:[0.7971463086282357, nan, 0.7702580127809505, 0.7718338420733741, 0.7845226473128187, 0.763109090336045, 0.7748961470968843, 0.7817311429371783, 0.5734427712681229, 0.7659346119644754]
2021-07-04 08:15:35,933 - root - WARNING - check all params:{'batch_size': 4000, 'doc_topic_prior': 0.6, 'evaluate_every': 1, 'learning_decay': 0.7, 'learning_method': 'online', 'learning_offset': 50, 'max_doc_update_iter': 100, 'max_iter': 50, 'mean_change_tol': 0.0001, 'n_components': 10, 'n_jobs': None, 'perp_tol': 0.1, 'random_state': 1, 'topic_word_prior': 0.3, 'total_samples': 1000000.0, 'verbose': 1}
