2021-07-03 22:16:18,023 - root - WARNING - MIN_DF:30
2021-07-03 22:16:18,058 - root - WARNING - params:batch_size:4000
2021-07-03 22:16:18,063 - root - WARNING - params:n_components:10
2021-07-03 22:16:18,067 - root - WARNING - params:topic_word_prior:0.05
2021-07-03 22:16:18,071 - root - WARNING - params:doc_topic_prior:0.05
2021-07-03 22:16:18,074 - root - WARNING - params:max_iter:50
2021-07-03 22:16:18,077 - root - WARNING - done n_iter:39
2021-07-03 22:16:18,080 - root - WARNING - perplexity:1386.8934055770883
2021-07-03 22:16:18,083 - root - WARNING - coherance:[0.6940723955016861, 0.7750340900983095, 0.769613978631466, 0.7576902117559715, 0.7852668496460256, 0.7655162949287956, 0.7744899245808525, 0.7736353705147356, 0.7043487391559273, 0.7697851571550355]
2021-07-03 22:16:18,086 - root - WARNING - check all params:{'batch_size': 4000, 'doc_topic_prior': 0.05, 'evaluate_every': 1, 'learning_decay': 0.7, 'learning_method': 'online', 'learning_offset': 50, 'max_doc_update_iter': 100, 'max_iter': 50, 'mean_change_tol': 0.0001, 'n_components': 10, 'n_jobs': None, 'perp_tol': 0.1, 'random_state': 1, 'topic_word_prior': 0.05, 'total_samples': 1000000.0, 'verbose': 1}
2021-07-03 22:49:58,262 - root - WARNING - MIN_DF:30
2021-07-03 22:49:58,321 - root - WARNING - params:batch_size:4000
2021-07-03 22:49:58,326 - root - WARNING - params:n_components:10
2021-07-03 22:49:58,330 - root - WARNING - params:topic_word_prior:0.05
2021-07-03 22:49:58,334 - root - WARNING - params:doc_topic_prior:0.15
2021-07-03 22:49:58,337 - root - WARNING - params:max_iter:50
2021-07-03 22:49:58,340 - root - WARNING - done n_iter:50
2021-07-03 22:49:58,343 - root - WARNING - perplexity:1365.3056097255285
2021-07-03 22:49:58,346 - root - WARNING - coherance:[0.6928195697159246, 0.7765767924095884, 0.7678626379094698, 0.7598348204745894, 0.797402329794279, 0.6973101055922173, 0.7759905920242531, 0.7749433832361141, 0.7908257150667968, 0.7781415135326069]
2021-07-03 22:49:58,350 - root - WARNING - check all params:{'batch_size': 4000, 'doc_topic_prior': 0.15, 'evaluate_every': 1, 'learning_decay': 0.7, 'learning_method': 'online', 'learning_offset': 50, 'max_doc_update_iter': 100, 'max_iter': 50, 'mean_change_tol': 0.0001, 'n_components': 10, 'n_jobs': None, 'perp_tol': 0.1, 'random_state': 1, 'topic_word_prior': 0.05, 'total_samples': 1000000.0, 'verbose': 1}
2021-07-03 23:27:14,526 - root - WARNING - MIN_DF:30
2021-07-03 23:27:14,806 - root - WARNING - params:batch_size:4000
2021-07-03 23:27:14,811 - root - WARNING - params:n_components:10
2021-07-03 23:27:14,816 - root - WARNING - params:topic_word_prior:0.05
2021-07-03 23:27:14,820 - root - WARNING - params:doc_topic_prior:0.3
2021-07-03 23:27:14,823 - root - WARNING - params:max_iter:50
2021-07-03 23:27:14,826 - root - WARNING - done n_iter:50
2021-07-03 23:27:14,828 - root - WARNING - perplexity:1360.7699734430655
2021-07-03 23:27:14,831 - root - WARNING - coherance:[0.7994796920457736, 0.7919367478131503, 0.7612457342187013, 0.769552620467788, 0.7713281660677387, 0.7549155540130399, 0.7790485247830878, 0.7776524287734661, 0.588967519918951, 0.7595592855395122]
2021-07-03 23:27:14,835 - root - WARNING - check all params:{'batch_size': 4000, 'doc_topic_prior': 0.3, 'evaluate_every': 1, 'learning_decay': 0.7, 'learning_method': 'online', 'learning_offset': 50, 'max_doc_update_iter': 100, 'max_iter': 50, 'mean_change_tol': 0.0001, 'n_components': 10, 'n_jobs': None, 'perp_tol': 0.1, 'random_state': 1, 'topic_word_prior': 0.05, 'total_samples': 1000000.0, 'verbose': 1}
2021-07-04 00:00:00,753 - root - WARNING - MIN_DF:30
2021-07-04 00:00:00,789 - root - WARNING - params:batch_size:4000
2021-07-04 00:00:00,793 - root - WARNING - params:n_components:10
2021-07-04 00:00:00,797 - root - WARNING - params:topic_word_prior:0.05
2021-07-04 00:00:00,817 - root - WARNING - params:doc_topic_prior:0.4
2021-07-04 00:00:00,820 - root - WARNING - params:max_iter:50
2021-07-04 00:00:00,824 - root - WARNING - done n_iter:50
2021-07-04 00:00:00,827 - root - WARNING - perplexity:1360.525954734806
2021-07-04 00:00:00,831 - root - WARNING - coherance:[0.7989204840251276, 0.791462088842583, 0.7604815360671922, 0.771079514554523, 0.7801927101275428, 0.7419151192119816, 0.7734289831513717, 0.7909934733556907, 0.5746796020778674, 0.7742095187609439]
2021-07-04 00:00:00,835 - root - WARNING - check all params:{'batch_size': 4000, 'doc_topic_prior': 0.4, 'evaluate_every': 1, 'learning_decay': 0.7, 'learning_method': 'online', 'learning_offset': 50, 'max_doc_update_iter': 100, 'max_iter': 50, 'mean_change_tol': 0.0001, 'n_components': 10, 'n_jobs': None, 'perp_tol': 0.1, 'random_state': 1, 'topic_word_prior': 0.05, 'total_samples': 1000000.0, 'verbose': 1}
2021-07-04 00:30:26,676 - root - WARNING - MIN_DF:30
2021-07-04 00:30:26,982 - root - WARNING - params:batch_size:4000
2021-07-04 00:30:26,987 - root - WARNING - params:n_components:10
2021-07-04 00:30:26,992 - root - WARNING - params:topic_word_prior:0.05
2021-07-04 00:30:26,996 - root - WARNING - params:doc_topic_prior:0.5
2021-07-04 00:30:26,999 - root - WARNING - params:max_iter:50
2021-07-04 00:30:27,001 - root - WARNING - done n_iter:50
2021-07-04 00:30:27,004 - root - WARNING - perplexity:1360.0037041013818
2021-07-04 00:30:27,007 - root - WARNING - coherance:[0.7973693610112733, nan, 0.7695649469481393, 0.7767367931361479, 0.7901667588617779, 0.7583042116237088, 0.7787285810903162, 0.7841577484859081, 0.5742086297815636, 0.7822643527842603]
2021-07-04 00:30:27,011 - root - WARNING - check all params:{'batch_size': 4000, 'doc_topic_prior': 0.5, 'evaluate_every': 1, 'learning_decay': 0.7, 'learning_method': 'online', 'learning_offset': 50, 'max_doc_update_iter': 100, 'max_iter': 50, 'mean_change_tol': 0.0001, 'n_components': 10, 'n_jobs': None, 'perp_tol': 0.1, 'random_state': 1, 'topic_word_prior': 0.05, 'total_samples': 1000000.0, 'verbose': 1}
2021-07-04 00:59:58,197 - root - WARNING - MIN_DF:30
2021-07-04 00:59:58,743 - root - WARNING - params:batch_size:4000
2021-07-04 00:59:58,746 - root - WARNING - params:n_components:10
2021-07-04 00:59:58,750 - root - WARNING - params:topic_word_prior:0.05
2021-07-04 00:59:58,754 - root - WARNING - params:doc_topic_prior:0.6
2021-07-04 00:59:58,759 - root - WARNING - params:max_iter:50
2021-07-04 00:59:58,762 - root - WARNING - done n_iter:50
2021-07-04 00:59:58,765 - root - WARNING - perplexity:1357.9970125511081
2021-07-04 00:59:58,768 - root - WARNING - coherance:[0.7964859024284955, nan, 0.7702705593236383, 0.7718465088444751, 0.7845336825524167, 0.7631242501901176, 0.7749077610157692, 0.7817430521391185, 0.5734780096633287, 0.7659471051844782]
2021-07-04 00:59:58,771 - root - WARNING - check all params:{'batch_size': 4000, 'doc_topic_prior': 0.6, 'evaluate_every': 1, 'learning_decay': 0.7, 'learning_method': 'online', 'learning_offset': 50, 'max_doc_update_iter': 100, 'max_iter': 50, 'mean_change_tol': 0.0001, 'n_components': 10, 'n_jobs': None, 'perp_tol': 0.1, 'random_state': 1, 'topic_word_prior': 0.05, 'total_samples': 1000000.0, 'verbose': 1}
2021-07-04 01:26:00,581 - root - WARNING - MIN_DF:30
2021-07-04 01:26:00,627 - root - WARNING - params:batch_size:4000
2021-07-04 01:26:00,632 - root - WARNING - params:n_components:10
2021-07-04 01:26:00,636 - root - WARNING - params:topic_word_prior:0.05
2021-07-04 01:26:00,640 - root - WARNING - params:doc_topic_prior:0.8
2021-07-04 01:26:00,643 - root - WARNING - params:max_iter:50
2021-07-04 01:26:00,646 - root - WARNING - done n_iter:50
2021-07-04 01:26:00,649 - root - WARNING - perplexity:1371.5796068843695
2021-07-04 01:26:00,652 - root - WARNING - coherance:[0.7964825594214766, nan, 0.7696469219723746, 0.775979434404183, 0.777948137123612, 0.7520246386640823, 0.7711080954653711, 0.7518576808475416, 0.5884904788380434, 0.777683900509779]
2021-07-04 01:26:00,666 - root - WARNING - check all params:{'batch_size': 4000, 'doc_topic_prior': 0.8, 'evaluate_every': 1, 'learning_decay': 0.7, 'learning_method': 'online', 'learning_offset': 50, 'max_doc_update_iter': 100, 'max_iter': 50, 'mean_change_tol': 0.0001, 'n_components': 10, 'n_jobs': None, 'perp_tol': 0.1, 'random_state': 1, 'topic_word_prior': 0.05, 'total_samples': 1000000.0, 'verbose': 1}
2021-07-04 01:48:04,817 - root - WARNING - MIN_DF:30
2021-07-04 01:48:05,147 - root - WARNING - params:batch_size:4000
2021-07-04 01:48:05,153 - root - WARNING - params:n_components:10
2021-07-04 01:48:05,157 - root - WARNING - params:topic_word_prior:0.15
2021-07-04 01:48:05,161 - root - WARNING - params:doc_topic_prior:0.05
2021-07-04 01:48:05,164 - root - WARNING - params:max_iter:50
2021-07-04 01:48:05,167 - root - WARNING - done n_iter:31
2021-07-04 01:48:05,170 - root - WARNING - perplexity:1384.3069911648838
2021-07-04 01:48:05,173 - root - WARNING - coherance:[0.6940231283958387, 0.775006664376807, 0.7695854243652344, 0.7598635950292113, 0.790755625939776, 0.7620949696871219, 0.7744632411323694, 0.7736072547190768, 0.7043030425066609, 0.7676014905814543]
2021-07-04 01:48:05,177 - root - WARNING - check all params:{'batch_size': 4000, 'doc_topic_prior': 0.05, 'evaluate_every': 1, 'learning_decay': 0.7, 'learning_method': 'online', 'learning_offset': 50, 'max_doc_update_iter': 100, 'max_iter': 50, 'mean_change_tol': 0.0001, 'n_components': 10, 'n_jobs': None, 'perp_tol': 0.1, 'random_state': 1, 'topic_word_prior': 0.15, 'total_samples': 1000000.0, 'verbose': 1}
2021-07-04 02:24:19,587 - root - WARNING - MIN_DF:30
2021-07-04 02:24:19,976 - root - WARNING - params:batch_size:4000
2021-07-04 02:24:19,981 - root - WARNING - params:n_components:10
2021-07-04 02:24:19,985 - root - WARNING - params:topic_word_prior:0.15
2021-07-04 02:24:19,989 - root - WARNING - params:doc_topic_prior:0.15
2021-07-04 02:24:19,993 - root - WARNING - params:max_iter:50
2021-07-04 02:24:19,996 - root - WARNING - done n_iter:50
2021-07-04 02:24:19,999 - root - WARNING - perplexity:1371.5313393311123
2021-07-04 02:24:20,002 - root - WARNING - coherance:[0.6928195697159246, 0.7765767924095884, 0.7678626379094698, 0.7598348204745896, 0.797402329794279, 0.697310105592217, 0.7763751606524028, 0.7749433832361141, 0.7894289289535416, 0.7700121875560224]
2021-07-04 02:24:20,006 - root - WARNING - check all params:{'batch_size': 4000, 'doc_topic_prior': 0.15, 'evaluate_every': 1, 'learning_decay': 0.7, 'learning_method': 'online', 'learning_offset': 50, 'max_doc_update_iter': 100, 'max_iter': 50, 'mean_change_tol': 0.0001, 'n_components': 10, 'n_jobs': None, 'perp_tol': 0.1, 'random_state': 1, 'topic_word_prior': 0.15, 'total_samples': 1000000.0, 'verbose': 1}
2021-07-04 03:02:46,938 - root - WARNING - MIN_DF:30
2021-07-04 03:02:47,055 - root - WARNING - params:batch_size:4000
2021-07-04 03:02:47,059 - root - WARNING - params:n_components:10
2021-07-04 03:02:47,064 - root - WARNING - params:topic_word_prior:0.15
2021-07-04 03:02:47,069 - root - WARNING - params:doc_topic_prior:0.3
2021-07-04 03:02:47,073 - root - WARNING - params:max_iter:50
2021-07-04 03:02:47,076 - root - WARNING - done n_iter:50
2021-07-04 03:02:47,080 - root - WARNING - perplexity:1375.851890221575
2021-07-04 03:02:47,084 - root - WARNING - coherance:[0.7996276725114867, 0.7920969512050481, 0.7614419099494931, 0.7697436414823414, 0.770797495513928, 0.7551470074374689, 0.7792141141761219, 0.7778300762001721, 0.61296930868672, 0.7597591306264977]
2021-07-04 03:02:47,088 - root - WARNING - check all params:{'batch_size': 4000, 'doc_topic_prior': 0.3, 'evaluate_every': 1, 'learning_decay': 0.7, 'learning_method': 'online', 'learning_offset': 50, 'max_doc_update_iter': 100, 'max_iter': 50, 'mean_change_tol': 0.0001, 'n_components': 10, 'n_jobs': None, 'perp_tol': 0.1, 'random_state': 1, 'topic_word_prior': 0.15, 'total_samples': 1000000.0, 'verbose': 1}
2021-07-04 03:39:18,221 - root - WARNING - MIN_DF:30
2021-07-04 03:39:18,400 - root - WARNING - params:batch_size:4000
2021-07-04 03:39:18,405 - root - WARNING - params:n_components:10
2021-07-04 03:39:18,410 - root - WARNING - params:topic_word_prior:0.15
2021-07-04 03:39:18,413 - root - WARNING - params:doc_topic_prior:0.4
2021-07-04 03:39:18,417 - root - WARNING - params:max_iter:50
2021-07-04 03:39:18,421 - root - WARNING - done n_iter:50
2021-07-04 03:39:18,424 - root - WARNING - perplexity:1379.908151697743
2021-07-04 03:39:18,427 - root - WARNING - coherance:[0.7989646811918012, 0.7931311127649702, 0.7605399396197295, 0.7711356902815566, 0.7802414510527286, 0.7419897896224953, 0.7734799003289098, 0.7910407674356401, 0.5748314876933831, 0.7742615905021621]
2021-07-04 03:39:18,431 - root - WARNING - check all params:{'batch_size': 4000, 'doc_topic_prior': 0.4, 'evaluate_every': 1, 'learning_decay': 0.7, 'learning_method': 'online', 'learning_offset': 50, 'max_doc_update_iter': 100, 'max_iter': 50, 'mean_change_tol': 0.0001, 'n_components': 10, 'n_jobs': None, 'perp_tol': 0.1, 'random_state': 1, 'topic_word_prior': 0.15, 'total_samples': 1000000.0, 'verbose': 1}
2021-07-04 04:09:51,134 - root - WARNING - MIN_DF:30
2021-07-04 04:09:51,191 - root - WARNING - params:batch_size:4000
2021-07-04 04:09:51,196 - root - WARNING - params:n_components:10
2021-07-04 04:09:51,199 - root - WARNING - params:topic_word_prior:0.15
2021-07-04 04:09:51,202 - root - WARNING - params:doc_topic_prior:0.5
2021-07-04 04:09:51,205 - root - WARNING - params:max_iter:50
2021-07-04 04:09:51,208 - root - WARNING - done n_iter:50
2021-07-04 04:09:51,211 - root - WARNING - perplexity:1380.8443338572492
2021-07-04 04:09:51,215 - root - WARNING - coherance:[0.7973693610112732, nan, 0.7695649469481393, 0.776736793136148, 0.7901667588617779, 0.7583042116237086, 0.7787285810903164, 0.7841577484859081, 0.5742086297815636, 0.7822643527842603]
2021-07-04 04:09:51,218 - root - WARNING - check all params:{'batch_size': 4000, 'doc_topic_prior': 0.5, 'evaluate_every': 1, 'learning_decay': 0.7, 'learning_method': 'online', 'learning_offset': 50, 'max_doc_update_iter': 100, 'max_iter': 50, 'mean_change_tol': 0.0001, 'n_components': 10, 'n_jobs': None, 'perp_tol': 0.1, 'random_state': 1, 'topic_word_prior': 0.15, 'total_samples': 1000000.0, 'verbose': 1}
2021-07-04 04:38:47,186 - root - WARNING - MIN_DF:30
2021-07-04 04:38:47,683 - root - WARNING - params:batch_size:4000
2021-07-04 04:38:47,689 - root - WARNING - params:n_components:10
2021-07-04 04:38:47,694 - root - WARNING - params:topic_word_prior:0.15
2021-07-04 04:38:47,699 - root - WARNING - params:doc_topic_prior:0.6
2021-07-04 04:38:47,703 - root - WARNING - params:max_iter:50
2021-07-04 04:38:47,706 - root - WARNING - done n_iter:50
2021-07-04 04:38:47,710 - root - WARNING - perplexity:1380.0197056993616
2021-07-04 04:38:47,714 - root - WARNING - coherance:[0.7970967011751474, nan, 0.7701974139807555, 0.7717726628398512, 0.7844693486094928, 0.7630358704627052, 0.7748400534389714, 0.7816736245350827, 0.5732726001810604, 0.7705281734636589]
2021-07-04 04:38:47,718 - root - WARNING - check all params:{'batch_size': 4000, 'doc_topic_prior': 0.6, 'evaluate_every': 1, 'learning_decay': 0.7, 'learning_method': 'online', 'learning_offset': 50, 'max_doc_update_iter': 100, 'max_iter': 50, 'mean_change_tol': 0.0001, 'n_components': 10, 'n_jobs': None, 'perp_tol': 0.1, 'random_state': 1, 'topic_word_prior': 0.15, 'total_samples': 1000000.0, 'verbose': 1}
2021-07-04 05:04:52,104 - root - WARNING - MIN_DF:30
2021-07-04 05:04:52,427 - root - WARNING - params:batch_size:4000
2021-07-04 05:04:52,433 - root - WARNING - params:n_components:10
2021-07-04 05:04:52,438 - root - WARNING - params:topic_word_prior:0.15
2021-07-04 05:04:52,443 - root - WARNING - params:doc_topic_prior:0.8
2021-07-04 05:04:52,447 - root - WARNING - params:max_iter:50
2021-07-04 05:04:52,451 - root - WARNING - done n_iter:50
2021-07-04 05:04:52,454 - root - WARNING - perplexity:1394.1683788693601
2021-07-04 05:04:52,458 - root - WARNING - coherance:[0.7966605469353314, nan, 0.7698643436512084, 0.7761902108667139, 0.7781468626481496, 0.7522990275081052, 0.7713128737367366, 0.7572585988980596, 0.5890766465812762, 0.7778855678515504]
2021-07-04 05:04:52,463 - root - WARNING - check all params:{'batch_size': 4000, 'doc_topic_prior': 0.8, 'evaluate_every': 1, 'learning_decay': 0.7, 'learning_method': 'online', 'learning_offset': 50, 'max_doc_update_iter': 100, 'max_iter': 50, 'mean_change_tol': 0.0001, 'n_components': 10, 'n_jobs': None, 'perp_tol': 0.1, 'random_state': 1, 'topic_word_prior': 0.15, 'total_samples': 1000000.0, 'verbose': 1}
2021-07-04 05:28:30,486 - root - WARNING - MIN_DF:30
2021-07-04 05:28:30,837 - root - WARNING - params:batch_size:4000
2021-07-04 05:28:30,842 - root - WARNING - params:n_components:10
2021-07-04 05:28:30,846 - root - WARNING - params:topic_word_prior:0.3
2021-07-04 05:28:30,851 - root - WARNING - params:doc_topic_prior:0.05
2021-07-04 05:28:30,853 - root - WARNING - params:max_iter:50
2021-07-04 05:28:30,856 - root - WARNING - done n_iter:33
2021-07-04 05:28:30,859 - root - WARNING - perplexity:1387.8121900695292
2021-07-04 05:28:30,862 - root - WARNING - coherance:[0.694563190710055, 0.775307223068733, 0.7698983454434009, 0.7618179628034805, 0.7910109634460983, 0.7680401970045433, 0.7747556556766025, 0.7739154011025967, 0.7115572837495002, 0.7679097555313177]
2021-07-04 05:28:30,866 - root - WARNING - check all params:{'batch_size': 4000, 'doc_topic_prior': 0.05, 'evaluate_every': 1, 'learning_decay': 0.7, 'learning_method': 'online', 'learning_offset': 50, 'max_doc_update_iter': 100, 'max_iter': 50, 'mean_change_tol': 0.0001, 'n_components': 10, 'n_jobs': None, 'perp_tol': 0.1, 'random_state': 1, 'topic_word_prior': 0.3, 'total_samples': 1000000.0, 'verbose': 1}
2021-07-04 06:02:01,207 - root - WARNING - MIN_DF:30
2021-07-04 06:02:01,822 - root - WARNING - params:batch_size:4000
2021-07-04 06:02:01,827 - root - WARNING - params:n_components:10
2021-07-04 06:02:01,831 - root - WARNING - params:topic_word_prior:0.3
2021-07-04 06:02:01,834 - root - WARNING - params:doc_topic_prior:0.15
2021-07-04 06:02:01,838 - root - WARNING - params:max_iter:50
2021-07-04 06:02:01,842 - root - WARNING - done n_iter:50
2021-07-04 06:02:01,846 - root - WARNING - perplexity:1387.6429599318765
2021-07-04 06:02:01,849 - root - WARNING - coherance:[0.6986425182290235, 0.7775718599259855, 0.7689252528081518, 0.7790084936813244, 0.8009636770362999, 0.6991910100020287, 0.7769582537844082, 0.7759669507136249, 0.7903400219118483, 0.771023720487634]
2021-07-04 06:02:01,853 - root - WARNING - check all params:{'batch_size': 4000, 'doc_topic_prior': 0.15, 'evaluate_every': 1, 'learning_decay': 0.7, 'learning_method': 'online', 'learning_offset': 50, 'max_doc_update_iter': 100, 'max_iter': 50, 'mean_change_tol': 0.0001, 'n_components': 10, 'n_jobs': None, 'perp_tol': 0.1, 'random_state': 1, 'topic_word_prior': 0.3, 'total_samples': 1000000.0, 'verbose': 1}
2021-07-04 06:42:34,030 - root - WARNING - MIN_DF:30
2021-07-04 06:42:34,463 - root - WARNING - params:batch_size:4000
2021-07-04 06:42:34,467 - root - WARNING - params:n_components:10
2021-07-04 06:42:34,470 - root - WARNING - params:topic_word_prior:0.3
2021-07-04 06:42:34,473 - root - WARNING - params:doc_topic_prior:0.3
2021-07-04 06:42:34,476 - root - WARNING - params:max_iter:50
2021-07-04 06:42:34,479 - root - WARNING - done n_iter:50
2021-07-04 06:42:34,482 - root - WARNING - perplexity:1404.2443832666415
2021-07-04 06:42:34,486 - root - WARNING - coherance:[0.799565666937527, 0.7920298187705928, 0.7613597031420805, 0.7696635944195576, 0.7649818861551607, 0.7550500182015659, 0.7791447254126436, 0.7777556310761604, 0.6127781777390062, 0.7596753846751947]
2021-07-04 06:42:34,489 - root - WARNING - check all params:{'batch_size': 4000, 'doc_topic_prior': 0.3, 'evaluate_every': 1, 'learning_decay': 0.7, 'learning_method': 'online', 'learning_offset': 50, 'max_doc_update_iter': 100, 'max_iter': 50, 'mean_change_tol': 0.0001, 'n_components': 10, 'n_jobs': None, 'perp_tol': 0.1, 'random_state': 1, 'topic_word_prior': 0.3, 'total_samples': 1000000.0, 'verbose': 1}
2021-07-04 07:17:13,547 - root - WARNING - MIN_DF:30
2021-07-04 07:17:13,970 - root - WARNING - params:batch_size:4000
2021-07-04 07:17:13,976 - root - WARNING - params:n_components:10
2021-07-04 07:17:13,980 - root - WARNING - params:topic_word_prior:0.3
2021-07-04 07:17:13,984 - root - WARNING - params:doc_topic_prior:0.4
2021-07-04 07:17:13,988 - root - WARNING - params:max_iter:50
2021-07-04 07:17:13,991 - root - WARNING - done n_iter:50
2021-07-04 07:17:13,994 - root - WARNING - perplexity:1411.3240285983277
2021-07-04 07:17:14,004 - root - WARNING - coherance:[0.7988457870033426, 0.7930053057538909, 0.7591661649862321, 0.7709845851554151, 0.7738877767369858, 0.7417889389853759, 0.7712245218264482, 0.7909135548004985, 0.5744230133901878, 0.7741215243764465]
2021-07-04 07:17:14,008 - root - WARNING - check all params:{'batch_size': 4000, 'doc_topic_prior': 0.4, 'evaluate_every': 1, 'learning_decay': 0.7, 'learning_method': 'online', 'learning_offset': 50, 'max_doc_update_iter': 100, 'max_iter': 50, 'mean_change_tol': 0.0001, 'n_components': 10, 'n_jobs': None, 'perp_tol': 0.1, 'random_state': 1, 'topic_word_prior': 0.3, 'total_samples': 1000000.0, 'verbose': 1}
2021-07-04 07:46:55,561 - root - WARNING - MIN_DF:30
2021-07-04 07:46:55,598 - root - WARNING - params:batch_size:4000
2021-07-04 07:46:55,603 - root - WARNING - params:n_components:10
2021-07-04 07:46:55,607 - root - WARNING - params:topic_word_prior:0.3
2021-07-04 07:46:55,611 - root - WARNING - params:doc_topic_prior:0.5
2021-07-04 07:46:55,616 - root - WARNING - params:max_iter:50
2021-07-04 07:46:55,619 - root - WARNING - done n_iter:50
2021-07-04 07:46:55,622 - root - WARNING - perplexity:1414.858658102421
2021-07-04 07:46:55,625 - root - WARNING - coherance:[0.7973332544925054, nan, 0.7695204905207865, 0.7766934163995036, 0.7901299608883974, 0.7582505453418069, 0.7786887327744686, 0.7841166029686382, 0.5740845779350299, 0.7822242511883528]
2021-07-04 07:46:55,629 - root - WARNING - check all params:{'batch_size': 4000, 'doc_topic_prior': 0.5, 'evaluate_every': 1, 'learning_decay': 0.7, 'learning_method': 'online', 'learning_offset': 50, 'max_doc_update_iter': 100, 'max_iter': 50, 'mean_change_tol': 0.0001, 'n_components': 10, 'n_jobs': None, 'perp_tol': 0.1, 'random_state': 1, 'topic_word_prior': 0.3, 'total_samples': 1000000.0, 'verbose': 1}
2021-07-04 08:15:35,632 - root - WARNING - MIN_DF:30
2021-07-04 08:15:35,903 - root - WARNING - params:batch_size:4000
2021-07-04 08:15:35,909 - root - WARNING - params:n_components:10
2021-07-04 08:15:35,913 - root - WARNING - params:topic_word_prior:0.3
2021-07-04 08:15:35,917 - root - WARNING - params:doc_topic_prior:0.6
2021-07-04 08:15:35,920 - root - WARNING - params:max_iter:50
2021-07-04 08:15:35,923 - root - WARNING - done n_iter:50
2021-07-04 08:15:35,926 - root - WARNING - perplexity:1415.483314641589
2021-07-04 08:15:35,930 - root - WARNING - coherance:[0.7971463086282357, nan, 0.7702580127809505, 0.7718338420733741, 0.7845226473128187, 0.763109090336045, 0.7748961470968843, 0.7817311429371783, 0.5734427712681229, 0.7659346119644754]
2021-07-04 08:15:35,933 - root - WARNING - check all params:{'batch_size': 4000, 'doc_topic_prior': 0.6, 'evaluate_every': 1, 'learning_decay': 0.7, 'learning_method': 'online', 'learning_offset': 50, 'max_doc_update_iter': 100, 'max_iter': 50, 'mean_change_tol': 0.0001, 'n_components': 10, 'n_jobs': None, 'perp_tol': 0.1, 'random_state': 1, 'topic_word_prior': 0.3, 'total_samples': 1000000.0, 'verbose': 1}
2021-07-04 08:42:17,047 - root - WARNING - MIN_DF:30
2021-07-04 08:42:17,084 - root - WARNING - params:batch_size:4000
2021-07-04 08:42:17,089 - root - WARNING - params:n_components:10
2021-07-04 08:42:17,094 - root - WARNING - params:topic_word_prior:0.3
2021-07-04 08:42:17,098 - root - WARNING - params:doc_topic_prior:0.8
2021-07-04 08:42:17,102 - root - WARNING - params:max_iter:50
2021-07-04 08:42:17,106 - root - WARNING - done n_iter:50
2021-07-04 08:42:17,109 - root - WARNING - perplexity:1430.7549227935758
2021-07-04 08:42:17,112 - root - WARNING - coherance:[0.7968136750946985, nan, 0.7700514324073142, 0.7763715811157081, 0.7771073621932253, 0.7571886479209468, 0.7714891041907215, 0.757468047899745, 0.58958144269155, 0.7780591060886587]
2021-07-04 08:42:17,116 - root - WARNING - check all params:{'batch_size': 4000, 'doc_topic_prior': 0.8, 'evaluate_every': 1, 'learning_decay': 0.7, 'learning_method': 'online', 'learning_offset': 50, 'max_doc_update_iter': 100, 'max_iter': 50, 'mean_change_tol': 0.0001, 'n_components': 10, 'n_jobs': None, 'perp_tol': 0.1, 'random_state': 1, 'topic_word_prior': 0.3, 'total_samples': 1000000.0, 'verbose': 1}
2021-07-04 09:16:20,432 - root - WARNING - MIN_DF:30
2021-07-04 09:16:20,515 - root - WARNING - params:batch_size:4000
2021-07-04 09:16:20,520 - root - WARNING - params:n_components:10
2021-07-04 09:16:20,525 - root - WARNING - params:topic_word_prior:0.4
2021-07-04 09:16:20,529 - root - WARNING - params:doc_topic_prior:0.05
2021-07-04 09:16:20,532 - root - WARNING - params:max_iter:50
2021-07-04 09:16:20,535 - root - WARNING - done n_iter:50
2021-07-04 09:16:20,538 - root - WARNING - perplexity:1390.7872756826948
2021-07-04 09:16:20,542 - root - WARNING - coherance:[0.6955144297256538, 0.775836185802274, 0.7704490366064517, 0.7792167898016495, 0.7914602603872594, 0.7644414687522362, 0.7752702341694779, 0.774457852298848, 0.7124062674441034, 0.7719472689883528]
2021-07-04 09:16:20,545 - root - WARNING - check all params:{'batch_size': 4000, 'doc_topic_prior': 0.05, 'evaluate_every': 1, 'learning_decay': 0.7, 'learning_method': 'online', 'learning_offset': 50, 'max_doc_update_iter': 100, 'max_iter': 50, 'mean_change_tol': 0.0001, 'n_components': 10, 'n_jobs': None, 'perp_tol': 0.1, 'random_state': 1, 'topic_word_prior': 0.4, 'total_samples': 1000000.0, 'verbose': 1}
2021-07-04 09:51:13,394 - root - WARNING - MIN_DF:30
2021-07-04 09:51:13,555 - root - WARNING - params:batch_size:4000
2021-07-04 09:51:13,561 - root - WARNING - params:n_components:10
2021-07-04 09:51:13,565 - root - WARNING - params:topic_word_prior:0.4
2021-07-04 09:51:13,569 - root - WARNING - params:doc_topic_prior:0.15
2021-07-04 09:51:13,573 - root - WARNING - params:max_iter:50
2021-07-04 09:51:13,576 - root - WARNING - done n_iter:50
2021-07-04 09:51:13,579 - root - WARNING - perplexity:1399.4977388671343
2021-07-04 09:51:13,583 - root - WARNING - coherance:[0.6983672136376862, 0.7774193328565813, 0.7687623971179903, 0.778858860020614, 0.7862675114838875, 0.6989025242171975, 0.7768099423839259, 0.7758100157504808, 0.7902004499230004, 0.7599527481779632]
2021-07-04 09:51:13,587 - root - WARNING - check all params:{'batch_size': 4000, 'doc_topic_prior': 0.15, 'evaluate_every': 1, 'learning_decay': 0.7, 'learning_method': 'online', 'learning_offset': 50, 'max_doc_update_iter': 100, 'max_iter': 50, 'mean_change_tol': 0.0001, 'n_components': 10, 'n_jobs': None, 'perp_tol': 0.1, 'random_state': 1, 'topic_word_prior': 0.4, 'total_samples': 1000000.0, 'verbose': 1}
2021-07-04 10:31:45,169 - root - WARNING - MIN_DF:30
2021-07-04 10:31:45,919 - root - WARNING - params:batch_size:4000
2021-07-04 10:31:45,923 - root - WARNING - params:n_components:10
2021-07-04 10:31:45,927 - root - WARNING - params:topic_word_prior:0.4
2021-07-04 10:31:45,930 - root - WARNING - params:doc_topic_prior:0.3
2021-07-04 10:31:45,933 - root - WARNING - params:max_iter:50
2021-07-04 10:31:45,936 - root - WARNING - done n_iter:50
2021-07-04 10:31:45,939 - root - WARNING - perplexity:1422.035910479744
2021-07-04 10:31:45,943 - root - WARNING - coherance:[0.802401243828321, 0.7921156171901097, 0.7614647674097904, 0.7618138512720956, 0.7650791138905773, 0.755173974975725, 0.7792334073611702, 0.7778507761897194, 0.6130224615586082, 0.7597824164306602]
2021-07-04 10:31:45,947 - root - WARNING - check all params:{'batch_size': 4000, 'doc_topic_prior': 0.3, 'evaluate_every': 1, 'learning_decay': 0.7, 'learning_method': 'online', 'learning_offset': 50, 'max_doc_update_iter': 100, 'max_iter': 50, 'mean_change_tol': 0.0001, 'n_components': 10, 'n_jobs': None, 'perp_tol': 0.1, 'random_state': 1, 'topic_word_prior': 0.4, 'total_samples': 1000000.0, 'verbose': 1}
2021-07-04 11:06:51,869 - root - WARNING - MIN_DF:30
2021-07-04 11:06:51,906 - root - WARNING - params:batch_size:4000
2021-07-04 11:06:51,912 - root - WARNING - params:n_components:10
2021-07-04 11:06:51,916 - root - WARNING - params:topic_word_prior:0.4
2021-07-04 11:06:51,920 - root - WARNING - params:doc_topic_prior:0.4
2021-07-04 11:06:51,924 - root - WARNING - params:max_iter:50
2021-07-04 11:06:51,928 - root - WARNING - done n_iter:50
2021-07-04 11:06:51,931 - root - WARNING - perplexity:1430.4750654536829
2021-07-04 11:06:51,934 - root - WARNING - coherance:[0.7988457870033426, 0.7930053057538909, 0.7591661649862321, 0.7709845851554151, 0.7738877767369858, 0.7417889389853759, 0.7712245218264482, 0.7909135548004985, 0.5744230133901878, 0.7741215243764465]
2021-07-04 11:06:51,938 - root - WARNING - check all params:{'batch_size': 4000, 'doc_topic_prior': 0.4, 'evaluate_every': 1, 'learning_decay': 0.7, 'learning_method': 'online', 'learning_offset': 50, 'max_doc_update_iter': 100, 'max_iter': 50, 'mean_change_tol': 0.0001, 'n_components': 10, 'n_jobs': None, 'perp_tol': 0.1, 'random_state': 1, 'topic_word_prior': 0.4, 'total_samples': 1000000.0, 'verbose': 1}
2021-07-04 11:39:19,153 - root - WARNING - MIN_DF:30
2021-07-04 11:39:19,327 - root - WARNING - params:batch_size:4000
2021-07-04 11:39:19,332 - root - WARNING - params:n_components:10
2021-07-04 11:39:19,335 - root - WARNING - params:topic_word_prior:0.4
2021-07-04 11:39:19,339 - root - WARNING - params:doc_topic_prior:0.5
2021-07-04 11:39:19,346 - root - WARNING - params:max_iter:50
2021-07-04 11:39:19,350 - root - WARNING - done n_iter:50
2021-07-04 11:39:19,354 - root - WARNING - perplexity:1435.696161205611
2021-07-04 11:39:19,357 - root - WARNING - coherance:[0.797316071098429, nan, 0.7731734828803452, 0.7766727740004332, 0.79011244915048, 0.7582250063157848, 0.7786697694647946, 0.7840970228766203, 0.5740255513123657, 0.7822051673233708]
2021-07-04 11:39:19,361 - root - WARNING - check all params:{'batch_size': 4000, 'doc_topic_prior': 0.5, 'evaluate_every': 1, 'learning_decay': 0.7, 'learning_method': 'online', 'learning_offset': 50, 'max_doc_update_iter': 100, 'max_iter': 50, 'mean_change_tol': 0.0001, 'n_components': 10, 'n_jobs': None, 'perp_tol': 0.1, 'random_state': 1, 'topic_word_prior': 0.4, 'total_samples': 1000000.0, 'verbose': 1}
2021-07-04 12:08:25,888 - root - WARNING - MIN_DF:30
2021-07-04 12:08:26,003 - root - WARNING - params:batch_size:4000
2021-07-04 12:08:26,009 - root - WARNING - params:n_components:10
2021-07-04 12:08:26,013 - root - WARNING - params:topic_word_prior:0.4
2021-07-04 12:08:26,017 - root - WARNING - params:doc_topic_prior:0.6
2021-07-04 12:08:26,022 - root - WARNING - params:max_iter:50
2021-07-04 12:08:26,025 - root - WARNING - done n_iter:50
2021-07-04 12:08:26,028 - root - WARNING - perplexity:1436.8399753268857
2021-07-04 12:08:26,032 - root - WARNING - coherance:[0.797384844116755, nan, 0.7742001932528114, 0.7721280854202575, 0.7847789982121112, 0.765792979880545, 0.7751659406104212, 0.7820078222173109, 0.574261834701365, 0.7662248272903213]
2021-07-04 12:08:26,036 - root - WARNING - check all params:{'batch_size': 4000, 'doc_topic_prior': 0.6, 'evaluate_every': 1, 'learning_decay': 0.7, 'learning_method': 'online', 'learning_offset': 50, 'max_doc_update_iter': 100, 'max_iter': 50, 'mean_change_tol': 0.0001, 'n_components': 10, 'n_jobs': None, 'perp_tol': 0.1, 'random_state': 1, 'topic_word_prior': 0.4, 'total_samples': 1000000.0, 'verbose': 1}
2021-07-04 12:36:15,776 - root - WARNING - MIN_DF:30
2021-07-04 12:36:16,246 - root - WARNING - params:batch_size:4000
2021-07-04 12:36:16,252 - root - WARNING - params:n_components:10
2021-07-04 12:36:16,256 - root - WARNING - params:topic_word_prior:0.4
2021-07-04 12:36:16,260 - root - WARNING - params:doc_topic_prior:0.8
2021-07-04 12:36:16,264 - root - WARNING - params:max_iter:50
2021-07-04 12:36:16,267 - root - WARNING - done n_iter:50
2021-07-04 12:36:16,271 - root - WARNING - perplexity:1452.8157845369103
2021-07-04 12:36:16,274 - root - WARNING - coherance:[0.7966605469353316, nan, 0.7698643436512084, 0.7761902108667138, 0.7769346955882792, 0.7569606014554102, 0.7713128737367365, 0.7693716032680186, 0.5890766465812762, 0.7778855678515504]
2021-07-04 12:36:16,278 - root - WARNING - check all params:{'batch_size': 4000, 'doc_topic_prior': 0.8, 'evaluate_every': 1, 'learning_decay': 0.7, 'learning_method': 'online', 'learning_offset': 50, 'max_doc_update_iter': 100, 'max_iter': 50, 'mean_change_tol': 0.0001, 'n_components': 10, 'n_jobs': None, 'perp_tol': 0.1, 'random_state': 1, 'topic_word_prior': 0.4, 'total_samples': 1000000.0, 'verbose': 1}
2021-07-04 13:10:19,508 - root - WARNING - MIN_DF:30
2021-07-04 13:10:19,586 - root - WARNING - params:batch_size:4000
2021-07-04 13:10:19,592 - root - WARNING - params:n_components:10
2021-07-04 13:10:19,596 - root - WARNING - params:topic_word_prior:0.5
2021-07-04 13:10:19,600 - root - WARNING - params:doc_topic_prior:0.05
2021-07-04 13:10:19,605 - root - WARNING - params:max_iter:50
2021-07-04 13:10:19,608 - root - WARNING - done n_iter:47
2021-07-04 13:10:19,611 - root - WARNING - perplexity:1396.4216921763925
2021-07-04 13:10:19,614 - root - WARNING - coherance:[0.6966877287179486, 0.776487887390627, 0.7711274585326612, 0.7844485126533846, 0.7920136711129235, 0.7694063741375947, 0.7759041244535776, 0.7751264087458755, 0.7134532107702436, 0.7725969857107101]
2021-07-04 13:10:19,618 - root - WARNING - check all params:{'batch_size': 4000, 'doc_topic_prior': 0.05, 'evaluate_every': 1, 'learning_decay': 0.7, 'learning_method': 'online', 'learning_offset': 50, 'max_doc_update_iter': 100, 'max_iter': 50, 'mean_change_tol': 0.0001, 'n_components': 10, 'n_jobs': None, 'perp_tol': 0.1, 'random_state': 1, 'topic_word_prior': 0.5, 'total_samples': 1000000.0, 'verbose': 1}
2021-07-04 13:45:49,374 - root - WARNING - MIN_DF:30
2021-07-04 13:45:49,646 - root - WARNING - params:batch_size:4000
2021-07-04 13:45:49,652 - root - WARNING - params:n_components:10
2021-07-04 13:45:49,656 - root - WARNING - params:topic_word_prior:0.5
2021-07-04 13:45:49,661 - root - WARNING - params:doc_topic_prior:0.15
2021-07-04 13:45:49,665 - root - WARNING - params:max_iter:50
2021-07-04 13:45:49,668 - root - WARNING - done n_iter:50
2021-07-04 13:45:49,671 - root - WARNING - perplexity:1411.519860960064
2021-07-04 13:45:49,675 - root - WARNING - coherance:[0.69829296976021, 0.7773781919502494, 0.7687184687213706, 0.7788184964822876, 0.7869734175113846, 0.6988247221150617, 0.7767699376458428, 0.7757676883503738, 0.7901627982093352, 0.7599076899078946]
2021-07-04 13:45:49,679 - root - WARNING - check all params:{'batch_size': 4000, 'doc_topic_prior': 0.15, 'evaluate_every': 1, 'learning_decay': 0.7, 'learning_method': 'online', 'learning_offset': 50, 'max_doc_update_iter': 100, 'max_iter': 50, 'mean_change_tol': 0.0001, 'n_components': 10, 'n_jobs': None, 'perp_tol': 0.1, 'random_state': 1, 'topic_word_prior': 0.5, 'total_samples': 1000000.0, 'verbose': 1}
2021-07-04 14:26:25,685 - root - WARNING - MIN_DF:30
2021-07-04 14:26:25,895 - root - WARNING - params:batch_size:4000
2021-07-04 14:26:25,901 - root - WARNING - params:n_components:10
2021-07-04 14:26:25,905 - root - WARNING - params:topic_word_prior:0.5
2021-07-04 14:26:25,909 - root - WARNING - params:doc_topic_prior:0.3
2021-07-04 14:26:25,913 - root - WARNING - params:max_iter:50
2021-07-04 14:26:25,917 - root - WARNING - done n_iter:50
2021-07-04 14:26:25,920 - root - WARNING - perplexity:1438.8720489045434
2021-07-04 14:26:25,924 - root - WARNING - coherance:[0.8024365138024988, 0.7952134719008596, 0.7615127996153058, 0.7618631699806395, 0.7651235635865092, 0.7552306437992847, 0.779273949329873, 0.777894275654132, 0.6131341690291066, 0.759831349298861]
2021-07-04 14:26:25,928 - root - WARNING - check all params:{'batch_size': 4000, 'doc_topic_prior': 0.3, 'evaluate_every': 1, 'learning_decay': 0.7, 'learning_method': 'online', 'learning_offset': 50, 'max_doc_update_iter': 100, 'max_iter': 50, 'mean_change_tol': 0.0001, 'n_components': 10, 'n_jobs': None, 'perp_tol': 0.1, 'random_state': 1, 'topic_word_prior': 0.5, 'total_samples': 1000000.0, 'verbose': 1}
2021-07-04 15:02:30,173 - root - WARNING - MIN_DF:30
2021-07-04 15:02:30,349 - root - WARNING - params:batch_size:4000
2021-07-04 15:02:30,355 - root - WARNING - params:n_components:10
2021-07-04 15:02:30,365 - root - WARNING - params:topic_word_prior:0.5
2021-07-04 15:02:30,369 - root - WARNING - params:doc_topic_prior:0.4
2021-07-04 15:02:30,372 - root - WARNING - params:max_iter:50
2021-07-04 15:02:30,376 - root - WARNING - done n_iter:50
2021-07-04 15:02:30,379 - root - WARNING - perplexity:1448.4816879608263
2021-07-04 15:02:30,382 - root - WARNING - coherance:[0.7988457870033426, 0.7930053057538909, 0.7591661649862321, 0.7709845851554151, 0.7738877767369858, 0.7417889389853759, 0.7712245218264482, 0.7909135548004985, 0.5744230133901878, 0.7741215243764465]
2021-07-04 15:02:30,387 - root - WARNING - check all params:{'batch_size': 4000, 'doc_topic_prior': 0.4, 'evaluate_every': 1, 'learning_decay': 0.7, 'learning_method': 'online', 'learning_offset': 50, 'max_doc_update_iter': 100, 'max_iter': 50, 'mean_change_tol': 0.0001, 'n_components': 10, 'n_jobs': None, 'perp_tol': 0.1, 'random_state': 1, 'topic_word_prior': 0.5, 'total_samples': 1000000.0, 'verbose': 1}
