2021-07-04 14:39:15,204 - root - WARNING - MIN_DF:30
2021-07-04 14:39:15,246 - root - WARNING - params:batch_size:1500
2021-07-04 14:39:15,250 - root - WARNING - params:n_components:8
2021-07-04 14:39:15,253 - root - WARNING - params:topic_word_prior:0.8
2021-07-04 14:39:15,256 - root - WARNING - params:doc_topic_prior:0.6
2021-07-04 14:39:15,259 - root - WARNING - params:max_iter:50
2021-07-04 14:39:15,262 - root - WARNING - done n_iter:50
2021-07-04 14:39:15,265 - root - WARNING - perplexity:1802.5400976703338
2021-07-04 14:39:15,267 - root - WARNING - coherance:[0.8043059639864207, 0.7907794321009977, nan, 0.7401518186997623, 0.7980626801812027, 0.6944499365060216, 0.7543413877973213, 0.7678853342505108]
2021-07-04 14:39:15,270 - root - WARNING - check all params:{'batch_size': 1500, 'doc_topic_prior': 0.6, 'evaluate_every': 1, 'learning_decay': 1.3, 'learning_method': 'online', 'learning_offset': 50, 'max_doc_update_iter': 100, 'max_iter': 50, 'mean_change_tol': 0.0001, 'n_components': 8, 'n_jobs': None, 'perp_tol': 0.1, 'random_state': 1, 'topic_word_prior': 0.8, 'total_samples': 1000000.0, 'verbose': 1}
2021-07-04 15:26:14,248 - root - WARNING - MIN_DF:30
2021-07-04 15:26:14,566 - root - WARNING - params:batch_size:1500
2021-07-04 15:26:14,569 - root - WARNING - params:n_components:8
2021-07-04 15:26:14,572 - root - WARNING - params:topic_word_prior:0.8
2021-07-04 15:26:14,574 - root - WARNING - params:doc_topic_prior:0.8
2021-07-04 15:26:14,576 - root - WARNING - params:max_iter:50
2021-07-04 15:26:14,578 - root - WARNING - done n_iter:50
2021-07-04 15:26:14,581 - root - WARNING - perplexity:1818.6532616177244
2021-07-04 15:26:14,599 - root - WARNING - coherance:[0.8036336888379199, 0.7895392527759713, 0.7712202913296471, 0.756273546776653, 0.7891327605569494, 0.7120569242094381, 0.7501774168872453, 0.7634517642433334]
2021-07-04 15:26:14,602 - root - WARNING - check all params:{'batch_size': 1500, 'doc_topic_prior': 0.8, 'evaluate_every': 1, 'learning_decay': 1.3, 'learning_method': 'online', 'learning_offset': 50, 'max_doc_update_iter': 100, 'max_iter': 50, 'mean_change_tol': 0.0001, 'n_components': 8, 'n_jobs': None, 'perp_tol': 0.1, 'random_state': 1, 'topic_word_prior': 0.8, 'total_samples': 1000000.0, 'verbose': 1}
